number,value,datetime_start,datetime_complete,duration,params_atr_multiplier,params_atr_period,params_ema_period,state
0,3059.8094819893154,2025-08-06 11:09:03.414634,2025-08-06 11:09:03.816583,0 days 00:00:00.401949,2.9203982062053484,25,34,COMPLETE
1,743.5901787389078,2025-08-06 11:09:03.421490,2025-08-06 11:09:05.196846,0 days 00:00:01.775356,0.7112785880336951,38,74,COMPLETE
2,3813.2595221774814,2025-08-06 11:09:03.422667,2025-08-06 11:09:05.422100,0 days 00:00:01.999433,2.7019991207363434,35,65,COMPLETE
3,-inf,2025-08-06 11:09:03.424102,2025-08-06 11:09:05.671540,0 days 00:00:02.247438,0.7022750243669345,47,22,COMPLETE
4,7352.869346226047,2025-08-06 11:09:03.432660,2025-08-06 11:09:06.340217,0 days 00:00:02.907557,2.5618252108884905,30,27,COMPLETE
5,10800.979102901345,2025-08-06 11:09:03.434501,2025-08-06 11:09:06.068412,0 days 00:00:02.633911,4.434985700612627,13,92,COMPLETE
6,182.27766976680755,2025-08-06 11:09:03.435732,2025-08-06 11:09:06.313959,0 days 00:00:02.878227,3.217293868556187,17,91,COMPLETE
7,4951.453774889829,2025-08-06 11:09:03.437323,2025-08-06 11:09:07.210512,0 days 00:00:03.773189,2.405007663807297,27,78,COMPLETE
8,3483.7938973873543,2025-08-06 11:09:03.438176,2025-08-06 11:09:07.673337,0 days 00:00:04.235161,1.0281238713520602,25,47,COMPLETE
9,2214.864466108893,2025-08-06 11:09:03.441154,2025-08-06 11:09:08.634291,0 days 00:00:05.193137,1.0639713413293732,15,82,COMPLETE
10,8506.160595163446,2025-08-06 11:09:03.442708,2025-08-06 11:09:06.241343,0 days 00:00:02.798635,4.00836746012722,13,97,COMPLETE
11,6302.723108786359,2025-08-06 11:09:03.445227,2025-08-06 11:09:08.682201,0 days 00:00:05.236974,2.203890318061694,38,23,COMPLETE
12,17950.211969550026,2025-08-06 11:09:03.448841,2025-08-06 11:09:08.738654,0 days 00:00:05.289813,1.5423314667551273,13,77,COMPLETE
13,-1243.9870495090047,2025-08-06 11:09:03.451489,2025-08-06 11:09:06.688255,0 days 00:00:03.236766,3.36536312275803,31,70,COMPLETE
14,5614.173376135575,2025-08-06 11:09:03.453791,2025-08-06 11:09:09.223008,0 days 00:00:05.769217,4.05013882957614,46,88,COMPLETE
15,3180.628629552412,2025-08-06 11:09:03.456046,2025-08-06 11:09:10.074626,0 days 00:00:06.618580,3.1116753089302707,30,22,COMPLETE
16,6825.964776641257,2025-08-06 11:09:03.457224,2025-08-06 11:09:10.295832,0 days 00:00:06.838608,2.139545113881982,35,84,COMPLETE
17,952.6556426368611,2025-08-06 11:09:03.460250,2025-08-06 11:09:10.697563,0 days 00:00:07.237313,3.5138003896470535,43,84,COMPLETE
18,10007.911347867896,2025-08-06 11:09:03.467392,2025-08-06 11:09:08.633313,0 days 00:00:05.165921,4.4514911348422235,24,50,COMPLETE
19,5750.757906606375,2025-08-06 11:09:03.496061,2025-08-06 11:09:18.442068,0 days 00:00:14.946007,1.7132803440789024,44,43,COMPLETE
20,5299.490882066326,2025-08-06 11:09:03.524666,2025-08-06 11:09:11.248913,0 days 00:00:07.724247,3.2131517871515074,42,30,COMPLETE
21,8539.33815443687,2025-08-06 11:09:03.546971,2025-08-06 11:09:11.535345,0 days 00:00:07.988374,1.7468673150958387,28,63,COMPLETE
22,22907.08877673231,2025-08-06 11:09:03.587990,2025-08-06 11:09:12.802576,0 days 00:00:09.214586,3.7763742278758934,20,21,COMPLETE
23,3807.7388651807005,2025-08-06 11:09:03.605384,2025-08-06 11:09:13.889314,0 days 00:00:10.283930,0.8854780541905578,46,59,COMPLETE
24,9003.442456542709,2025-08-06 11:09:03.617209,2025-08-06 11:09:13.592461,0 days 00:00:09.975252,4.293740996287987,18,72,COMPLETE
25,9153.983449002862,2025-08-06 11:09:03.624837,2025-08-06 11:09:14.424290,0 days 00:00:10.799453,3.8187381092356776,39,37,COMPLETE
26,1690.66036082418,2025-08-06 11:09:03.640095,2025-08-06 11:09:14.362847,0 days 00:00:10.722752,3.097310766576277,23,54,COMPLETE
27,5741.752516691581,2025-08-06 11:09:03.655464,2025-08-06 11:09:14.426094,0 days 00:00:10.770630,2.0662553331195035,13,50,COMPLETE
28,14922.717423034659,2025-08-06 11:09:03.683456,2025-08-06 11:09:14.971358,0 days 00:00:11.287902,1.7395270528409386,17,26,COMPLETE
29,-225.27446917297357,2025-08-06 11:09:03.707669,2025-08-06 11:09:14.968985,0 days 00:00:11.261316,3.380812334595004,42,54,COMPLETE
30,3766.704597682574,2025-08-06 11:09:03.712491,2025-08-06 11:09:10.417476,0 days 00:00:06.704985,2.319909264568335,6,72,COMPLETE
31,1245.2680745310486,2025-08-06 11:09:03.738170,2025-08-06 11:09:16.099492,0 days 00:00:12.361322,0.5649989133971904,48,52,COMPLETE
32,4696.720689479887,2025-08-06 11:09:03.744328,2025-08-06 11:09:16.766305,0 days 00:00:13.021977,0.7941802916169252,12,21,COMPLETE
33,599.5789432323866,2025-08-06 11:09:03.770117,2025-08-06 11:09:16.682281,0 days 00:00:12.912164,1.0857386077683242,39,58,COMPLETE
34,6475.697363288829,2025-08-06 11:09:03.786766,2025-08-06 11:09:16.974000,0 days 00:00:13.187234,1.256501094340452,31,26,COMPLETE
35,9029.79870229298,2025-08-06 11:09:03.796409,2025-08-06 11:09:17.933257,0 days 00:00:14.136848,3.514384694492763,35,37,COMPLETE
36,1326.3797157064425,2025-08-06 11:09:03.814988,2025-08-06 11:09:32.244167,0 days 00:00:28.429179,3.6453626160954657,35,89,COMPLETE
37,4712.984575047429,2025-08-06 11:09:03.837160,2025-08-06 11:09:19.035630,0 days 00:00:15.198470,1.8224105121142329,46,88,COMPLETE
38,11616.320201155067,2025-08-06 11:09:03.864692,2025-08-06 11:09:18.387653,0 days 00:00:14.522961,2.83707149843252,9,33,COMPLETE
39,4817.386332123291,2025-08-06 11:09:03.919638,2025-08-06 11:09:19.515126,0 days 00:00:15.595488,2.1330847424895563,28,98,COMPLETE
40,1777.8974972590293,2025-08-06 11:09:03.956177,2025-08-06 11:09:19.551021,0 days 00:00:15.594844,2.284867694266005,49,63,COMPLETE
41,3584.5142305966783,2025-08-06 11:09:03.989357,2025-08-06 11:09:20.149111,0 days 00:00:16.159754,3.4603936801804935,13,85,COMPLETE
42,4316.275389464672,2025-08-06 11:09:03.995735,2025-08-06 11:09:21.319754,0 days 00:00:17.324019,2.532198712134013,35,45,COMPLETE
43,30790.672174382238,2025-08-06 11:09:03.997016,2025-08-06 11:09:21.207080,0 days 00:00:17.210064,4.235707744700229,34,31,COMPLETE
44,4933.799544007418,2025-08-06 11:09:04.020815,2025-08-06 11:09:21.672227,0 days 00:00:17.651412,2.193477042170985,39,90,COMPLETE
45,8150.822089912905,2025-08-06 11:09:04.034012,2025-08-06 11:09:23.116031,0 days 00:00:19.082019,3.272167052574526,24,22,COMPLETE
46,6717.764950866998,2025-08-06 11:09:04.059419,2025-08-06 11:09:22.644827,0 days 00:00:18.585408,2.1681920791490636,27,61,COMPLETE
47,8328.888589471198,2025-08-06 11:09:04.066454,2025-08-06 11:09:13.256498,0 days 00:00:09.190044,4.414998332291285,19,51,COMPLETE
48,8850.786161817523,2025-08-06 11:09:04.146721,2025-08-06 11:09:37.474297,0 days 00:00:33.327576,2.0826174102948523,23,44,COMPLETE
49,4402.2808840562175,2025-08-06 11:09:04.210348,2025-08-06 11:09:14.160743,0 days 00:00:09.950395,3.994889896694228,45,90,COMPLETE
50,12925.549589318991,2025-08-06 11:09:04.227227,2025-08-06 11:09:23.500531,0 days 00:00:19.273304,3.677166490464055,29,42,COMPLETE
51,4609.872700223622,2025-08-06 11:09:04.372592,2025-08-06 11:09:23.667720,0 days 00:00:19.295128,0.9138048741769915,21,30,COMPLETE
52,10459.359274390055,2025-08-06 11:09:04.374921,2025-08-06 11:09:23.308502,0 days 00:00:18.933581,1.6627688842473876,22,22,COMPLETE
53,15306.653406067846,2025-08-06 11:09:04.529368,2025-08-06 11:09:23.924278,0 days 00:00:19.394910,3.7378335208845104,5,50,COMPLETE
54,16224.839835508003,2025-08-06 11:09:04.570954,2025-08-06 11:09:24.169193,0 days 00:00:19.598239,4.204360650613967,26,63,COMPLETE
55,7577.949240013343,2025-08-06 11:09:04.630455,2025-08-06 11:09:24.343167,0 days 00:00:19.712712,3.1911498758539896,6,35,COMPLETE
56,5351.340167344456,2025-08-06 11:09:04.723576,2025-08-06 11:09:25.133928,0 days 00:00:20.410352,4.179544940581527,37,61,COMPLETE
57,8470.91485577108,2025-08-06 11:09:04.797324,2025-08-06 11:09:25.285080,0 days 00:00:20.487756,1.3027779722969375,13,88,COMPLETE
58,4634.620328110074,2025-08-06 11:09:05.086400,2025-08-06 11:09:25.488822,0 days 00:00:20.402422,2.018267689847634,13,58,COMPLETE
59,5224.421719774553,2025-08-06 11:09:05.197331,2025-08-06 11:09:26.289803,0 days 00:00:21.092472,2.3994601066838954,24,86,COMPLETE
60,12293.975771262292,2025-08-06 11:09:05.296669,2025-08-06 11:09:26.331816,0 days 00:00:21.035147,0.9677417397497847,7,20,COMPLETE
61,5253.131280413147,2025-08-06 11:09:05.422513,2025-08-06 11:09:27.840731,0 days 00:00:22.418218,2.541007595396037,17,37,COMPLETE
62,4912.686535171645,2025-08-06 11:09:05.594884,2025-08-06 11:09:27.997627,0 days 00:00:22.402743,3.526196626377815,25,39,COMPLETE
63,5670.518239970553,2025-08-06 11:09:05.700467,2025-08-06 11:09:28.474397,0 days 00:00:22.773930,2.150930232394957,17,34,COMPLETE
64,3232.2921598829967,2025-08-06 11:09:05.723213,2025-08-06 11:09:27.865530,0 days 00:00:22.142317,1.1970913922903885,33,41,COMPLETE
65,7245.030749599382,2025-08-06 11:09:05.804035,2025-08-06 11:09:27.952627,0 days 00:00:22.148592,4.1246032544439055,46,61,COMPLETE
66,23159.562268797043,2025-08-06 11:09:05.909107,2025-08-06 11:09:29.962029,0 days 00:00:24.052922,3.887425878061357,17,34,COMPLETE
67,3637.8730464852633,2025-08-06 11:09:06.021151,2025-08-06 11:09:29.863513,0 days 00:00:23.842362,2.9174067832331856,18,67,COMPLETE
68,1107.1553350059141,2025-08-06 11:09:06.185289,2025-08-06 11:09:30.774374,0 days 00:00:24.589085,1.7702655292305236,50,74,COMPLETE
69,13894.757579018979,2025-08-06 11:09:06.252730,2025-08-06 11:09:30.710101,0 days 00:00:24.457371,1.7527692820478014,35,37,COMPLETE
70,-873.6657006204525,2025-08-06 11:09:06.320360,2025-08-06 11:09:30.399480,0 days 00:00:24.079120,3.798150331648405,50,73,COMPLETE
71,3922.4213979059405,2025-08-06 11:09:06.352049,2025-08-06 11:09:30.187878,0 days 00:00:23.835829,2.722454101908096,36,48,COMPLETE
72,3450.2047898109145,2025-08-06 11:09:06.422451,2025-08-06 11:09:30.280938,0 days 00:00:23.858487,1.1256280956843,12,60,COMPLETE
73,12606.506506899726,2025-08-06 11:09:06.503267,2025-08-06 11:09:30.939298,0 days 00:00:24.436031,4.29389690180809,15,29,COMPLETE
74,8259.155344795077,2025-08-06 11:09:06.515189,2025-08-06 11:09:17.363612,0 days 00:00:10.848423,1.3229433663554078,40,22,COMPLETE
75,4246.0727209617835,2025-08-06 11:09:06.548238,2025-08-06 11:09:31.648033,0 days 00:00:25.099795,2.66956349118935,39,50,COMPLETE
76,3645.067331352063,2025-08-06 11:09:06.555684,2025-08-06 11:09:33.264145,0 days 00:00:26.708461,3.064361614407964,23,32,COMPLETE
77,11521.323869057656,2025-08-06 11:09:06.605737,2025-08-06 11:09:33.180025,0 days 00:00:26.574288,1.261923675642453,22,24,COMPLETE
78,9003.442456542709,2025-08-06 11:09:06.640737,2025-08-06 11:09:33.817084,0 days 00:00:27.176347,4.246393998257123,17,69,COMPLETE
79,7571.085515628155,2025-08-06 11:09:06.675804,2025-08-06 11:09:35.460194,0 days 00:00:28.784390,2.0830030246028945,7,32,COMPLETE
80,14282.276951654434,2025-08-06 11:09:06.687115,2025-08-06 11:09:34.190639,0 days 00:00:27.503524,1.638281452537497,6,78,COMPLETE
81,3991.7141939387316,2025-08-06 11:09:06.694242,2025-08-06 11:09:34.749904,0 days 00:00:28.055662,2.3356141754738164,41,47,COMPLETE
82,7087.316043082396,2025-08-06 11:09:06.752681,2025-08-06 11:09:34.680237,0 days 00:00:27.927556,2.666697826350354,12,83,COMPLETE
83,4252.7286027684695,2025-08-06 11:09:06.785591,2025-08-06 11:09:34.106116,0 days 00:00:27.320525,1.1752659290803105,31,45,COMPLETE
84,12244.035261977944,2025-08-06 11:09:06.801200,2025-08-06 11:09:34.373333,0 days 00:00:27.572133,2.0440689430369767,15,24,COMPLETE
85,969.7918721712845,2025-08-06 11:09:06.815306,2025-08-06 11:09:34.559715,0 days 00:00:27.744409,2.5673782107766265,48,100,COMPLETE
86,4342.239595740743,2025-08-06 11:09:06.894458,2025-08-06 11:09:35.631598,0 days 00:00:28.737140,1.3689310130625638,30,66,COMPLETE
87,2516.9818602101923,2025-08-06 11:09:06.905182,2025-08-06 11:09:35.967598,0 days 00:00:29.062416,4.0672633610352165,44,100,COMPLETE
88,-inf,2025-08-06 11:09:06.924232,2025-08-06 11:09:36.756637,0 days 00:00:29.832405,4.162205462834281,44,41,COMPLETE
89,6022.981042346342,2025-08-06 11:09:06.996745,2025-08-06 11:09:37.119277,0 days 00:00:30.122532,1.6480855007975874,42,28,COMPLETE
90,5119.192987529209,2025-08-06 11:09:07.043021,2025-08-06 11:09:37.166116,0 days 00:00:30.123095,2.6805621549764096,16,48,COMPLETE
91,12846.343710977404,2025-08-06 11:09:07.060530,2025-08-06 11:09:36.406227,0 days 00:00:29.345697,3.289623038362717,13,20,COMPLETE
92,1916.6008451239024,2025-08-06 11:09:07.072015,2025-08-06 11:09:36.627917,0 days 00:00:29.555902,2.4225398269089173,19,74,COMPLETE
93,5501.941494425339,2025-08-06 11:09:07.179213,2025-08-06 11:09:37.380304,0 days 00:00:30.201091,2.1318548580625714,30,61,COMPLETE
94,4971.722539646738,2025-08-06 11:09:07.232482,2025-08-06 11:09:41.030688,0 days 00:00:33.798206,4.403417805782714,5,45,COMPLETE
95,4517.298231952189,2025-08-06 11:09:07.245494,2025-08-06 11:09:38.164053,0 days 00:00:30.918559,4.453134244201494,7,45,COMPLETE
96,4798.782175269656,2025-08-06 11:09:07.267200,2025-08-06 11:09:17.139436,0 days 00:00:09.872236,4.385858946424318,6,48,COMPLETE
97,6958.821265562502,2025-08-06 11:09:07.394530,2025-08-06 11:09:38.689394,0 days 00:00:31.294864,4.232359585851285,8,44,COMPLETE
98,6729.774595293564,2025-08-06 11:09:07.422584,2025-08-06 11:09:41.537184,0 days 00:00:34.114600,4.284681765886922,5,45,COMPLETE
99,4705.343499090677,2025-08-06 11:09:07.506344,2025-08-06 11:09:42.097321,0 days 00:00:34.590977,4.413611055170923,5,44,COMPLETE
100,3597.1684902252664,2025-08-06 11:09:07.619231,2025-08-06 11:09:24.175974,0 days 00:00:16.556743,4.436838448595906,5,46,COMPLETE
101,25796.03015449668,2025-08-06 11:09:07.642010,2025-08-06 11:09:43.524817,0 days 00:00:35.882807,1.6706997317824155,5,45,COMPLETE
102,6551.984207493986,2025-08-06 11:09:07.814311,2025-08-06 11:09:44.964007,0 days 00:00:37.149696,4.156681785037012,5,98,COMPLETE
103,5416.363422746776,2025-08-06 11:09:07.831737,2025-08-06 11:09:40.122011,0 days 00:00:32.290274,4.4584396284545855,5,96,COMPLETE
104,4642.116064901449,2025-08-06 11:09:07.933665,2025-08-06 11:09:46.596901,0 days 00:00:38.663236,4.475640204249778,8,98,COMPLETE
105,5370.6486446629315,2025-08-06 11:09:07.959839,2025-08-06 11:09:40.587722,0 days 00:00:32.627883,4.3451718906991506,7,97,COMPLETE
106,5997.618962439591,2025-08-06 11:09:07.998380,2025-08-06 11:09:47.231673,0 days 00:00:39.233293,4.449692982925323,9,99,COMPLETE
107,2814.493281889105,2025-08-06 11:09:08.046369,2025-08-06 11:10:03.621296,0 days 00:00:55.574927,4.477066038244897,6,100,COMPLETE
108,2285.9306929870827,2025-08-06 11:09:08.089771,2025-08-06 11:09:48.160419,0 days 00:00:40.070648,4.359801026569013,5,98,COMPLETE
109,1960.2631581493658,2025-08-06 11:09:08.163121,2025-08-06 11:09:49.238765,0 days 00:00:41.075644,4.454384413503374,5,100,COMPLETE
110,1600.4419009732214,2025-08-06 11:09:08.265287,2025-08-06 11:10:07.134382,0 days 00:00:58.869095,4.427452599478072,7,100,COMPLETE
111,5416.363422746776,2025-08-06 11:09:08.293277,2025-08-06 11:09:49.862407,0 days 00:00:41.569130,4.45514194522348,5,97,COMPLETE
112,1140.5597411636684,2025-08-06 11:09:08.513586,2025-08-06 11:09:52.077920,0 days 00:00:43.564334,4.407677438191958,5,100,COMPLETE
113,6457.308539523482,2025-08-06 11:09:08.548841,2025-08-06 11:09:50.856284,0 days 00:00:42.307443,4.499168653058715,5,99,COMPLETE
114,1989.564374809289,2025-08-06 11:09:08.597441,2025-08-06 11:09:51.645485,0 days 00:00:43.048044,4.438036552538299,5,100,COMPLETE
115,6457.308539523482,2025-08-06 11:09:08.614822,2025-08-06 11:10:13.817355,0 days 00:01:05.202533,4.497499933412457,5,98,COMPLETE
116,3346.308059660728,2025-08-06 11:09:08.621999,2025-08-06 11:09:44.060787,0 days 00:00:35.438788,4.3194740987808,7,100,COMPLETE
117,6254.328577536879,2025-08-06 11:09:08.664342,2025-08-06 11:10:16.288909,0 days 00:01:07.624567,4.493658677934338,6,51,COMPLETE
118,3576.5683040029344,2025-08-06 11:09:08.677834,2025-08-06 11:09:54.235633,0 days 00:00:45.557799,4.391064681486028,7,54,COMPLETE
119,4828.626578399162,2025-08-06 11:09:08.711280,2025-08-06 11:09:39.710675,0 days 00:00:30.999395,4.4929903865198835,6,52,COMPLETE
120,3370.880959429961,2025-08-06 11:09:08.725478,2025-08-06 11:10:27.734961,0 days 00:01:19.009483,4.449446879760116,7,52,COMPLETE
121,6757.714171020016,2025-08-06 11:09:08.740178,2025-08-06 11:09:45.767773,0 days 00:00:37.027595,1.8559083208046219,5,87,COMPLETE
122,13367.95330233893,2025-08-06 11:09:08.746165,2025-08-06 11:09:58.307037,0 days 00:00:49.560872,1.6958328460990546,7,87,COMPLETE
123,13117.956741401716,2025-08-06 11:09:08.748434,2025-08-06 11:09:58.635243,0 days 00:00:49.886809,1.645928175695022,5,87,COMPLETE
124,13367.95330233893,2025-08-06 11:09:08.750103,2025-08-06 11:09:58.812541,0 days 00:00:50.062438,1.6929120026275455,7,87,COMPLETE
125,14248.42004599129,2025-08-06 11:09:08.751928,2025-08-06 11:09:58.639485,0 days 00:00:49.887557,1.7859020624583628,5,85,COMPLETE
126,12334.085455884184,2025-08-06 11:09:08.754553,2025-08-06 11:10:30.580486,0 days 00:01:21.825933,1.5815402836109143,5,89,COMPLETE
127,8770.65404475533,2025-08-06 11:09:08.777459,2025-08-06 11:09:59.394485,0 days 00:00:50.617026,1.8399078755082248,8,87,COMPLETE
128,13168.481236444199,2025-08-06 11:09:08.804004,2025-08-06 11:10:34.147623,0 days 00:01:25.343619,1.6813529325803127,6,88,COMPLETE
129,11653.7172727534,2025-08-06 11:09:08.806909,2025-08-06 11:10:34.756709,0 days 00:01:25.949800,1.5689823444500528,5,87,COMPLETE
130,12034.25000780119,2025-08-06 11:09:08.808806,2025-08-06 11:09:47.848719,0 days 00:00:39.039913,1.7348248091911787,5,88,COMPLETE
131,10546.599695770126,2025-08-06 11:09:08.831024,2025-08-06 11:10:00.706682,0 days 00:00:51.875658,1.7698933965615598,5,87,COMPLETE
132,11262.746824320968,2025-08-06 11:09:08.861039,2025-08-06 11:10:00.736310,0 days 00:00:51.875271,1.766530606182275,6,89,COMPLETE
133,11906.870902806042,2025-08-06 11:09:08.896750,2025-08-06 11:10:02.728270,0 days 00:00:53.831520,1.5942373829056322,5,89,COMPLETE
134,10804.00978207521,2025-08-06 11:09:08.916681,2025-08-06 11:10:03.848462,0 days 00:00:54.931781,1.7615679410595426,5,87,COMPLETE
135,11291.848686115301,2025-08-06 11:09:08.969864,2025-08-06 11:10:06.700914,0 days 00:00:57.731050,1.7063121795412117,5,89,COMPLETE
136,12490.705107342106,2025-08-06 11:09:08.983024,2025-08-06 11:10:08.045832,0 days 00:00:59.062808,1.750821455951261,5,87,COMPLETE
137,12588.386642805426,2025-08-06 11:09:09.022498,2025-08-06 11:10:09.198392,0 days 00:01:00.175894,1.6137939742972311,5,88,COMPLETE
138,4178.433773698594,2025-08-06 11:09:09.120871,2025-08-06 11:09:42.528695,0 days 00:00:33.407824,1.9045269973089511,6,100,COMPLETE
139,11178.19346711655,2025-08-06 11:09:09.174999,2025-08-06 11:10:08.799230,0 days 00:00:59.624231,1.7805887171964405,6,87,COMPLETE
140,6731.785472772417,2025-08-06 11:09:09.202648,2025-08-06 11:12:02.420508,0 days 00:02:53.217860,1.934714048009062,6,87,COMPLETE
141,6506.478425996874,2025-08-06 11:09:09.216587,2025-08-06 11:10:50.170286,0 days 00:01:40.953699,1.9260278765973875,6,87,COMPLETE
142,9627.294125766188,2025-08-06 11:09:09.224359,2025-08-06 11:10:10.622646,0 days 00:01:01.398287,1.7788678675159637,5,98,COMPLETE
143,20681.94144135938,2025-08-06 11:09:09.279936,2025-08-06 11:10:11.276043,0 days 00:01:01.996107,1.731093761596512,5,59,COMPLETE
144,7588.238387964962,2025-08-06 11:09:09.329824,2025-08-06 11:09:51.239730,0 days 00:00:41.909906,1.9033933899536626,5,57,COMPLETE
145,6438.446871667288,2025-08-06 11:09:09.334021,2025-08-06 11:10:12.886057,0 days 00:01:03.552036,1.7845141025580173,7,100,COMPLETE
146,8391.980597336531,2025-08-06 11:09:09.340848,2025-08-06 11:10:12.371667,0 days 00:01:03.030819,1.782058053963914,5,100,COMPLETE
147,18286.90268777629,2025-08-06 11:09:09.341813,2025-08-06 11:09:43.553989,0 days 00:00:34.212176,1.774197448104945,6,58,COMPLETE
148,17831.25305193868,2025-08-06 11:09:09.363249,2025-08-06 11:10:13.855370,0 days 00:01:04.492121,1.7435051414648208,5,56,COMPLETE
149,7170.918877434778,2025-08-06 11:09:09.425771,2025-08-06 11:10:55.465083,0 days 00:01:46.039312,1.8214451138453236,7,100,COMPLETE
150,11510.618997213985,2025-08-06 11:09:09.469742,2025-08-06 11:10:15.781454,0 days 00:01:06.311712,1.8337967424158024,7,53,COMPLETE
151,21691.457139465376,2025-08-06 11:09:09.488209,2025-08-06 11:11:02.753349,0 days 00:01:53.265140,1.6781048775439924,5,59,COMPLETE
152,8221.152882986726,2025-08-06 11:09:09.568394,2025-08-06 11:10:16.692481,0 days 00:01:07.124087,1.801786036892044,5,100,COMPLETE
153,19835.465754920904,2025-08-06 11:09:09.570869,2025-08-06 11:09:53.530761,0 days 00:00:43.959892,1.679002193782724,5,55,COMPLETE
154,11675.513510630019,2025-08-06 11:09:09.624487,2025-08-06 11:10:17.141055,0 days 00:01:07.516568,1.818558695076811,5,99,COMPLETE
155,8274.610881492383,2025-08-06 11:09:09.631760,2025-08-06 11:13:50.012408,0 days 00:04:40.380648,1.818387373787036,7,98,COMPLETE
156,9309.095645076231,2025-08-06 11:09:09.690871,2025-08-06 11:10:19.549451,0 days 00:01:09.858580,1.7648605778145128,5,98,COMPLETE
157,13685.007783665873,2025-08-06 11:09:09.781895,2025-08-06 11:10:19.290515,0 days 00:01:09.508620,1.5287628104394473,5,99,COMPLETE
158,11520.954348840593,2025-08-06 11:09:09.789720,2025-08-06 11:10:19.547833,0 days 00:01:09.758113,1.7114693305775295,7,98,COMPLETE
159,9522.728772002585,2025-08-06 11:09:09.961049,2025-08-06 11:10:22.212672,0 days 00:01:12.251623,1.763621718400306,5,99,COMPLETE
160,10589.434080262328,2025-08-06 11:09:09.975717,2025-08-06 11:09:54.671368,0 days 00:00:44.695651,1.7380839572413886,9,99,COMPLETE
161,11057.111780083516,2025-08-06 11:09:10.091678,2025-08-06 11:10:25.240233,0 days 00:01:15.148555,1.740379916264383,5,98,COMPLETE
162,11355.293468332857,2025-08-06 11:09:10.108651,2025-08-06 11:10:24.225839,0 days 00:01:14.117188,1.8266587719230367,9,58,COMPLETE
163,12944.634025257332,2025-08-06 11:09:10.120866,2025-08-06 11:10:24.565657,0 days 00:01:14.444791,1.6159405321990061,10,100,COMPLETE
164,16977.262839379735,2025-08-06 11:09:10.180808,2025-08-06 11:09:55.483983,0 days 00:00:45.303175,1.5754681735798148,6,99,COMPLETE
