number,value,datetime_start,datetime_complete,duration,params_atr_multiplier,params_atr_period,params_ema_period,state
1801,6951.165397597723,2025-08-03 22:52:32.280056,2025-08-03 23:01:12.615796,0 days 00:08:40.335740,1.1915165667848515,18,24,COMPLETE
1802,12787.506447955304,2025-08-03 22:52:32.281631,2025-08-03 23:01:15.927349,0 days 00:08:43.645718,1.421763132470358,17,25,COMPLETE
1803,10191.030781306868,2025-08-03 22:52:32.293934,2025-08-03 23:01:20.067331,0 days 00:08:47.773397,1.4218989213839561,18,20,COMPLETE
1804,10394.174102556823,2025-08-03 22:52:32.339956,2025-08-03 22:58:09.425659,0 days 00:05:37.085703,1.420831618633549,17,43,COMPLETE
1805,9081.696598341212,2025-08-03 22:52:32.364271,2025-08-03 23:01:17.050743,0 days 00:08:44.686472,1.405419185145783,17,44,COMPLETE
1806,6545.137329642206,2025-08-03 22:52:32.400822,2025-08-03 23:01:19.939324,0 days 00:08:47.538502,1.3761868708123828,17,30,COMPLETE
1807,7757.415869153278,2025-08-03 22:52:32.413256,2025-08-03 23:02:49.305626,0 days 00:10:16.892370,1.4122695449964833,17,30,COMPLETE
1808,14298.161342162764,2025-08-03 22:52:32.469691,2025-08-03 23:01:17.730104,0 days 00:08:45.260413,1.3998082674943213,11,43,COMPLETE
1809,6145.512867369612,2025-08-03 22:52:32.519055,2025-08-03 22:58:12.154899,0 days 00:05:39.635844,1.1321748835683738,17,22,COMPLETE
1810,7730.5212247453655,2025-08-03 22:52:32.627534,2025-08-03 23:01:18.795086,0 days 00:08:46.167552,1.4090123319108356,17,30,COMPLETE
1811,6908.217768764602,2025-08-03 22:52:32.653429,2025-08-03 23:01:18.339102,0 days 00:08:45.685673,1.1564111487251156,17,30,COMPLETE
1812,5524.3117709793405,2025-08-03 22:52:32.719957,2025-08-03 23:01:20.574862,0 days 00:08:47.854905,1.1578012480505664,17,22,COMPLETE
1813,9376.356955073721,2025-08-03 22:52:32.747892,2025-08-03 23:01:19.370824,0 days 00:08:46.622932,1.3922340944657676,18,26,COMPLETE
1814,5609.6733867325465,2025-08-03 22:52:32.758573,2025-08-03 23:01:18.205854,0 days 00:08:45.447281,1.1385365188958094,17,43,COMPLETE
1815,4413.317005540707,2025-08-03 22:52:32.795781,2025-08-03 23:02:57.004936,0 days 00:10:24.209155,1.1643171742945868,18,45,COMPLETE
1816,7516.532661352393,2025-08-03 22:52:32.824845,2025-08-03 22:58:14.715240,0 days 00:05:41.890395,1.3997541189075922,18,44,COMPLETE
1817,5240.879063430012,2025-08-03 22:52:32.886685,2025-08-03 22:58:14.999233,0 days 00:05:42.112548,1.1434857466001658,18,43,COMPLETE
1818,8449.888962996249,2025-08-03 22:52:32.964867,2025-08-03 22:58:12.376361,0 days 00:05:39.411494,1.3917659650191692,17,22,COMPLETE
1819,7445.915682052826,2025-08-03 22:52:32.972019,2025-08-03 23:01:21.761951,0 days 00:08:48.789932,1.144005031313437,18,26,COMPLETE
1820,7715.726867137726,2025-08-03 22:52:33.002971,2025-08-03 23:01:18.875659,0 days 00:08:45.872688,1.1321861847952719,17,30,COMPLETE
1821,7747.357589254147,2025-08-03 22:52:33.037605,2025-08-03 22:58:11.587707,0 days 00:05:38.550102,1.4178866808441017,18,44,COMPLETE
1822,6914.573099798884,2025-08-03 22:52:33.067443,2025-08-03 23:01:22.889439,0 days 00:08:49.821996,1.4212916094624366,18,43,COMPLETE
1823,9305.27375346811,2025-08-03 22:52:33.069686,2025-08-03 23:01:18.475876,0 days 00:08:45.406190,1.3814210759488503,17,26,COMPLETE
1824,7646.528343955439,2025-08-03 22:52:33.076964,2025-08-03 22:58:13.006013,0 days 00:05:39.929049,1.2051163479703422,17,26,COMPLETE
1825,5953.793055664358,2025-08-03 22:52:33.092184,2025-08-03 23:02:52.067540,0 days 00:10:18.975356,1.1596362318653053,18,45,COMPLETE
1826,7198.579525315877,2025-08-03 22:52:33.103214,2025-08-03 23:02:57.959053,0 days 00:10:24.855839,1.4308908124774087,18,43,COMPLETE
1827,8663.799298347265,2025-08-03 22:52:33.107193,2025-08-03 23:01:25.264173,0 days 00:08:52.156980,1.3770242284975247,18,26,COMPLETE
1828,6108.511413345892,2025-08-03 22:52:33.110066,2025-08-03 22:58:15.060251,0 days 00:05:41.950185,1.4047010318878892,18,43,COMPLETE
1829,8797.645149106946,2025-08-03 22:52:33.113674,2025-08-03 23:01:23.824574,0 days 00:08:50.710900,1.4090689710849915,18,26,COMPLETE
1830,19785.767870511347,2025-08-03 22:52:33.117252,2025-08-03 22:58:19.575372,0 days 00:05:46.458120,1.413637716653424,11,27,COMPLETE
1831,7880.818510452546,2025-08-03 22:52:33.122081,2025-08-03 23:03:18.416130,0 days 00:10:45.294049,1.4033111659247086,18,27,COMPLETE
1832,6720.236484830011,2025-08-03 22:52:33.128031,2025-08-03 23:01:21.802023,0 days 00:08:48.673992,1.3995570859498916,18,43,COMPLETE
1833,12662.535053137068,2025-08-03 22:52:33.130848,2025-08-03 22:58:17.823591,0 days 00:05:44.692743,1.437547552546079,18,22,COMPLETE
1834,8718.983652030773,2025-08-03 22:52:33.134378,2025-08-03 23:03:18.917586,0 days 00:10:45.783208,1.3950351694372949,18,22,COMPLETE
1835,6720.236484830011,2025-08-03 22:52:33.140053,2025-08-03 22:58:19.679453,0 days 00:05:46.539400,1.397788397084793,18,43,COMPLETE
1836,6914.573099798884,2025-08-03 22:52:33.146030,2025-08-03 23:03:01.740285,0 days 00:10:28.594255,1.4230111332113118,18,43,COMPLETE
1837,22314.949207023397,2025-08-03 22:52:33.147581,2025-08-03 22:58:23.213770,0 days 00:05:50.066189,1.4041714255549085,11,27,COMPLETE
1838,8795.118368192128,2025-08-03 22:52:33.164861,2025-08-03 23:02:53.002173,0 days 00:10:19.837312,1.3640277307565458,18,26,COMPLETE
1839,10318.163982326329,2025-08-03 22:52:33.199172,2025-08-03 23:01:24.351978,0 days 00:08:51.152806,1.3941413320811569,17,26,COMPLETE
1840,7405.858409024786,2025-08-03 22:52:33.207270,2025-08-03 23:01:24.764934,0 days 00:08:51.557664,1.330639055857688,18,26,COMPLETE
1841,10742.7191140325,2025-08-03 22:52:33.233958,2025-08-03 22:58:21.321242,0 days 00:05:48.087284,1.4098546770968723,17,26,COMPLETE
1842,6214.257876984986,2025-08-03 22:52:33.270712,2025-08-03 22:58:17.136659,0 days 00:05:43.865947,1.1661051126990754,18,26,COMPLETE
1843,7200.854039037103,2025-08-03 22:52:33.310141,2025-08-03 22:58:22.246821,0 days 00:05:48.936680,1.4123998868169734,18,31,COMPLETE
1844,8797.645149106946,2025-08-03 22:52:33.319710,2025-08-03 23:01:24.694793,0 days 00:08:51.375083,1.4088582842731383,18,26,COMPLETE
1845,6076.270596359709,2025-08-03 22:52:33.430053,2025-08-03 23:02:59.279021,0 days 00:10:25.848968,1.1881522805701272,18,22,COMPLETE
1846,20186.617360188273,2025-08-03 22:52:33.443958,2025-08-03 23:02:56.360503,0 days 00:10:22.916545,1.4243855936401821,11,26,COMPLETE
1847,8518.279787775056,2025-08-03 22:52:33.454281,2025-08-03 22:58:20.629102,0 days 00:05:47.174821,1.4115105967978703,17,44,COMPLETE
1848,9376.356955073721,2025-08-03 22:52:33.496956,2025-08-03 23:01:25.403006,0 days 00:08:51.906050,1.3941713554275175,18,26,COMPLETE
1849,8439.164682537117,2025-08-03 22:52:33.517668,2025-08-03 22:58:23.551561,0 days 00:05:50.033893,1.4089293016891464,18,27,COMPLETE
1850,11734.231282298862,2025-08-03 22:52:33.529989,2025-08-03 22:58:26.101076,0 days 00:05:52.571087,1.4335449822578075,18,27,COMPLETE
1851,6939.479063809482,2025-08-03 22:52:33.553377,2025-08-03 22:58:26.508018,0 days 00:05:52.954641,1.4127884369566606,18,44,COMPLETE
1852,5752.997044539882,2025-08-03 22:52:33.562031,2025-08-03 23:01:25.050162,0 days 00:08:51.488131,1.1417720458722709,18,44,COMPLETE
1853,6691.790908304731,2025-08-03 22:52:33.566538,2025-08-03 23:01:27.043273,0 days 00:08:53.476735,1.3936862522797977,17,43,COMPLETE
1854,9916.48645069727,2025-08-03 22:52:33.567990,2025-08-03 22:58:28.845257,0 days 00:05:55.277267,1.3855960207907887,18,21,COMPLETE
1855,7939.065418449373,2025-08-03 22:52:33.574904,2025-08-03 23:03:19.412903,0 days 00:10:45.837999,1.4259683714525526,18,44,COMPLETE
1856,5334.3401195212355,2025-08-03 22:52:33.580204,2025-08-03 22:58:24.421542,0 days 00:05:50.841338,1.1440467485763328,18,43,COMPLETE
1857,6597.297162069376,2025-08-03 22:52:33.584006,2025-08-03 22:58:25.744657,0 days 00:05:52.160651,1.3915435328364028,18,30,COMPLETE
1858,6096.428774814058,2025-08-03 22:52:33.586131,2025-08-03 23:01:27.291278,0 days 00:08:53.705147,1.1567523472653358,17,26,COMPLETE
1859,9440.931491812451,2025-08-03 22:52:33.592633,2025-08-03 23:01:24.816233,0 days 00:08:51.223600,1.420151352117122,18,27,COMPLETE
1860,6698.678552212418,2025-08-03 22:52:33.595335,2025-08-03 23:01:30.872320,0 days 00:08:57.276985,1.4016267846690609,18,43,COMPLETE
1861,10842.114044441652,2025-08-03 22:52:33.602441,2025-08-03 23:01:29.319966,0 days 00:08:55.717525,1.4074182759411713,17,26,COMPLETE
1862,6914.573099798884,2025-08-03 22:52:33.606720,2025-08-03 23:01:28.954653,0 days 00:08:55.347933,1.4175109666341732,18,43,COMPLETE
1863,8127.814062571715,2025-08-03 22:52:33.608917,2025-08-03 22:58:26.204535,0 days 00:05:52.595618,1.4057273982934562,17,43,COMPLETE
1864,8995.52039322719,2025-08-03 22:52:33.610340,2025-08-03 23:03:01.105621,0 days 00:10:27.495281,1.3935358306928858,18,27,COMPLETE
1865,6691.790908304731,2025-08-03 22:52:33.613401,2025-08-03 23:01:31.835451,0 days 00:08:58.222050,1.3857290088783087,17,43,COMPLETE
1866,9311.478660936942,2025-08-03 22:52:33.615481,2025-08-03 23:01:31.062585,0 days 00:08:57.447104,1.4071050998303687,16,43,COMPLETE
1867,9237.043134453797,2025-08-03 22:52:33.622373,2025-08-03 23:02:56.408857,0 days 00:10:22.786484,1.4069833193689247,18,21,COMPLETE
1868,9017.961875445464,2025-08-03 22:52:33.624418,2025-08-03 23:02:56.450727,0 days 00:10:22.826309,1.3990616098042654,18,26,COMPLETE
1869,6463.9911281026525,2025-08-03 22:52:33.627696,2025-08-03 23:01:32.277505,0 days 00:08:58.649809,1.4137151627468032,18,44,COMPLETE
1870,8449.888962996249,2025-08-03 22:52:33.631175,2025-08-03 23:02:55.374968,0 days 00:10:21.743793,1.3931741139204934,17,22,COMPLETE
1871,9047.14766698595,2025-08-03 22:52:33.632913,2025-08-03 23:01:31.233661,0 days 00:08:57.600748,1.3657685402329793,17,44,COMPLETE
1872,7747.357589254147,2025-08-03 22:52:33.634752,2025-08-03 23:02:55.288753,0 days 00:10:21.654001,1.415673430413608,18,44,COMPLETE
1873,8981.16188864953,2025-08-03 22:52:33.637735,2025-08-03 23:01:31.371987,0 days 00:08:57.734252,1.4054316170434809,18,29,COMPLETE
1874,6395.038098437961,2025-08-03 22:52:33.638934,2025-08-03 22:58:28.133439,0 days 00:05:54.494505,1.145880661704651,17,22,COMPLETE
1875,18519.553727478982,2025-08-03 22:52:33.641208,2025-08-03 22:55:46.053931,0 days 00:03:12.412723,1.395057004694885,10,22,COMPLETE
1876,6720.236484830011,2025-08-03 22:52:33.646873,2025-08-03 23:01:31.327988,0 days 00:08:57.681115,1.3995148561021697,18,43,COMPLETE
1877,6720.236484830011,2025-08-03 22:52:33.648340,2025-08-03 22:58:34.741877,0 days 00:06:01.093537,1.398185598607224,18,43,COMPLETE
1878,5901.202821418151,2025-08-03 22:52:33.650812,2025-08-03 23:01:28.686068,0 days 00:08:55.035256,1.1821322260484999,17,30,COMPLETE
1879,10593.888457584035,2025-08-03 22:52:33.655081,2025-08-03 22:58:30.041160,0 days 00:05:56.386079,1.418487567528938,17,30,COMPLETE
1880,10753.314525803702,2025-08-03 22:52:33.657060,2025-08-03 23:01:32.849649,0 days 00:08:59.192589,1.160889706074646,10,28,COMPLETE
1881,8005.238216368006,2025-08-03 22:52:33.666145,2025-08-03 22:58:33.930442,0 days 00:06:00.264297,1.3918979906774507,18,44,COMPLETE
1882,13380.519006243054,2025-08-03 22:52:33.668475,2025-08-03 22:58:32.974350,0 days 00:05:59.305875,1.423241860642143,17,27,COMPLETE
1883,11203.669979457527,2025-08-03 22:52:33.670456,2025-08-03 22:55:47.621354,0 days 00:03:13.950898,1.424898382308637,18,29,COMPLETE
1884,21947.5675357016,2025-08-03 22:52:33.674849,2025-08-03 23:02:55.121186,0 days 00:10:21.446337,1.4259536772433037,10,26,COMPLETE
1885,14063.126526122503,2025-08-03 22:52:33.676100,2025-08-03 23:01:34.231866,0 days 00:09:00.555766,1.4344033797128652,18,26,COMPLETE
1886,12910.309200609765,2025-08-03 22:52:33.678404,2025-08-03 23:01:36.049997,0 days 00:09:02.371593,1.4245232682916078,10,43,COMPLETE
1887,7485.5344098249325,2025-08-03 22:52:33.680654,2025-08-03 23:01:29.968982,0 days 00:08:56.288328,1.3921794353578358,17,44,COMPLETE
1888,11037.206416173693,2025-08-03 22:52:33.683480,2025-08-03 23:03:00.969397,0 days 00:10:27.285917,1.4142055716845316,16,28,COMPLETE
1889,8797.645149106946,2025-08-03 22:52:33.685860,2025-08-03 22:58:32.164368,0 days 00:05:58.478508,1.409343623562523,18,26,COMPLETE
1890,12728.72650937399,2025-08-03 22:52:33.688501,2025-08-03 22:55:46.778524,0 days 00:03:13.090023,1.4126087150068318,16,26,COMPLETE
1891,7485.5344098249325,2025-08-03 22:52:33.690677,2025-08-03 23:03:18.945327,0 days 00:10:45.254650,1.3938201969000714,17,44,COMPLETE
1892,8510.01823810697,2025-08-03 22:52:33.696330,2025-08-03 23:01:33.172241,0 days 00:08:59.475911,1.3868805589445468,18,29,COMPLETE
1893,6189.425980150861,2025-08-03 22:52:33.698482,2025-08-03 23:02:57.226864,0 days 00:10:23.528382,1.4099767821413205,18,43,COMPLETE
1894,9047.14766698595,2025-08-03 22:52:33.700208,2025-08-03 23:01:33.173485,0 days 00:08:59.473277,1.3680452903833191,17,44,COMPLETE
1895,7462.111556914276,2025-08-03 22:52:33.704457,2025-08-03 23:01:36.915309,0 days 00:09:03.210852,1.4067328210107441,18,44,COMPLETE
1896,8017.732653957646,2025-08-03 22:52:33.706021,2025-08-03 23:01:35.632386,0 days 00:09:01.926365,1.3748574971226675,18,22,COMPLETE
1897,8602.954265505157,2025-08-03 22:52:33.708413,2025-08-03 22:58:35.331348,0 days 00:06:01.622935,1.369938419710372,18,26,COMPLETE
1898,9392.412764796747,2025-08-03 22:52:33.709829,2025-08-03 23:02:58.363007,0 days 00:10:24.653178,1.3829070939561692,16,44,COMPLETE
1899,6939.479063809482,2025-08-03 22:52:33.720336,2025-08-03 23:01:32.899671,0 days 00:08:59.179335,1.4096424419148554,18,44,COMPLETE
1900,9322.736738577032,2025-08-03 22:52:33.724746,2025-08-03 22:58:34.859151,0 days 00:06:01.134405,1.4267005606098349,18,22,COMPLETE
1901,6904.236067480623,2025-08-03 22:52:33.731722,2025-08-03 23:01:33.389844,0 days 00:08:59.658122,1.4159172819244759,18,30,COMPLETE
1902,9916.48645069727,2025-08-03 22:52:33.738378,2025-08-03 22:58:36.731330,0 days 00:06:02.992952,1.384727710735412,18,21,COMPLETE
1903,8728.486550251293,2025-08-03 22:52:33.740172,2025-08-03 22:55:48.377941,0 days 00:03:14.637769,1.1412116940836956,18,29,COMPLETE
1904,6189.425980150861,2025-08-03 22:52:33.747367,2025-08-03 23:03:19.312282,0 days 00:10:45.564915,1.407829706746715,18,43,COMPLETE
1905,7747.357589254147,2025-08-03 22:52:33.755613,2025-08-03 23:02:59.868981,0 days 00:10:26.113368,1.4157185365341127,18,44,COMPLETE
1906,7485.5344098249325,2025-08-03 22:52:33.758473,2025-08-03 22:58:36.977516,0 days 00:06:03.219043,1.3914688415577325,17,44,COMPLETE
1907,6617.517663318517,2025-08-03 22:52:33.764704,2025-08-03 23:03:05.567899,0 days 00:10:31.803195,1.1415849672485012,10,23,COMPLETE
1908,6842.515480136385,2025-08-03 22:52:33.767712,2025-08-03 23:03:02.302700,0 days 00:10:28.534988,1.4039281123862568,18,44,COMPLETE
1909,6235.327414614824,2025-08-03 22:52:33.771264,2025-08-03 23:01:37.890101,0 days 00:09:04.118837,1.4054747403932033,18,30,COMPLETE
1910,7515.521098573528,2025-08-03 22:52:33.773768,2025-08-03 22:58:39.401993,0 days 00:06:05.628225,1.4140523444208295,18,22,COMPLETE
1911,8062.656803152144,2025-08-03 22:52:33.777128,2025-08-03 22:58:40.162822,0 days 00:06:06.385694,1.4296262264828807,18,44,COMPLETE
1912,9835.990849126987,2025-08-03 22:52:33.779984,2025-08-03 23:01:38.222133,0 days 00:09:04.442149,1.4197320109849807,18,26,COMPLETE
1913,17845.199905834135,2025-08-03 22:52:33.781951,2025-08-03 23:03:00.245383,0 days 00:10:26.463432,1.3879918658245325,10,43,COMPLETE
1914,14821.940836474489,2025-08-03 22:52:33.785710,2025-08-03 23:01:37.665029,0 days 00:09:03.879319,1.4222333768544857,17,26,COMPLETE
1915,9607.441212070184,2025-08-03 22:52:33.786648,2025-08-03 23:01:40.818398,0 days 00:09:07.031750,1.410630640081881,18,29,COMPLETE
1916,16360.632043557174,2025-08-03 22:52:33.787975,2025-08-03 22:58:41.147067,0 days 00:06:07.359092,1.4051118039176127,10,44,COMPLETE
1917,7822.229148425383,2025-08-03 22:52:33.816554,2025-08-03 22:55:52.947258,0 days 00:03:19.130704,1.1973631987080815,17,27,COMPLETE
1918,8005.238216368006,2025-08-03 22:52:33.824122,2025-08-03 22:58:41.117727,0 days 00:06:07.293605,1.3927967661401701,18,44,COMPLETE
1919,18948.962219144112,2025-08-03 22:52:33.832899,2025-08-03 23:01:37.497878,0 days 00:09:03.664979,1.422043262056357,10,22,COMPLETE
1920,10214.304773346026,2025-08-03 22:52:33.834873,2025-08-03 22:58:40.557792,0 days 00:06:06.722919,1.416638704213827,18,28,COMPLETE
1921,8923.271506679408,2025-08-03 22:52:33.838431,2025-08-03 22:58:43.387251,0 days 00:06:09.548820,1.4060802502094536,17,31,COMPLETE
1922,15129.56366416573,2025-08-03 22:52:33.848913,2025-08-03 23:01:37.293333,0 days 00:09:03.444420,1.4136891036302266,10,43,COMPLETE
1923,8623.863987491924,2025-08-03 22:52:33.853010,2025-08-03 23:03:17.988112,0 days 00:10:44.135102,1.4011760000342621,18,27,COMPLETE
1924,6228.676876610999,2025-08-03 22:52:33.860260,2025-08-03 23:03:05.574227,0 days 00:10:31.713967,1.4003549320470325,18,23,COMPLETE
1925,7976.613813913829,2025-08-03 22:52:33.862343,2025-08-03 22:58:41.832757,0 days 00:06:07.970414,1.4119333410620647,18,22,COMPLETE
1926,7738.45645512548,2025-08-03 22:52:33.866040,2025-08-03 23:01:40.355894,0 days 00:09:06.489854,1.3775466649919337,18,22,COMPLETE
1927,8966.242611780925,2025-08-03 22:52:33.870541,2025-08-03 23:01:42.117190,0 days 00:09:08.246649,1.4169933321530073,18,22,COMPLETE
1928,6842.515480136385,2025-08-03 22:52:33.874458,2025-08-03 23:03:08.582016,0 days 00:10:34.707558,1.404641451628152,18,44,COMPLETE
1929,11600.392636544475,2025-08-03 22:52:33.880390,2025-08-03 23:01:41.855838,0 days 00:09:07.975448,1.4187637764109156,17,44,COMPLETE
1930,8945.26538428555,2025-08-03 22:52:33.884617,2025-08-03 23:01:40.620619,0 days 00:09:06.736002,1.4072037407510316,18,26,COMPLETE
1931,6505.231897169886,2025-08-03 22:52:33.887312,2025-08-03 22:58:44.728174,0 days 00:06:10.840862,1.3468407215198488,18,43,COMPLETE
1932,8501.391211548838,2025-08-03 22:52:33.890861,2025-08-03 23:01:44.476135,0 days 00:09:10.585274,1.3515529589020594,18,26,COMPLETE
1933,4201.674409356284,2025-08-03 22:52:33.892860,2025-08-03 23:01:39.916099,0 days 00:09:06.023239,1.1561752509761756,18,43,COMPLETE
1934,9376.356955073721,2025-08-03 22:52:33.895943,2025-08-03 22:55:52.606311,0 days 00:03:18.710368,1.3920373132984039,18,26,COMPLETE
1935,8715.052840265642,2025-08-03 22:52:33.897367,2025-08-03 23:01:38.663145,0 days 00:09:04.765778,1.3828406631511467,18,22,COMPLETE
1936,6214.257876984986,2025-08-03 22:52:33.911101,2025-08-03 22:58:45.237576,0 days 00:06:11.326475,1.1699260761014711,18,26,COMPLETE
1937,7114.371873768921,2025-08-03 22:52:33.913251,2025-08-03 22:58:49.155392,0 days 00:06:15.242141,1.2228790518296844,18,22,COMPLETE
1938,5778.097768831939,2025-08-03 22:52:33.924645,2025-08-03 23:01:49.236413,0 days 00:09:15.311768,1.1487472247644228,18,44,COMPLETE
1939,6477.697947039179,2025-08-03 22:52:33.929414,2025-08-03 23:03:01.339332,0 days 00:10:27.409918,1.1605033456922507,18,22,COMPLETE
1940,4629.368735348917,2025-08-03 22:52:33.938981,2025-08-03 23:01:40.800145,0 days 00:09:06.861164,1.1552192097343692,18,44,COMPLETE
1941,6537.6505839188285,2025-08-03 22:52:33.951879,2025-08-03 23:01:47.371906,0 days 00:09:13.420027,1.357268902815659,18,22,COMPLETE
1942,6147.708175283624,2025-08-03 22:52:33.960080,2025-08-03 22:58:48.159300,0 days 00:06:14.199220,1.1914706819898022,18,30,COMPLETE
1943,10834.321949727408,2025-08-03 22:52:33.967421,2025-08-03 23:01:43.234066,0 days 00:09:09.266645,1.4236022255334924,17,44,COMPLETE
1944,7687.885990735932,2025-08-03 22:52:33.974306,2025-08-03 23:01:43.666713,0 days 00:09:09.692407,1.4091003688085055,18,25,COMPLETE
1945,9419.830827699154,2025-08-03 22:52:33.986699,2025-08-03 23:01:40.629262,0 days 00:09:06.642563,1.3864433992270868,18,26,COMPLETE
1946,6914.573099798884,2025-08-03 22:52:34.036177,2025-08-03 23:03:04.482000,0 days 00:10:30.445823,1.4236025981989522,18,43,COMPLETE
1947,8778.48183071875,2025-08-03 22:52:34.054463,2025-08-03 23:01:45.532189,0 days 00:09:11.477726,1.3919391145917512,17,26,COMPLETE
1948,5782.013161674131,2025-08-03 22:52:34.123842,2025-08-03 23:03:04.489256,0 days 00:10:30.365414,1.1706514677091029,17,21,COMPLETE
1949,5708.4226716876265,2025-08-03 22:52:34.168271,2025-08-03 23:01:47.128173,0 days 00:09:12.959902,1.1519362761525254,18,21,COMPLETE
1950,9082.296315210739,2025-08-03 22:52:34.251468,2025-08-03 22:58:50.605041,0 days 00:06:16.353573,1.4117022416022305,18,21,COMPLETE
1951,10409.623968002115,2025-08-03 22:52:34.338596,2025-08-03 23:01:46.698899,0 days 00:09:12.360303,1.4067494337290352,17,27,COMPLETE
1952,4971.246346051349,2025-08-03 22:52:34.427010,2025-08-03 23:01:44.290432,0 days 00:09:09.863422,1.1701283305519552,18,27,COMPLETE
1953,22181.970717638917,2025-08-03 22:52:34.437541,2025-08-03 23:01:48.427353,0 days 00:09:13.989812,1.3827919527027435,10,22,COMPLETE
1954,8127.814062571715,2025-08-03 22:52:34.465851,2025-08-03 23:01:47.059947,0 days 00:09:12.594096,1.4046110453823664,17,43,COMPLETE
1955,9743.551520713643,2025-08-03 22:52:34.473247,2025-08-03 23:01:45.697258,0 days 00:09:11.224011,1.4097211240524519,17,22,COMPLETE
1956,16474.30467236108,2025-08-03 22:52:34.504320,2025-08-03 22:58:49.314877,0 days 00:06:14.810557,1.4080580974849624,11,30,COMPLETE
1957,8518.279787775056,2025-08-03 22:52:34.528823,2025-08-03 23:03:04.527513,0 days 00:10:29.998690,1.4113072486428069,17,44,COMPLETE
1958,13923.409066910228,2025-08-03 22:52:34.575969,2025-08-03 23:03:10.237331,0 days 00:10:35.661362,1.4238075080126142,17,26,COMPLETE
1959,10834.321949727408,2025-08-03 22:52:34.577794,2025-08-03 23:03:05.681089,0 days 00:10:31.103295,1.4255522455127467,17,44,COMPLETE
1960,22922.070721093107,2025-08-03 22:52:34.602561,2025-08-03 22:58:52.394855,0 days 00:06:17.792294,1.397051636943884,11,26,COMPLETE
1961,1693.1843926794425,2025-08-03 22:52:34.659674,2025-08-03 23:01:48.762136,0 days 00:09:14.102462,1.1673276034251345,18,58,COMPLETE
1962,7156.865108524155,2025-08-03 22:52:34.683198,2025-08-03 22:58:52.568794,0 days 00:06:17.885596,1.1581602172548466,17,30,COMPLETE
1963,7485.5344098249325,2025-08-03 22:52:34.706079,2025-08-03 23:03:04.109217,0 days 00:10:29.403138,1.3873056121971488,17,44,COMPLETE
