number,value,datetime_start,datetime_complete,duration,params_atr_multiplier,params_atr_period,params_ema_period,state
823,15083.594588993152,2025-08-06 11:09:38.297029,2025-08-06 11:13:36.636028,0 days 00:03:58.338999,1.4761751064130058,9,81,COMPLETE
824,15620.16570381844,2025-08-06 11:09:38.310396,2025-08-06 11:13:40.019533,0 days 00:04:01.709137,1.5707635444477346,10,79,COMPLETE
825,5338.106324908955,2025-08-06 11:09:38.333970,2025-08-06 11:13:36.405502,0 days 00:03:58.071532,3.9017304154771395,10,81,COMPLETE
826,12307.759627667383,2025-08-06 11:09:38.359165,2025-08-06 11:14:54.268844,0 days 00:05:15.909679,1.461964897107131,27,26,COMPLETE
827,13630.560281917185,2025-08-06 11:09:38.381569,2025-08-06 11:14:30.738622,0 days 00:04:52.357053,1.5031076451644845,9,80,COMPLETE
828,15135.215479041064,2025-08-06 11:09:38.389654,2025-08-06 11:12:08.253641,0 days 00:02:29.863987,1.5414242869467936,10,80,COMPLETE
829,13137.645769575094,2025-08-06 11:09:38.396676,2025-08-06 11:14:31.973205,0 days 00:04:53.576529,3.9140536047803787,20,79,COMPLETE
830,6872.406559256189,2025-08-06 11:09:38.402947,2025-08-06 11:13:35.441569,0 days 00:03:57.038622,3.766726749788443,9,78,COMPLETE
831,8547.564183289829,2025-08-06 11:09:38.409890,2025-08-06 11:13:39.820776,0 days 00:04:01.410886,3.8349920052719586,9,26,COMPLETE
832,35129.0648377716,2025-08-06 11:09:38.423541,2025-08-06 11:12:06.474901,0 days 00:02:28.051360,1.440805811395149,10,26,COMPLETE
833,13991.040777933602,2025-08-06 11:09:38.444958,2025-08-06 11:13:42.418842,0 days 00:04:03.973884,1.4933348987820583,11,81,COMPLETE
834,14191.037655672451,2025-08-06 11:09:38.459541,2025-08-06 11:12:08.298952,0 days 00:02:29.839411,1.5006270166159172,10,80,COMPLETE
835,3551.891039924158,2025-08-06 11:09:38.461857,2025-08-06 11:12:08.031340,0 days 00:02:29.569483,1.5025311425962493,33,80,COMPLETE
836,14549.944138795414,2025-08-06 11:09:38.485133,2025-08-06 11:12:06.011883,0 days 00:02:27.526750,1.5148660714803641,10,80,COMPLETE
837,9489.206292587296,2025-08-06 11:09:38.515628,2025-08-06 11:13:42.696098,0 days 00:04:04.180470,3.8966964575677325,9,94,COMPLETE
838,23171.594897227358,2025-08-06 11:09:38.544930,2025-08-06 11:13:37.103727,0 days 00:03:58.558797,3.8123125148054577,20,54,COMPLETE
839,21085.204789129522,2025-08-06 11:09:38.547956,2025-08-06 11:14:34.544881,0 days 00:04:55.996925,1.518903880974827,21,26,COMPLETE
840,3921.447439663606,2025-08-06 11:09:38.587525,2025-08-06 11:13:41.292699,0 days 00:04:02.705174,1.506990117668357,33,79,COMPLETE
841,6330.171799466532,2025-08-06 11:09:38.616585,2025-08-06 11:10:51.231239,0 days 00:01:12.614654,3.866166592090256,10,77,COMPLETE
842,13795.915234408008,2025-08-06 11:09:38.627397,2025-08-06 11:14:31.625029,0 days 00:04:52.997632,1.4913864863888098,9,77,COMPLETE
843,6430.318038383098,2025-08-06 11:09:38.628321,2025-08-06 11:12:10.258132,0 days 00:02:31.629811,3.9298098124118894,10,81,COMPLETE
844,10991.645123964132,2025-08-06 11:09:38.648099,2025-08-06 11:12:08.642961,0 days 00:02:29.994862,1.4996574565706,20,79,COMPLETE
845,6430.318038383098,2025-08-06 11:09:38.664367,2025-08-06 11:14:35.708910,0 days 00:04:57.044543,3.927967709910566,10,80,COMPLETE
846,3485.2115006132008,2025-08-06 11:09:38.682645,2025-08-06 11:14:30.233588,0 days 00:04:51.550943,1.4801975126125038,33,78,COMPLETE
847,740.9873175124753,2025-08-06 11:09:38.684792,2025-08-06 11:13:42.190820,0 days 00:04:03.506028,3.910477080440108,33,80,COMPLETE
848,3048.710724031462,2025-08-06 11:09:38.688267,2025-08-06 11:12:10.040325,0 days 00:02:31.352058,1.483214957120921,33,76,COMPLETE
849,6430.318038383098,2025-08-06 11:09:38.692447,2025-08-06 11:13:45.817747,0 days 00:04:07.125300,3.936248871772212,10,79,COMPLETE
850,3905.8998566161627,2025-08-06 11:09:38.694395,2025-08-06 11:14:33.389837,0 days 00:04:54.695442,1.521346217906558,33,79,COMPLETE
851,29339.726811576806,2025-08-06 11:09:38.698973,2025-08-06 11:12:10.597017,0 days 00:02:31.898044,1.4588052259310134,10,36,COMPLETE
852,4922.57088061513,2025-08-06 11:09:38.701178,2025-08-06 11:13:45.577300,0 days 00:04:06.876122,3.7141205333352154,20,93,COMPLETE
853,5343.860329515545,2025-08-06 11:09:38.702275,2025-08-06 11:13:43.954822,0 days 00:04:05.252547,3.909457225959083,10,76,COMPLETE
854,14191.037655672451,2025-08-06 11:09:38.706104,2025-08-06 11:14:32.065709,0 days 00:04:53.359605,1.5076184008550957,10,79,COMPLETE
855,20379.365346609793,2025-08-06 11:09:38.711665,2025-08-06 11:12:09.705041,0 days 00:02:30.993376,1.4981177168486786,20,26,COMPLETE
856,5343.860329515545,2025-08-06 11:09:38.714269,2025-08-06 11:14:31.440145,0 days 00:04:52.725876,3.9084109403433205,10,80,COMPLETE
857,5343.860329515545,2025-08-06 11:09:38.717158,2025-08-06 11:14:34.913176,0 days 00:04:56.196018,3.908226065301188,10,78,COMPLETE
858,7864.322266874079,2025-08-06 11:09:38.723424,2025-08-06 11:12:13.441292,0 days 00:02:34.717868,1.4557667928337543,33,94,COMPLETE
859,5338.106324908955,2025-08-06 11:09:38.725700,2025-08-06 11:13:46.285218,0 days 00:04:07.559518,3.9018967966241247,10,81,COMPLETE
860,7104.723624209815,2025-08-06 11:09:38.730297,2025-08-06 11:13:45.165498,0 days 00:04:06.435201,3.755331220480394,10,78,COMPLETE
861,14716.201880213313,2025-08-06 11:09:38.731779,2025-08-06 11:14:35.423818,0 days 00:04:56.692039,3.8806288144903665,33,25,COMPLETE
862,27825.88932363795,2025-08-06 11:09:38.734822,2025-08-06 11:14:53.642384,0 days 00:05:14.907562,3.866408273527969,20,26,COMPLETE
863,16965.63802494303,2025-08-06 11:09:38.737135,2025-08-06 11:14:33.833828,0 days 00:04:55.096693,1.5522853382221538,10,77,COMPLETE
864,5338.106324908955,2025-08-06 11:09:38.741117,2025-08-06 11:12:18.190463,0 days 00:02:39.449346,3.8978313652587007,10,80,COMPLETE
865,3921.447439663606,2025-08-06 11:09:38.742098,2025-08-06 11:12:12.326725,0 days 00:02:33.584627,1.5142885259444991,33,79,COMPLETE
866,10188.832574500128,2025-08-06 11:09:38.749563,2025-08-06 11:12:16.408813,0 days 00:02:37.659250,3.87762187947256,10,36,COMPLETE
867,13962.062393952976,2025-08-06 11:09:38.753417,2025-08-06 11:14:32.083569,0 days 00:04:53.330152,1.4480495842101613,9,79,COMPLETE
868,15137.605625590824,2025-08-06 11:09:38.754921,2025-08-06 11:13:45.346951,0 days 00:04:06.592030,1.4565648348285765,10,80,COMPLETE
869,15135.215479041064,2025-08-06 11:09:38.759890,2025-08-06 11:12:18.744264,0 days 00:02:39.984374,1.5431683193107284,10,80,COMPLETE
870,34331.05778778949,2025-08-06 11:09:38.762543,2025-08-06 11:10:55.910326,0 days 00:01:17.147783,1.4649847093711426,10,26,COMPLETE
871,15475.741596651585,2025-08-06 11:09:38.764504,2025-08-06 11:12:18.401883,0 days 00:02:39.637379,1.4935332535081336,10,78,COMPLETE
872,9208.090754263052,2025-08-06 11:09:38.765343,2025-08-06 11:12:14.831709,0 days 00:02:36.066366,3.813261719900689,9,26,COMPLETE
873,6430.318038383098,2025-08-06 11:09:38.766398,2025-08-06 11:10:57.663770,0 days 00:01:18.897372,3.928504084591784,10,79,COMPLETE
874,20251.318344586267,2025-08-06 11:09:38.767128,2025-08-06 11:10:58.925496,0 days 00:01:20.158368,1.4895672141396537,20,25,COMPLETE
875,14191.037655672451,2025-08-06 11:09:38.768469,2025-08-06 11:14:38.333511,0 days 00:04:59.565042,1.5057040888966038,10,81,COMPLETE
876,14462.529346117874,2025-08-06 11:09:38.770865,2025-08-06 11:14:53.105910,0 days 00:05:14.335045,1.5395819674604547,10,81,COMPLETE
877,5809.3183874785145,2025-08-06 11:09:38.772704,2025-08-06 11:12:19.052722,0 days 00:02:40.280018,3.8923625472121617,9,78,COMPLETE
878,3905.8998566161627,2025-08-06 11:09:38.774561,2025-08-06 11:12:22.569455,0 days 00:02:43.794894,1.5182429377073936,33,79,COMPLETE
879,14778.056089600448,2025-08-06 11:09:38.776224,2025-08-06 11:13:47.805435,0 days 00:04:09.029211,1.5296088910703673,10,80,COMPLETE
880,5453.536197129897,2025-08-06 11:09:38.777829,2025-08-06 11:14:35.336967,0 days 00:04:56.559138,1.5552952382590202,33,76,COMPLETE
881,737.5676129071758,2025-08-06 11:09:38.779336,2025-08-06 11:13:48.886069,0 days 00:04:10.106733,3.8953693342079805,33,76,COMPLETE
882,16207.501281821798,2025-08-06 11:09:38.780979,2025-08-06 11:13:45.312852,0 days 00:04:06.531873,1.4486891492396414,33,26,COMPLETE
883,14010.638885072089,2025-08-06 11:09:38.782296,2025-08-06 11:14:52.450705,0 days 00:05:13.668409,1.5340815175222433,10,81,COMPLETE
884,8710.719510023817,2025-08-06 11:09:38.788063,2025-08-06 11:12:20.188684,0 days 00:02:41.400621,3.901247327231164,9,26,COMPLETE
885,15475.741596651585,2025-08-06 11:09:38.788932,2025-08-06 11:13:47.676031,0 days 00:04:08.887099,1.494246142275152,10,79,COMPLETE
886,3905.8998566161627,2025-08-06 11:09:38.789772,2025-08-06 11:12:21.989405,0 days 00:02:43.199633,1.5169190307182303,33,77,COMPLETE
887,13991.040777933602,2025-08-06 11:09:38.792388,2025-08-06 11:14:36.776433,0 days 00:04:57.984045,1.4640589152168502,10,77,COMPLETE
888,5343.860329515545,2025-08-06 11:09:38.793837,2025-08-06 11:14:53.475024,0 days 00:05:14.681187,3.9053466792268976,10,76,COMPLETE
889,15475.741596651585,2025-08-06 11:09:38.794656,2025-08-06 11:12:20.748950,0 days 00:02:41.954294,1.4942618045010776,10,80,COMPLETE
890,13630.560281917185,2025-08-06 11:09:38.795965,2025-08-06 11:14:43.206476,0 days 00:05:04.410511,1.5040713931395862,9,80,COMPLETE
891,11566.574089877424,2025-08-06 11:09:38.799742,2025-08-06 11:12:22.831820,0 days 00:02:44.032078,3.8896121777295196,20,80,COMPLETE
892,15475.741596651585,2025-08-06 11:09:38.804075,2025-08-06 11:13:46.646545,0 days 00:04:07.842470,1.4874740445362173,10,79,COMPLETE
893,3485.2115006132008,2025-08-06 11:09:38.806130,2025-08-06 11:12:23.222081,0 days 00:02:44.415951,1.48283386408813,33,81,COMPLETE
894,6419.716361072046,2025-08-06 11:09:38.807577,2025-08-06 11:14:40.650892,0 days 00:05:01.843315,3.8777227097190496,10,77,COMPLETE
895,12214.614580799513,2025-08-06 11:09:38.814976,2025-08-06 11:13:47.828771,0 days 00:04:09.013795,3.876523694482377,20,80,COMPLETE
896,15137.605625590824,2025-08-06 11:09:38.818177,2025-08-06 11:12:24.760356,0 days 00:02:45.942179,1.4589432159121074,10,79,COMPLETE
897,14191.037655672451,2025-08-06 11:09:38.827801,2025-08-06 11:14:54.109108,0 days 00:05:15.281307,1.497670881317666,10,79,COMPLETE
898,13991.040777933602,2025-08-06 11:09:38.835172,2025-08-06 11:13:48.837055,0 days 00:04:10.001883,1.4803142944938825,10,80,COMPLETE
899,13962.062393952976,2025-08-06 11:09:38.837281,2025-08-06 11:13:46.802865,0 days 00:04:07.965584,1.444239670850352,9,78,COMPLETE
900,14191.037655672451,2025-08-06 11:09:38.838122,2025-08-06 11:12:23.162067,0 days 00:02:44.323945,1.4960243955525596,10,77,COMPLETE
901,14549.944138795414,2025-08-06 11:09:38.842901,2025-08-06 11:14:41.395960,0 days 00:05:02.553059,1.514364073937499,10,80,COMPLETE
902,14282.519673191806,2025-08-06 11:09:38.847335,2025-08-06 11:11:02.372484,0 days 00:01:23.525149,1.4171948698071575,10,78,COMPLETE
903,7193.174518677083,2025-08-06 11:09:38.849410,2025-08-06 11:14:40.792079,0 days 00:05:01.942669,1.4412921075234209,26,77,COMPLETE
904,3864.817256379969,2025-08-06 11:09:38.853240,2025-08-06 11:13:51.716109,0 days 00:04:12.862869,1.4714245204889476,33,79,COMPLETE
905,4685.582426604784,2025-08-06 11:09:38.858775,2025-08-06 11:12:24.873573,0 days 00:02:46.014798,1.5389111816364531,33,80,COMPLETE
906,8339.390397250392,2025-08-06 11:09:38.860088,2025-08-06 11:14:40.520722,0 days 00:05:01.660634,1.4997356490808809,33,26,COMPLETE
907,13353.274123755566,2025-08-06 11:09:38.864410,2025-08-06 11:12:28.685324,0 days 00:02:49.820914,1.4329307405971334,10,78,COMPLETE
908,8231.278148840807,2025-08-06 11:09:38.866377,2025-08-06 11:13:50.308376,0 days 00:04:11.441999,3.9305623777772403,10,26,COMPLETE
909,24004.714507576027,2025-08-06 11:09:38.871319,2025-08-06 11:14:54.395866,0 days 00:05:15.524547,1.4690847787770005,9,55,COMPLETE
910,5338.106324908955,2025-08-06 11:09:38.873537,2025-08-06 11:13:49.290182,0 days 00:04:10.416645,3.8959797657462523,10,79,COMPLETE
911,14778.056089600448,2025-08-06 11:09:38.875736,2025-08-06 11:11:04.267189,0 days 00:01:25.391453,1.5261697355432076,10,81,COMPLETE
912,13401.279135155404,2025-08-06 11:09:38.876935,2025-08-06 11:13:49.558349,0 days 00:04:10.681414,1.5096910355070678,20,78,COMPLETE
913,13054.012213017,2025-08-06 11:09:38.879873,2025-08-06 11:12:28.152862,0 days 00:02:49.272989,1.4427984504464795,33,25,COMPLETE
914,5338.106324908955,2025-08-06 11:09:38.881294,2025-08-06 11:14:44.690681,0 days 00:05:05.809387,3.8911996907698385,10,79,COMPLETE
915,5997.603935538412,2025-08-06 11:09:38.883370,2025-08-06 11:14:42.841516,0 days 00:05:03.958146,1.55731350182067,33,78,COMPLETE
916,13249.337140847769,2025-08-06 11:09:38.886079,2025-08-06 11:13:53.360495,0 days 00:04:14.474416,1.4469581358831238,10,79,COMPLETE
917,10658.153808966577,2025-08-06 11:09:38.887101,2025-08-06 11:13:51.908252,0 days 00:04:13.021151,1.490975019468756,20,77,COMPLETE
918,5338.106324908955,2025-08-06 11:09:38.888464,2025-08-06 11:11:04.866344,0 days 00:01:25.977880,3.891350234088408,10,80,COMPLETE
919,9135.679637564657,2025-08-06 11:09:38.890487,2025-08-06 11:11:04.984323,0 days 00:01:26.093836,3.921461592341108,10,27,COMPLETE
920,14054.047129481542,2025-08-06 11:09:38.891891,2025-08-06 11:13:53.966381,0 days 00:04:15.074490,1.5100132836805433,26,26,COMPLETE
921,13991.040777933602,2025-08-06 11:09:38.893160,2025-08-06 11:12:28.057823,0 days 00:02:49.164663,1.4681557414697073,10,80,COMPLETE
922,7104.723624209815,2025-08-06 11:09:38.895330,2025-08-06 11:14:43.693623,0 days 00:05:04.798293,3.7781409807917035,10,79,COMPLETE
923,9709.21481048083,2025-08-06 11:09:38.897361,2025-08-06 11:13:52.657493,0 days 00:04:13.760132,3.8856778815724504,10,36,COMPLETE
924,13962.062393952976,2025-08-06 11:09:38.898980,2025-08-06 11:14:44.358009,0 days 00:05:05.459029,1.4473725481829272,9,81,COMPLETE
925,9126.985703121933,2025-08-06 11:09:38.900185,2025-08-06 11:12:31.499966,0 days 00:02:52.599781,3.882375822601178,10,27,COMPLETE
926,14807.63192842946,2025-08-06 11:09:38.904385,2025-08-06 11:13:55.787605,0 days 00:04:16.883220,1.5373656843127763,10,79,COMPLETE
927,13991.040777933602,2025-08-06 11:09:38.908118,2025-08-06 11:12:29.772745,0 days 00:02:50.864627,1.483304639964365,10,80,COMPLETE
928,27998.172383320954,2025-08-06 11:09:38.910485,2025-08-06 11:13:53.282076,0 days 00:04:14.371591,1.5121908735754535,10,26,COMPLETE
929,15047.881038890548,2025-08-06 11:09:38.913792,2025-08-06 11:12:30.103945,0 days 00:02:51.190153,1.486648578474619,9,80,COMPLETE
930,27410.683979852278,2025-08-06 11:09:38.915848,2025-08-06 11:14:43.252506,0 days 00:05:04.336658,3.934517677965698,20,26,COMPLETE
931,4477.5117020480075,2025-08-06 11:09:38.921664,2025-08-06 11:14:54.020969,0 days 00:05:15.099305,3.91806519375746,32,77,COMPLETE
932,15475.741596651585,2025-08-06 11:09:38.925993,2025-08-06 11:13:56.872732,0 days 00:04:17.946739,1.4925560967369338,10,77,COMPLETE
933,3864.817256379969,2025-08-06 11:09:38.926973,2025-08-06 11:13:51.209566,0 days 00:04:12.282593,1.4718851797233006,33,77,COMPLETE
934,3843.6149349078464,2025-08-06 11:09:38.927926,2025-08-06 11:14:44.985744,0 days 00:05:06.057818,1.478523322678867,33,78,COMPLETE
935,6430.318038383098,2025-08-06 11:09:38.929537,2025-08-06 11:12:31.459041,0 days 00:02:52.529504,3.930066354175402,10,81,COMPLETE
936,8193.171836256743,2025-08-06 11:09:38.930431,2025-08-06 11:14:47.690044,0 days 00:05:08.759613,1.487279554396881,33,26,COMPLETE
937,20379.365346609793,2025-08-06 11:09:38.932447,2025-08-06 11:13:57.901983,0 days 00:04:18.969536,1.5007685327198779,20,26,COMPLETE
938,14770.705876222291,2025-08-06 11:09:38.933812,2025-08-06 11:12:31.501730,0 days 00:02:52.567918,3.8971063211062282,33,26,COMPLETE
939,9589.706835164558,2025-08-06 11:09:38.934711,2025-08-06 11:14:40.221269,0 days 00:05:01.286558,3.888776331169571,10,26,COMPLETE
940,15491.418933307961,2025-08-06 11:09:38.940469,2025-08-06 11:14:40.830513,0 days 00:05:01.890044,3.8325919947999685,33,26,COMPLETE
941,753.0563285753656,2025-08-06 11:09:38.945549,2025-08-06 11:12:34.592103,0 days 00:02:55.646554,3.9027241250496205,33,93,COMPLETE
942,13353.274123755566,2025-08-06 11:09:38.946318,2025-08-06 11:12:33.068260,0 days 00:02:54.121942,1.4432700344274,10,80,COMPLETE
943,15475.741596651585,2025-08-06 11:09:38.949795,2025-08-06 11:12:32.993736,0 days 00:02:54.043941,1.4862901625056906,10,77,COMPLETE
944,4685.582426604784,2025-08-06 11:09:38.950537,2025-08-06 11:14:54.222301,0 days 00:05:15.271764,1.5317829384466883,33,80,COMPLETE
945,13630.560281917185,2025-08-06 11:09:38.952757,2025-08-06 11:14:00.303829,0 days 00:04:21.351072,1.504487390216012,9,77,COMPLETE
946,14191.037655672451,2025-08-06 11:09:38.957564,2025-08-06 11:12:35.728059,0 days 00:02:56.770495,1.5010447096704875,10,78,COMPLETE
947,18308.78292659996,2025-08-06 11:09:38.960256,2025-08-06 11:12:33.809443,0 days 00:02:54.849187,1.5392054766029568,20,81,COMPLETE
948,33202.71482318908,2025-08-06 11:09:38.964976,2025-08-06 11:14:40.848334,0 days 00:05:01.883358,1.4624775482258665,10,35,COMPLETE
949,1226.4622248991157,2025-08-06 11:09:38.968419,2025-08-06 11:14:45.011210,0 days 00:05:06.042791,3.8323161030931012,33,77,COMPLETE
950,15475.741596651585,2025-08-06 11:09:38.975076,2025-08-06 11:12:32.660526,0 days 00:02:53.685450,1.494303312452652,10,79,COMPLETE
951,27789.657124741472,2025-08-06 11:09:38.977316,2025-08-06 11:14:53.260323,0 days 00:05:14.283007,1.5372634962480434,10,26,COMPLETE
952,31706.2527718723,2025-08-06 11:09:38.979583,2025-08-06 11:13:57.765999,0 days 00:04:18.786416,1.4872556054218184,10,26,COMPLETE
953,3374.3853574700997,2025-08-06 11:09:38.983950,2025-08-06 11:14:53.692993,0 days 00:05:14.709043,1.4953975826083084,33,81,COMPLETE
954,16837.15943130271,2025-08-06 11:09:38.989004,2025-08-06 11:13:59.189116,0 days 00:04:20.200112,1.4693791049214209,33,26,COMPLETE
955,15083.594588993152,2025-08-06 11:09:39.053377,2025-08-06 11:11:10.579909,0 days 00:01:31.526532,1.4743518338787853,9,78,COMPLETE
956,12276.12021258576,2025-08-06 11:09:39.054576,2025-08-06 11:13:58.743617,0 days 00:04:19.689041,1.504100528685386,20,77,COMPLETE
957,15475.741596651585,2025-08-06 11:09:39.063351,2025-08-06 11:13:56.203320,0 days 00:04:17.139969,1.4931523013113321,10,81,COMPLETE
958,13991.040777933602,2025-08-06 11:09:39.065055,2025-08-06 11:14:40.989953,0 days 00:05:01.924898,1.4741859468082827,10,78,COMPLETE
959,32325.089689598655,2025-08-06 11:09:39.070441,2025-08-06 11:14:46.096001,0 days 00:05:07.025560,1.5619725237105422,10,26,COMPLETE
960,11676.615492184004,2025-08-06 11:09:39.073597,2025-08-06 11:14:46.262137,0 days 00:05:07.188540,1.5459754286388916,34,26,COMPLETE
961,5340.666487645115,2025-08-06 11:09:39.076027,2025-08-06 11:11:11.104271,0 days 00:01:32.028244,1.5449006042578428,33,77,COMPLETE
962,32110.53536696668,2025-08-06 11:09:39.076958,2025-08-06 11:11:10.824312,0 days 00:01:31.747354,1.4844449614809188,10,26,COMPLETE
963,13173.093787885202,2025-08-06 11:09:39.078251,2025-08-06 11:12:37.008261,0 days 00:02:57.930010,1.5188759756669148,9,80,COMPLETE
964,5338.106324908955,2025-08-06 11:09:39.079342,2025-08-06 11:13:58.206104,0 days 00:04:19.126762,3.898871036820751,10,80,COMPLETE
965,15137.605625590824,2025-08-06 11:09:39.081582,2025-08-06 11:12:35.778502,0 days 00:02:56.696920,1.4577038765861077,10,79,COMPLETE
966,12223.684824707114,2025-08-06 11:09:39.082728,2025-08-06 11:14:43.888227,0 days 00:05:04.805499,1.5356398518771703,9,80,COMPLETE
967,14191.037655672451,2025-08-06 11:09:39.086504,2025-08-06 11:13:59.714230,0 days 00:04:20.627726,1.5091556694667139,10,78,COMPLETE
968,14280.458770675008,2025-08-06 11:09:39.087247,2025-08-06 11:14:47.709366,0 days 00:05:08.622119,1.449607980019631,9,77,COMPLETE
969,14362.429775006975,2025-08-06 11:09:39.096673,2025-08-06 11:14:46.538419,0 days 00:05:07.441746,3.7945212743248646,33,26,COMPLETE
970,7844.483947090496,2025-08-06 11:09:39.098276,2025-08-06 11:14:01.607175,0 days 00:04:22.508899,3.8100537642499916,20,78,COMPLETE
971,14549.944138795414,2025-08-06 11:09:39.100270,2025-08-06 11:12:38.536569,0 days 00:02:59.436299,1.5167176922759769,10,80,COMPLETE
972,1037.1550353481757,2025-08-06 11:09:39.101400,2025-08-06 11:14:06.412522,0 days 00:04:27.311122,3.861979684776273,33,80,COMPLETE
973,9126.985703121933,2025-08-06 11:09:39.105536,2025-08-06 11:12:40.096045,0 days 00:03:00.990509,3.8863869515846865,10,27,COMPLETE
974,27825.88932363795,2025-08-06 11:09:39.107414,2025-08-06 11:14:02.366580,0 days 00:04:23.259166,3.8672508292806564,20,26,COMPLETE
975,15475.741596651585,2025-08-06 11:09:39.111255,2025-08-06 11:14:49.470955,0 days 00:05:10.359700,1.4898283571482815,10,80,COMPLETE
976,35993.03201319631,2025-08-06 11:09:39.112824,2025-08-06 11:12:45.831386,0 days 00:03:06.718562,1.4617007305178165,10,27,COMPLETE
977,13991.040777933602,2025-08-06 11:09:39.114636,2025-08-06 11:12:41.138468,0 days 00:03:02.023832,1.4664746656552199,10,79,COMPLETE
978,3485.2115006132008,2025-08-06 11:09:39.115856,2025-08-06 11:14:47.490975,0 days 00:05:08.375119,1.4832620588604188,33,78,COMPLETE
979,5338.106324908955,2025-08-06 11:09:39.117301,2025-08-06 11:14:48.100803,0 days 00:05:08.983502,3.9022238672971956,10,77,COMPLETE
980,1226.4622248991157,2025-08-06 11:09:39.122470,2025-08-06 11:14:07.309728,0 days 00:04:28.187258,3.8405980822736883,33,80,COMPLETE
981,13630.560281917185,2025-08-06 11:09:39.125514,2025-08-06 11:12:42.529125,0 days 00:03:03.403611,1.4998161739842941,9,78,COMPLETE
982,9565.99108935766,2025-08-06 11:09:39.127249,2025-08-06 11:14:07.131530,0 days 00:04:28.004281,1.4712096723308994,20,78,COMPLETE
983,8193.171836256743,2025-08-06 11:09:39.129782,2025-08-06 11:14:09.374820,0 days 00:04:30.245038,1.4920979788527289,33,26,COMPLETE
984,16965.63802494303,2025-08-06 11:09:39.137914,2025-08-06 11:12:41.901170,0 days 00:03:02.763256,1.5519601777433467,10,77,COMPLETE
985,8764.816347250115,2025-08-06 11:09:39.140388,2025-08-06 11:12:47.794603,0 days 00:03:08.654215,3.812100465953049,9,27,COMPLETE
986,11624.918601908645,2025-08-06 11:09:39.143621,2025-08-06 11:14:07.325780,0 days 00:04:28.182159,3.93797015048122,20,79,COMPLETE
