number,value,datetime_start,datetime_complete,duration,params_atr_multiplier,params_atr_period,params_ema_period,state
659,8710.719510023817,2025-08-06 11:09:37.407476,2025-08-06 11:13:12.426747,0 days 00:03:35.019271,3.8806698349634203,9,26,COMPLETE
660,16721.06537355776,2025-08-06 11:09:37.432022,2025-08-06 11:11:40.981293,0 days 00:02:03.549271,1.4657725557985726,9,78,COMPLETE
661,6353.966126093337,2025-08-06 11:09:37.439153,2025-08-06 11:11:37.829539,0 days 00:02:00.390386,3.9170542616032864,33,43,COMPLETE
662,14720.140884365741,2025-08-06 11:09:37.451209,2025-08-06 11:14:14.408148,0 days 00:04:36.956939,1.4903099755901765,10,76,COMPLETE
663,6007.721644139952,2025-08-06 11:09:37.463642,2025-08-06 11:14:18.752917,0 days 00:04:41.289275,3.945025668591576,9,78,COMPLETE
664,13630.560281917185,2025-08-06 11:09:37.466821,2025-08-06 11:13:18.480296,0 days 00:03:41.013475,1.4950225225662404,9,77,COMPLETE
665,13991.040777933602,2025-08-06 11:09:37.469942,2025-08-06 11:14:18.890331,0 days 00:04:41.420389,1.4672327697004617,10,79,COMPLETE
666,6512.6379460451735,2025-08-06 11:09:37.472334,2025-08-06 11:14:15.277296,0 days 00:04:37.804962,3.8144406010905945,9,80,COMPLETE
667,5912.213253856733,2025-08-06 11:09:37.477225,2025-08-06 11:10:37.666095,0 days 00:01:00.188870,3.859423392200034,20,81,COMPLETE
668,13249.337140847769,2025-08-06 11:09:37.479946,2025-08-06 11:14:17.109191,0 days 00:04:39.629245,1.4474810014077133,10,80,COMPLETE
669,9551.195032842885,2025-08-06 11:09:37.481474,2025-08-06 11:11:41.383558,0 days 00:02:03.902084,3.884002617442853,10,25,COMPLETE
670,3374.3853574700997,2025-08-06 11:09:37.483796,2025-08-06 11:11:42.446043,0 days 00:02:04.962247,1.4933557157381367,33,77,COMPLETE
671,8193.171836256743,2025-08-06 11:09:37.485527,2025-08-06 11:14:52.993556,0 days 00:05:15.508029,1.4890334310040532,33,26,COMPLETE
672,13991.040777933602,2025-08-06 11:09:37.487634,2025-08-06 11:10:36.982641,0 days 00:00:59.495007,1.4656914433749848,10,80,COMPLETE
673,11067.561986828867,2025-08-06 11:09:37.489596,2025-08-06 11:14:16.473354,0 days 00:04:38.983758,1.5150910857482693,10,93,COMPLETE
674,4342.525537775317,2025-08-06 11:09:37.491337,2025-08-06 11:13:17.763690,0 days 00:03:40.272353,3.861368338435464,27,79,COMPLETE
675,4292.1173596288345,2025-08-06 11:09:37.492262,2025-08-06 11:11:42.428484,0 days 00:02:04.936222,3.9438889052681914,33,80,COMPLETE
676,26454.712187348832,2025-08-06 11:09:37.493746,2025-08-06 11:13:16.507363,0 days 00:03:39.013617,1.5355974351061203,9,26,COMPLETE
677,14110.63883451489,2025-08-06 11:09:37.494319,2025-08-06 11:10:36.890951,0 days 00:00:59.396632,1.5361402285399106,10,79,COMPLETE
678,14778.056089600448,2025-08-06 11:09:37.497526,2025-08-06 11:14:18.485194,0 days 00:04:40.987668,1.5251256790143382,10,77,COMPLETE
679,9966.7602345301,2025-08-06 11:09:37.498865,2025-08-06 11:14:25.271501,0 days 00:04:47.772636,3.8693091856036452,10,26,COMPLETE
680,15475.741596651585,2025-08-06 11:09:37.500474,2025-08-06 11:14:19.718711,0 days 00:04:42.218237,1.4923772689579158,10,80,COMPLETE
681,17878.61981743082,2025-08-06 11:09:37.501430,2025-08-06 11:14:52.403929,0 days 00:05:14.902499,1.5532383108041425,11,77,COMPLETE
682,6828.912974464846,2025-08-06 11:09:37.506800,2025-08-06 11:11:41.988581,0 days 00:02:04.481781,1.4679069949372945,27,80,COMPLETE
683,5343.860329515545,2025-08-06 11:09:37.508794,2025-08-06 11:10:37.787383,0 days 00:01:00.278589,3.9071426837894734,10,80,COMPLETE
684,31424.098388183596,2025-08-06 11:09:37.511403,2025-08-06 11:11:43.896382,0 days 00:02:06.384979,1.4772463895557193,10,35,COMPLETE
685,14549.944138795414,2025-08-06 11:09:37.513345,2025-08-06 11:11:41.625877,0 days 00:02:04.112532,1.5131313025618924,10,80,COMPLETE
686,14191.037655672451,2025-08-06 11:09:37.516699,2025-08-06 11:11:42.764821,0 days 00:02:05.248122,1.5030112351446983,10,79,COMPLETE
687,34990.78180063998,2025-08-06 11:09:37.520798,2025-08-06 11:11:42.447895,0 days 00:02:04.927097,1.4774636714121359,10,26,COMPLETE
688,13630.560281917185,2025-08-06 11:09:37.524433,2025-08-06 11:14:19.999896,0 days 00:04:42.475463,1.4947393437178778,9,77,COMPLETE
689,13991.040777933602,2025-08-06 11:09:37.525879,2025-08-06 11:13:20.027174,0 days 00:03:42.501295,1.4735722471148516,10,79,COMPLETE
690,14191.037655672451,2025-08-06 11:09:37.528612,2025-08-06 11:11:46.969761,0 days 00:02:09.441149,1.5110700742700651,10,78,COMPLETE
691,6330.171799466532,2025-08-06 11:09:37.529829,2025-08-06 11:13:19.318020,0 days 00:03:41.788191,3.8606017483484365,10,80,COMPLETE
692,13962.062393952976,2025-08-06 11:09:37.530906,2025-08-06 11:13:18.053724,0 days 00:03:40.522818,1.4452395059543157,9,81,COMPLETE
693,11624.918601908645,2025-08-06 11:09:37.532797,2025-08-06 11:11:44.858035,0 days 00:02:07.325238,3.933680230808074,20,81,COMPLETE
694,15137.605625590824,2025-08-06 11:09:37.535286,2025-08-06 11:14:14.248649,0 days 00:04:36.713363,1.459789407166713,9,79,COMPLETE
695,6007.721644139952,2025-08-06 11:09:37.537163,2025-08-06 11:13:20.013966,0 days 00:03:42.476803,3.953911326109573,9,81,COMPLETE
696,15137.605625590824,2025-08-06 11:09:37.538582,2025-08-06 11:14:53.132271,0 days 00:05:15.593689,1.4560130644828222,10,80,COMPLETE
697,14191.037655672451,2025-08-06 11:09:37.540045,2025-08-06 11:13:20.147154,0 days 00:03:42.607109,1.5080400955819497,10,79,COMPLETE
698,10739.639195078727,2025-08-06 11:09:37.541333,2025-08-06 11:11:46.513231,0 days 00:02:08.971898,1.5568807333783838,9,81,COMPLETE
699,11566.574089877424,2025-08-06 11:09:37.542509,2025-08-06 11:11:44.037047,0 days 00:02:06.494538,3.8961837125591354,20,79,COMPLETE
700,4953.037513269287,2025-08-06 11:09:37.544475,2025-08-06 11:14:17.185585,0 days 00:04:39.641110,1.5304565822912726,27,79,COMPLETE
701,6419.716361072046,2025-08-06 11:09:37.546424,2025-08-06 11:11:45.334725,0 days 00:02:07.788301,3.8750306744023395,10,79,COMPLETE
702,14110.63883451489,2025-08-06 11:09:37.548357,2025-08-06 11:13:22.253148,0 days 00:03:44.704791,1.508331942958862,9,80,COMPLETE
703,6512.6379460451735,2025-08-06 11:09:37.550172,2025-08-06 11:14:17.726725,0 days 00:04:40.176553,3.809917503429127,9,81,COMPLETE
704,13991.040777933602,2025-08-06 11:09:37.551146,2025-08-06 11:14:21.743756,0 days 00:04:44.192610,1.4724118892379736,10,80,COMPLETE
705,5343.860329515545,2025-08-06 11:09:37.553590,2025-08-06 11:14:50.097031,0 days 00:05:12.543441,3.9219024080058627,10,77,COMPLETE
706,35129.0648377716,2025-08-06 11:09:37.555079,2025-08-06 11:10:39.078313,0 days 00:01:01.523234,1.445196483784778,10,26,COMPLETE
707,14549.944138795414,2025-08-06 11:09:37.559256,2025-08-06 11:11:46.486903,0 days 00:02:08.927647,1.5144712486394063,10,81,COMPLETE
708,5343.860329515545,2025-08-06 11:09:37.562082,2025-08-06 11:11:44.262780,0 days 00:02:06.700698,3.9141524761849147,10,78,COMPLETE
709,5809.3183874785145,2025-08-06 11:09:37.562690,2025-08-06 11:10:38.117082,0 days 00:01:00.554392,3.880681377855132,9,79,COMPLETE
710,15137.605625590824,2025-08-06 11:09:37.564109,2025-08-06 11:13:24.937544,0 days 00:03:47.373435,1.453156406872183,10,77,COMPLETE
711,5534.281884375188,2025-08-06 11:09:37.565638,2025-08-06 11:13:19.904269,0 days 00:03:42.338631,1.4896544066573734,27,76,COMPLETE
712,13991.040777933602,2025-08-06 11:09:37.568415,2025-08-06 11:13:20.767617,0 days 00:03:43.199202,1.4802097968932522,10,78,COMPLETE
713,13991.040777933602,2025-08-06 11:09:37.571910,2025-08-06 11:14:23.649319,0 days 00:04:46.077409,1.4797468714233566,10,78,COMPLETE
714,4900.822629038332,2025-08-06 11:09:37.575938,2025-08-06 11:13:28.301793,0 days 00:03:50.725855,3.893884325839447,27,80,COMPLETE
715,13991.040777933602,2025-08-06 11:09:37.584149,2025-08-06 11:14:20.211377,0 days 00:04:42.627228,1.4718107404825587,10,80,COMPLETE
716,17112.942115460333,2025-08-06 11:09:37.586154,2025-08-06 11:13:21.816133,0 days 00:03:44.229979,1.5476289829278649,10,80,COMPLETE
717,14191.037655672451,2025-08-06 11:09:37.597047,2025-08-06 11:13:25.071993,0 days 00:03:47.474946,1.5025417154247598,10,78,COMPLETE
718,13837.227469194644,2025-08-06 11:09:37.602085,2025-08-06 11:11:49.690472,0 days 00:02:12.088387,3.931253695584,20,78,COMPLETE
719,5809.3183874785145,2025-08-06 11:09:37.606553,2025-08-06 11:13:24.010512,0 days 00:03:46.403959,3.87394128962143,9,81,COMPLETE
720,3374.3853574700997,2025-08-06 11:09:37.607704,2025-08-06 11:11:47.807769,0 days 00:02:10.200065,1.495063925644827,33,80,COMPLETE
721,13630.560281917185,2025-08-06 11:09:37.616666,2025-08-06 11:11:46.417666,0 days 00:02:08.801000,1.495343328614862,9,78,COMPLETE
722,8710.719510023817,2025-08-06 11:09:37.623659,2025-08-06 11:11:46.844149,0 days 00:02:09.220490,3.8745265567172704,9,26,COMPLETE
723,4342.525537775317,2025-08-06 11:09:37.628754,2025-08-06 11:13:25.298292,0 days 00:03:47.669538,3.8739827448226025,27,78,COMPLETE
724,15083.594588993152,2025-08-06 11:09:37.636145,2025-08-06 11:13:20.682377,0 days 00:03:43.046232,1.480213147773337,9,80,COMPLETE
725,13991.040777933602,2025-08-06 11:09:37.643011,2025-08-06 11:10:41.807604,0 days 00:01:04.164593,1.48375073506789,10,78,COMPLETE
726,28083.680586928796,2025-08-06 11:09:37.649525,2025-08-06 11:10:41.587335,0 days 00:01:03.937810,1.4974313888819124,9,26,COMPLETE
727,27660.49901396914,2025-08-06 11:09:37.652592,2025-08-06 11:14:22.480978,0 days 00:04:44.828386,1.5262614039530753,10,27,COMPLETE
728,13991.040777933602,2025-08-06 11:09:37.656103,2025-08-06 11:13:25.406291,0 days 00:03:47.750188,1.479149325979921,10,80,COMPLETE
729,15475.741596651585,2025-08-06 11:09:37.659207,2025-08-06 11:14:24.894778,0 days 00:04:47.235571,1.4852518555269743,10,79,COMPLETE
730,15135.215479041064,2025-08-06 11:09:37.662484,2025-08-06 11:14:22.053354,0 days 00:04:44.390870,1.543551839784702,10,77,COMPLETE
731,14110.63883451489,2025-08-06 11:09:37.664877,2025-08-06 11:14:22.926488,0 days 00:04:45.261611,1.5362269535041608,10,77,COMPLETE
732,4900.822629038332,2025-08-06 11:09:37.666760,2025-08-06 11:10:43.524583,0 days 00:01:05.857823,3.9017575201043764,27,79,COMPLETE
733,13249.337140847769,2025-08-06 11:09:37.669375,2025-08-06 11:13:28.311967,0 days 00:03:50.642592,1.446527609764881,10,81,COMPLETE
734,13356.876156459015,2025-08-06 11:09:37.682549,2025-08-06 11:11:48.905377,0 days 00:02:11.222828,1.4497194331561152,10,76,COMPLETE
735,14778.056089600448,2025-08-06 11:09:37.689099,2025-08-06 11:11:49.560548,0 days 00:02:11.871449,1.5219250311491705,10,78,COMPLETE
736,6460.379097373355,2025-08-06 11:09:37.736102,2025-08-06 11:11:50.284599,0 days 00:02:12.548497,1.4473816944690363,27,79,COMPLETE
737,13991.040777933602,2025-08-06 11:09:37.739754,2025-08-06 11:13:28.230085,0 days 00:03:50.490331,1.473525325121768,10,80,COMPLETE
738,3485.2115006132008,2025-08-06 11:09:37.740653,2025-08-06 11:14:24.219427,0 days 00:04:46.478774,1.4799637001989847,33,79,COMPLETE
739,9135.679637564657,2025-08-06 11:09:37.747939,2025-08-06 11:13:30.140705,0 days 00:03:52.392766,3.9119178163720325,10,27,COMPLETE
740,14549.944138795414,2025-08-06 11:09:37.762939,2025-08-06 11:13:24.904063,0 days 00:03:47.141124,1.517633464995292,10,78,COMPLETE
741,5343.860329515545,2025-08-06 11:09:37.769172,2025-08-06 11:14:24.253062,0 days 00:04:46.483890,3.903717056332966,10,79,COMPLETE
742,27870.339512761388,2025-08-06 11:09:37.776824,2025-08-06 11:10:44.143849,0 days 00:01:06.367025,1.4794627725033929,10,25,COMPLETE
743,14462.529346117874,2025-08-06 11:09:37.789809,2025-08-06 11:14:24.149035,0 days 00:04:46.359226,1.5378962659240825,10,79,COMPLETE
744,13991.040777933602,2025-08-06 11:09:37.796861,2025-08-06 11:10:43.779309,0 days 00:01:05.982448,1.47926943178488,10,78,COMPLETE
745,6330.171799466532,2025-08-06 11:09:37.799304,2025-08-06 11:14:22.195020,0 days 00:04:44.395716,3.845306144345622,10,80,COMPLETE
746,14778.056089600448,2025-08-06 11:09:37.801072,2025-08-06 11:11:52.347138,0 days 00:02:14.546066,1.5294370126222296,10,79,COMPLETE
747,21197.198112451435,2025-08-06 11:09:37.805055,2025-08-06 11:14:53.432544,0 days 00:05:15.627489,1.5269482120950801,10,55,COMPLETE
748,13991.040777933602,2025-08-06 11:09:37.806547,2025-08-06 11:14:23.166327,0 days 00:04:45.359780,1.4648007373032383,10,80,COMPLETE
749,13991.040777933602,2025-08-06 11:09:37.815890,2025-08-06 11:14:23.101845,0 days 00:04:45.285955,1.4644844880149452,10,79,COMPLETE
750,6094.835357964413,2025-08-06 11:09:37.845094,2025-08-06 11:14:54.475931,0 days 00:05:16.630837,1.4810712309569058,27,79,COMPLETE
751,6275.094852149754,2025-08-06 11:09:37.852080,2025-08-06 11:13:24.078498,0 days 00:03:46.226418,1.4977318379119233,27,80,COMPLETE
752,6330.171799466532,2025-08-06 11:09:37.854305,2025-08-06 11:13:26.839245,0 days 00:03:48.984940,3.864827735743988,10,80,COMPLETE
753,14191.037655672451,2025-08-06 11:09:37.885672,2025-08-06 11:13:31.822641,0 days 00:03:53.936969,1.5103541290369724,10,79,COMPLETE
754,15475.741596651585,2025-08-06 11:09:37.887462,2025-08-06 11:13:30.471483,0 days 00:03:52.584021,1.4896755726810582,10,80,COMPLETE
755,13991.040777933602,2025-08-06 11:09:37.927016,2025-08-06 11:11:52.635087,0 days 00:02:14.708071,1.4832715239915808,11,79,COMPLETE
756,27998.172383320954,2025-08-06 11:09:37.934273,2025-08-06 11:13:33.525207,0 days 00:03:55.590934,1.512357022499153,10,26,COMPLETE
757,10838.024843237768,2025-08-06 11:09:37.967973,2025-08-06 11:14:21.903355,0 days 00:04:43.935382,3.917630827643627,27,80,COMPLETE
758,5920.6288104127125,2025-08-06 11:09:37.987678,2025-08-06 11:14:23.700325,0 days 00:04:45.712647,3.923082863659539,9,80,COMPLETE
759,3374.3853574700997,2025-08-06 11:09:38.004198,2025-08-06 11:11:54.674692,0 days 00:02:16.670494,1.4964343182369186,33,77,COMPLETE
760,3843.6149349078464,2025-08-06 11:09:38.029429,2025-08-06 11:10:44.498077,0 days 00:01:06.468648,1.4765295114355215,33,80,COMPLETE
761,5343.860329515545,2025-08-06 11:09:38.049676,2025-08-06 11:10:44.376396,0 days 00:01:06.326720,3.9052120069572953,10,79,COMPLETE
762,17237.830765045863,2025-08-06 11:09:38.051025,2025-08-06 11:13:28.424157,0 days 00:03:50.373132,1.524266003011303,20,78,COMPLETE
763,14807.63192842946,2025-08-06 11:09:38.086169,2025-08-06 11:13:32.975539,0 days 00:03:54.889370,1.5374425280860116,10,78,COMPLETE
764,22081.101827553204,2025-08-06 11:09:38.094098,2025-08-06 11:14:26.382908,0 days 00:04:48.288810,1.4775866078599713,20,26,COMPLETE
765,29339.726811576806,2025-08-06 11:09:38.109509,2025-08-06 11:13:29.264688,0 days 00:03:51.155179,1.4534725210015913,10,36,COMPLETE
766,1008.8825805061454,2025-08-06 11:09:38.153742,2025-08-06 11:14:52.421623,0 days 00:05:14.267881,3.8550203430645773,33,79,COMPLETE
767,15475.741596651585,2025-08-06 11:09:38.159058,2025-08-06 11:11:58.179224,0 days 00:02:20.020166,1.494576743845577,10,81,COMPLETE
768,7104.723624209815,2025-08-06 11:09:38.162899,2025-08-06 11:13:28.541899,0 days 00:03:50.379000,3.7744457606421506,10,80,COMPLETE
769,14191.037655672451,2025-08-06 11:09:38.165842,2025-08-06 11:11:57.545571,0 days 00:02:19.379729,1.5002710521814748,10,77,COMPLETE
770,5809.3183874785145,2025-08-06 11:09:38.166998,2025-08-06 11:14:27.615192,0 days 00:04:49.448194,3.8808710618355877,9,77,COMPLETE
771,23654.33025898666,2025-08-06 11:09:38.168537,2025-08-06 11:14:27.742657,0 days 00:04:49.574120,1.4629151192759147,9,54,COMPLETE
772,15475.741596651585,2025-08-06 11:09:38.169893,2025-08-06 11:13:33.496688,0 days 00:03:55.326795,1.487843077279392,10,80,COMPLETE
773,11714.038063786284,2025-08-06 11:09:38.171439,2025-08-06 11:11:53.689815,0 days 00:02:15.518376,3.904082478478746,10,41,COMPLETE
774,14770.705876222291,2025-08-06 11:09:38.173028,2025-08-06 11:14:51.510944,0 days 00:05:13.337916,3.9082210133278377,33,26,COMPLETE
775,3181.977160010295,2025-08-06 11:09:38.174920,2025-08-06 11:11:59.183151,0 days 00:02:21.008231,3.7567025546046553,20,80,COMPLETE
776,1125.8618964004133,2025-08-06 11:09:38.178522,2025-08-06 11:13:31.218111,0 days 00:03:53.039589,3.8060796251940174,33,81,COMPLETE
777,5809.3183874785145,2025-08-06 11:09:38.180661,2025-08-06 11:13:32.209294,0 days 00:03:54.028633,3.8917622987621607,9,80,COMPLETE
778,6506.184426097207,2025-08-06 11:09:38.183684,2025-08-06 11:11:59.174363,0 days 00:02:20.990679,3.7845187696768314,9,78,COMPLETE
779,8710.719510023817,2025-08-06 11:09:38.185270,2025-08-06 11:14:53.848499,0 days 00:05:15.663229,3.9079144352063517,9,26,COMPLETE
780,5912.213253856733,2025-08-06 11:09:38.189180,2025-08-06 11:13:32.927735,0 days 00:03:54.738555,3.8465004625610453,20,78,COMPLETE
781,14191.037655672451,2025-08-06 11:09:38.190183,2025-08-06 11:13:30.080283,0 days 00:03:51.890100,1.5096892353614664,10,78,COMPLETE
782,5809.3183874785145,2025-08-06 11:09:38.195513,2025-08-06 11:11:55.203099,0 days 00:02:17.007586,3.8736001252015155,9,79,COMPLETE
783,27660.49901396914,2025-08-06 11:09:38.196724,2025-08-06 11:14:30.951464,0 days 00:04:52.754740,1.5221049646310527,10,27,COMPLETE
784,14191.037655672451,2025-08-06 11:09:38.198749,2025-08-06 11:11:57.538497,0 days 00:02:19.339748,1.5110916959416398,10,78,COMPLETE
785,6419.716361072046,2025-08-06 11:09:38.200183,2025-08-06 11:10:46.699918,0 days 00:01:08.499735,3.8798744172422697,10,78,COMPLETE
786,14110.63883451489,2025-08-06 11:09:38.201731,2025-08-06 11:14:53.372506,0 days 00:05:15.170775,1.5127467168535662,9,79,COMPLETE
787,13991.040777933602,2025-08-06 11:09:38.205104,2025-08-06 11:10:46.041394,0 days 00:01:07.836290,1.4835102820320314,10,77,COMPLETE
788,5751.301723269608,2025-08-06 11:09:38.206531,2025-08-06 11:13:31.563402,0 days 00:03:53.356871,3.9175720234703646,9,80,COMPLETE
789,12995.35094460128,2025-08-06 11:09:38.208315,2025-08-06 11:14:27.844148,0 days 00:04:49.635833,1.4753080274640331,33,26,COMPLETE
790,13991.040777933602,2025-08-06 11:09:38.217439,2025-08-06 11:13:37.245982,0 days 00:03:59.028543,1.4815491443837912,10,80,COMPLETE
791,15137.605625590824,2025-08-06 11:09:38.218254,2025-08-06 11:11:58.567324,0 days 00:02:20.349070,1.457052727480716,10,78,COMPLETE
792,5700.832270991105,2025-08-06 11:09:38.219170,2025-08-06 11:14:27.143605,0 days 00:04:48.924435,3.8294757580239143,9,80,COMPLETE
793,15083.594588993152,2025-08-06 11:09:38.221925,2025-08-06 11:11:59.983415,0 days 00:02:21.761490,1.4749140086703743,9,81,COMPLETE
794,5343.860329515545,2025-08-06 11:09:38.222903,2025-08-06 11:14:27.856444,0 days 00:04:49.633541,3.909792974131478,10,80,COMPLETE
795,5343.860329515545,2025-08-06 11:09:38.226736,2025-08-06 11:12:01.268262,0 days 00:02:23.041526,3.9221594101955435,10,81,COMPLETE
796,4685.582426604784,2025-08-06 11:09:38.230015,2025-08-06 11:14:53.590893,0 days 00:05:15.360878,1.5324288753172988,33,77,COMPLETE
797,15137.605625590824,2025-08-06 11:09:38.233262,2025-08-06 11:14:29.891203,0 days 00:04:51.657941,1.4553147145429939,10,79,COMPLETE
798,3905.8998566161627,2025-08-06 11:09:38.234603,2025-08-06 11:13:36.088930,0 days 00:03:57.854327,1.5213254117142974,33,78,COMPLETE
799,6430.318038383098,2025-08-06 11:09:38.237061,2025-08-06 11:14:25.367709,0 days 00:04:47.130648,3.9684948879689745,10,78,COMPLETE
800,13173.093787885202,2025-08-06 11:09:38.238202,2025-08-06 11:12:01.593781,0 days 00:02:23.355579,1.5269148788557019,9,80,COMPLETE
801,5343.860329515545,2025-08-06 11:09:38.240152,2025-08-06 11:13:35.174934,0 days 00:03:56.934782,3.9194273059787346,10,80,COMPLETE
802,12276.12021258576,2025-08-06 11:09:38.242048,2025-08-06 11:14:28.747289,0 days 00:04:50.505241,1.5078478225704781,20,79,COMPLETE
803,7692.89153473901,2025-08-06 11:09:38.244961,2025-08-06 11:11:58.318768,0 days 00:02:20.073807,3.924848872206184,10,55,COMPLETE
804,8123.377897909501,2025-08-06 11:09:38.247181,2025-08-06 11:13:32.935576,0 days 00:03:54.688395,3.845193610549566,9,27,COMPLETE
805,15475.741596651585,2025-08-06 11:09:38.249994,2025-08-06 11:10:47.455497,0 days 00:01:09.205503,1.487240999727328,10,80,COMPLETE
806,3921.447439663606,2025-08-06 11:09:38.253181,2025-08-06 11:13:35.968951,0 days 00:03:57.715770,1.5139161462472606,33,77,COMPLETE
807,737.5676129071758,2025-08-06 11:09:38.254106,2025-08-06 11:13:37.233913,0 days 00:03:58.979807,3.8964562419693367,33,78,COMPLETE
808,5338.106324908955,2025-08-06 11:09:38.254908,2025-08-06 11:12:01.162169,0 days 00:02:22.907261,3.902164457427591,10,79,COMPLETE
809,6330.171799466532,2025-08-06 11:09:38.256345,2025-08-06 11:11:59.920240,0 days 00:02:21.663895,3.8361933361263443,10,79,COMPLETE
810,27907.941506001385,2025-08-06 11:09:38.258980,2025-08-06 11:12:01.518894,0 days 00:02:23.259914,1.5010041769268605,10,26,COMPLETE
811,14010.638885072089,2025-08-06 11:09:38.260701,2025-08-06 11:13:36.768755,0 days 00:03:58.508054,1.5306000389036993,10,79,COMPLETE
812,5809.3183874785145,2025-08-06 11:09:38.262242,2025-08-06 11:13:36.548847,0 days 00:03:58.286605,3.8621214641946886,9,79,COMPLETE
813,3551.891039924158,2025-08-06 11:09:38.264516,2025-08-06 11:12:02.785907,0 days 00:02:24.521391,1.5025068172150577,33,77,COMPLETE
814,9493.213800255711,2025-08-06 11:09:38.269566,2025-08-06 11:12:00.804382,0 days 00:02:22.534816,3.8565748700792564,10,27,COMPLETE
815,5751.301723269608,2025-08-06 11:09:38.277543,2025-08-06 11:14:27.933530,0 days 00:04:49.655987,3.9169246536791107,9,80,COMPLETE
816,12327.0026572018,2025-08-06 11:09:38.280304,2025-08-06 11:14:29.890270,0 days 00:04:51.609966,1.5075366177552305,9,94,COMPLETE
817,28842.688960629595,2025-08-06 11:09:38.281212,2025-08-06 11:14:29.617105,0 days 00:04:51.335893,1.528476500338911,10,26,COMPLETE
818,10658.153808966577,2025-08-06 11:09:38.281965,2025-08-06 11:13:35.476424,0 days 00:03:57.194459,1.4918069035592596,20,80,COMPLETE
819,5343.860329515545,2025-08-06 11:09:38.283054,2025-08-06 11:13:36.940636,0 days 00:03:58.657582,3.9041171071776892,10,77,COMPLETE
820,10658.153808966577,2025-08-06 11:09:38.285164,2025-08-06 11:14:29.280801,0 days 00:04:50.995637,1.4872368793564648,20,80,COMPLETE
821,10658.153808966577,2025-08-06 11:09:38.286182,2025-08-06 11:12:02.642827,0 days 00:02:24.356645,1.4898024632151277,20,77,COMPLETE
822,3430.3644840959696,2025-08-06 11:09:38.295136,2025-08-06 11:13:38.065927,0 days 00:03:59.770791,1.4651326202978123,33,81,COMPLETE
