number,value,datetime_start,datetime_complete,duration,params_atr_multiplier,params_atr_period,params_ema_period,state
823,55775.31993146326,2025-08-03 21:36:59.815324,2025-08-03 21:39:35.761318,0 days 00:02:35.945994,4.2145508885873015,28,29,COMPLETE
824,18275.118633238864,2025-08-03 21:36:59.822810,2025-08-03 21:42:11.512839,0 days 00:05:11.690029,4.2203695292882974,23,30,COMPLETE
825,13552.20072696887,2025-08-03 21:36:59.831312,2025-08-03 21:41:03.625763,0 days 00:04:03.794451,4.245698401972713,29,50,COMPLETE
826,9173.065672799485,2025-08-03 21:36:59.840114,2025-08-03 21:39:38.520956,0 days 00:02:38.680842,4.217813697326416,15,50,COMPLETE
827,18275.118633238864,2025-08-03 21:36:59.841379,2025-08-03 21:39:38.168541,0 days 00:02:38.327162,4.23456154552891,23,30,COMPLETE
828,45829.63511640717,2025-08-03 21:36:59.847285,2025-08-03 21:41:55.048977,0 days 00:04:55.201692,4.23249991818497,29,31,COMPLETE
829,18454.25781003446,2025-08-03 21:36:59.852567,2025-08-03 21:41:54.861348,0 days 00:04:55.008781,4.280479551558377,22,29,COMPLETE
830,49104.472474388014,2025-08-03 21:36:59.853696,2025-08-03 21:41:02.866856,0 days 00:04:03.013160,4.25428607122344,29,31,COMPLETE
831,44761.422699774754,2025-08-03 21:36:59.856475,2025-08-03 21:40:57.941121,0 days 00:03:58.084646,4.180686162750304,28,31,COMPLETE
832,47845.62310828157,2025-08-03 21:36:59.859186,2025-08-03 21:39:38.527740,0 days 00:02:38.668554,4.254866156790313,29,30,COMPLETE
833,12944.451421596465,2025-08-03 21:36:59.863870,2025-08-03 21:41:56.667643,0 days 00:04:56.803773,4.233909241950421,15,29,COMPLETE
834,17002.67951194082,2025-08-03 21:36:59.865344,2025-08-03 21:41:01.797398,0 days 00:04:01.932054,4.217366431504137,23,29,COMPLETE
835,18785.006756580977,2025-08-03 21:36:59.867260,2025-08-03 21:39:39.677247,0 days 00:02:39.809987,4.219242063847291,23,31,COMPLETE
836,22926.913597887815,2025-08-03 21:36:59.870023,2025-08-03 21:42:06.140356,0 days 00:05:06.270333,4.214510063092605,24,29,COMPLETE
837,48175.48942627302,2025-08-03 21:36:59.871254,2025-08-03 21:39:45.655108,0 days 00:02:45.783854,4.270128218066792,29,29,COMPLETE
838,44880.141967650176,2025-08-03 21:36:59.876684,2025-08-03 21:41:59.970825,0 days 00:05:00.094141,4.217086215400866,29,30,COMPLETE
839,48175.48942627302,2025-08-03 21:36:59.885999,2025-08-03 21:38:16.510638,0 days 00:01:16.624639,4.265461929908296,29,29,COMPLETE
840,45190.32515199729,2025-08-03 21:36:59.888597,2025-08-03 21:41:01.832820,0 days 00:04:01.944223,4.213593701933957,29,29,COMPLETE
841,38986.45242852881,2025-08-03 21:36:59.893789,2025-08-03 21:41:00.687624,0 days 00:04:00.793835,4.248972969800193,29,29,COMPLETE
842,48175.48942627302,2025-08-03 21:36:59.895813,2025-08-03 21:42:05.656477,0 days 00:05:05.760664,4.251608993258497,29,29,COMPLETE
843,16476.72875411279,2025-08-03 21:36:59.902708,2025-08-03 21:41:00.507438,0 days 00:04:00.604730,4.2071256464981,23,29,COMPLETE
844,38986.45242852881,2025-08-03 21:36:59.907320,2025-08-03 21:38:19.467136,0 days 00:01:19.559816,4.248556202187423,29,29,COMPLETE
845,45190.32515199729,2025-08-03 21:36:59.909788,2025-08-03 21:40:59.959917,0 days 00:04:00.050129,4.209579837947285,29,29,COMPLETE
846,55493.60321836313,2025-08-03 21:36:59.916258,2025-08-03 21:40:59.277661,0 days 00:03:59.361403,4.259195684136424,28,29,COMPLETE
847,12944.451421596465,2025-08-03 21:36:59.917579,2025-08-03 21:41:00.354451,0 days 00:04:00.436872,4.21811526637465,15,29,COMPLETE
848,10267.625675566704,2025-08-03 21:36:59.920860,2025-08-03 21:41:03.947977,0 days 00:04:04.027117,4.2454020944859225,22,50,COMPLETE
849,20291.660959232657,2025-08-03 21:36:59.923023,2025-08-03 21:42:13.153758,0 days 00:05:13.230735,4.1948996979361,23,30,COMPLETE
850,47920.26847253496,2025-08-03 21:36:59.926501,2025-08-03 21:39:45.358142,0 days 00:02:45.431641,4.269806855779928,28,30,COMPLETE
851,55775.31993146326,2025-08-03 21:36:59.928836,2025-08-03 21:41:02.959440,0 days 00:04:03.030604,4.219767615818522,28,29,COMPLETE
852,25455.90883287742,2025-08-03 21:36:59.933886,2025-08-03 21:42:00.480044,0 days 00:05:00.546158,3.7790437243685706,15,29,COMPLETE
853,12910.186559318905,2025-08-03 21:36:59.941316,2025-08-03 21:39:45.653702,0 days 00:02:45.712386,4.2143855833140815,15,29,COMPLETE
854,44651.68809917987,2025-08-03 21:36:59.942288,2025-08-03 21:39:44.159371,0 days 00:02:44.217083,4.241833664105441,29,30,COMPLETE
855,44582.852524895316,2025-08-03 21:36:59.949302,2025-08-03 21:42:12.392168,0 days 00:05:12.442866,4.201831925977136,28,29,COMPLETE
856,44651.68809917987,2025-08-03 21:36:59.952109,2025-08-03 21:41:03.528199,0 days 00:04:03.576090,4.22430617496219,29,30,COMPLETE
857,55775.31993146326,2025-08-03 21:36:59.958019,2025-08-03 21:42:13.264285,0 days 00:05:13.306266,4.219126662320611,28,29,COMPLETE
858,55395.342977753375,2025-08-03 21:36:59.964914,2025-08-03 21:41:02.514761,0 days 00:04:02.549847,4.22038200664704,28,30,COMPLETE
859,40761.42544096094,2025-08-03 21:36:59.967141,2025-08-03 21:39:43.878910,0 days 00:02:43.911769,4.193929652813499,29,30,COMPLETE
860,49181.008605135976,2025-08-03 21:36:59.972817,2025-08-03 21:41:06.383633,0 days 00:04:06.410816,4.269341794091933,28,31,COMPLETE
861,13943.717518834235,2025-08-03 21:36:59.977208,2025-08-03 21:41:01.899846,0 days 00:04:01.922638,4.237595343978543,15,30,COMPLETE
862,12460.24351321222,2025-08-03 21:36:59.981500,2025-08-03 21:41:08.753107,0 days 00:04:08.771607,4.259987016739743,15,29,COMPLETE
863,12356.463561858453,2025-08-03 21:36:59.984590,2025-08-03 21:39:47.385440,0 days 00:02:47.400850,4.205335349011494,15,29,COMPLETE
864,44960.35494003617,2025-08-03 21:36:59.987457,2025-08-03 21:41:07.433630,0 days 00:04:07.446173,4.224052259918266,29,29,COMPLETE
865,43911.61632002368,2025-08-03 21:36:59.992536,2025-08-03 21:39:47.254579,0 days 00:02:47.262043,4.18986306355641,28,29,COMPLETE
866,18275.118633238864,2025-08-03 21:37:00.000656,2025-08-03 21:41:58.438977,0 days 00:04:58.438321,4.226922333329778,23,30,COMPLETE
867,9148.0566475196,2025-08-03 21:37:00.005409,2025-08-03 21:41:07.794714,0 days 00:04:07.789305,4.181034329793602,15,50,COMPLETE
868,48175.48942627302,2025-08-03 21:37:00.018009,2025-08-03 21:41:09.464701,0 days 00:04:09.446692,4.255894116726275,29,29,COMPLETE
869,27714.20331026732,2025-08-03 21:37:00.024872,2025-08-03 21:41:05.961304,0 days 00:04:05.936432,3.8838283827310702,23,39,COMPLETE
870,45190.32515199729,2025-08-03 21:37:00.026968,2025-08-03 21:39:45.483717,0 days 00:02:45.456749,4.204870922913724,28,29,COMPLETE
871,15893.118551529136,2025-08-03 21:37:00.030146,2025-08-03 21:41:07.266487,0 days 00:04:07.236341,4.213045708251181,29,50,COMPLETE
872,9581.789976599153,2025-08-03 21:37:00.035572,2025-08-03 21:41:08.550588,0 days 00:04:08.515016,4.226814718522251,16,49,COMPLETE
873,45190.32515199729,2025-08-03 21:37:00.053760,2025-08-03 21:41:58.522515,0 days 00:04:58.468755,4.203749286840278,29,29,COMPLETE
874,15806.343501122123,2025-08-03 21:37:00.075194,2025-08-03 21:42:12.859106,0 days 00:05:12.783912,4.22970297966859,29,50,COMPLETE
875,17002.67951194082,2025-08-03 21:37:00.099608,2025-08-03 21:41:07.651072,0 days 00:04:07.551464,4.216890035885038,23,29,COMPLETE
876,39878.26117437823,2025-08-03 21:37:00.130243,2025-08-03 21:39:47.017875,0 days 00:02:46.887632,4.17575574324697,29,29,COMPLETE
877,39603.103685085895,2025-08-03 21:37:00.137121,2025-08-03 21:41:09.701065,0 days 00:04:09.563944,4.1768919786183885,29,30,COMPLETE
878,45190.32515199729,2025-08-03 21:37:00.152442,2025-08-03 21:38:24.497551,0 days 00:01:24.345109,4.220820405773853,29,29,COMPLETE
879,13907.078023640037,2025-08-03 21:37:00.170683,2025-08-03 21:41:12.223248,0 days 00:04:12.052565,4.227826236341361,16,30,COMPLETE
880,14780.04110691035,2025-08-03 21:37:00.172684,2025-08-03 21:41:09.811994,0 days 00:04:09.639310,3.6989553043964705,29,30,COMPLETE
881,48852.91807285243,2025-08-03 21:37:00.207846,2025-08-03 21:41:12.542564,0 days 00:04:12.334718,4.279844754644488,29,29,COMPLETE
882,23912.160667914206,2025-08-03 21:37:00.212193,2025-08-03 21:39:49.236218,0 days 00:02:49.024025,4.256645702822659,23,30,COMPLETE
883,44960.35494003617,2025-08-03 21:37:00.273612,2025-08-03 21:42:02.106541,0 days 00:05:01.832929,4.237585569570645,29,29,COMPLETE
884,44651.68809917987,2025-08-03 21:37:00.343447,2025-08-03 21:39:47.669035,0 days 00:02:47.325588,4.227803862477606,29,30,COMPLETE
885,44651.68809917987,2025-08-03 21:37:00.408438,2025-08-03 21:42:03.159615,0 days 00:05:02.751177,4.22620893131572,29,30,COMPLETE
886,37291.22823749093,2025-08-03 21:37:00.425818,2025-08-03 21:41:09.372645,0 days 00:04:08.946827,4.246028100527214,29,32,COMPLETE
887,14186.388880301749,2025-08-03 21:37:00.439409,2025-08-03 21:39:48.880916,0 days 00:02:48.441507,4.242144093352779,15,39,COMPLETE
888,17002.67951194082,2025-08-03 21:37:00.495794,2025-08-03 21:42:00.452278,0 days 00:04:59.956484,4.220476872468997,23,29,COMPLETE
889,44651.68809917987,2025-08-03 21:37:00.497050,2025-08-03 21:41:58.629837,0 days 00:04:58.132787,4.242255335967134,29,30,COMPLETE
890,48175.48942627302,2025-08-03 21:37:00.682838,2025-08-03 21:38:28.835485,0 days 00:01:28.152647,4.252708577276689,29,29,COMPLETE
891,14428.238626627844,2025-08-03 21:37:00.696961,2025-08-03 21:38:28.684649,0 days 00:01:27.987688,4.243756057225123,15,38,COMPLETE
892,44651.68809917987,2025-08-03 21:37:00.829885,2025-08-03 21:42:04.912137,0 days 00:05:04.082252,4.238555450963375,29,30,COMPLETE
893,45190.32515199729,2025-08-03 21:37:00.831718,2025-08-03 21:42:04.059204,0 days 00:05:03.227486,4.217513496166549,29,29,COMPLETE
894,48175.48942627302,2025-08-03 21:37:00.837928,2025-08-03 21:42:01.888057,0 days 00:05:01.050129,4.274442176429007,29,29,COMPLETE
895,44651.68809917987,2025-08-03 21:37:00.866832,2025-08-03 21:42:03.319759,0 days 00:05:02.452927,4.229832684326013,29,30,COMPLETE
896,43609.86429151253,2025-08-03 21:37:00.935919,2025-08-03 21:41:10.661115,0 days 00:04:09.725196,4.183919544549382,28,30,COMPLETE
897,44960.35494003617,2025-08-03 21:37:00.958962,2025-08-03 21:41:12.086911,0 days 00:04:11.127949,4.239004092197616,29,29,COMPLETE
898,44651.68809917987,2025-08-03 21:37:00.968232,2025-08-03 21:41:11.708495,0 days 00:04:10.740263,4.232109604178754,29,30,COMPLETE
899,15893.118551529136,2025-08-03 21:37:00.972915,2025-08-03 21:39:51.701766,0 days 00:02:50.728851,4.220419029509586,29,49,COMPLETE
900,48852.91807285243,2025-08-03 21:37:00.977955,2025-08-03 21:42:04.481755,0 days 00:05:03.503800,4.2841186265816225,29,29,COMPLETE
901,41044.27098800963,2025-08-03 21:37:00.983009,2025-08-03 21:41:16.460029,0 days 00:04:15.477020,4.191824690346631,29,29,COMPLETE
902,44960.35494003617,2025-08-03 21:37:00.988671,2025-08-03 21:41:14.556451,0 days 00:04:13.567780,4.23689372285689,29,29,COMPLETE
903,19947.13207036324,2025-08-03 21:37:00.990651,2025-08-03 21:41:14.548991,0 days 00:04:13.558340,4.175434389902601,23,29,COMPLETE
904,18275.118633238864,2025-08-03 21:37:00.993273,2025-08-03 21:41:17.411052,0 days 00:04:16.417779,4.2235703537007385,23,30,COMPLETE
905,13351.269069350281,2025-08-03 21:37:00.998921,2025-08-03 21:41:16.146145,0 days 00:04:15.147224,4.2170738141448805,14,30,COMPLETE
906,15841.975522928069,2025-08-03 21:37:01.002951,2025-08-03 21:42:01.750247,0 days 00:05:00.747296,3.7736297491170814,28,29,COMPLETE
907,9612.824809584945,2025-08-03 21:37:01.005032,2025-08-03 21:41:15.268586,0 days 00:04:14.263554,4.281303393536327,14,50,COMPLETE
908,12389.391269348116,2025-08-03 21:37:01.006446,2025-08-03 21:39:52.700666,0 days 00:02:51.694220,4.205613863444708,14,29,COMPLETE
909,44880.141967650176,2025-08-03 21:37:01.009529,2025-08-03 21:41:15.875773,0 days 00:04:14.866244,4.215911907988244,29,30,COMPLETE
910,6797.238815126441,2025-08-03 21:37:01.011902,2025-08-03 21:39:54.066331,0 days 00:02:53.054429,3.7561107118072803,28,50,COMPLETE
911,12206.35763489251,2025-08-03 21:37:01.012898,2025-08-03 21:42:03.378670,0 days 00:05:02.365772,4.258555968779853,23,49,COMPLETE
912,55395.342977753375,2025-08-03 21:37:01.018021,2025-08-03 21:41:11.488831,0 days 00:04:10.470810,4.238617677341477,28,30,COMPLETE
913,13552.20072696887,2025-08-03 21:37:01.021040,2025-08-03 21:41:20.950212,0 days 00:04:19.929172,4.247819094568466,29,50,COMPLETE
914,55395.342977753375,2025-08-03 21:37:01.029314,2025-08-03 21:41:18.785281,0 days 00:04:17.755967,4.236402086551165,28,30,COMPLETE
915,48852.91807285243,2025-08-03 21:37:01.040719,2025-08-03 21:41:18.255283,0 days 00:04:17.214564,4.296771162158495,29,29,COMPLETE
916,44960.35494003617,2025-08-03 21:37:01.050258,2025-08-03 21:41:17.755971,0 days 00:04:16.705713,4.223908086980309,29,29,COMPLETE
917,12460.24351321222,2025-08-03 21:37:01.054620,2025-08-03 21:39:58.040135,0 days 00:02:56.985515,4.275098992370724,15,29,COMPLETE
918,55395.342977753375,2025-08-03 21:37:01.057448,2025-08-03 21:42:12.881739,0 days 00:05:11.824291,4.214455029800609,28,30,COMPLETE
919,47845.62310828157,2025-08-03 21:37:01.065501,2025-08-03 21:39:56.079469,0 days 00:02:55.013968,4.251034002511086,29,30,COMPLETE
920,55493.60321836313,2025-08-03 21:37:01.070122,2025-08-03 21:42:04.793650,0 days 00:05:03.723528,4.263801613140128,28,29,COMPLETE
921,13661.693688303652,2025-08-03 21:37:01.073923,2025-08-03 21:41:18.328157,0 days 00:04:17.254234,4.2505329976611845,14,40,COMPLETE
922,12389.391269348116,2025-08-03 21:37:01.075373,2025-08-03 21:39:56.908037,0 days 00:02:55.832664,4.231101958477171,14,29,COMPLETE
923,17002.67951194082,2025-08-03 21:37:01.081143,2025-08-03 21:42:01.163093,0 days 00:05:00.081950,4.2194546004752,23,29,COMPLETE
924,44582.852524895316,2025-08-03 21:37:01.086227,2025-08-03 21:42:04.360620,0 days 00:05:03.274393,4.196258158038227,28,29,COMPLETE
925,17510.95527331929,2025-08-03 21:37:01.087532,2025-08-03 21:42:09.611512,0 days 00:05:08.523980,4.21556992469208,29,48,COMPLETE
926,9723.98471461176,2025-08-03 21:37:01.090482,2025-08-03 21:41:20.063259,0 days 00:04:18.972777,4.1589377830119165,14,50,COMPLETE
927,19887.172597543806,2025-08-03 21:37:01.103060,2025-08-03 21:39:55.370096,0 days 00:02:54.267036,4.216118808054658,28,50,COMPLETE
928,41044.27098800963,2025-08-03 21:37:01.111414,2025-08-03 21:39:57.689489,0 days 00:02:56.578075,4.19739792693968,29,29,COMPLETE
929,51938.636502980975,2025-08-03 21:37:01.117591,2025-08-03 21:41:21.563123,0 days 00:04:20.445532,4.176356983140943,24,29,COMPLETE
930,38717.17542042827,2025-08-03 21:37:01.167423,2025-08-03 21:42:02.758615,0 days 00:05:01.591192,4.2487844321551504,29,30,COMPLETE
931,20291.660959232657,2025-08-03 21:37:01.179025,2025-08-03 21:41:19.045400,0 days 00:04:17.866375,4.1980630823692415,23,30,COMPLETE
932,14626.578715315694,2025-08-03 21:37:01.207600,2025-08-03 21:41:18.865373,0 days 00:04:17.657773,4.265250197896593,14,28,COMPLETE
933,45852.61494012655,2025-08-03 21:37:01.209271,2025-08-03 21:41:18.716413,0 days 00:04:17.507142,4.222036346171756,29,28,COMPLETE
934,40211.143945982134,2025-08-03 21:37:01.283070,2025-08-03 21:42:08.483778,0 days 00:05:07.200708,4.178139846851032,29,30,COMPLETE
935,55775.31993146326,2025-08-03 21:37:01.302619,2025-08-03 21:41:21.980091,0 days 00:04:20.677472,4.226720719533311,28,29,COMPLETE
936,44651.68809917987,2025-08-03 21:37:01.308511,2025-08-03 21:41:20.482520,0 days 00:04:19.174009,4.232726799083778,29,30,COMPLETE
937,44880.141967650176,2025-08-03 21:37:01.321107,2025-08-03 21:41:24.380370,0 days 00:04:23.059263,4.207725971512039,29,30,COMPLETE
938,11923.329245747385,2025-08-03 21:37:01.328583,2025-08-03 21:41:23.014867,0 days 00:04:21.686284,4.238519480691798,14,29,COMPLETE
939,45829.63511640717,2025-08-03 21:37:01.362793,2025-08-03 21:39:58.527771,0 days 00:02:57.164978,4.2334211947915925,29,31,COMPLETE
940,45190.32515199729,2025-08-03 21:37:01.366174,2025-08-03 21:41:23.498569,0 days 00:04:22.132395,4.206206669417558,29,29,COMPLETE
941,19780.87195203281,2025-08-03 21:37:01.379593,2025-08-03 21:41:23.320408,0 days 00:04:21.940815,4.2448284888978804,28,49,COMPLETE
942,55493.60321836313,2025-08-03 21:37:01.392183,2025-08-03 21:41:21.692810,0 days 00:04:20.300627,4.2473334958732005,28,29,COMPLETE
943,12389.391269348116,2025-08-03 21:37:01.410371,2025-08-03 21:40:01.211982,0 days 00:02:59.801611,4.2177949146911775,14,29,COMPLETE
944,44651.68809917987,2025-08-03 21:37:01.438051,2025-08-03 21:41:23.978646,0 days 00:04:22.540595,4.2387486119474005,29,30,COMPLETE
945,44582.852524895316,2025-08-03 21:37:01.475116,2025-08-03 21:41:23.750585,0 days 00:04:22.275469,4.204237615184373,28,29,COMPLETE
946,44960.35494003617,2025-08-03 21:37:01.505165,2025-08-03 21:41:22.856286,0 days 00:04:21.351121,4.23413542239201,29,29,COMPLETE
947,15806.343501122123,2025-08-03 21:37:01.507130,2025-08-03 21:40:02.364830,0 days 00:03:00.857700,4.2410272974959,29,50,COMPLETE
948,45190.32515199729,2025-08-03 21:37:01.519855,2025-08-03 21:41:23.837792,0 days 00:04:22.317937,4.214868471008141,29,29,COMPLETE
949,20105.134840271694,2025-08-03 21:37:01.529847,2025-08-03 21:41:25.393608,0 days 00:04:23.863761,4.210381243677284,22,28,COMPLETE
950,17002.67951194082,2025-08-03 21:37:01.534107,2025-08-03 21:39:58.704058,0 days 00:02:57.169951,4.229156185459178,23,29,COMPLETE
951,19487.19849887608,2025-08-03 21:37:01.535711,2025-08-03 21:40:06.131513,0 days 00:03:04.595802,4.21549573398678,22,29,COMPLETE
952,19487.19849887608,2025-08-03 21:37:01.540104,2025-08-03 21:41:27.685499,0 days 00:04:26.145395,4.215297287789311,22,29,COMPLETE
953,18148.865215026948,2025-08-03 21:37:01.542005,2025-08-03 21:42:07.197956,0 days 00:05:05.655951,4.2664483163221565,22,29,COMPLETE
954,9572.627644600918,2025-08-03 21:37:01.542831,2025-08-03 21:41:25.125908,0 days 00:04:23.583077,4.217749220627419,22,50,COMPLETE
955,19487.19849887608,2025-08-03 21:37:01.547948,2025-08-03 21:42:03.965060,0 days 00:05:02.417112,4.204424492100714,22,29,COMPLETE
956,18275.118633238864,2025-08-03 21:37:01.549493,2025-08-03 21:41:26.851597,0 days 00:04:25.302104,4.226229868187862,22,30,COMPLETE
957,18889.178508397534,2025-08-03 21:37:01.555699,2025-08-03 21:40:05.044356,0 days 00:03:03.488657,4.261790844587899,22,30,COMPLETE
958,9572.627644600918,2025-08-03 21:37:01.558888,2025-08-03 21:40:02.343999,0 days 00:03:00.785111,4.230376249727333,22,49,COMPLETE
959,18275.118633238864,2025-08-03 21:37:01.561765,2025-08-03 21:41:27.186460,0 days 00:04:25.624695,4.229613189735301,22,30,COMPLETE
960,17548.68769575911,2025-08-03 21:37:01.563163,2025-08-03 21:42:04.800290,0 days 00:05:03.237127,4.226307645681112,22,28,COMPLETE
961,17002.67951194082,2025-08-03 21:37:01.567019,2025-08-03 21:41:26.384136,0 days 00:04:24.817117,4.223383785371277,22,29,COMPLETE
962,17002.67951194082,2025-08-03 21:37:01.569001,2025-08-03 21:40:06.286259,0 days 00:03:04.717258,4.222623226060179,22,29,COMPLETE
963,18148.865215026948,2025-08-03 21:37:01.572072,2025-08-03 21:42:13.122878,0 days 00:05:11.550806,4.239572206823129,22,29,COMPLETE
964,18148.865215026948,2025-08-03 21:37:01.573584,2025-08-03 21:41:31.287868,0 days 00:04:29.714284,4.239159787640695,22,29,COMPLETE
965,18148.865215026948,2025-08-03 21:37:01.577276,2025-08-03 21:40:05.757916,0 days 00:03:04.180640,4.266442291277869,22,29,COMPLETE
966,18454.25781003446,2025-08-03 21:37:01.579127,2025-08-03 21:40:03.289517,0 days 00:03:01.710390,4.276369957919179,22,29,COMPLETE
967,18891.972466451414,2025-08-03 21:37:01.582403,2025-08-03 21:40:10.289737,0 days 00:03:08.707334,4.20206608135636,23,29,COMPLETE
968,20964.581468762557,2025-08-03 21:37:01.588470,2025-08-03 21:40:08.851393,0 days 00:03:07.262923,4.177080106751957,22,29,COMPLETE
969,18275.118633238864,2025-08-03 21:37:01.590596,2025-08-03 21:40:06.190857,0 days 00:03:04.600261,4.2337033302514415,22,30,COMPLETE
970,18889.178508397534,2025-08-03 21:37:01.592649,2025-08-03 21:42:12.937497,0 days 00:05:11.344848,4.267536271927826,22,30,COMPLETE
971,17002.67951194082,2025-08-03 21:37:01.598962,2025-08-03 21:41:34.608343,0 days 00:04:33.009381,4.217244835281878,23,29,COMPLETE
972,19498.510260008432,2025-08-03 21:37:01.603419,2025-08-03 21:41:34.725073,0 days 00:04:33.121654,4.245769359619475,22,30,COMPLETE
973,18728.058986240554,2025-08-03 21:37:01.604715,2025-08-03 21:41:30.609012,0 days 00:04:29.004297,4.24183997375176,22,28,COMPLETE
974,17002.67951194082,2025-08-03 21:37:01.612772,2025-08-03 21:41:29.564486,0 days 00:04:27.951714,4.225463036014365,22,29,COMPLETE
975,19487.19849887608,2025-08-03 21:37:01.616966,2025-08-03 21:42:06.912575,0 days 00:05:05.295609,4.214625011517804,22,29,COMPLETE
976,16476.72875411279,2025-08-03 21:37:01.621327,2025-08-03 21:40:09.713978,0 days 00:03:08.092651,4.204086869947304,23,29,COMPLETE
977,20926.97916944497,2025-08-03 21:37:01.623631,2025-08-03 21:40:10.288164,0 days 00:03:08.664533,4.207157126758768,22,30,COMPLETE
978,19739.30176085499,2025-08-03 21:37:01.625014,2025-08-03 21:41:28.658531,0 days 00:04:27.033517,4.27654472313555,22,31,COMPLETE
979,17002.67951194082,2025-08-03 21:37:01.627295,2025-08-03 21:41:32.717852,0 days 00:04:31.090557,4.227275168977327,23,29,COMPLETE
980,19498.510260008432,2025-08-03 21:37:01.633211,2025-08-03 21:41:34.745824,0 days 00:04:33.112613,4.252717268307087,22,30,COMPLETE
981,17002.67951194082,2025-08-03 21:37:01.635746,2025-08-03 21:42:09.646594,0 days 00:05:08.010848,4.231763310581502,22,29,COMPLETE
982,17002.67951194082,2025-08-03 21:37:01.638138,2025-08-03 21:40:08.690686,0 days 00:03:07.052548,4.238328164570857,23,29,COMPLETE
983,17337.466420534405,2025-08-03 21:37:01.639396,2025-08-03 21:41:35.925954,0 days 00:04:34.286558,4.21268269294178,22,51,COMPLETE
984,17002.67951194082,2025-08-03 21:37:01.640667,2025-08-03 21:38:39.361013,0 days 00:01:37.720346,4.237234924874094,22,29,COMPLETE
985,17002.67951194082,2025-08-03 21:37:01.644888,2025-08-03 21:42:07.794576,0 days 00:05:06.149688,4.228924935058036,22,29,COMPLETE
986,18148.865215026948,2025-08-03 21:37:01.646583,2025-08-03 21:40:10.779847,0 days 00:03:09.133264,4.2493155691134685,22,29,COMPLETE
987,24083.16229227306,2025-08-03 21:37:01.649566,2025-08-03 21:40:10.182496,0 days 00:03:08.532930,4.278499285978438,23,29,COMPLETE
