number,value,datetime_start,datetime_complete,duration,params_atr_multiplier,params_atr_period,params_ema_period,state
986,2636.1012990416625,2025-08-03 22:52:27.366194,2025-08-03 22:58:21.893822,0 days 00:05:54.527628,1.4049399740043413,18,80,COMPLETE
987,9017.961875445464,2025-08-03 22:52:27.368459,2025-08-03 22:58:22.572914,0 days 00:05:55.204455,1.3993686166183685,18,26,COMPLETE
988,6074.90354922028,2025-08-03 22:52:27.393410,2025-08-03 22:58:21.554653,0 days 00:05:54.161243,1.377144044277868,18,30,COMPLETE
989,12101.814599953448,2025-08-03 22:52:27.399919,2025-08-03 23:01:27.134176,0 days 00:08:59.734257,1.444789662062655,18,30,COMPLETE
990,12408.846821363595,2025-08-03 22:52:27.424395,2025-08-03 22:58:23.658816,0 days 00:05:56.234421,1.425892432054455,17,22,COMPLETE
991,7878.756947498045,2025-08-03 22:52:27.442491,2025-08-03 22:54:06.072608,0 days 00:01:38.630117,1.3983374821520165,18,25,COMPLETE
992,7747.357589254147,2025-08-03 22:52:27.445309,2025-08-03 22:58:23.351547,0 days 00:05:55.906238,1.4173674030994852,18,44,COMPLETE
993,7693.054639233009,2025-08-03 22:52:27.482236,2025-08-03 22:58:24.554642,0 days 00:05:57.072406,1.3969175890600636,18,44,COMPLETE
994,9017.961875445464,2025-08-03 22:52:27.519559,2025-08-03 22:55:43.275711,0 days 00:03:15.756152,1.399644801465731,18,26,COMPLETE
995,22188.756950226107,2025-08-03 22:52:27.532496,2025-08-03 22:58:23.938217,0 days 00:05:56.405721,1.402946912852901,10,24,COMPLETE
996,7747.357589254147,2025-08-03 22:52:27.548412,2025-08-03 22:55:45.080610,0 days 00:03:17.532198,1.4224794590552416,18,44,COMPLETE
997,9835.990849126987,2025-08-03 22:52:27.550238,2025-08-03 23:01:30.974157,0 days 00:09:03.423919,1.4176106901001775,18,26,COMPLETE
998,9415.900283872843,2025-08-03 22:52:27.552813,2025-08-03 22:58:23.887587,0 days 00:05:56.334774,1.412161960092178,17,25,COMPLETE
999,4874.049823979281,2025-08-03 22:52:27.567267,2025-08-03 22:55:42.822590,0 days 00:03:15.255323,1.1573061145634516,17,44,COMPLETE
1000,9835.990849126987,2025-08-03 22:52:27.574380,2025-08-03 22:58:29.621801,0 days 00:06:02.047421,1.4161230300026841,18,26,COMPLETE
1001,14821.940836474489,2025-08-03 22:52:27.598810,2025-08-03 22:55:43.148872,0 days 00:03:15.550062,1.4184404079892714,17,26,COMPLETE
1002,12852.538180161067,2025-08-03 22:52:27.606202,2025-08-03 22:58:25.922911,0 days 00:05:58.316709,1.4422080562423032,18,44,COMPLETE
1003,7747.357589254147,2025-08-03 22:52:27.626034,2025-08-03 23:02:56.676564,0 days 00:10:29.050530,1.4229162632574333,18,44,COMPLETE
1004,7687.885990735932,2025-08-03 22:52:27.643917,2025-08-03 22:58:25.159933,0 days 00:05:57.516016,1.4078579889299454,18,25,COMPLETE
1005,7338.255230882453,2025-08-03 22:52:27.660059,2025-08-03 22:58:29.860442,0 days 00:06:02.200383,1.4269252690272147,18,30,COMPLETE
1006,6175.141915567574,2025-08-03 22:52:27.672979,2025-08-03 22:55:45.449321,0 days 00:03:17.776342,1.4128324755704271,18,30,COMPLETE
1007,6842.515480136385,2025-08-03 22:52:27.703601,2025-08-03 22:58:29.565286,0 days 00:06:01.861685,1.4027158889441331,18,44,COMPLETE
1008,20331.600258839444,2025-08-03 22:52:27.712023,2025-08-03 22:55:46.593140,0 days 00:03:18.881117,1.3829224102665787,10,23,COMPLETE
1009,17970.914792192558,2025-08-03 22:52:27.733397,2025-08-03 23:01:29.736400,0 days 00:09:02.003003,1.4324800985883983,10,25,COMPLETE
1010,8173.016312963624,2025-08-03 22:52:27.756975,2025-08-03 22:58:30.320632,0 days 00:06:02.563657,1.3656580828219027,18,44,COMPLETE
1011,9017.961875445464,2025-08-03 22:52:27.762631,2025-08-03 22:58:29.042033,0 days 00:06:01.279402,1.3978791307332,18,26,COMPLETE
1012,8602.954265505157,2025-08-03 22:52:27.772314,2025-08-03 22:55:47.479048,0 days 00:03:19.706734,1.3707551747339217,18,26,COMPLETE
1013,9183.050343547302,2025-08-03 22:52:27.773623,2025-08-03 23:01:31.671520,0 days 00:09:03.897897,1.4248690291145658,18,22,COMPLETE
1014,18882.209268394417,2025-08-03 22:52:27.779039,2025-08-03 23:01:28.817236,0 days 00:09:01.038197,1.4653201776231881,10,25,COMPLETE
1015,10462.806678869689,2025-08-03 22:52:27.782561,2025-08-03 22:58:31.317921,0 days 00:06:03.535360,1.4167389598560423,17,44,COMPLETE
1016,10834.321949727408,2025-08-03 22:52:27.787709,2025-08-03 23:01:33.372710,0 days 00:09:05.585001,1.431487731114272,17,44,COMPLETE
1017,12663.495286487669,2025-08-03 22:52:27.790609,2025-08-03 22:55:48.412235,0 days 00:03:20.621626,1.4562633868214236,18,30,COMPLETE
1018,21947.5675357016,2025-08-03 22:52:27.791858,2025-08-03 22:55:48.093601,0 days 00:03:20.301743,1.4207446732129392,10,26,COMPLETE
1019,10834.321949727408,2025-08-03 22:52:27.798185,2025-08-03 22:58:38.813512,0 days 00:06:11.015327,1.436751888455429,17,44,COMPLETE
1020,12006.78948490076,2025-08-03 22:52:27.802608,2025-08-03 22:55:48.741365,0 days 00:03:20.938757,1.4440983917884238,17,25,COMPLETE
1021,6597.297162069376,2025-08-03 22:52:27.805376,2025-08-03 22:58:33.836272,0 days 00:06:06.030896,1.3909057251570225,18,30,COMPLETE
1022,7164.208229906222,2025-08-03 22:52:27.807215,2025-08-03 22:58:31.808194,0 days 00:06:04.000979,1.3932896501926446,18,43,COMPLETE
1023,7747.357589254147,2025-08-03 22:52:27.808501,2025-08-03 22:55:47.210978,0 days 00:03:19.402477,1.4180083302783901,18,44,COMPLETE
1024,6738.015275632655,2025-08-03 22:52:27.810750,2025-08-03 23:01:35.541295,0 days 00:09:07.730545,1.3566710806642532,17,23,COMPLETE
1025,6597.297162069376,2025-08-03 22:52:27.814515,2025-08-03 23:01:38.737124,0 days 00:09:10.922609,1.390125245045592,18,30,COMPLETE
1026,7087.264455761581,2025-08-03 22:52:27.817726,2025-08-03 22:58:34.871484,0 days 00:06:07.053758,1.4248610424073314,18,43,COMPLETE
1027,16466.30582961786,2025-08-03 22:52:27.820795,2025-08-03 22:58:39.319025,0 days 00:06:11.498230,1.442796317769612,18,26,COMPLETE
1028,7687.885990735932,2025-08-03 22:52:27.822706,2025-08-03 22:58:39.945205,0 days 00:06:12.122499,1.4105312436904693,18,25,COMPLETE
1029,8966.242611780925,2025-08-03 22:52:27.825049,2025-08-03 22:58:38.978244,0 days 00:06:11.153195,1.4245785199383119,18,22,COMPLETE
1030,6597.297162069376,2025-08-03 22:52:27.827173,2025-08-03 22:55:48.204330,0 days 00:03:20.377157,1.3867150250518034,18,30,COMPLETE
1031,12102.72256275598,2025-08-03 22:52:27.829196,2025-08-03 22:55:49.688270,0 days 00:03:21.859074,1.4508316554929732,17,43,COMPLETE
1032,8062.656803152144,2025-08-03 22:52:27.830848,2025-08-03 22:58:40.080538,0 days 00:06:12.249690,1.428954021304599,18,44,COMPLETE
1033,13923.409066910228,2025-08-03 22:52:27.832864,2025-08-03 22:58:39.902900,0 days 00:06:12.070036,1.4274028538554624,17,26,COMPLETE
1034,10431.149749505736,2025-08-03 22:52:27.838035,2025-08-03 22:58:39.080628,0 days 00:06:11.242593,1.4308324274772513,18,26,COMPLETE
1035,6174.442234637671,2025-08-03 22:52:27.840166,2025-08-03 22:58:41.948958,0 days 00:06:14.108792,1.1958710276502598,17,30,COMPLETE
1036,8197.027281034516,2025-08-03 22:52:27.842222,2025-08-03 22:58:39.668705,0 days 00:06:11.826483,1.3943452204972662,18,25,COMPLETE
1037,8945.26538428555,2025-08-03 22:52:27.844301,2025-08-03 22:58:40.841221,0 days 00:06:12.996920,1.4057753167135103,18,26,COMPLETE
1038,6189.425980150861,2025-08-03 22:52:27.846610,2025-08-03 22:58:42.104508,0 days 00:06:14.257898,1.4099110013059326,18,43,COMPLETE
1039,8959.372983006404,2025-08-03 22:52:27.849066,2025-08-03 22:58:42.204189,0 days 00:06:14.355123,1.4297634551150011,18,25,COMPLETE
1040,9815.101471787368,2025-08-03 22:52:27.849962,2025-08-03 22:55:52.136486,0 days 00:03:24.286524,1.43497279649962,18,43,COMPLETE
1041,13471.842658974758,2025-08-03 22:52:27.852307,2025-08-03 23:01:35.555389,0 days 00:09:07.703082,1.4564763661756899,17,44,COMPLETE
1042,10431.149749505736,2025-08-03 22:52:27.853445,2025-08-03 22:58:44.215111,0 days 00:06:16.361666,1.427691375521049,18,26,COMPLETE
1043,6189.425980150861,2025-08-03 22:52:27.856266,2025-08-03 22:58:42.015481,0 days 00:06:14.159215,1.4131274237751352,18,43,COMPLETE
1044,21947.5675357016,2025-08-03 22:52:27.858501,2025-08-03 22:58:42.790753,0 days 00:06:14.932252,1.4203720714874593,10,26,COMPLETE
1045,7747.357589254147,2025-08-03 22:52:27.861013,2025-08-03 22:58:45.289118,0 days 00:06:17.428105,1.4211587945546034,18,44,COMPLETE
1046,14012.384757358523,2025-08-03 22:52:27.864610,2025-08-03 22:58:44.359982,0 days 00:06:16.495372,1.4491588791612895,18,31,COMPLETE
1047,6838.114549659285,2025-08-03 22:52:27.868027,2025-08-03 22:55:54.155915,0 days 00:03:26.287888,1.1548906855812187,18,30,COMPLETE
1048,6691.790908304731,2025-08-03 22:52:27.869059,2025-08-03 22:58:46.029369,0 days 00:06:18.160310,1.3886445089349733,17,43,COMPLETE
1049,7747.357589254147,2025-08-03 22:52:27.871485,2025-08-03 22:58:45.712941,0 days 00:06:17.841456,1.4144385775912118,18,44,COMPLETE
1050,10834.321949727408,2025-08-03 22:52:27.873525,2025-08-03 23:01:46.045068,0 days 00:09:18.171543,1.440072451440867,17,44,COMPLETE
1051,6738.015275632655,2025-08-03 22:52:27.877254,2025-08-03 22:58:44.936115,0 days 00:06:17.058861,1.3581432131361508,17,23,COMPLETE
1052,16360.632043557174,2025-08-03 22:52:27.878982,2025-08-03 22:55:54.140253,0 days 00:03:26.261271,1.4051841819981226,10,44,COMPLETE
1053,16375.73332590215,2025-08-03 22:52:27.884377,2025-08-03 22:58:52.215499,0 days 00:06:24.331122,1.4530387343217335,10,23,COMPLETE
1054,11045.303567790672,2025-08-03 22:52:27.886873,2025-08-03 23:01:42.701249,0 days 00:09:14.814376,1.3959757782709188,16,26,COMPLETE
1055,9595.66721389763,2025-08-03 22:52:27.892784,2025-08-03 22:58:49.515304,0 days 00:06:21.622520,1.4345862977938904,17,23,COMPLETE
1056,12408.846821363595,2025-08-03 22:52:27.897318,2025-08-03 22:58:49.682591,0 days 00:06:21.785273,1.4224599192628546,17,22,COMPLETE
1057,7198.579525315877,2025-08-03 22:52:27.901847,2025-08-03 22:58:47.653989,0 days 00:06:19.752142,1.428417521431695,18,43,COMPLETE
1058,7198.579525315877,2025-08-03 22:52:27.903074,2025-08-03 23:03:04.644883,0 days 00:10:36.741809,1.4313594104729481,18,43,COMPLETE
1059,10834.321949727408,2025-08-03 22:52:27.904045,2025-08-03 22:55:59.511528,0 days 00:03:31.607483,1.4391257834708564,17,44,COMPLETE
1060,7485.5344098249325,2025-08-03 22:52:27.906097,2025-08-03 22:55:54.697565,0 days 00:03:26.791468,1.3873355258787636,17,44,COMPLETE
1061,10276.20196492215,2025-08-03 22:52:27.908532,2025-08-03 22:58:46.773692,0 days 00:06:18.865160,1.6829432058812046,17,22,COMPLETE
1062,8778.48183071875,2025-08-03 22:52:27.909894,2025-08-03 22:55:55.977619,0 days 00:03:28.067725,1.3893735002630865,17,26,COMPLETE
1063,7493.1874421645325,2025-08-03 22:52:27.913841,2025-08-03 22:58:51.690386,0 days 00:06:23.776545,1.400166237687927,18,44,COMPLETE
1064,12662.535053137068,2025-08-03 22:52:27.918150,2025-08-03 22:58:50.529538,0 days 00:06:22.611388,1.4368035511349255,18,22,COMPLETE
1065,7611.455850440454,2025-08-03 22:52:27.924404,2025-08-03 22:58:49.861612,0 days 00:06:21.937208,1.4122646800515584,17,43,COMPLETE
1066,9885.990310582276,2025-08-03 22:52:27.928048,2025-08-03 22:58:53.286741,0 days 00:06:25.358693,1.4338413400579952,17,30,COMPLETE
1067,17809.335570410847,2025-08-03 22:52:27.930556,2025-08-03 23:01:52.260937,0 days 00:09:24.330381,1.4204975239549955,10,25,COMPLETE
1068,7087.264455761581,2025-08-03 22:52:27.934383,2025-08-03 23:01:52.489944,0 days 00:09:24.555561,1.4257245968274344,18,43,COMPLETE
1069,7747.357589254147,2025-08-03 22:52:27.936247,2025-08-03 22:55:55.837933,0 days 00:03:27.901686,1.420751969345705,18,44,COMPLETE
1070,10462.806678869689,2025-08-03 22:52:27.946476,2025-08-03 22:56:02.300951,0 days 00:03:34.354475,1.4180159944268802,17,44,COMPLETE
1071,16360.632043557174,2025-08-03 22:52:27.948297,2025-08-03 23:03:02.549841,0 days 00:10:34.601544,1.406587423162418,10,44,COMPLETE
1072,5122.440396426124,2025-08-03 22:52:27.950031,2025-08-03 22:56:01.485909,0 days 00:03:33.535878,1.1549404118990003,18,22,COMPLETE
1073,7939.065418449373,2025-08-03 22:52:27.952732,2025-08-03 22:58:54.420763,0 days 00:06:26.468031,1.4256398739170981,18,44,COMPLETE
1074,8062.656803152144,2025-08-03 22:52:27.957015,2025-08-03 22:58:54.311710,0 days 00:06:26.354695,1.4323422395435363,18,44,COMPLETE
1075,12408.846821363595,2025-08-03 22:52:27.959737,2025-08-03 22:58:53.624402,0 days 00:06:25.664665,1.424180214469836,17,22,COMPLETE
1076,12910.309200609765,2025-08-03 22:52:27.961508,2025-08-03 22:59:01.615385,0 days 00:06:33.653877,1.4282832847319187,10,43,COMPLETE
1077,14812.014566748716,2025-08-03 22:52:27.963176,2025-08-03 22:58:56.246634,0 days 00:06:28.283458,1.4579655585162248,18,24,COMPLETE
1078,7331.308047140116,2025-08-03 22:52:27.966115,2025-08-03 22:56:02.780345,0 days 00:03:34.814230,1.371023379705846,17,43,COMPLETE
1079,12006.78948490076,2025-08-03 22:52:27.971840,2025-08-03 22:59:00.656905,0 days 00:06:32.685065,1.441679975371751,17,25,COMPLETE
1080,7224.5803062903415,2025-08-03 22:52:27.976213,2025-08-03 23:01:54.387797,0 days 00:09:26.411584,1.42565882482662,18,30,COMPLETE
1081,8062.656803152144,2025-08-03 22:52:27.978155,2025-08-03 22:56:02.915386,0 days 00:03:34.937231,1.4290490108276879,18,44,COMPLETE
1082,14063.126526122503,2025-08-03 22:52:27.979182,2025-08-03 23:01:48.033736,0 days 00:09:20.054554,1.4373148366986084,18,26,COMPLETE
1083,13380.519006243054,2025-08-03 22:52:27.990318,2025-08-03 22:56:05.703841,0 days 00:03:37.713523,1.427196596664978,17,27,COMPLETE
1084,12123.262920278894,2025-08-03 22:52:27.991762,2025-08-03 22:56:01.720665,0 days 00:03:33.728903,1.4377949463519486,18,25,COMPLETE
1085,12852.538180161067,2025-08-03 22:52:27.993766,2025-08-03 22:58:56.324386,0 days 00:06:28.330620,1.4433311657574748,18,44,COMPLETE
1086,7338.255230882453,2025-08-03 22:52:27.996090,2025-08-03 23:01:54.464416,0 days 00:09:26.468326,1.427073888935633,18,30,COMPLETE
1087,6763.328905630644,2025-08-03 22:52:27.998414,2025-08-03 22:56:03.791482,0 days 00:03:35.793068,1.2035262122374029,18,25,COMPLETE
1088,8945.26538428555,2025-08-03 22:52:28.000238,2025-08-03 23:01:55.743580,0 days 00:09:27.743342,1.4057489196929398,18,26,COMPLETE
1089,6175.141915567574,2025-08-03 22:52:28.003967,2025-08-03 23:01:54.221149,0 days 00:09:26.217182,1.4125999781465268,18,30,COMPLETE
1090,11646.875280404383,2025-08-03 22:52:28.007249,2025-08-03 22:56:02.170892,0 days 00:03:34.163643,1.4596368408105322,18,43,COMPLETE
1091,8663.799298347265,2025-08-03 22:52:28.010839,2025-08-03 22:58:59.656809,0 days 00:06:31.645970,1.381825377199702,18,26,COMPLETE
1092,9419.830827699154,2025-08-03 22:52:28.013549,2025-08-03 23:01:51.069577,0 days 00:09:23.056028,1.382772759520517,18,26,COMPLETE
1093,13234.775000167925,2025-08-03 22:52:28.015287,2025-08-03 23:01:57.608220,0 days 00:09:29.592933,1.4507872657079928,18,44,COMPLETE
1094,8127.814062571715,2025-08-03 22:52:28.020148,2025-08-03 22:56:04.313794,0 days 00:03:36.293646,1.405974230572534,17,43,COMPLETE
1095,7338.255230882453,2025-08-03 22:52:28.021375,2025-08-03 22:59:03.427398,0 days 00:06:35.406023,1.4267955357821345,18,30,COMPLETE
1096,14588.223747165914,2025-08-03 22:52:28.026152,2025-08-03 22:58:59.023796,0 days 00:06:30.997644,1.4512368545453722,18,24,COMPLETE
1097,7611.455850440454,2025-08-03 22:52:28.028978,2025-08-03 22:59:05.062989,0 days 00:06:37.034011,1.413603299803622,17,43,COMPLETE
1098,9760.500015303098,2025-08-03 22:52:28.032500,2025-08-03 22:56:06.093102,0 days 00:03:38.060602,1.6890789584245394,18,22,COMPLETE
1099,6026.279685125495,2025-08-03 22:52:28.034637,2025-08-03 22:56:04.660341,0 days 00:03:36.625704,1.371930257177067,18,30,COMPLETE
1100,6128.62099546701,2025-08-03 22:52:28.036378,2025-08-03 23:01:59.027584,0 days 00:09:30.991206,1.123580658228378,18,43,COMPLETE
1101,9743.551520713643,2025-08-03 22:52:28.038211,2025-08-03 22:59:01.382991,0 days 00:06:33.344780,1.4138025531085578,17,22,COMPLETE
1102,10776.639520795889,2025-08-03 22:52:28.041272,2025-08-03 23:01:59.663141,0 days 00:09:31.621869,1.4176343571027428,16,23,COMPLETE
1103,9698.72261426335,2025-08-03 22:52:28.042735,2025-08-03 22:59:02.025461,0 days 00:06:33.982726,1.4357993876105994,17,43,COMPLETE
1104,12101.814599953448,2025-08-03 22:52:28.043553,2025-08-03 22:59:02.817529,0 days 00:06:34.773976,1.452352764518488,18,30,COMPLETE
1105,8795.118368192128,2025-08-03 22:52:28.044491,2025-08-03 22:59:04.544878,0 days 00:06:36.500387,1.364316996496165,18,26,COMPLETE
1106,9415.900283872843,2025-08-03 22:52:28.045898,2025-08-03 22:59:08.324581,0 days 00:06:40.278683,1.4129543870166774,17,25,COMPLETE
1107,7939.065418449373,2025-08-03 22:52:28.048662,2025-08-03 22:54:13.360682,0 days 00:01:45.312020,1.4262081180851782,18,44,COMPLETE
1108,7747.357589254147,2025-08-03 22:52:28.051136,2025-08-03 22:58:58.310530,0 days 00:06:30.259394,1.422652578525618,18,44,COMPLETE
1109,9503.729294974759,2025-08-03 22:52:28.052317,2025-08-03 22:59:05.637731,0 days 00:06:37.585414,1.4064078654799228,17,25,COMPLETE
1110,6630.720646859493,2025-08-03 22:52:28.056464,2025-08-03 22:54:14.103726,0 days 00:01:46.047262,1.3906100806311978,18,23,COMPLETE
1111,6597.297162069376,2025-08-03 22:52:28.057507,2025-08-03 22:56:04.157989,0 days 00:03:36.100482,1.3888681807309213,18,30,COMPLETE
1112,7164.208229906222,2025-08-03 22:52:28.062405,2025-08-03 23:01:51.047596,0 days 00:09:22.985191,1.3898592726672012,18,43,COMPLETE
1113,9835.990849126987,2025-08-03 22:52:28.064337,2025-08-03 22:56:06.450224,0 days 00:03:38.385887,1.4223047704183893,18,26,COMPLETE
1114,6904.236067480623,2025-08-03 22:52:28.066542,2025-08-03 22:59:04.086280,0 days 00:06:36.019738,1.417794813804328,18,30,COMPLETE
1115,6914.573099798884,2025-08-03 22:52:28.072452,2025-08-03 22:59:05.322586,0 days 00:06:37.250134,1.4222184425993603,18,43,COMPLETE
1116,8959.372983006404,2025-08-03 22:52:28.074669,2025-08-03 22:56:08.044948,0 days 00:03:39.970279,1.4297916492816838,18,25,COMPLETE
1117,8188.16210199219,2025-08-03 22:52:28.079106,2025-08-03 22:59:04.448821,0 days 00:06:36.369715,1.4087070916207864,17,43,COMPLETE
1118,8966.242611780925,2025-08-03 22:52:28.081787,2025-08-03 22:59:04.426082,0 days 00:06:36.344295,1.4226140528349327,18,22,COMPLETE
1119,7730.5212247453655,2025-08-03 22:52:28.082607,2025-08-03 23:02:00.020130,0 days 00:09:31.937523,1.4082464184463044,17,30,COMPLETE
1120,16189.44986449555,2025-08-03 22:52:28.084147,2025-08-03 22:59:03.863536,0 days 00:06:35.779389,1.4594526281578242,17,26,COMPLETE
1121,8650.935551645884,2025-08-03 22:52:28.089505,2025-08-03 22:56:09.943479,0 days 00:03:41.853974,1.4256847665936894,18,24,COMPLETE
1122,7629.6060221858515,2025-08-03 22:52:28.090679,2025-08-03 23:01:55.426679,0 days 00:09:27.336000,1.3804185469563637,17,22,COMPLETE
1123,12006.78948490076,2025-08-03 22:52:28.091936,2025-08-03 22:56:07.523622,0 days 00:03:39.431686,1.4343108265768696,17,25,COMPLETE
1124,14402.23879557655,2025-08-03 22:52:28.093549,2025-08-03 22:59:05.679787,0 days 00:06:37.586238,1.4193632131837688,10,44,COMPLETE
1125,11473.535921234294,2025-08-03 22:52:28.097375,2025-08-03 22:56:09.318020,0 days 00:03:41.220645,1.442838557359197,17,31,COMPLETE
1126,6283.019273894404,2025-08-03 22:52:28.098977,2025-08-03 22:59:02.686436,0 days 00:06:34.587459,1.4056597777674122,18,30,COMPLETE
1127,7704.582896252899,2025-08-03 22:52:28.103101,2025-08-03 22:59:05.468444,0 days 00:06:37.365343,1.3987355850106327,18,24,COMPLETE
1128,9885.990310582276,2025-08-03 22:52:28.103824,2025-08-03 22:59:10.628534,0 days 00:06:42.524710,1.4441938497974192,17,30,COMPLETE
1129,6993.598897558118,2025-08-03 22:52:28.105632,2025-08-03 23:02:01.292095,0 days 00:09:33.186463,1.3570708582085154,18,25,COMPLETE
1130,7747.357589254147,2025-08-03 22:52:28.107075,2025-08-03 22:59:06.970877,0 days 00:06:38.863802,1.4240310815382713,18,44,COMPLETE
1131,14402.23879557655,2025-08-03 22:52:28.109477,2025-08-03 23:01:57.824528,0 days 00:09:29.715051,1.4298331895080294,10,44,COMPLETE
1132,7338.255230882453,2025-08-03 22:52:28.110714,2025-08-03 23:01:56.988465,0 days 00:09:28.877751,1.43208496711492,18,30,COMPLETE
1133,12123.262920278894,2025-08-03 22:52:28.111918,2025-08-03 22:59:06.559363,0 days 00:06:38.447445,1.438092632314461,18,25,COMPLETE
1134,6939.479063809482,2025-08-03 22:52:28.113290,2025-08-03 22:59:06.670102,0 days 00:06:38.556812,1.4089255721475142,18,44,COMPLETE
1135,6087.89955763231,2025-08-03 22:52:28.116926,2025-08-03 22:59:08.399323,0 days 00:06:40.282397,1.4103110546551025,18,23,COMPLETE
1136,6939.479063809482,2025-08-03 22:52:28.118192,2025-08-03 22:59:03.993048,0 days 00:06:35.874856,1.4090060966239506,18,44,COMPLETE
1137,12663.495286487669,2025-08-03 22:52:28.119404,2025-08-03 23:01:57.889419,0 days 00:09:29.770015,1.4568646012956634,18,30,COMPLETE
1138,7286.817930346471,2025-08-03 22:52:28.120442,2025-08-03 22:59:05.963178,0 days 00:06:37.842736,1.398949370111571,17,30,COMPLETE
1139,8518.279787775056,2025-08-03 22:52:28.121824,2025-08-03 22:59:10.351254,0 days 00:06:42.229430,1.413359078691812,17,44,COMPLETE
1140,12521.942377188107,2025-08-03 22:52:28.123300,2025-08-03 22:59:08.004263,0 days 00:06:39.880963,1.4190177612031545,17,24,COMPLETE
1141,9743.551520713643,2025-08-03 22:52:28.124281,2025-08-03 22:59:05.450992,0 days 00:06:37.326711,1.4127947130172827,17,22,COMPLETE
1142,8966.242611780925,2025-08-03 22:52:28.126322,2025-08-03 23:02:00.434691,0 days 00:09:32.308369,1.4188226445163021,18,22,COMPLETE
1143,7747.357589254147,2025-08-03 22:52:28.130334,2025-08-03 22:59:11.296339,0 days 00:06:43.166005,1.4195821219316072,18,44,COMPLETE
1144,6239.720751829823,2025-08-03 22:52:28.131891,2025-08-03 22:56:11.017311,0 days 00:03:42.885420,1.3253968248052117,18,22,COMPLETE
1145,14063.126526122503,2025-08-03 22:52:28.133120,2025-08-03 22:56:09.068503,0 days 00:03:40.935383,1.4369401040804934,18,26,COMPLETE
1146,17970.914792192558,2025-08-03 22:52:28.134516,2025-08-03 22:54:16.183474,0 days 00:01:48.048958,1.4359197238953425,10,25,COMPLETE
1147,8062.656803152144,2025-08-03 22:52:28.138503,2025-08-03 23:03:07.199966,0 days 00:10:39.061463,1.4287271271881994,18,44,COMPLETE
1148,8797.645149106946,2025-08-03 22:52:28.141191,2025-08-03 22:56:11.643310,0 days 00:03:43.502119,1.4119518760184437,18,26,COMPLETE
