number,value,datetime_start,datetime_complete,duration,params_atr_multiplier,params_atr_period,params_ema_period,state
0,982.1919912860901,2025-08-03 21:36:24.052108,2025-08-03 21:36:25.919017,0 days 00:00:01.866909,3.6776016278294055,41,70,COMPLETE
1,962.5689847760024,2025-08-03 21:36:24.054219,2025-08-03 21:36:26.109443,0 days 00:00:02.055224,3.3994916308162613,28,93,COMPLETE
2,3630.5264430143447,2025-08-03 21:36:24.057508,2025-08-03 21:36:26.186677,0 days 00:00:02.129169,2.6221850934207835,42,88,COMPLETE
3,2949.6409715317027,2025-08-03 21:36:24.059150,2025-08-03 21:36:26.560138,0 days 00:00:02.500988,2.862113104115328,16,46,COMPLETE
4,3264.3006707914424,2025-08-03 21:36:24.062282,2025-08-03 21:36:26.719395,0 days 00:00:02.657113,2.6751639659373954,32,79,COMPLETE
5,-inf,2025-08-03 21:36:24.071311,2025-08-03 21:36:26.683326,0 days 00:00:02.612015,1.5754834431943854,45,42,COMPLETE
6,-827.3623880474036,2025-08-03 21:36:24.072266,2025-08-03 21:36:26.846111,0 days 00:00:02.773845,3.2848413634576703,35,61,COMPLETE
7,3783.0832958323626,2025-08-03 21:36:24.076018,2025-08-03 21:36:26.569138,0 days 00:00:02.493120,4.022187153234704,50,66,COMPLETE
8,4470.302679310403,2025-08-03 21:36:24.093517,2025-08-03 21:36:27.301650,0 days 00:00:03.208133,2.7746448630524987,12,36,COMPLETE
9,6091.178661591487,2025-08-03 21:36:24.100658,2025-08-03 21:36:28.177775,0 days 00:00:04.077117,3.8522697182486745,27,56,COMPLETE
10,6511.753201863409,2025-08-03 21:36:24.102576,2025-08-03 21:36:28.572701,0 days 00:00:04.470125,1.052561284303584,19,20,COMPLETE
11,4362.319899728176,2025-08-03 21:36:24.104814,2025-08-03 21:36:28.893687,0 days 00:00:04.788873,1.2863798040594001,20,69,COMPLETE
12,1202.595602718724,2025-08-03 21:36:24.108651,2025-08-03 21:36:28.926023,0 days 00:00:04.817372,3.0602287560308032,38,65,COMPLETE
13,3379.1796471777384,2025-08-03 21:36:24.131293,2025-08-03 21:36:28.949754,0 days 00:00:04.818461,3.057113485769604,19,93,COMPLETE
14,4436.857823000565,2025-08-03 21:36:24.138742,2025-08-03 21:36:29.392938,0 days 00:00:05.254196,2.011016076843215,13,63,COMPLETE
15,8551.960200078822,2025-08-03 21:36:24.192470,2025-08-03 21:36:31.574627,0 days 00:00:07.382157,1.6752543212849136,18,78,COMPLETE
16,26880.094441580313,2025-08-03 21:36:24.278803,2025-08-03 21:36:31.453139,0 days 00:00:07.174336,1.6636742839119303,6,46,COMPLETE
17,4067.856982512681,2025-08-03 21:36:24.385393,2025-08-03 21:36:32.261344,0 days 00:00:07.875951,4.357308277748155,9,76,COMPLETE
18,1058.2950714394224,2025-08-03 21:36:24.460862,2025-08-03 21:36:32.617386,0 days 00:00:08.156524,0.8917453981198533,32,82,COMPLETE
19,3934.45816276525,2025-08-03 21:36:24.501262,2025-08-03 21:36:32.415177,0 days 00:00:07.913915,2.5588401424091445,31,75,COMPLETE
20,28.134554787966593,2025-08-03 21:36:24.910863,2025-08-03 21:36:33.172916,0 days 00:00:08.262053,3.252401884061866,30,78,COMPLETE
21,-inf,2025-08-03 21:36:25.065365,2025-08-03 21:36:33.693250,0 days 00:00:08.627885,2.840377687803323,46,42,COMPLETE
22,10941.202810227802,2025-08-03 21:36:25.184693,2025-08-03 21:36:34.026659,0 days 00:00:08.841966,4.110018377096283,22,75,COMPLETE
23,1761.7663968090294,2025-08-03 21:36:25.258758,2025-08-03 21:36:34.598997,0 days 00:00:09.340239,0.9629019642846397,47,99,COMPLETE
24,4856.640796029275,2025-08-03 21:36:25.391663,2025-08-03 21:36:35.114990,0 days 00:00:09.723327,3.0568549139362475,44,45,COMPLETE
25,3105.7618129559737,2025-08-03 21:36:25.492555,2025-08-03 21:36:35.013171,0 days 00:00:09.520616,3.174674798090747,50,43,COMPLETE
26,8726.462999755617,2025-08-03 21:36:25.590685,2025-08-03 21:36:35.973493,0 days 00:00:10.382808,3.5338539085420977,42,32,COMPLETE
27,1926.4004363754807,2025-08-03 21:36:25.956017,2025-08-03 21:36:36.356640,0 days 00:00:10.400623,3.5275744518986962,30,91,COMPLETE
28,3456.814440233007,2025-08-03 21:36:26.116544,2025-08-03 21:36:36.406729,0 days 00:00:10.290185,2.248842621649267,49,83,COMPLETE
29,3990.0175645367885,2025-08-03 21:36:26.158021,2025-08-03 21:36:36.408972,0 days 00:00:10.250951,0.937558104747104,40,46,COMPLETE
30,4144.9151037708425,2025-08-03 21:36:26.447862,2025-08-03 21:36:32.455423,0 days 00:00:06.007561,2.7855202331256033,5,61,COMPLETE
31,4009.5139131318992,2025-08-03 21:36:26.521707,2025-08-03 21:36:50.106630,0 days 00:00:23.584923,2.376383210802236,41,70,COMPLETE
32,-inf,2025-08-03 21:36:26.613244,2025-08-03 21:36:37.993391,0 days 00:00:11.380147,2.1450581311552073,46,35,COMPLETE
33,9125.360393192997,2025-08-03 21:36:26.660905,2025-08-03 21:36:38.500336,0 days 00:00:11.839431,1.4651301897082782,47,48,COMPLETE
34,12649.91305077062,2025-08-03 21:36:26.676700,2025-08-03 21:36:38.757994,0 days 00:00:12.081294,3.181044629706191,11,46,COMPLETE
35,23049.317179410657,2025-08-03 21:36:26.725684,2025-08-03 21:36:38.493796,0 days 00:00:11.768112,3.689120661893082,19,41,COMPLETE
36,7534.55399148588,2025-08-03 21:36:26.760028,2025-08-03 21:36:39.052774,0 days 00:00:12.292746,3.3890125327171168,7,45,COMPLETE
37,-260.65729131197793,2025-08-03 21:36:26.760908,2025-08-03 21:36:39.760007,0 days 00:00:12.999099,0.5507970342817434,39,95,COMPLETE
38,7739.126648586208,2025-08-03 21:36:26.761933,2025-08-03 21:36:39.344960,0 days 00:00:12.583027,4.0838508885778895,14,95,COMPLETE
39,17060.096092694803,2025-08-03 21:36:26.781032,2025-08-03 21:36:41.299346,0 days 00:00:14.518314,1.8885114257083666,30,27,COMPLETE
40,18683.9926386575,2025-08-03 21:36:26.805373,2025-08-03 21:36:42.284895,0 days 00:00:15.479522,4.022545467285629,39,33,COMPLETE
41,-inf,2025-08-03 21:36:26.843508,2025-08-03 21:36:43.931927,0 days 00:00:17.088419,4.35519344325295,49,41,COMPLETE
42,4460.60587455228,2025-08-03 21:36:26.846442,2025-08-03 21:36:43.145861,0 days 00:00:16.299419,3.264158628430974,48,54,COMPLETE
43,9390.98980983143,2025-08-03 21:36:26.848113,2025-08-03 21:36:43.133685,0 days 00:00:16.285572,1.9269916810350165,37,32,COMPLETE
44,3224.9067804706588,2025-08-03 21:36:26.849597,2025-08-03 21:36:42.490682,0 days 00:00:15.641085,2.5338556855842325,43,66,COMPLETE
45,594.1834426800348,2025-08-03 21:36:26.853971,2025-08-03 21:36:43.656616,0 days 00:00:16.802645,3.381001809920498,17,90,COMPLETE
46,9713.783216041844,2025-08-03 21:36:26.855762,2025-08-03 21:36:43.638843,0 days 00:00:16.783081,1.1993316471827362,27,24,COMPLETE
47,24250.735816700082,2025-08-03 21:36:26.878733,2025-08-03 21:36:44.263769,0 days 00:00:17.385036,4.177656337487841,25,45,COMPLETE
48,6004.677563106503,2025-08-03 21:36:26.879763,2025-08-03 21:36:44.106502,0 days 00:00:17.226739,4.062191764214299,40,89,COMPLETE
49,4059.154044234684,2025-08-03 21:36:26.932740,2025-08-03 21:36:44.625555,0 days 00:00:17.692815,2.6699488520499735,34,47,COMPLETE
50,8079.039425718365,2025-08-03 21:36:26.945875,2025-08-03 21:36:45.400392,0 days 00:00:18.454517,1.4496973338257173,45,90,COMPLETE
51,5462.834232641449,2025-08-03 21:36:26.957171,2025-08-03 21:36:46.597574,0 days 00:00:19.640403,2.3850140560116215,8,82,COMPLETE
52,-inf,2025-08-03 21:36:26.984573,2025-08-03 21:36:45.742736,0 days 00:00:18.758163,4.081295826689805,46,26,COMPLETE
53,4396.184045768919,2025-08-03 21:36:26.985554,2025-08-03 21:36:45.803829,0 days 00:00:18.818275,0.6495930600524948,40,42,COMPLETE
54,1072.7354935735268,2025-08-03 21:36:27.031483,2025-08-03 21:36:46.369056,0 days 00:00:19.337573,1.1169565496508493,48,78,COMPLETE
55,23864.8557504507,2025-08-03 21:36:27.042218,2025-08-03 21:36:46.622745,0 days 00:00:19.580527,3.937463831291369,27,46,COMPLETE
56,1118.5177242027507,2025-08-03 21:36:27.059643,2025-08-03 21:36:36.679219,0 days 00:00:09.619576,1.016860239662749,47,91,COMPLETE
57,5186.372324631539,2025-08-03 21:36:27.065939,2025-08-03 21:36:48.094480,0 days 00:00:21.028541,0.6825279694574409,25,45,COMPLETE
58,2192.069203968067,2025-08-03 21:36:27.112223,2025-08-03 21:36:47.409744,0 days 00:00:20.297521,1.0927299679565894,11,69,COMPLETE
59,3234.8962694795428,2025-08-03 21:36:27.163123,2025-08-03 21:36:49.499940,0 days 00:00:22.336817,3.4775507657713547,40,20,COMPLETE
60,2415.6644156053417,2025-08-03 21:36:27.182351,2025-08-03 21:36:50.052752,0 days 00:00:22.870401,3.3402396052672856,39,42,COMPLETE
61,1102.5876250406004,2025-08-03 21:36:27.205714,2025-08-03 21:36:50.206239,0 days 00:00:23.000525,0.6033063562310832,39,89,COMPLETE
62,16986.69253542955,2025-08-03 21:36:27.210328,2025-08-03 21:36:50.361772,0 days 00:00:23.151444,1.666904373468348,12,52,COMPLETE
63,11436.61287966331,2025-08-03 21:36:27.265653,2025-08-03 21:36:50.740091,0 days 00:00:23.474438,1.5397932179095006,23,75,COMPLETE
64,4157.181165486416,2025-08-03 21:36:27.308345,2025-08-03 21:36:51.205248,0 days 00:00:23.896903,2.0863812017648424,9,84,COMPLETE
65,2763.3991902822368,2025-08-03 21:36:27.341871,2025-08-03 21:36:51.133283,0 days 00:00:23.791412,0.8913639409846845,39,100,COMPLETE
66,1375.8176909523017,2025-08-03 21:36:27.429627,2025-08-03 21:36:53.478070,0 days 00:00:26.048443,4.321157436998107,42,64,COMPLETE
67,2954.6804155785335,2025-08-03 21:36:27.435898,2025-08-03 21:36:51.738187,0 days 00:00:24.302289,2.9344180764489014,16,35,COMPLETE
68,13597.519484200131,2025-08-03 21:36:27.467503,2025-08-03 21:36:54.207911,0 days 00:00:26.740408,3.8915988747160135,19,73,COMPLETE
69,9097.348315015619,2025-08-03 21:36:27.587959,2025-08-03 21:36:53.179950,0 days 00:00:25.591991,1.7835938426704905,27,90,COMPLETE
70,745.2827457527341,2025-08-03 21:36:27.599113,2025-08-03 21:36:53.574667,0 days 00:00:25.975554,1.137854909062689,34,80,COMPLETE
71,1551.518909258255,2025-08-03 21:36:27.620372,2025-08-03 21:36:54.474966,0 days 00:00:26.854594,0.5597265055736034,8,77,COMPLETE
72,11229.107017835653,2025-08-03 21:36:27.741457,2025-08-03 21:36:54.272129,0 days 00:00:26.530672,1.1101012575220106,19,38,COMPLETE
73,4540.436203120765,2025-08-03 21:36:27.827872,2025-08-03 21:36:53.172350,0 days 00:00:25.344478,2.564378799412305,31,62,COMPLETE
74,4076.982153593291,2025-08-03 21:36:27.971669,2025-08-03 21:36:54.409083,0 days 00:00:26.437414,4.450207567690327,8,59,COMPLETE
75,3190.621165603576,2025-08-03 21:36:27.987678,2025-08-03 21:36:54.247175,0 days 00:00:26.259497,3.2749432520101442,46,99,COMPLETE
76,4858.634567788211,2025-08-03 21:36:28.036033,2025-08-03 21:36:54.308078,0 days 00:00:26.272045,2.2577434047761864,33,62,COMPLETE
77,23177.372118323154,2025-08-03 21:36:28.189261,2025-08-03 21:36:30.159564,0 days 00:00:01.970303,4.426706653296176,20,22,COMPLETE
78,23177.372118323154,2025-08-03 21:36:28.376171,2025-08-03 21:36:31.444567,0 days 00:00:03.068396,4.4211073844183675,20,22,COMPLETE
79,20802.936767015413,2025-08-03 21:36:28.426286,2025-08-03 21:36:32.729071,0 days 00:00:04.302785,4.42120098088601,20,27,COMPLETE
80,21434.582474038256,2025-08-03 21:36:28.488197,2025-08-03 21:36:49.609734,0 days 00:00:21.121537,4.402843979289956,20,24,COMPLETE
81,21538.418563052597,2025-08-03 21:36:28.523943,2025-08-03 21:36:54.950382,0 days 00:00:26.426439,4.396414168505181,21,21,COMPLETE
82,25369.081863086736,2025-08-03 21:36:28.530703,2025-08-03 21:36:44.112619,0 days 00:00:15.581916,4.485823439813185,23,22,COMPLETE
83,9954.546580776238,2025-08-03 21:36:28.544350,2025-08-03 21:36:42.798973,0 days 00:00:14.254623,4.3914152200147845,20,53,COMPLETE
84,3018.6487023274744,2025-08-03 21:36:28.573154,2025-08-03 21:36:54.447718,0 days 00:00:25.874564,0.5717168666107157,20,22,COMPLETE
85,1902.4823966820952,2025-08-03 21:36:28.653787,2025-08-03 21:36:58.547946,0 days 00:00:29.894159,0.5047272934668307,21,26,COMPLETE
86,1405.183536989163,2025-08-03 21:36:28.917636,2025-08-03 21:36:57.461118,0 days 00:00:28.543482,0.52474185911246,6,20,COMPLETE
87,1188.4820973911935,2025-08-03 21:36:28.950911,2025-08-03 21:36:54.279133,0 days 00:00:25.328222,0.5134935243975713,8,23,COMPLETE
88,1346.833669683054,2025-08-03 21:36:28.966278,2025-08-03 21:36:59.839200,0 days 00:00:30.872922,0.521774847252154,7,20,COMPLETE
89,2283.0195631728693,2025-08-03 21:36:28.977669,2025-08-03 21:36:40.202494,0 days 00:00:11.224825,0.5806026140771364,5,25,COMPLETE
90,31410.07004205998,2025-08-03 21:36:28.992895,2025-08-03 21:36:55.345875,0 days 00:00:26.352980,1.7983958047203767,6,23,COMPLETE
91,2822.356998759638,2025-08-03 21:36:29.027951,2025-08-03 21:37:00.966719,0 days 00:00:31.938768,0.6768875216892423,5,22,COMPLETE
92,713.1726975730159,2025-08-03 21:36:29.053762,2025-08-03 21:36:55.821495,0 days 00:00:26.767733,0.5188740626371402,8,22,COMPLETE
93,3161.270549998599,2025-08-03 21:36:29.054896,2025-08-03 21:37:07.230713,0 days 00:00:38.175817,0.7467144133084089,26,21,COMPLETE
94,3335.916853584682,2025-08-03 21:36:29.076604,2025-08-03 21:36:56.776015,0 days 00:00:27.699411,0.5734905302012144,26,22,COMPLETE
95,2257.0815761873682,2025-08-03 21:36:29.078097,2025-08-03 21:37:08.992256,0 days 00:00:39.914159,0.5478918669173818,6,21,COMPLETE
96,4012.7232647033243,2025-08-03 21:36:29.093563,2025-08-03 21:37:08.351227,0 days 00:00:39.257664,0.7684304052753834,7,26,COMPLETE
97,38587.34262907281,2025-08-03 21:36:29.099734,2025-08-03 21:36:53.430377,0 days 00:00:24.330643,4.484958642836618,5,23,COMPLETE
98,3780.43572821898,2025-08-03 21:36:29.160982,2025-08-03 21:36:57.713350,0 days 00:00:28.552368,0.5658266497572253,24,20,COMPLETE
99,2750.311506717854,2025-08-03 21:36:29.178320,2025-08-03 21:36:58.666637,0 days 00:00:29.488317,0.6127341644561293,5,20,COMPLETE
100,3321.091994987593,2025-08-03 21:36:29.203692,2025-08-03 21:37:03.996183,0 days 00:00:34.792491,0.6589711714658689,25,23,COMPLETE
101,1736.1240101193412,2025-08-03 21:36:29.236646,2025-08-03 21:37:05.059401,0 days 00:00:35.822755,0.6311589245519569,5,23,COMPLETE
102,18193.324442010606,2025-08-03 21:36:29.246994,2025-08-03 21:36:59.394769,0 days 00:00:30.147775,4.482728484809741,6,23,COMPLETE
103,31739.59575762688,2025-08-03 21:36:29.301365,2025-08-03 21:37:35.275630,0 days 00:01:05.974265,1.9323611635283942,5,22,COMPLETE
104,2043.3978430709435,2025-08-03 21:36:29.327461,2025-08-03 21:37:15.406336,0 days 00:00:46.078875,0.7026545516604803,6,22,COMPLETE
105,2764.9879487725743,2025-08-03 21:36:29.335114,2025-08-03 21:37:06.945379,0 days 00:00:37.610265,0.7077265636114327,6,21,COMPLETE
106,2315.80725632992,2025-08-03 21:36:29.374895,2025-08-03 21:37:00.804575,0 days 00:00:31.429680,0.6836768337072013,6,26,COMPLETE
107,39229.9338518294,2025-08-03 21:36:29.381045,2025-08-03 21:36:56.767056,0 days 00:00:27.386011,1.9083275554942802,5,22,COMPLETE
108,3487.0526325616966,2025-08-03 21:36:29.395066,2025-08-03 21:37:08.734884,0 days 00:00:39.339818,0.6242386174059484,24,21,COMPLETE
109,2945.205263551927,2025-08-03 21:36:29.396654,2025-08-03 21:37:10.629080,0 days 00:00:41.232426,0.7491359968590019,24,22,COMPLETE
110,3277.5707847604895,2025-08-03 21:36:29.397917,2025-08-03 21:37:02.278194,0 days 00:00:32.880277,0.5378349314805875,24,20,COMPLETE
111,4523.1976232333245,2025-08-03 21:36:29.406583,2025-08-03 21:37:11.084016,0 days 00:00:41.677433,0.6520617949140064,25,21,COMPLETE
112,4190.409597239646,2025-08-03 21:36:29.409792,2025-08-03 21:37:12.051925,0 days 00:00:42.642133,0.5694341729427245,24,20,COMPLETE
113,2179.354081359218,2025-08-03 21:36:29.420367,2025-08-03 21:37:25.476820,0 days 00:00:56.056453,0.5532057810365469,6,20,COMPLETE
114,1643.3710584190214,2025-08-03 21:36:29.432345,2025-08-03 21:37:02.776862,0 days 00:00:33.344517,0.5150027431463773,5,26,COMPLETE
115,1720.0402790986193,2025-08-03 21:36:29.514948,2025-08-03 21:37:03.598302,0 days 00:00:34.083354,0.7070565047699211,6,26,COMPLETE
116,4243.111044811864,2025-08-03 21:36:29.543123,2025-08-03 21:37:04.092812,0 days 00:00:34.549689,0.7203710357824531,24,29,COMPLETE
117,9611.647819385013,2025-08-03 21:36:29.686777,2025-08-03 21:37:32.990411,0 days 00:01:03.303634,0.9491004977631907,7,49,COMPLETE
118,22479.774165096198,2025-08-03 21:36:29.694727,2025-08-03 21:37:05.055177,0 days 00:00:35.360450,4.456718671849892,24,20,COMPLETE
119,11785.629786683672,2025-08-03 21:36:29.746545,2025-08-03 21:37:05.909011,0 days 00:00:36.162466,1.0211885456781977,7,21,COMPLETE
120,1860.3089428801222,2025-08-03 21:36:29.770384,2025-08-03 21:37:14.202669,0 days 00:00:44.432285,0.5498731256859597,6,23,COMPLETE
121,2688.1916492421174,2025-08-03 21:36:29.793447,2025-08-03 21:37:14.826846,0 days 00:00:45.033399,0.6127794081999487,7,20,COMPLETE
122,1417.950870638126,2025-08-03 21:36:29.947704,2025-08-03 21:37:15.706545,0 days 00:00:45.758841,0.5265037580296349,6,20,COMPLETE
123,2769.48460971626,2025-08-03 21:36:30.015083,2025-08-03 21:37:15.845304,0 days 00:00:45.830221,0.7617152904569995,5,24,COMPLETE
124,22479.774165096198,2025-08-03 21:36:30.017837,2025-08-03 21:38:07.784351,0 days 00:01:37.766514,4.480885889843595,24,20,COMPLETE
125,2216.106839244046,2025-08-03 21:36:30.122644,2025-08-03 21:37:16.668534,0 days 00:00:46.545890,0.5981445390757969,6,22,COMPLETE
126,2246.8784473111045,2025-08-03 21:36:30.225606,2025-08-03 21:37:38.284614,0 days 00:01:08.059008,0.6857271446366986,5,22,COMPLETE
127,5859.092684555625,2025-08-03 21:36:30.243980,2025-08-03 21:37:18.264432,0 days 00:00:48.020452,0.7793010626587549,5,20,COMPLETE
128,1178.036158924413,2025-08-03 21:36:30.326319,2025-08-03 21:37:20.741946,0 days 00:00:50.415627,0.6856918822910667,6,23,COMPLETE
129,1877.9021172289442,2025-08-03 21:36:30.619048,2025-08-03 21:37:19.475785,0 days 00:00:48.856737,0.50596251272908,24,23,COMPLETE
130,1300.591960553101,2025-08-03 21:36:30.652755,2025-08-03 21:37:20.311909,0 days 00:00:49.659154,0.510338818811461,6,20,COMPLETE
131,18772.687009129815,2025-08-03 21:36:30.702672,2025-08-03 21:37:21.659008,0 days 00:00:50.956336,4.472812140884603,7,20,COMPLETE
132,2205.2992111135095,2025-08-03 21:36:30.815534,2025-08-03 21:37:01.526922,0 days 00:00:30.711388,0.5637554318286395,6,21,COMPLETE
133,4820.259316599091,2025-08-03 21:36:30.953552,2025-08-03 21:37:22.137877,0 days 00:00:51.184325,0.8346312429244174,6,23,COMPLETE
134,4780.058417009828,2025-08-03 21:36:31.380151,2025-08-03 21:37:09.270805,0 days 00:00:37.890654,0.7904611613281733,23,20,COMPLETE
135,15079.613263215082,2025-08-03 21:36:31.445197,2025-08-03 21:37:23.858992,0 days 00:00:52.413795,4.3033390588478175,5,21,COMPLETE
136,3193.541536022136,2025-08-03 21:36:31.626875,2025-08-03 21:37:09.797204,0 days 00:00:38.170329,0.582046303393803,6,31,COMPLETE
137,2145.7686483677344,2025-08-03 21:36:31.728930,2025-08-03 21:37:24.321050,0 days 00:00:52.592120,0.5330196117194208,7,31,COMPLETE
138,2496.164272469312,2025-08-03 21:36:31.763948,2025-08-03 21:37:10.716052,0 days 00:00:38.952104,0.7334005767591047,5,31,COMPLETE
139,13633.350233623521,2025-08-03 21:36:31.827656,2025-08-03 21:37:44.676196,0 days 00:01:12.848540,2.159623401430025,5,31,COMPLETE
140,2611.045544454403,2025-08-03 21:36:31.873734,2025-08-03 21:37:46.537778,0 days 00:01:14.664044,0.5015108060701636,5,31,COMPLETE
141,2351.495002748821,2025-08-03 21:36:31.912693,2025-08-03 21:38:45.892099,0 days 00:02:13.979406,0.566369128297386,5,29,COMPLETE
142,2849.7452292396847,2025-08-03 21:36:31.936330,2025-08-03 21:37:26.943764,0 days 00:00:55.007434,0.5492272985470268,5,32,COMPLETE
143,3003.452463694279,2025-08-03 21:36:31.987085,2025-08-03 21:37:26.215897,0 days 00:00:54.228812,0.5475856999066386,5,31,COMPLETE
144,1878.3638680842325,2025-08-03 21:36:32.099844,2025-08-03 21:37:51.075548,0 days 00:01:18.975704,0.7195284387954912,8,31,COMPLETE
145,1710.3897942203905,2025-08-03 21:36:32.193643,2025-08-03 21:37:12.073084,0 days 00:00:39.879441,0.5308151575532123,6,33,COMPLETE
146,11988.282610167607,2025-08-03 21:36:32.218601,2025-08-03 21:37:27.904824,0 days 00:00:55.686223,1.9605508838128878,5,32,COMPLETE
147,3556.553337616621,2025-08-03 21:36:32.252460,2025-08-03 21:38:53.882606,0 days 00:02:21.630146,0.7534346401136103,7,28,COMPLETE
148,20085.778540513806,2025-08-03 21:36:32.365437,2025-08-03 21:37:29.993199,0 days 00:00:57.627762,2.2191175886958807,6,27,COMPLETE
149,1390.6067939120308,2025-08-03 21:36:32.414091,2025-08-03 21:37:12.817482,0 days 00:00:40.403391,0.5422873519066815,8,33,COMPLETE
150,2131.131347794294,2025-08-03 21:36:32.503463,2025-08-03 21:37:12.996727,0 days 00:00:40.493264,0.5050667006029512,26,20,COMPLETE
151,27972.19616129264,2025-08-03 21:36:32.504904,2025-08-03 21:37:31.466741,0 days 00:00:58.961837,4.324638370049127,24,22,COMPLETE
152,3343.158283992715,2025-08-03 21:36:32.569187,2025-08-03 21:37:30.969130,0 days 00:00:58.399943,0.5490185393909921,24,20,COMPLETE
153,4502.661358148382,2025-08-03 21:36:32.570760,2025-08-03 21:37:33.772729,0 days 00:01:01.201969,0.6026418941498446,24,20,COMPLETE
154,3751.8127250880298,2025-08-03 21:36:32.580176,2025-08-03 21:37:13.565780,0 days 00:00:40.985604,0.5604011764104,24,20,COMPLETE
155,4286.426612002591,2025-08-03 21:36:32.613096,2025-08-03 21:37:32.714562,0 days 00:01:00.101466,0.6606359172217906,24,20,COMPLETE
156,8985.539915171577,2025-08-03 21:36:32.668818,2025-08-03 21:37:35.320155,0 days 00:01:02.651337,2.2018333270944277,23,20,COMPLETE
157,46240.382440153284,2025-08-03 21:36:32.685013,2025-08-03 21:37:35.466299,0 days 00:01:02.781286,4.48737651065555,5,20,COMPLETE
158,13430.986363782209,2025-08-03 21:36:32.761130,2025-08-03 21:37:06.084064,0 days 00:00:33.322934,2.08975837069867,24,32,COMPLETE
159,18541.994940767137,2025-08-03 21:36:32.773195,2025-08-03 21:37:36.394820,0 days 00:01:03.621625,2.158115212907673,24,29,COMPLETE
160,13847.235979616702,2025-08-03 21:36:32.784679,2025-08-03 21:37:16.670799,0 days 00:00:43.886120,1.9776415158567389,24,33,COMPLETE
161,3492.8694189575667,2025-08-03 21:36:32.798758,2025-08-03 21:37:36.738541,0 days 00:01:03.939783,0.5199048857203215,24,29,COMPLETE
162,11430.826121792077,2025-08-03 21:36:32.831797,2025-08-03 21:38:10.509405,0 days 00:01:37.677608,2.2178722979273124,24,30,COMPLETE
163,13613.962877436275,2025-08-03 21:36:32.836689,2025-08-03 21:38:10.816699,0 days 00:01:37.980010,2.160474042951475,24,30,COMPLETE
164,11530.021805942799,2025-08-03 21:36:32.839558,2025-08-03 21:37:17.125170,0 days 00:00:44.285612,2.1454849876270305,24,30,COMPLETE
