number,value,datetime_start,datetime_complete,duration,params_atr_multiplier,params_atr_period,params_ema_period,state
493,45676.651388011735,2025-08-03 21:36:55.611960,2025-08-03 21:39:51.651928,0 days 00:02:56.039968,4.188035776881034,24,29,COMPLETE
494,56102.8355295715,2025-08-03 21:36:55.643106,2025-08-03 21:38:28.609025,0 days 00:01:32.965919,4.175240696048672,25,30,COMPLETE
495,58879.14317760667,2025-08-03 21:36:55.658216,2025-08-03 21:38:27.869449,0 days 00:01:32.211233,4.235126250767167,25,30,COMPLETE
496,21504.027977834023,2025-08-03 21:36:55.665815,2025-08-03 21:39:52.959145,0 days 00:02:57.293330,4.183817804735869,22,31,COMPLETE
497,58879.14317760667,2025-08-03 21:36:55.685111,2025-08-03 21:39:52.272733,0 days 00:02:56.587622,4.221484517831928,25,30,COMPLETE
498,51559.40963838185,2025-08-03 21:36:55.710389,2025-08-03 21:38:30.110839,0 days 00:01:34.400450,4.16912984823291,25,29,COMPLETE
499,23193.680643773503,2025-08-03 21:36:55.728588,2025-08-03 21:39:50.031754,0 days 00:02:54.303166,4.223796726088549,24,30,COMPLETE
500,19804.349276562836,2025-08-03 21:36:55.734925,2025-08-03 21:41:12.555447,0 days 00:04:16.820522,4.206530075707142,25,49,COMPLETE
501,58879.14317760667,2025-08-03 21:36:55.768345,2025-08-03 21:38:29.465277,0 days 00:01:33.696932,4.233651637601278,25,30,COMPLETE
502,59296.93945411458,2025-08-03 21:36:55.783371,2025-08-03 21:41:16.980822,0 days 00:04:21.197451,4.252576958602703,25,29,COMPLETE
503,22926.913597887815,2025-08-03 21:36:55.812512,2025-08-03 21:38:29.855034,0 days 00:01:34.042522,4.213195193084654,24,29,COMPLETE
504,17007.510020554084,2025-08-03 21:36:55.822688,2025-08-03 21:38:31.251087,0 days 00:01:35.428399,4.209071489612535,23,28,COMPLETE
505,39780.99344311731,2025-08-03 21:36:55.826377,2025-08-03 21:39:56.270057,0 days 00:03:00.443680,4.259055151506702,25,28,COMPLETE
506,58879.14317760667,2025-08-03 21:36:55.828002,2025-08-03 21:38:30.762550,0 days 00:01:34.934548,4.243596851097931,25,30,COMPLETE
507,38932.34154350406,2025-08-03 21:36:55.828874,2025-08-03 21:38:30.563291,0 days 00:01:34.734417,4.262872996909683,25,30,COMPLETE
508,22926.913597887815,2025-08-03 21:36:55.830464,2025-08-03 21:38:31.144097,0 days 00:01:35.313633,4.217496728231865,24,29,COMPLETE
509,59282.243770723275,2025-08-03 21:36:55.832003,2025-08-03 21:39:55.187700,0 days 00:02:59.355697,4.219675858624342,25,29,COMPLETE
510,23193.680643773503,2025-08-03 21:36:55.833385,2025-08-03 21:39:55.470474,0 days 00:02:59.637089,4.2302154025663805,24,30,COMPLETE
511,59282.243770723275,2025-08-03 21:36:55.835822,2025-08-03 21:39:52.845954,0 days 00:02:57.010132,4.225551343431761,25,29,COMPLETE
512,39740.09296024461,2025-08-03 21:36:55.841463,2025-08-03 21:39:56.135056,0 days 00:03:00.293593,4.275694602244726,25,29,COMPLETE
513,23359.91386234827,2025-08-03 21:36:55.843692,2025-08-03 21:38:31.799734,0 days 00:01:35.956042,4.23150474070773,24,29,COMPLETE
514,59282.243770723275,2025-08-03 21:36:55.845884,2025-08-03 21:39:54.835532,0 days 00:02:58.989648,4.214613985204369,25,29,COMPLETE
515,39465.86240810328,2025-08-03 21:36:55.849018,2025-08-03 21:39:55.260803,0 days 00:02:59.411785,4.26796533248469,25,30,COMPLETE
516,24083.16229227306,2025-08-03 21:36:55.852150,2025-08-03 21:39:53.764847,0 days 00:02:57.912697,4.255565567383445,23,29,COMPLETE
517,61052.24422493007,2025-08-03 21:36:55.854830,2025-08-03 21:39:59.199777,0 days 00:03:03.344947,4.2041657427783425,25,28,COMPLETE
518,59282.243770723275,2025-08-03 21:36:55.857471,2025-08-03 21:39:59.268589,0 days 00:03:03.411118,4.233946588907117,25,29,COMPLETE
519,22926.913597887815,2025-08-03 21:36:55.863776,2025-08-03 21:39:58.864753,0 days 00:03:03.000977,4.218131834183737,24,29,COMPLETE
520,51938.636502980975,2025-08-03 21:36:55.865711,2025-08-03 21:41:19.503745,0 days 00:04:23.638034,4.1819217406865645,24,29,COMPLETE
521,58879.14317760667,2025-08-03 21:36:55.868517,2025-08-03 21:38:32.858459,0 days 00:01:36.989942,4.211456926264355,25,30,COMPLETE
522,25323.679418447926,2025-08-03 21:36:55.870476,2025-08-03 21:39:59.580344,0 days 00:03:03.709868,3.749254495594198,25,30,COMPLETE
523,24089.817510568944,2025-08-03 21:36:55.873806,2025-08-03 21:38:32.148765,0 days 00:01:36.274959,4.2311867497173274,24,28,COMPLETE
524,59282.243770723275,2025-08-03 21:36:55.876715,2025-08-03 21:38:33.056903,0 days 00:01:37.180188,4.234087938714911,25,29,COMPLETE
525,15633.32728773916,2025-08-03 21:36:55.878223,2025-08-03 21:41:23.117100,0 days 00:04:27.238877,3.7006400810738462,24,29,COMPLETE
526,23359.91386234827,2025-08-03 21:36:55.880685,2025-08-03 21:41:24.915712,0 days 00:04:29.035027,4.2226321052201605,24,29,COMPLETE
527,11579.20913374584,2025-08-03 21:36:55.883613,2025-08-03 21:41:24.902527,0 days 00:04:29.018914,4.216977899349314,24,50,COMPLETE
528,59282.243770723275,2025-08-03 21:36:55.891138,2025-08-03 21:38:34.039692,0 days 00:01:38.148554,4.2333182704213845,25,29,COMPLETE
529,11814.055318935116,2025-08-03 21:36:55.898739,2025-08-03 21:41:18.784198,0 days 00:04:22.885459,4.242878614314007,24,49,COMPLETE
530,56102.8355295715,2025-08-03 21:36:55.900456,2025-08-03 21:40:02.892600,0 days 00:03:06.992144,4.176508036073317,25,30,COMPLETE
531,24834.00522989094,2025-08-03 21:36:55.903594,2025-08-03 21:38:35.668579,0 days 00:01:39.764985,4.270928054065963,24,28,COMPLETE
532,25369.56848777678,2025-08-03 21:36:55.905058,2025-08-03 21:40:01.954116,0 days 00:03:06.049058,3.7513162762259475,25,29,COMPLETE
533,23193.680643773503,2025-08-03 21:36:55.907733,2025-08-03 21:40:00.375077,0 days 00:03:04.467344,4.235303585179303,24,30,COMPLETE
534,24089.817510568944,2025-08-03 21:36:55.912060,2025-08-03 21:38:36.676829,0 days 00:01:40.764769,4.228719347107751,24,28,COMPLETE
535,23193.680643773503,2025-08-03 21:36:55.914974,2025-08-03 21:40:02.247151,0 days 00:03:06.332177,4.230179890416406,24,30,COMPLETE
536,9572.627644600918,2025-08-03 21:36:55.922972,2025-08-03 21:38:37.699481,0 days 00:01:41.776509,4.231362522433554,23,50,COMPLETE
537,58879.14317760667,2025-08-03 21:36:55.925345,2025-08-03 21:41:26.548434,0 days 00:04:30.623089,4.242076599503482,25,30,COMPLETE
538,59282.243770723275,2025-08-03 21:36:55.929653,2025-08-03 21:42:09.423467,0 days 00:05:13.493814,4.223557969785339,25,29,COMPLETE
539,23359.91386234827,2025-08-03 21:36:55.931886,2025-08-03 21:41:27.661658,0 days 00:04:31.729772,4.2517241459361585,24,29,COMPLETE
540,59282.243770723275,2025-08-03 21:36:55.938328,2025-08-03 21:38:36.927841,0 days 00:01:40.989513,4.222188055369743,25,29,COMPLETE
541,59282.243770723275,2025-08-03 21:36:55.943352,2025-08-03 21:38:40.455555,0 days 00:01:44.512203,4.21308713836216,25,29,COMPLETE
542,14264.12613838282,2025-08-03 21:36:55.944722,2025-08-03 21:40:06.337312,0 days 00:03:10.392590,4.264932342354054,24,51,COMPLETE
543,37459.49912422571,2025-08-03 21:36:55.950420,2025-08-03 21:38:38.393617,0 days 00:01:42.443197,4.277966052646681,25,30,COMPLETE
544,22926.913597887815,2025-08-03 21:36:55.952247,2025-08-03 21:42:07.916621,0 days 00:05:11.964374,4.208207227016838,24,29,COMPLETE
545,39740.09296024461,2025-08-03 21:36:55.956820,2025-08-03 21:38:39.083979,0 days 00:01:43.127159,4.272832682159627,25,29,COMPLETE
546,17002.67951194082,2025-08-03 21:36:55.958947,2025-08-03 21:41:33.369190,0 days 00:04:37.410243,4.2298793354881346,23,29,COMPLETE
547,23912.160667914206,2025-08-03 21:36:55.960855,2025-08-03 21:41:31.254671,0 days 00:04:35.293816,4.26349013925814,24,30,COMPLETE
548,57927.27187172299,2025-08-03 21:36:55.962969,2025-08-03 21:41:27.622574,0 days 00:04:31.659605,4.219363466914395,26,28,COMPLETE
549,18814.0810189771,2025-08-03 21:36:55.964073,2025-08-03 21:40:13.719166,0 days 00:03:17.755093,4.181180086773952,25,50,COMPLETE
550,59282.243770723275,2025-08-03 21:36:55.967984,2025-08-03 21:40:12.945204,0 days 00:03:16.977220,4.229147212342596,25,29,COMPLETE
551,58879.14317760667,2025-08-03 21:36:55.969630,2025-08-03 21:38:39.569959,0 days 00:01:43.600329,4.225728203988719,25,30,COMPLETE
552,58246.67083061037,2025-08-03 21:36:55.970816,2025-08-03 21:40:12.648717,0 days 00:03:16.677901,4.250440982464397,25,29,COMPLETE
553,24083.16229227306,2025-08-03 21:36:55.972493,2025-08-03 21:38:39.674422,0 days 00:01:43.701929,4.253296272370092,23,29,COMPLETE
554,22968.54107765077,2025-08-03 21:36:55.977863,2025-08-03 21:40:10.469704,0 days 00:03:14.491841,3.707582431001445,23,29,COMPLETE
555,11814.055318935116,2025-08-03 21:36:55.978770,2025-08-03 21:40:10.904934,0 days 00:03:14.926164,4.249135570222058,24,50,COMPLETE
556,23359.91386234827,2025-08-03 21:36:55.980024,2025-08-03 21:41:34.295362,0 days 00:04:38.315338,4.2329459659896935,24,29,COMPLETE
557,58879.14317760667,2025-08-03 21:36:55.983810,2025-08-03 21:41:31.022623,0 days 00:04:35.038813,4.215665009457158,25,30,COMPLETE
558,22763.535432265053,2025-08-03 21:36:55.990972,2025-08-03 21:42:10.909339,0 days 00:05:14.918367,4.20829247308511,24,30,COMPLETE
559,58879.14317760667,2025-08-03 21:36:55.992402,2025-08-03 21:42:05.829503,0 days 00:05:09.837101,4.197609006797413,25,30,COMPLETE
560,32685.83511608244,2025-08-03 21:36:55.993259,2025-08-03 21:40:11.940198,0 days 00:03:15.946939,3.758495713134647,23,29,COMPLETE
561,56102.8355295715,2025-08-03 21:36:56.000190,2025-08-03 21:40:12.379407,0 days 00:03:16.379217,4.178882299267926,25,30,COMPLETE
562,59282.243770723275,2025-08-03 21:36:56.001514,2025-08-03 21:40:18.343415,0 days 00:03:22.341901,4.22268067484786,25,29,COMPLETE
563,17002.67951194082,2025-08-03 21:36:56.005137,2025-08-03 21:38:45.228730,0 days 00:01:49.223593,4.2272602890911966,23,29,COMPLETE
564,23912.160667914206,2025-08-03 21:36:56.008125,2025-08-03 21:41:35.597660,0 days 00:04:39.589535,4.264281428906597,24,30,COMPLETE
565,17002.67951194082,2025-08-03 21:36:56.009754,2025-08-03 21:38:45.030505,0 days 00:01:49.020751,4.211375776991791,23,29,COMPLETE
566,59282.243770723275,2025-08-03 21:36:56.018487,2025-08-03 21:40:13.674837,0 days 00:03:17.656350,4.21866219030955,25,29,COMPLETE
567,23359.91386234827,2025-08-03 21:36:56.023085,2025-08-03 21:40:13.615321,0 days 00:03:17.592236,4.232792842664613,24,29,COMPLETE
568,28136.14891500434,2025-08-03 21:36:56.025988,2025-08-03 21:38:44.462004,0 days 00:01:48.436016,4.20135920517538,24,32,COMPLETE
569,59282.243770723275,2025-08-03 21:36:56.029342,2025-08-03 21:41:33.403116,0 days 00:04:37.373774,4.214862040944014,25,29,COMPLETE
570,19911.302293383305,2025-08-03 21:36:56.032592,2025-08-03 21:40:16.394804,0 days 00:03:20.362212,4.174400820117433,23,30,COMPLETE
571,19804.349276562836,2025-08-03 21:36:56.034613,2025-08-03 21:40:13.109963,0 days 00:03:17.075350,4.233769101967833,25,50,COMPLETE
572,23193.680643773503,2025-08-03 21:36:56.041210,2025-08-03 21:38:48.269929,0 days 00:01:52.228719,4.247309179797944,24,30,COMPLETE
573,22926.913597887815,2025-08-03 21:36:56.045934,2025-08-03 21:40:15.779861,0 days 00:03:19.733927,4.217878006255477,24,29,COMPLETE
574,37720.41260747239,2025-08-03 21:36:56.049032,2025-08-03 21:40:17.252668,0 days 00:03:21.203636,4.286826548670523,25,29,COMPLETE
575,58879.14317760667,2025-08-03 21:36:56.053929,2025-08-03 21:38:47.221691,0 days 00:01:51.167762,4.232062203680392,25,30,COMPLETE
576,59282.243770723275,2025-08-03 21:36:56.055465,2025-08-03 21:40:17.556375,0 days 00:03:21.500910,4.211703638497881,25,29,COMPLETE
577,39465.86240810328,2025-08-03 21:36:56.075555,2025-08-03 21:40:17.061784,0 days 00:03:20.986229,4.2699912082981815,25,30,COMPLETE
578,59282.243770723275,2025-08-03 21:36:56.084203,2025-08-03 21:40:18.911958,0 days 00:03:22.827755,4.200772227288289,25,29,COMPLETE
579,59282.243770723275,2025-08-03 21:36:56.119163,2025-08-03 21:40:15.819030,0 days 00:03:19.699867,4.214543758985609,25,29,COMPLETE
580,11579.20913374584,2025-08-03 21:36:56.145264,2025-08-03 21:40:14.171728,0 days 00:03:18.026464,4.219301130613819,24,50,COMPLETE
581,23193.680643773503,2025-08-03 21:36:56.146901,2025-08-03 21:40:18.979176,0 days 00:03:22.832275,4.25622912786762,24,30,COMPLETE
582,28751.30021713913,2025-08-03 21:36:56.185866,2025-08-03 21:42:09.240190,0 days 00:05:13.054324,4.198336999449229,24,29,COMPLETE
583,23193.680643773503,2025-08-03 21:36:56.233034,2025-08-03 21:38:43.167869,0 days 00:01:46.934835,4.229264512022243,24,30,COMPLETE
584,58879.14317760667,2025-08-03 21:36:56.234948,2025-08-03 21:38:47.135705,0 days 00:01:50.900757,4.2216288381487415,25,30,COMPLETE
585,18891.972466451414,2025-08-03 21:36:56.241551,2025-08-03 21:41:35.483720,0 days 00:04:39.242169,4.198777760252058,23,29,COMPLETE
586,59282.243770723275,2025-08-03 21:36:56.248280,2025-08-03 21:40:18.088566,0 days 00:03:21.840286,4.22570757754077,25,29,COMPLETE
587,18814.0810189771,2025-08-03 21:36:56.249546,2025-08-03 21:40:17.963587,0 days 00:03:21.714041,4.181952236571605,25,50,COMPLETE
588,59282.243770723275,2025-08-03 21:36:56.255555,2025-08-03 21:41:39.955523,0 days 00:04:43.699968,4.222713313148645,25,29,COMPLETE
589,23359.91386234827,2025-08-03 21:36:56.272311,2025-08-03 21:42:09.427171,0 days 00:05:13.154860,4.235140179359613,24,29,COMPLETE
590,59282.243770723275,2025-08-03 21:36:56.278591,2025-08-03 21:38:48.668892,0 days 00:01:52.390301,4.225703023982079,25,29,COMPLETE
591,61052.24422493007,2025-08-03 21:36:56.307879,2025-08-03 21:38:47.440762,0 days 00:01:51.132883,4.215678742538112,25,28,COMPLETE
592,39780.99344311731,2025-08-03 21:36:56.348751,2025-08-03 21:40:19.721397,0 days 00:03:23.372646,4.253616044540725,25,28,COMPLETE
593,18275.118633238864,2025-08-03 21:36:56.355098,2025-08-03 21:40:20.496690,0 days 00:03:24.141592,4.225114274212941,23,30,COMPLETE
594,23193.680643773503,2025-08-03 21:36:56.372900,2025-08-03 21:40:20.595320,0 days 00:03:24.222420,4.242452256647288,24,30,COMPLETE
595,59282.243770723275,2025-08-03 21:36:56.402215,2025-08-03 21:41:38.290131,0 days 00:04:41.887916,4.186487376964546,25,29,COMPLETE
596,59282.243770723275,2025-08-03 21:36:56.426878,2025-08-03 21:41:37.986094,0 days 00:04:41.559216,4.216817293251634,25,29,COMPLETE
597,58879.14317760667,2025-08-03 21:36:56.455857,2025-08-03 21:37:49.460119,0 days 00:00:53.004262,4.236530894039161,25,30,COMPLETE
598,58879.14317760667,2025-08-03 21:36:56.511744,2025-08-03 21:40:18.388204,0 days 00:03:21.876460,4.2245907574079755,25,30,COMPLETE
599,58879.14317760667,2025-08-03 21:36:56.592757,2025-08-03 21:40:20.541356,0 days 00:03:23.948599,4.223715271600364,25,30,COMPLETE
600,39203.03110167428,2025-08-03 21:36:56.625486,2025-08-03 21:40:18.264422,0 days 00:03:21.638936,4.262092202938209,25,29,COMPLETE
601,59282.243770723275,2025-08-03 21:36:56.710985,2025-08-03 21:40:20.208323,0 days 00:03:23.497338,4.224862703337733,25,29,COMPLETE
602,61052.24422493007,2025-08-03 21:36:56.763578,2025-08-03 21:42:12.186046,0 days 00:05:15.422468,4.241890640079433,25,28,COMPLETE
603,57850.39844482371,2025-08-03 21:36:56.768543,2025-08-03 21:38:45.964125,0 days 00:01:49.195582,4.2504143925359426,25,30,COMPLETE
604,39780.99344311731,2025-08-03 21:36:56.773002,2025-08-03 21:40:22.293337,0 days 00:03:25.520335,4.262023688545643,25,28,COMPLETE
605,23359.91386234827,2025-08-03 21:36:56.774744,2025-08-03 21:42:10.690732,0 days 00:05:13.915988,4.2269724669710085,24,29,COMPLETE
606,14308.414689242534,2025-08-03 21:36:56.776365,2025-08-03 21:40:18.794438,0 days 00:03:22.018073,4.212357406203315,6,29,COMPLETE
607,35697.975189333505,2025-08-03 21:36:56.778976,2025-08-03 21:38:50.843187,0 days 00:01:54.064211,3.785565616110434,23,30,COMPLETE
608,23359.91386234827,2025-08-03 21:36:56.780200,2025-08-03 21:42:10.517813,0 days 00:05:13.737613,4.228439318879156,24,29,COMPLETE
609,22926.913597887815,2025-08-03 21:36:56.781867,2025-08-03 21:40:19.470733,0 days 00:03:22.688866,4.219746181865457,24,29,COMPLETE
610,23359.91386234827,2025-08-03 21:36:56.784279,2025-08-03 21:40:22.655671,0 days 00:03:25.871392,4.229184443890548,24,29,COMPLETE
611,22926.913597887815,2025-08-03 21:36:56.785837,2025-08-03 21:37:50.523285,0 days 00:00:53.737448,4.218095968599851,24,29,COMPLETE
612,23359.91386234827,2025-08-03 21:36:56.792231,2025-08-03 21:40:22.794423,0 days 00:03:26.002192,4.254314551698576,24,29,COMPLETE
613,17002.67951194082,2025-08-03 21:36:56.800924,2025-08-03 21:38:53.459368,0 days 00:01:56.658444,4.211275712541955,23,29,COMPLETE
614,23359.91386234827,2025-08-03 21:36:56.802639,2025-08-03 21:41:42.985896,0 days 00:04:46.183257,4.22691279516999,24,29,COMPLETE
615,19947.13207036324,2025-08-03 21:36:56.804368,2025-08-03 21:40:22.395870,0 days 00:03:25.591502,4.185858520459294,23,29,COMPLETE
616,51846.88637232451,2025-08-03 21:36:56.806128,2025-08-03 21:40:23.052295,0 days 00:03:26.246167,4.164443347157114,24,30,COMPLETE
617,18070.24224527033,2025-08-03 21:36:56.811616,2025-08-03 21:41:39.631580,0 days 00:04:42.819964,4.170222703915755,24,49,COMPLETE
618,23193.680643773503,2025-08-03 21:36:56.813624,2025-08-03 21:40:22.193875,0 days 00:03:25.380251,4.223540475038718,24,30,COMPLETE
619,19947.13207036324,2025-08-03 21:36:56.815180,2025-08-03 21:42:08.402792,0 days 00:05:11.587612,4.178285743893183,23,29,COMPLETE
620,23359.91386234827,2025-08-03 21:36:56.819786,2025-08-03 21:38:51.555068,0 days 00:01:54.735282,4.237886592434008,24,29,COMPLETE
621,53496.1645771929,2025-08-03 21:36:56.822856,2025-08-03 21:42:11.619498,0 days 00:05:14.796642,4.187024660757811,24,28,COMPLETE
622,14308.414689242534,2025-08-03 21:36:56.824727,2025-08-03 21:41:36.801062,0 days 00:04:39.976335,4.213619980661303,6,29,COMPLETE
623,59282.243770723275,2025-08-03 21:36:56.834058,2025-08-03 21:37:53.270210,0 days 00:00:56.436152,4.226392257883708,25,29,COMPLETE
624,24089.817510568944,2025-08-03 21:36:56.836731,2025-08-03 21:41:39.120104,0 days 00:04:42.283373,4.223725688747293,24,28,COMPLETE
625,23359.91386234827,2025-08-03 21:36:56.838906,2025-08-03 21:40:22.704676,0 days 00:03:25.865770,4.244523033054375,24,29,COMPLETE
626,9246.305047152402,2025-08-03 21:36:56.843614,2025-08-03 21:38:54.708171,0 days 00:01:57.864557,4.2387715107303965,23,49,COMPLETE
627,51846.88637232451,2025-08-03 21:36:56.851203,2025-08-03 21:41:38.738059,0 days 00:04:41.886856,4.1710746071776414,24,30,COMPLETE
628,28953.3866378507,2025-08-03 21:36:56.870430,2025-08-03 21:41:35.969678,0 days 00:04:39.099248,3.916106267215298,24,29,COMPLETE
629,9831.58457647004,2025-08-03 21:36:56.895653,2025-08-03 21:40:28.011296,0 days 00:03:31.115643,4.225234823745236,5,28,COMPLETE
630,22926.913597887815,2025-08-03 21:36:56.903651,2025-08-03 21:38:52.585920,0 days 00:01:55.682269,4.21004772512892,24,29,COMPLETE
631,23193.680643773503,2025-08-03 21:36:56.910068,2025-08-03 21:38:52.287211,0 days 00:01:55.377143,4.252702526487148,24,30,COMPLETE
632,23359.91386234827,2025-08-03 21:36:56.917851,2025-08-03 21:38:55.421841,0 days 00:01:58.503990,4.232078136394195,24,29,COMPLETE
633,24083.16229227306,2025-08-03 21:36:56.934444,2025-08-03 21:40:27.328422,0 days 00:03:30.393978,4.262266708409252,23,29,COMPLETE
634,23193.680643773503,2025-08-03 21:36:56.953658,2025-08-03 21:38:59.324180,0 days 00:02:02.370522,4.228821988208255,24,30,COMPLETE
635,24083.16229227306,2025-08-03 21:36:56.973256,2025-08-03 21:40:27.214279,0 days 00:03:30.241023,4.26985825681809,24,29,COMPLETE
636,23794.92300379505,2025-08-03 21:36:57.015102,2025-08-03 21:38:54.019558,0 days 00:01:57.004456,4.251522728084721,23,28,COMPLETE
637,53207.16168400357,2025-08-03 21:36:57.058978,2025-08-03 21:40:26.511681,0 days 00:03:29.452703,4.183796892793448,24,31,COMPLETE
638,17007.510020554084,2025-08-03 21:36:57.065923,2025-08-03 21:41:37.668987,0 days 00:04:40.603064,4.204396970329874,23,28,COMPLETE
639,23359.91386234827,2025-08-03 21:36:57.101128,2025-08-03 21:41:40.360792,0 days 00:04:43.259664,4.23573805797508,24,29,COMPLETE
640,22926.913597887815,2025-08-03 21:36:57.117147,2025-08-03 21:38:53.876255,0 days 00:01:56.759108,4.213588640725561,24,29,COMPLETE
641,23073.31814777485,2025-08-03 21:36:57.141045,2025-08-03 21:41:46.169767,0 days 00:04:49.028722,4.249034631435649,23,29,COMPLETE
642,10718.357681994832,2025-08-03 21:36:57.154115,2025-08-03 21:38:57.232266,0 days 00:02:00.078151,4.196937711835793,23,50,COMPLETE
643,23359.91386234827,2025-08-03 21:36:57.259643,2025-08-03 21:40:26.242480,0 days 00:03:28.982837,4.246884838047241,24,29,COMPLETE
644,12298.42997706452,2025-08-03 21:36:57.287739,2025-08-03 21:38:56.744458,0 days 00:01:59.456719,4.273579868342555,6,30,COMPLETE
645,23359.91386234827,2025-08-03 21:36:57.403963,2025-08-03 21:40:25.277558,0 days 00:03:27.873595,4.248261142159475,24,29,COMPLETE
646,22926.913597887815,2025-08-03 21:36:57.467367,2025-08-03 21:42:13.315451,0 days 00:05:15.848084,4.2090850446456605,24,29,COMPLETE
647,22926.913597887815,2025-08-03 21:36:57.479068,2025-08-03 21:42:11.109141,0 days 00:05:13.630073,4.208199466699046,24,29,COMPLETE
648,16781.513351464513,2025-08-03 21:36:57.522242,2025-08-03 21:38:55.072723,0 days 00:01:57.550481,4.2242364362994245,24,39,COMPLETE
649,36202.03697932502,2025-08-03 21:36:57.528864,2025-08-03 21:40:28.098571,0 days 00:03:30.569707,3.82242231775251,24,30,COMPLETE
650,22763.535432265053,2025-08-03 21:36:57.555932,2025-08-03 21:37:53.920500,0 days 00:00:56.364568,4.2045179209017265,24,30,COMPLETE
651,18148.865215026948,2025-08-03 21:36:57.586183,2025-08-03 21:41:39.948536,0 days 00:04:42.362353,4.241194270803761,22,29,COMPLETE
652,30815.04111377444,2025-08-03 21:36:57.626533,2025-08-03 21:40:27.126920,0 days 00:03:29.500387,4.198829684985288,24,30,COMPLETE
653,23359.91386234827,2025-08-03 21:36:57.662054,2025-08-03 21:38:59.968360,0 days 00:02:02.306306,4.23330027576377,24,29,COMPLETE
654,23193.680643773503,2025-08-03 21:36:57.679524,2025-08-03 21:41:41.364722,0 days 00:04:43.685198,4.228250798134111,24,30,COMPLETE
655,24083.16229227306,2025-08-03 21:36:57.710326,2025-08-03 21:40:27.879240,0 days 00:03:30.168914,4.2816863672752525,23,29,COMPLETE
656,55775.31993146326,2025-08-03 21:36:57.714963,2025-08-03 21:39:00.368425,0 days 00:02:02.653462,4.237968515179549,28,29,COMPLETE
657,44651.68809917987,2025-08-03 21:36:57.717569,2025-08-03 21:39:00.207334,0 days 00:02:02.489765,4.2363025270246615,29,30,COMPLETE
