number,value,datetime_start,datetime_complete,duration,params_atr_multiplier,params_atr_period,params_ema_period,state
822,10834.321949727408,2025-08-03 22:52:26.165731,2025-08-03 22:55:09.609569,0 days 00:02:43.443838,1.4234104681867348,17,44,COMPLETE
823,14263.006064728606,2025-08-03 22:52:26.173206,2025-08-03 22:57:33.056853,0 days 00:05:06.883647,1.4497379879304388,17,31,COMPLETE
824,6882.282322712805,2025-08-03 22:52:26.175251,2025-08-03 23:00:36.937448,0 days 00:08:10.762197,1.3825128191436211,17,43,COMPLETE
825,9698.72261426335,2025-08-03 22:52:26.205232,2025-08-03 23:00:40.539273,0 days 00:08:14.334041,1.42632922486646,17,43,COMPLETE
826,12570.081931855539,2025-08-03 22:52:26.206562,2025-08-03 22:57:34.230282,0 days 00:05:08.023720,1.4343118679766973,18,22,COMPLETE
827,10394.174102556823,2025-08-03 22:52:26.210296,2025-08-03 22:57:34.298074,0 days 00:05:08.087778,1.4221386669986849,17,43,COMPLETE
828,7338.255230882453,2025-08-03 22:52:26.212542,2025-08-03 22:57:35.761670,0 days 00:05:09.549128,1.4296742431262026,18,30,COMPLETE
829,12006.78948490076,2025-08-03 22:52:26.215535,2025-08-03 22:55:14.627642,0 days 00:02:48.412107,1.4272903133799175,17,25,COMPLETE
830,8468.755228307919,2025-08-03 22:52:26.222402,2025-08-03 23:00:44.967331,0 days 00:08:18.744929,1.401568023954015,17,31,COMPLETE
831,9885.990310582276,2025-08-03 22:52:26.224595,2025-08-03 23:00:42.438105,0 days 00:08:16.213510,1.4395582794749724,17,30,COMPLETE
832,7510.95976295253,2025-08-03 22:52:26.227798,2025-08-03 22:55:13.578106,0 days 00:02:47.350308,1.6865855705570918,18,25,COMPLETE
833,23576.115766817235,2025-08-03 22:52:26.230157,2025-08-03 22:55:10.101387,0 days 00:02:43.871230,1.4029845803122825,10,26,COMPLETE
834,14402.23879557655,2025-08-03 22:52:26.236619,2025-08-03 22:53:53.607886,0 days 00:01:27.371267,1.4298517871480525,10,44,COMPLETE
835,17970.914792192558,2025-08-03 22:52:26.238076,2025-08-03 22:55:14.188463,0 days 00:02:47.950387,1.4379481653828212,10,25,COMPLETE
836,6914.573099798884,2025-08-03 22:52:26.239931,2025-08-03 23:02:35.567661,0 days 00:10:09.327730,1.4153180062920685,18,43,COMPLETE
837,6026.279685125495,2025-08-03 22:52:26.242383,2025-08-03 22:57:38.578507,0 days 00:05:12.336124,1.3720614422697208,18,30,COMPLETE
838,6175.141915567574,2025-08-03 22:52:26.245565,2025-08-03 22:57:37.231047,0 days 00:05:10.985482,1.4095323969898332,18,30,COMPLETE
839,8826.894083912968,2025-08-03 22:52:26.247737,2025-08-03 22:57:39.755064,0 days 00:05:13.507327,1.396820511804314,17,44,COMPLETE
840,14821.940836474489,2025-08-03 22:52:26.254215,2025-08-03 23:00:45.787745,0 days 00:08:19.533530,1.4197064573403222,17,26,COMPLETE
841,10920.76174051088,2025-08-03 22:52:26.258704,2025-08-03 22:53:53.873292,0 days 00:01:27.614588,1.4084852713753067,17,26,COMPLETE
842,16945.899682007766,2025-08-03 22:52:26.262109,2025-08-03 23:00:48.053519,0 days 00:08:21.791410,1.4526889196447978,18,26,COMPLETE
843,9526.219936594469,2025-08-03 22:52:26.266180,2025-08-03 22:57:38.921936,0 days 00:05:12.655756,1.351094003462046,17,26,COMPLETE
844,6842.515480136385,2025-08-03 22:52:26.268830,2025-08-03 22:55:14.276333,0 days 00:02:48.007503,1.4029395231389956,18,44,COMPLETE
845,11600.392636544475,2025-08-03 22:52:26.271072,2025-08-03 22:55:14.859599,0 days 00:02:48.588527,1.4187437333207373,17,44,COMPLETE
846,14657.902499227435,2025-08-03 22:52:26.272310,2025-08-03 22:53:54.201100,0 days 00:01:27.928790,1.4457361957720805,17,22,COMPLETE
847,14821.940836474489,2025-08-03 22:52:26.277506,2025-08-03 22:57:41.030851,0 days 00:05:14.753345,1.4190936623956896,17,26,COMPLETE
848,14402.23879557655,2025-08-03 22:52:26.279028,2025-08-03 22:57:43.510969,0 days 00:05:17.231941,1.4316348104529029,10,44,COMPLETE
849,9698.72261426335,2025-08-03 22:52:26.281841,2025-08-03 22:57:45.546469,0 days 00:05:19.264628,1.4326226123256602,17,43,COMPLETE
850,7087.264455761581,2025-08-03 22:52:26.284958,2025-08-03 22:57:40.193456,0 days 00:05:13.908498,1.4264622281888277,18,43,COMPLETE
851,13923.409066910228,2025-08-03 22:52:26.294102,2025-08-03 22:55:14.768679,0 days 00:02:48.474577,1.4320524701505075,17,26,COMPLETE
852,10834.321949727408,2025-08-03 22:52:26.296067,2025-08-03 22:55:16.087839,0 days 00:02:49.791772,1.4409168867990507,17,44,COMPLETE
853,10834.321949727408,2025-08-03 22:52:26.298760,2025-08-03 22:57:45.488065,0 days 00:05:19.189305,1.4237293940343703,17,44,COMPLETE
854,8667.555496211698,2025-08-03 22:52:26.301218,2025-08-03 23:00:48.505749,0 days 00:08:22.204531,1.6882107930416266,17,43,COMPLETE
855,17970.914792192558,2025-08-03 22:52:26.303556,2025-08-03 22:57:44.720208,0 days 00:05:18.416652,1.4446206394202208,10,25,COMPLETE
856,9698.72261426335,2025-08-03 22:52:26.306895,2025-08-03 22:57:47.750979,0 days 00:05:21.444084,1.4320118334932723,17,43,COMPLETE
857,12320.084555062302,2025-08-03 22:52:26.311022,2025-08-03 23:03:18.065190,0 days 00:10:51.754168,1.450442958217974,17,30,COMPLETE
858,10834.321949727408,2025-08-03 22:52:26.313826,2025-08-03 23:00:50.338747,0 days 00:08:24.024921,1.4375331846358397,17,44,COMPLETE
859,9698.72261426335,2025-08-03 22:52:26.315480,2025-08-03 22:57:46.226247,0 days 00:05:19.910767,1.441511498205579,17,43,COMPLETE
860,7485.5344098249325,2025-08-03 22:52:26.316727,2025-08-03 22:57:45.533321,0 days 00:05:19.216594,1.393790169320053,17,44,COMPLETE
861,15758.97950293318,2025-08-03 22:52:26.320232,2025-08-03 22:55:17.766535,0 days 00:02:51.446303,1.6825462450827018,10,44,COMPLETE
862,8859.003591748162,2025-08-03 22:52:26.323287,2025-08-03 22:55:16.785481,0 days 00:02:50.462194,1.7035125953793193,18,43,COMPLETE
863,17680.968464334037,2025-08-03 22:52:26.325482,2025-08-03 22:55:19.819938,0 days 00:02:53.494456,1.465152545767063,17,24,COMPLETE
864,12102.72256275598,2025-08-03 22:52:26.328562,2025-08-03 22:57:49.310147,0 days 00:05:22.981585,1.4573848509757619,17,43,COMPLETE
865,8421.237356733149,2025-08-03 22:52:26.329845,2025-08-03 22:55:18.983196,0 days 00:02:52.653351,1.4329806091166593,18,23,COMPLETE
866,9698.72261426335,2025-08-03 22:52:26.330884,2025-08-03 22:57:48.864987,0 days 00:05:22.534103,1.4290005179269594,17,43,COMPLETE
867,8518.279787775056,2025-08-03 22:52:26.334192,2025-08-03 22:57:48.438736,0 days 00:05:22.104544,1.4129042014266815,17,44,COMPLETE
868,6189.425980150861,2025-08-03 22:52:26.344591,2025-08-03 22:57:49.303580,0 days 00:05:22.958989,1.4108864649156343,18,43,COMPLETE
869,7485.5344098249325,2025-08-03 22:52:26.349204,2025-08-03 22:55:19.519550,0 days 00:02:53.170346,1.3911420360014632,17,44,COMPLETE
870,15207.90971463477,2025-08-03 22:52:26.353051,2025-08-03 22:53:57.622440,0 days 00:01:31.269389,1.4488701196867373,10,30,COMPLETE
871,17280.226187853285,2025-08-03 22:52:26.354344,2025-08-03 22:57:49.012679,0 days 00:05:22.658335,1.4469970427181422,18,20,COMPLETE
872,7730.5212247453655,2025-08-03 22:52:26.356643,2025-08-03 23:00:56.894866,0 days 00:08:30.538223,1.4093710433718993,17,30,COMPLETE
873,5721.1911519224195,2025-08-03 22:52:26.357764,2025-08-03 22:55:19.977803,0 days 00:02:53.620039,1.329396932032639,17,43,COMPLETE
874,17181.82330605964,2025-08-03 22:52:26.359134,2025-08-03 22:57:50.146967,0 days 00:05:23.787833,1.3753000166191676,11,43,COMPLETE
875,7747.357589254147,2025-08-03 22:52:26.360287,2025-08-03 23:02:45.435193,0 days 00:10:19.074906,1.423523731793969,18,44,COMPLETE
876,7747.357589254147,2025-08-03 22:52:26.364074,2025-08-03 22:55:19.496098,0 days 00:02:53.132024,1.4230344990389223,18,44,COMPLETE
877,8127.814062571715,2025-08-03 22:52:26.367306,2025-08-03 22:57:49.629763,0 days 00:05:23.262457,1.4045160142682596,17,43,COMPLETE
878,6175.141915567574,2025-08-03 22:52:26.368506,2025-08-03 23:00:56.837393,0 days 00:08:30.468887,1.4092885675794284,18,30,COMPLETE
879,7757.415869153278,2025-08-03 22:52:26.370747,2025-08-03 22:57:48.775726,0 days 00:05:22.404979,1.4116062176392696,17,30,COMPLETE
880,9885.990310582276,2025-08-03 22:52:26.373280,2025-08-03 22:55:22.074711,0 days 00:02:55.701431,1.4278622627619064,17,30,COMPLETE
881,9885.990310582276,2025-08-03 22:52:26.378259,2025-08-03 23:00:58.793676,0 days 00:08:32.415417,1.4288614100616366,17,30,COMPLETE
882,17849.872189455364,2025-08-03 22:52:26.383062,2025-08-03 23:00:54.369156,0 days 00:08:27.986094,1.4099743078381668,10,30,COMPLETE
883,8826.894083912968,2025-08-03 22:52:26.387333,2025-08-03 23:01:01.826188,0 days 00:08:35.438855,1.4007494055062577,17,44,COMPLETE
884,8062.656803152144,2025-08-03 22:52:26.391034,2025-08-03 22:57:50.504806,0 days 00:05:24.113772,1.4287506025833063,18,44,COMPLETE
885,10431.149749505736,2025-08-03 22:52:26.392613,2025-08-03 22:55:22.797525,0 days 00:02:56.404912,1.4278107710729642,18,26,COMPLETE
886,13471.842658974758,2025-08-03 22:52:26.394013,2025-08-03 23:01:00.711356,0 days 00:08:34.317343,1.4528448133362315,17,44,COMPLETE
887,9885.990310582276,2025-08-03 22:52:26.398166,2025-08-03 23:02:49.205316,0 days 00:10:22.807150,1.4263608309653435,17,30,COMPLETE
888,6545.137329642206,2025-08-03 22:52:26.400120,2025-08-03 23:03:17.980942,0 days 00:10:51.580822,1.3730709237438194,17,30,COMPLETE
889,12123.262920278894,2025-08-03 22:52:26.405603,2025-08-03 22:55:23.429435,0 days 00:02:57.023832,1.4347367442402894,18,25,COMPLETE
890,12633.47594097428,2025-08-03 22:52:26.409187,2025-08-03 22:57:51.971880,0 days 00:05:25.562693,1.4610603024135327,17,44,COMPLETE
891,13923.409066910228,2025-08-03 22:52:26.431413,2025-08-03 22:53:59.802131,0 days 00:01:33.370718,1.4386022109718237,17,26,COMPLETE
892,9885.990310582276,2025-08-03 22:52:26.438525,2025-08-03 22:55:24.959301,0 days 00:02:58.520776,1.427586331131559,17,30,COMPLETE
893,9081.696598341212,2025-08-03 22:52:26.445131,2025-08-03 22:57:54.409731,0 days 00:05:27.964600,1.405377057575911,17,44,COMPLETE
894,14402.23879557655,2025-08-03 22:52:26.452451,2025-08-03 22:57:51.356099,0 days 00:05:24.903648,1.428634119297627,10,44,COMPLETE
895,10894.846322979889,2025-08-03 22:52:26.478982,2025-08-03 23:01:02.542649,0 days 00:08:36.063667,1.4707036566596392,18,43,COMPLETE
896,13203.497787537051,2025-08-03 22:52:26.527751,2025-08-03 22:55:24.451476,0 days 00:02:57.923725,1.4214954266077302,17,22,COMPLETE
897,9815.101471787368,2025-08-03 22:52:26.554269,2025-08-03 23:03:16.402474,0 days 00:10:49.848205,1.4351355453933108,18,43,COMPLETE
898,18067.37119536666,2025-08-03 22:52:26.596281,2025-08-03 22:55:24.895779,0 days 00:02:58.299498,1.377721195728145,10,21,COMPLETE
899,9698.72261426335,2025-08-03 22:52:26.618360,2025-08-03 22:57:56.597062,0 days 00:05:29.978702,1.4247372193757486,17,43,COMPLETE
900,9698.72261426335,2025-08-03 22:52:26.654373,2025-08-03 22:57:57.691716,0 days 00:05:31.037343,1.432773964659486,17,43,COMPLETE
901,8235.71103047161,2025-08-03 22:52:26.656024,2025-08-03 22:57:57.634223,0 days 00:05:30.978199,1.3860714832596073,18,25,COMPLETE
902,9885.990310582276,2025-08-03 22:52:26.670405,2025-08-03 22:53:59.933911,0 days 00:01:33.263506,1.42957530877209,17,30,COMPLETE
903,6545.137329642206,2025-08-03 22:52:26.685052,2025-08-03 22:57:58.533709,0 days 00:05:31.848657,1.3804480279464313,17,30,COMPLETE
904,11780.21555042699,2025-08-03 22:52:26.704836,2025-08-03 22:55:27.993651,0 days 00:03:01.288815,1.4388922153431258,17,24,COMPLETE
905,13203.497787537051,2025-08-03 22:52:26.708917,2025-08-03 22:55:27.823300,0 days 00:03:01.114383,1.419073028740084,17,22,COMPLETE
906,6158.288490166154,2025-08-03 22:52:26.711162,2025-08-03 22:57:59.011086,0 days 00:05:32.299924,1.3914547830339146,17,30,COMPLETE
907,6074.90354922028,2025-08-03 22:52:26.719517,2025-08-03 22:58:02.358305,0 days 00:05:35.638788,1.3780521109424113,18,30,COMPLETE
908,6545.137329642206,2025-08-03 22:52:26.721740,2025-08-03 22:57:58.553394,0 days 00:05:31.831654,1.3784713539462246,17,30,COMPLETE
909,10957.164104032927,2025-08-03 22:52:26.750117,2025-08-03 22:57:56.829488,0 days 00:05:30.079371,1.4116975816943416,17,26,COMPLETE
910,9743.551520713643,2025-08-03 22:52:26.762865,2025-08-03 23:01:06.359789,0 days 00:08:39.596924,1.4109123645037565,17,22,COMPLETE
911,7738.45645512548,2025-08-03 22:52:26.769554,2025-08-03 22:58:00.487404,0 days 00:05:33.717850,1.3762785368752968,18,22,COMPLETE
912,16118.685038166477,2025-08-03 22:52:26.795317,2025-08-03 22:55:28.254054,0 days 00:03:01.458737,1.420393810778791,10,30,COMPLETE
913,16466.30582961786,2025-08-03 22:52:26.801550,2025-08-03 23:02:49.630109,0 days 00:10:22.828559,1.443399257628718,18,26,COMPLETE
914,10834.321949727408,2025-08-03 22:52:26.809232,2025-08-03 23:02:48.161134,0 days 00:10:21.351902,1.4271320082161023,17,44,COMPLETE
915,13923.409066910228,2025-08-03 22:52:26.815287,2025-08-03 23:01:04.179555,0 days 00:08:37.364268,1.44474558000765,17,26,COMPLETE
916,8826.894083912968,2025-08-03 22:52:26.817104,2025-08-03 22:58:02.696998,0 days 00:05:35.879894,1.4003530740540262,17,44,COMPLETE
917,17244.43199498311,2025-08-03 22:52:26.822181,2025-08-03 22:55:27.758719,0 days 00:03:00.936538,1.45338231896201,17,26,COMPLETE
918,13923.409066910228,2025-08-03 22:52:26.823531,2025-08-03 22:58:02.717762,0 days 00:05:35.894231,1.433544406301267,17,26,COMPLETE
919,10842.114044441652,2025-08-03 22:52:26.826701,2025-08-03 22:58:01.225022,0 days 00:05:34.398321,1.4053936267901925,17,26,COMPLETE
920,7102.548016903105,2025-08-03 22:52:26.831387,2025-08-03 23:01:05.724100,0 days 00:08:38.892713,1.4123443903678217,19,30,COMPLETE
921,13017.269712210702,2025-08-03 22:52:26.832604,2025-08-03 22:58:01.350787,0 days 00:05:34.518183,1.4215195789805717,16,25,COMPLETE
922,9885.990310582276,2025-08-03 22:52:26.834361,2025-08-03 22:58:00.817714,0 days 00:05:33.983353,1.4288096634647776,17,30,COMPLETE
923,10834.321949727408,2025-08-03 22:52:26.835869,2025-08-03 23:01:07.189518,0 days 00:08:40.353649,1.4351388818452764,17,44,COMPLETE
924,10412.808904321573,2025-08-03 22:52:26.843639,2025-08-03 23:01:09.253451,0 days 00:08:42.409812,1.4279167404372766,19,22,COMPLETE
925,8392.221437367896,2025-08-03 22:52:26.846372,2025-08-03 22:55:29.434929,0 days 00:03:02.588557,1.4345368324335834,19,30,COMPLETE
926,9885.990310582276,2025-08-03 22:52:26.847620,2025-08-03 22:58:05.966621,0 days 00:05:39.119001,1.4277481245395403,17,30,COMPLETE
927,11600.392636544475,2025-08-03 22:52:26.848999,2025-08-03 22:55:30.243735,0 days 00:03:03.394736,1.421878160425316,17,44,COMPLETE
928,8029.177172656002,2025-08-03 22:52:26.854099,2025-08-03 22:58:05.025294,0 days 00:05:38.171195,1.4319156901901366,19,43,COMPLETE
929,11344.441920982526,2025-08-03 22:52:26.859019,2025-08-03 23:01:09.941110,0 days 00:08:43.082091,1.4344668398227483,19,26,COMPLETE
930,11537.541975727074,2025-08-03 22:52:26.863238,2025-08-03 23:02:47.785804,0 days 00:10:20.922566,1.4412762345463714,18,43,COMPLETE
931,5821.100057924716,2025-08-03 22:52:26.864565,2025-08-03 23:01:13.871814,0 days 00:08:47.007249,1.3455349780147055,19,43,COMPLETE
932,12320.084555062302,2025-08-03 22:52:26.866713,2025-08-03 22:58:03.316808,0 days 00:05:36.450095,1.4537786483928712,17,30,COMPLETE
933,10318.163982326329,2025-08-03 22:52:26.870820,2025-08-03 23:01:14.482263,0 days 00:08:47.611443,1.4010287748246348,17,26,COMPLETE
934,10318.163982326329,2025-08-03 22:52:26.876387,2025-08-03 22:58:07.392272,0 days 00:05:40.515885,1.3941909265305596,17,26,COMPLETE
935,18614.807254760715,2025-08-03 22:52:26.877916,2025-08-03 22:55:34.964960,0 days 00:03:08.087044,1.3968256342868202,11,25,COMPLETE
936,10219.653134193477,2025-08-03 22:52:26.879432,2025-08-03 22:54:02.311421,0 days 00:01:35.431989,1.4187498900054727,17,23,COMPLETE
937,6204.245970721702,2025-08-03 22:52:26.880650,2025-08-03 22:58:07.576687,0 days 00:05:40.696037,1.4079558543603548,19,43,COMPLETE
938,6914.573099798884,2025-08-03 22:52:26.883214,2025-08-03 22:58:09.954564,0 days 00:05:43.071350,1.4178958005433204,19,43,COMPLETE
939,11780.21555042699,2025-08-03 22:52:26.885258,2025-08-03 23:01:14.298997,0 days 00:08:47.413739,1.4280770922020685,17,24,COMPLETE
940,6939.479063809482,2025-08-03 22:52:26.890282,2025-08-03 22:58:08.459060,0 days 00:05:41.568778,1.4098501948588604,18,44,COMPLETE
941,7114.958627095158,2025-08-03 22:52:26.892026,2025-08-03 22:58:09.603661,0 days 00:05:42.711635,1.1600957945123676,19,21,COMPLETE
942,7611.455850440454,2025-08-03 22:52:26.893888,2025-08-03 22:58:07.423953,0 days 00:05:40.530065,1.4106124667575435,17,43,COMPLETE
943,11929.799891500259,2025-08-03 22:52:26.900885,2025-08-03 22:58:09.617336,0 days 00:05:42.716451,1.418135846844301,17,22,COMPLETE
944,9515.71716624642,2025-08-03 22:52:26.903868,2025-08-03 22:58:09.985934,0 days 00:05:43.082066,1.4382841251024467,19,44,COMPLETE
945,10402.856487327213,2025-08-03 22:52:26.907696,2025-08-03 22:58:09.761770,0 days 00:05:42.854074,1.4612965210983202,19,30,COMPLETE
946,8328.797481750566,2025-08-03 22:52:26.909732,2025-08-03 23:02:53.265388,0 days 00:10:26.355656,1.3889139497797067,17,45,COMPLETE
947,5680.951532299931,2025-08-03 22:52:26.912632,2025-08-03 22:58:10.021997,0 days 00:05:43.109365,1.3835241431624672,19,30,COMPLETE
948,11780.21555042699,2025-08-03 22:52:26.914916,2025-08-03 23:01:16.886244,0 days 00:08:49.971328,1.4358108339008624,17,24,COMPLETE
949,9885.990310582276,2025-08-03 22:52:26.919963,2025-08-03 22:55:36.923734,0 days 00:03:10.003771,1.4310857186107186,17,30,COMPLETE
950,10957.164104032927,2025-08-03 22:52:26.951647,2025-08-03 22:55:37.262203,0 days 00:03:10.310556,1.4141096767409354,17,26,COMPLETE
951,10834.321949727408,2025-08-03 22:52:26.957856,2025-08-03 22:55:33.931535,0 days 00:03:06.973679,1.4245389984317527,17,44,COMPLETE
952,9047.14766698595,2025-08-03 22:52:26.977730,2025-08-03 22:55:37.149711,0 days 00:03:10.171981,1.3642950077913598,17,44,COMPLETE
953,11344.441920982526,2025-08-03 22:52:27.028658,2025-08-03 22:55:33.898211,0 days 00:03:06.869553,1.4316825850137473,19,26,COMPLETE
954,16266.093192092456,2025-08-03 22:52:27.041082,2025-08-03 23:01:19.472650,0 days 00:08:52.431568,1.4335041611503336,10,30,COMPLETE
955,9698.72261426335,2025-08-03 22:52:27.058102,2025-08-03 22:55:36.466345,0 days 00:03:09.408243,1.4418373848679198,17,43,COMPLETE
956,12408.846821363595,2025-08-03 22:52:27.100997,2025-08-03 23:03:18.306635,0 days 00:10:51.205638,1.426240189087739,17,22,COMPLETE
957,10957.164104032927,2025-08-03 22:52:27.136210,2025-08-03 22:55:36.766960,0 days 00:03:09.630750,1.4150724053531962,17,26,COMPLETE
958,9885.990310582276,2025-08-03 22:52:27.148828,2025-08-03 23:02:54.840269,0 days 00:10:27.691441,1.423602392819725,17,30,COMPLETE
959,10842.114044441652,2025-08-03 22:52:27.156170,2025-08-03 22:55:37.054311,0 days 00:03:09.898141,1.4043614558264355,17,26,COMPLETE
960,11910.5400046559,2025-08-03 22:52:27.175148,2025-08-03 23:01:15.954799,0 days 00:08:48.779651,1.405505946221124,16,22,COMPLETE
961,8964.91483826971,2025-08-03 22:52:27.187605,2025-08-03 22:55:36.774129,0 days 00:03:09.586524,1.4262377222075944,19,44,COMPLETE
962,7757.415869153278,2025-08-03 22:52:27.203562,2025-08-03 22:58:13.085527,0 days 00:05:45.881965,1.4134233200116542,17,30,COMPLETE
963,13923.409066910228,2025-08-03 22:52:27.240972,2025-08-03 22:55:37.432486,0 days 00:03:10.191514,1.4412423595053845,17,26,COMPLETE
964,7286.817930346471,2025-08-03 22:52:27.258751,2025-08-03 23:01:19.694934,0 days 00:08:52.436183,1.3963853427789599,17,30,COMPLETE
965,12006.78948490076,2025-08-03 22:52:27.303000,2025-08-03 22:58:14.523722,0 days 00:05:47.220722,1.430452634239587,17,25,COMPLETE
966,7389.565136744412,2025-08-03 22:52:27.304316,2025-08-03 22:55:39.367252,0 days 00:03:12.062936,1.3678064868938298,18,44,COMPLETE
967,17474.189039765068,2025-08-03 22:52:27.305924,2025-08-03 23:01:20.150662,0 days 00:08:52.844738,1.409672900803463,10,30,COMPLETE
968,6175.141915567574,2025-08-03 22:52:27.308268,2025-08-03 23:02:50.679124,0 days 00:10:23.370856,1.4101568343556394,18,30,COMPLETE
969,8612.703197177545,2025-08-03 22:52:27.311828,2025-08-03 22:55:38.845503,0 days 00:03:11.533675,1.4186040006914278,18,25,COMPLETE
970,12006.78948490076,2025-08-03 22:52:27.315504,2025-08-03 22:58:12.873508,0 days 00:05:45.558004,1.4265542413858119,17,25,COMPLETE
971,11748.646344352277,2025-08-03 22:52:27.317033,2025-08-03 22:55:38.827042,0 days 00:03:11.510009,1.4418638862143542,18,30,COMPLETE
972,22144.195026920475,2025-08-03 22:52:27.321563,2025-08-03 22:58:16.665369,0 days 00:05:49.343806,1.4441595286302171,10,26,COMPLETE
973,8612.703197177545,2025-08-03 22:52:27.323247,2025-08-03 22:58:15.295553,0 days 00:05:47.972306,1.4247131301822906,18,25,COMPLETE
974,9547.74763716484,2025-08-03 22:52:27.324933,2025-08-03 22:58:17.478070,0 days 00:05:50.153137,1.4177247003499338,17,30,COMPLETE
975,9376.356955073721,2025-08-03 22:52:27.326631,2025-08-03 23:01:17.868358,0 days 00:08:50.541727,1.3905877663530182,18,26,COMPLETE
976,15782.355211732947,2025-08-03 22:52:27.329094,2025-08-03 22:58:14.213386,0 days 00:05:46.884292,1.3524168177557268,10,44,COMPLETE
977,12521.942377188107,2025-08-03 22:52:27.336870,2025-08-03 23:01:26.247367,0 days 00:08:58.910497,1.4216201035575105,17,24,COMPLETE
978,13471.842658974758,2025-08-03 22:52:27.339770,2025-08-03 22:55:38.465979,0 days 00:03:11.126209,1.4534136833066378,17,44,COMPLETE
979,11420.597379258348,2025-08-03 22:52:27.341287,2025-08-03 22:55:41.268571,0 days 00:03:13.927284,1.4420572461822325,18,23,COMPLETE
980,7493.1874421645325,2025-08-03 22:52:27.343729,2025-08-03 22:58:18.357728,0 days 00:05:51.013999,1.4004243693682858,18,44,COMPLETE
981,10318.163982326329,2025-08-03 22:52:27.345853,2025-08-03 22:58:20.134842,0 days 00:05:52.788989,1.3955522588694562,17,26,COMPLETE
982,14821.940836474489,2025-08-03 22:52:27.348699,2025-08-03 22:58:23.180395,0 days 00:05:55.831696,1.4215436041775538,17,26,COMPLETE
983,6914.573099798884,2025-08-03 22:52:27.351519,2025-08-03 22:58:21.901848,0 days 00:05:54.550329,1.4221931590986288,18,43,COMPLETE
984,10014.612790036721,2025-08-03 22:52:27.359267,2025-08-03 23:01:23.595678,0 days 00:08:56.236411,1.4310673068722293,18,27,COMPLETE
985,8062.656803152144,2025-08-03 22:52:27.364381,2025-08-03 22:58:22.625359,0 days 00:05:55.260978,1.4311651461067059,18,44,COMPLETE
