number,value,datetime_start,datetime_complete,duration,params_atr_multiplier,params_atr_period,params_ema_period,state
0,8306.617378615294,2025-08-03 22:51:33.059272,2025-08-03 22:51:33.461901,0 days 00:00:00.402629,3.7300427996466636,17,24,COMPLETE
1,5613.861239122688,2025-08-03 22:51:33.061419,2025-08-03 22:51:33.868130,0 days 00:00:00.806711,2.122311872716743,26,38,COMPLETE
2,2434.9243988885037,2025-08-03 22:51:33.067026,2025-08-03 22:51:34.508534,0 days 00:00:01.441508,4.387598236545049,42,45,COMPLETE
3,5697.296776618594,2025-08-03 22:51:33.068621,2025-08-03 22:51:34.769737,0 days 00:00:01.701116,1.2722882337247543,19,46,COMPLETE
4,-164.63587568605521,2025-08-03 22:51:33.073168,2025-08-03 22:51:35.325114,0 days 00:00:02.251946,3.2230030069403623,36,93,COMPLETE
5,-inf,2025-08-03 22:51:33.074359,2025-08-03 22:51:35.391638,0 days 00:00:02.317279,3.6388327862686425,46,20,COMPLETE
6,654.1208810723928,2025-08-03 22:51:33.075467,2025-08-03 22:51:35.155239,0 days 00:00:02.079772,2.855599285963315,23,49,COMPLETE
7,8457.841933993304,2025-08-03 22:51:33.077437,2025-08-03 22:51:37.104656,0 days 00:00:04.027219,1.6578196243809349,19,60,COMPLETE
8,4790.667848943471,2025-08-03 22:51:33.081877,2025-08-03 22:51:35.952776,0 days 00:00:02.870899,4.41511316491412,15,93,COMPLETE
9,2675.489416494761,2025-08-03 22:51:33.087653,2025-08-03 22:51:36.130808,0 days 00:00:03.043155,2.058769307508025,27,58,COMPLETE
10,3615.9692974647523,2025-08-03 22:51:33.095385,2025-08-03 22:51:37.043655,0 days 00:00:03.948270,0.9931998583567725,28,40,COMPLETE
11,458.24850809066504,2025-08-03 22:51:33.123438,2025-08-03 22:51:37.604097,0 days 00:00:04.480659,2.3528755821482537,16,95,COMPLETE
12,13577.236069336617,2025-08-03 22:51:33.156899,2025-08-03 22:51:37.967055,0 days 00:00:04.810156,3.6112422765091265,18,21,COMPLETE
13,7655.19943260948,2025-08-03 22:51:33.167985,2025-08-03 22:51:38.645325,0 days 00:00:05.477340,1.7123653748204042,21,32,COMPLETE
14,1323.4323273912773,2025-08-03 22:51:33.169768,2025-08-03 22:51:38.746173,0 days 00:00:05.576405,3.860430881231407,47,76,COMPLETE
15,2423.430544286221,2025-08-03 22:51:33.176641,2025-08-03 22:51:39.005378,0 days 00:00:05.828737,3.8869901753867775,9,66,COMPLETE
16,5686.618100580357,2025-08-03 22:51:33.193514,2025-08-03 22:51:39.821172,0 days 00:00:06.627658,1.8649288563813249,10,79,COMPLETE
17,17379.821140070777,2025-08-03 22:51:33.216407,2025-08-03 22:51:48.562563,0 days 00:00:15.346156,3.804236531182146,24,41,COMPLETE
18,1665.661211496701,2025-08-03 22:51:33.253682,2025-08-03 22:51:40.140503,0 days 00:00:06.886821,2.3397238854860096,50,86,COMPLETE
19,4157.899010029064,2025-08-03 22:51:33.276914,2025-08-03 22:51:41.021747,0 days 00:00:07.744833,3.1882276509993557,12,33,COMPLETE
20,2313.108728678015,2025-08-03 22:51:33.298273,2025-08-03 22:51:41.683887,0 days 00:00:08.385614,3.010709706848668,12,68,COMPLETE
21,4455.9189044170735,2025-08-03 22:51:33.309055,2025-08-03 22:51:42.157027,0 days 00:00:08.847972,3.7564621441105004,26,47,COMPLETE
22,1604.9122323671245,2025-08-03 22:51:33.333386,2025-08-03 22:51:43.021260,0 days 00:00:09.687874,1.2823180974319794,39,53,COMPLETE
23,531.7533607210095,2025-08-03 22:51:33.350408,2025-08-03 22:51:42.904231,0 days 00:00:09.553823,3.2352740117282024,44,69,COMPLETE
24,6428.172795840152,2025-08-03 22:51:33.389111,2025-08-03 22:51:43.876354,0 days 00:00:10.487243,1.0443007732200371,12,26,COMPLETE
25,2430.293195896159,2025-08-03 22:51:33.429516,2025-08-03 22:51:44.377926,0 days 00:00:10.948410,3.949400856184062,34,87,COMPLETE
26,678.7320277250427,2025-08-03 22:51:33.468826,2025-08-03 22:51:45.027634,0 days 00:00:11.558808,0.9889295755329286,23,85,COMPLETE
27,1982.6199186831864,2025-08-03 22:51:33.470073,2025-08-03 22:51:45.211191,0 days 00:00:11.741118,3.914931337087634,47,46,COMPLETE
28,3004.068617909454,2025-08-03 22:51:33.492200,2025-08-03 22:51:45.339941,0 days 00:00:11.847741,1.3778529561747601,46,91,COMPLETE
29,663.6918018314979,2025-08-03 22:51:33.524522,2025-08-03 22:51:45.686119,0 days 00:00:12.161597,2.811255061253146,28,35,COMPLETE
30,18553.993940485045,2025-08-03 22:51:33.574775,2025-08-03 22:51:46.266236,0 days 00:00:12.691461,1.614405315075591,15,44,COMPLETE
31,1696.701294568489,2025-08-03 22:51:33.636541,2025-08-03 22:51:47.706034,0 days 00:00:14.069493,2.9461012046399935,32,28,COMPLETE
32,1139.9275297485692,2025-08-03 22:51:33.694594,2025-08-03 22:51:48.489970,0 days 00:00:14.795376,0.7062979757031198,8,51,COMPLETE
33,698.1876268868318,2025-08-03 22:51:33.716710,2025-08-03 22:51:48.493920,0 days 00:00:14.777210,1.1938670046253392,42,88,COMPLETE
34,1479.2063800936112,2025-08-03 22:51:33.754453,2025-08-03 22:51:48.761437,0 days 00:00:15.006984,3.3904953075461064,18,55,COMPLETE
35,7090.670971465468,2025-08-03 22:51:33.922170,2025-08-03 22:51:49.690594,0 days 00:00:15.768424,1.8294853368660688,11,59,COMPLETE
36,751.0467206962571,2025-08-03 22:51:33.998204,2025-08-03 22:51:40.502580,0 days 00:00:06.504376,4.394795369609163,50,100,COMPLETE
37,3379.0974302711134,2025-08-03 22:51:34.139307,2025-08-03 22:51:50.131412,0 days 00:00:15.992105,3.922760694194322,31,46,COMPLETE
38,2561.7858775435516,2025-08-03 22:51:34.199946,2025-08-03 22:51:50.436039,0 days 00:00:16.236093,2.051244771123775,6,50,COMPLETE
39,2720.496411719293,2025-08-03 22:51:34.368774,2025-08-03 22:51:50.725312,0 days 00:00:16.356538,3.225685000836712,48,82,COMPLETE
40,552.2749879414422,2025-08-03 22:51:34.458769,2025-08-03 22:51:51.373148,0 days 00:00:16.914379,3.3586179434124386,25,95,COMPLETE
41,3484.9893703775633,2025-08-03 22:51:34.571964,2025-08-03 22:51:52.712458,0 days 00:00:18.140494,3.6754118493633463,35,47,COMPLETE
42,2558.0101565622845,2025-08-03 22:51:34.686451,2025-08-03 22:51:52.654655,0 days 00:00:17.968204,3.5534536737415605,33,51,COMPLETE
43,9125.506596918227,2025-08-03 22:51:34.751678,2025-08-03 22:51:44.108977,0 days 00:00:09.357299,1.723604902984662,12,83,COMPLETE
44,331.4374717785868,2025-08-03 22:51:34.819036,2025-08-03 22:51:53.541123,0 days 00:00:18.722087,0.95480922313727,21,96,COMPLETE
45,3521.566957889583,2025-08-03 22:51:34.840638,2025-08-03 22:51:53.831962,0 days 00:00:18.991324,4.079879207939671,48,85,COMPLETE
46,3528.0771446071153,2025-08-03 22:51:34.912209,2025-08-03 22:51:53.468708,0 days 00:00:18.556499,2.058912627841982,42,49,COMPLETE
47,1347.8451049030639,2025-08-03 22:51:35.026746,2025-08-03 22:51:54.189596,0 days 00:00:19.162850,2.44539545883551,16,71,COMPLETE
48,2637.1631839555016,2025-08-03 22:51:35.214338,2025-08-03 22:51:54.319695,0 days 00:00:19.105357,1.392288547386698,43,59,COMPLETE
49,2701.1360344012387,2025-08-03 22:51:35.241622,2025-08-03 22:51:55.578076,0 days 00:00:20.336454,0.9407587047676533,31,32,COMPLETE
50,1820.3878253419512,2025-08-03 22:51:35.257862,2025-08-03 22:51:56.502764,0 days 00:00:21.244902,2.254125462802264,48,67,COMPLETE
51,6511.503370506001,2025-08-03 22:51:35.289457,2025-08-03 22:51:56.294354,0 days 00:00:21.004897,1.7547334353832529,10,66,COMPLETE
52,1488.1837425804424,2025-08-03 22:51:35.316160,2025-08-03 22:51:56.614536,0 days 00:00:21.298376,2.991103841201467,25,40,COMPLETE
53,804.840638135117,2025-08-03 22:51:35.330970,2025-08-03 22:51:57.116699,0 days 00:00:21.785729,0.7799192916480933,28,87,COMPLETE
54,441.7722587158028,2025-08-03 22:51:35.361166,2025-08-03 22:51:58.255121,0 days 00:00:22.893955,2.7430846160528852,27,40,COMPLETE
55,1719.7130999033693,2025-08-03 22:51:35.377752,2025-08-03 22:51:58.073079,0 days 00:00:22.695327,2.2209351852812924,34,89,COMPLETE
56,1546.7162278932988,2025-08-03 22:51:35.388932,2025-08-03 22:51:58.886560,0 days 00:00:23.497628,2.8663575203444864,34,75,COMPLETE
57,933.5933545457743,2025-08-03 22:51:35.392712,2025-08-03 22:51:58.594079,0 days 00:00:23.201367,3.526304704898149,35,95,COMPLETE
58,3024.9877633138153,2025-08-03 22:51:35.396761,2025-08-03 22:51:47.098638,0 days 00:00:11.701877,3.222559238707133,13,28,COMPLETE
59,966.7528336734066,2025-08-03 22:51:35.398034,2025-08-03 22:51:47.531539,0 days 00:00:12.133505,2.7896491433607102,9,62,COMPLETE
60,206.85255679487923,2025-08-03 22:51:35.400660,2025-08-03 22:51:59.792420,0 days 00:00:24.391760,3.2409578027619066,44,61,COMPLETE
61,1689.8437367912038,2025-08-03 22:51:35.407409,2025-08-03 22:51:49.396709,0 days 00:00:13.989300,0.759045547981303,11,33,COMPLETE
62,1125.163973666627,2025-08-03 22:51:35.408922,2025-08-03 22:52:02.298502,0 days 00:00:26.889580,3.4849565653543464,36,89,COMPLETE
63,4776.472008785023,2025-08-03 22:51:35.410458,2025-08-03 22:52:01.480509,0 days 00:00:26.070051,4.276421299435384,9,54,COMPLETE
64,12689.092430786573,2025-08-03 22:51:35.411547,2025-08-03 22:52:03.186499,0 days 00:00:27.774952,4.487525585474321,18,22,COMPLETE
65,5969.197944142013,2025-08-03 22:51:35.413366,2025-08-03 22:52:02.965932,0 days 00:00:27.552566,3.844248559200888,21,85,COMPLETE
66,11266.606358863362,2025-08-03 22:51:35.414200,2025-08-03 22:52:02.393137,0 days 00:00:26.978937,1.4679913719324151,19,31,COMPLETE
67,3575.8969038407954,2025-08-03 22:51:35.421318,2025-08-03 22:52:03.861500,0 days 00:00:28.440182,1.9816494788603083,19,74,COMPLETE
68,3541.4039200661887,2025-08-03 22:51:35.422648,2025-08-03 22:52:03.590644,0 days 00:00:28.167996,1.4842650596476332,28,57,COMPLETE
69,1625.365089909617,2025-08-03 22:51:35.423644,2025-08-03 22:52:03.268362,0 days 00:00:27.844718,3.5173703634395643,9,95,COMPLETE
70,64.39874146230255,2025-08-03 22:51:35.425998,2025-08-03 22:52:03.761001,0 days 00:00:28.335003,3.1065607216728615,37,56,COMPLETE
71,2369.493370334294,2025-08-03 22:51:35.432143,2025-08-03 22:52:03.987379,0 days 00:00:28.555236,1.5836041846172355,31,59,COMPLETE
72,-inf,2025-08-03 22:51:35.433405,2025-08-03 22:52:03.453980,0 days 00:00:28.020575,4.154461370185616,47,34,COMPLETE
73,2866.9254502048125,2025-08-03 22:51:35.472040,2025-08-03 22:52:03.738553,0 days 00:00:28.266513,1.331503261070421,18,72,COMPLETE
74,2524.6140021544165,2025-08-03 22:51:35.524069,2025-08-03 22:52:05.029132,0 days 00:00:29.505063,2.271144291794389,15,34,COMPLETE
75,2813.7211097172385,2025-08-03 22:51:35.542727,2025-08-03 22:52:06.873260,0 days 00:00:31.330533,1.5215167819033977,28,65,COMPLETE
76,1868.8542857392113,2025-08-03 22:51:35.576584,2025-08-03 22:52:05.741781,0 days 00:00:30.165197,2.921452827520888,20,71,COMPLETE
77,1971.640380266204,2025-08-03 22:51:35.583310,2025-08-03 22:52:07.768648,0 days 00:00:32.185338,2.3388694468483004,21,20,COMPLETE
78,3345.2406708363087,2025-08-03 22:51:35.601173,2025-08-03 22:52:07.708598,0 days 00:00:32.107425,1.524950566871424,26,68,COMPLETE
79,2766.4517515241146,2025-08-03 22:51:35.608496,2025-08-03 22:52:08.542445,0 days 00:00:32.933949,3.808320505809259,9,70,COMPLETE
80,-48.328204161407314,2025-08-03 22:51:35.722622,2025-08-03 22:52:07.815678,0 days 00:00:32.093056,3.347052851556707,28,74,COMPLETE
81,4222.562993159812,2025-08-03 22:51:35.768777,2025-08-03 22:52:07.228205,0 days 00:00:31.459428,1.384768064380638,23,62,COMPLETE
82,-26.450335395271324,2025-08-03 22:51:35.770703,2025-08-03 22:52:09.149516,0 days 00:00:33.378813,0.5272972120296746,12,91,COMPLETE
83,8116.307124182376,2025-08-03 22:51:35.815017,2025-08-03 22:52:08.669544,0 days 00:00:32.854527,3.6586717046807262,28,33,COMPLETE
84,2832.7327946706555,2025-08-03 22:51:35.897017,2025-08-03 22:52:09.683727,0 days 00:00:33.786710,1.9991631308125326,49,57,COMPLETE
85,2172.34968436721,2025-08-03 22:51:35.950814,2025-08-03 22:52:09.858202,0 days 00:00:33.907388,1.221382948974485,15,74,COMPLETE
86,9853.36909682504,2025-08-03 22:51:35.963818,2025-08-03 22:52:09.762972,0 days 00:00:33.799154,1.993889976933351,7,22,COMPLETE
87,-40.442237497684836,2025-08-03 22:51:35.982493,2025-08-03 22:52:11.617349,0 days 00:00:35.634856,3.8110433832718558,49,72,COMPLETE
88,2165.5410920442723,2025-08-03 22:51:36.027669,2025-08-03 22:52:12.699544,0 days 00:00:36.671875,2.295566034668221,37,21,COMPLETE
89,2874.398449173124,2025-08-03 22:51:36.048825,2025-08-03 22:52:12.258822,0 days 00:00:36.209997,1.4836462321541197,36,63,COMPLETE
90,6105.382594553419,2025-08-03 22:51:36.059223,2025-08-03 22:52:26.204081,0 days 00:00:50.144858,4.243430260006214,30,76,COMPLETE
91,-inf,2025-08-03 22:51:36.065891,2025-08-03 22:52:12.917568,0 days 00:00:36.851677,1.0015989732777233,46,42,COMPLETE
92,538.6912292663768,2025-08-03 22:51:36.079955,2025-08-03 22:52:12.406995,0 days 00:00:36.327040,0.7507763975285395,43,75,COMPLETE
93,3478.4349243112833,2025-08-03 22:51:36.090451,2025-08-03 22:52:13.704542,0 days 00:00:37.614091,4.102385951683502,43,87,COMPLETE
94,3381.581777102919,2025-08-03 22:51:36.091815,2025-08-03 22:52:12.147993,0 days 00:00:36.056178,1.9571511540514033,46,48,COMPLETE
95,1210.4727630199695,2025-08-03 22:51:36.115360,2025-08-03 22:52:13.407201,0 days 00:00:37.291841,1.0818730662148095,9,71,COMPLETE
96,4850.160208943504,2025-08-03 22:51:36.131155,2025-08-03 22:52:13.494911,0 days 00:00:37.363756,1.8413102817595313,40,90,COMPLETE
97,16290.092231772574,2025-08-03 22:51:36.132402,2025-08-03 22:52:15.159402,0 days 00:00:39.027000,1.5393328503867498,18,52,COMPLETE
98,1893.2286124700288,2025-08-03 22:51:36.139600,2025-08-03 22:52:14.318077,0 days 00:00:38.178477,2.7501051804741716,34,35,COMPLETE
99,865.3527693572767,2025-08-03 22:51:36.141175,2025-08-03 22:52:14.555434,0 days 00:00:38.414259,2.9006658996378185,23,73,COMPLETE
100,3259.315137407004,2025-08-03 22:51:36.144543,2025-08-03 22:52:16.297123,0 days 00:00:40.152580,1.9273083628917322,5,99,COMPLETE
101,2493.8301149497242,2025-08-03 22:51:36.149832,2025-08-03 22:52:16.272525,0 days 00:00:40.122693,2.613930962565286,31,82,COMPLETE
102,7651.2640115120275,2025-08-03 22:51:36.152564,2025-08-03 22:52:16.670719,0 days 00:00:40.518155,1.8187268463324844,25,94,COMPLETE
103,-160.45265601702104,2025-08-03 22:51:36.154030,2025-08-03 22:52:15.799636,0 days 00:00:39.645606,3.2787585651697313,35,92,COMPLETE
104,1329.4226176232942,2025-08-03 22:51:36.158037,2025-08-03 22:52:17.659818,0 days 00:00:41.501781,3.6542638108480636,26,79,COMPLETE
105,1472.4296097784827,2025-08-03 22:51:36.159152,2025-08-03 22:52:16.852830,0 days 00:00:40.693678,0.9989173540063039,40,51,COMPLETE
106,246.0290295176096,2025-08-03 22:51:36.161899,2025-08-03 22:52:17.999787,0 days 00:00:41.837888,2.9245117534082956,30,41,COMPLETE
107,946.0910783574329,2025-08-03 22:51:36.162873,2025-08-03 22:52:19.504970,0 days 00:00:43.342097,2.493563881373862,22,53,COMPLETE
108,5517.556209862288,2025-08-03 22:51:36.163906,2025-08-03 22:52:19.703786,0 days 00:00:43.539880,2.1012719864893317,35,94,COMPLETE
109,5625.256741798312,2025-08-03 22:51:36.165994,2025-08-03 22:52:20.017289,0 days 00:00:43.851295,1.8136473464198284,29,87,COMPLETE
110,1405.4606938407271,2025-08-03 22:51:36.171557,2025-08-03 22:52:20.034923,0 days 00:00:43.863366,2.0485385028707386,9,63,COMPLETE
111,6560.148214160863,2025-08-03 22:51:36.172207,2025-08-03 22:52:19.696476,0 days 00:00:43.524269,4.291330124572902,34,50,COMPLETE
112,216.94351092824226,2025-08-03 22:51:36.173137,2025-08-03 22:52:19.394703,0 days 00:00:43.221566,3.224576792218403,21,85,COMPLETE
113,422.74139285419795,2025-08-03 22:51:36.174897,2025-08-03 22:52:20.240589,0 days 00:00:44.065692,1.001257008177983,29,66,COMPLETE
114,1344.8081319939133,2025-08-03 22:51:36.181619,2025-08-03 22:52:19.830535,0 days 00:00:43.648916,2.635312612206994,38,69,COMPLETE
115,2892.375540219522,2025-08-03 22:51:36.210103,2025-08-03 22:52:19.911630,0 days 00:00:43.701527,1.7101508116155055,37,86,COMPLETE
116,-45.978861472275895,2025-08-03 22:51:36.234564,2025-08-03 22:52:20.453992,0 days 00:00:44.219428,0.539156409541695,47,82,COMPLETE
117,-inf,2025-08-03 22:51:36.312047,2025-08-03 22:52:21.578754,0 days 00:00:45.266707,3.6984272940401497,49,28,COMPLETE
118,6271.289014067549,2025-08-03 22:51:36.405191,2025-08-03 22:52:23.382643,0 days 00:00:46.977452,4.380448804050301,14,51,COMPLETE
119,-inf,2025-08-03 22:51:36.439638,2025-08-03 22:52:21.843035,0 days 00:00:45.403397,3.534700972419592,44,24,COMPLETE
120,2366.6514912601738,2025-08-03 22:51:36.499565,2025-08-03 22:52:23.138935,0 days 00:00:46.639370,2.7441577635475753,17,37,COMPLETE
121,213.13335527380664,2025-08-03 22:51:36.507801,2025-08-03 22:52:22.265092,0 days 00:00:45.757291,3.677330807914431,49,56,COMPLETE
122,1904.0923132684356,2025-08-03 22:51:36.548897,2025-08-03 22:52:23.701152,0 days 00:00:47.152255,2.0514641274970726,7,89,COMPLETE
123,2574.60557549209,2025-08-03 22:51:36.726038,2025-08-03 22:52:24.938446,0 days 00:00:48.212408,3.0230843682280377,43,73,COMPLETE
124,357.2990576371483,2025-08-03 22:51:36.776984,2025-08-03 22:52:26.821263,0 days 00:00:50.044279,3.4279900444236513,41,60,COMPLETE
125,1893.1159913891179,2025-08-03 22:51:36.831427,2025-08-03 22:52:24.969353,0 days 00:00:48.137926,4.487848400296334,46,52,COMPLETE
126,-inf,2025-08-03 22:51:36.954609,2025-08-03 22:52:24.550429,0 days 00:00:47.595820,4.467021995605228,48,23,COMPLETE
127,826.9489514377177,2025-08-03 22:51:36.977577,2025-08-03 22:52:24.431942,0 days 00:00:47.454365,0.567212298012568,13,62,COMPLETE
128,18.327187624608115,2025-08-03 22:51:36.989295,2025-08-03 22:52:24.930553,0 days 00:00:47.941258,3.4270662673043875,26,80,COMPLETE
129,9154.51461554421,2025-08-03 22:51:37.177990,2025-08-03 22:51:40.238020,0 days 00:00:03.060030,1.7348473447622832,6,68,COMPLETE
130,286.9007576132704,2025-08-03 22:51:37.351887,2025-08-03 22:51:40.504954,0 days 00:00:03.153067,0.5267197964936208,5,75,COMPLETE
131,7878.516334088524,2025-08-03 22:51:37.354030,2025-08-03 22:51:41.734106,0 days 00:00:04.380076,1.6249809261098564,6,76,COMPLETE
132,10336.7843654217,2025-08-03 22:51:37.427663,2025-08-03 22:51:43.668953,0 days 00:00:06.241290,1.5979576086060314,9,75,COMPLETE
133,8170.776389212368,2025-08-03 22:51:37.528114,2025-08-03 22:51:50.576469,0 days 00:00:13.048355,1.7439573829022663,5,76,COMPLETE
134,8394.653300440987,2025-08-03 22:51:37.537101,2025-08-03 22:52:19.507018,0 days 00:00:41.969917,1.6196417482767602,11,75,COMPLETE
135,9673.956071300536,2025-08-03 22:51:37.554334,2025-08-03 22:51:43.042241,0 days 00:00:05.487907,1.6873077945179213,8,76,COMPLETE
136,9096.3046306252,2025-08-03 22:51:37.804583,2025-08-03 22:52:25.391853,0 days 00:00:47.587270,1.5418825247926318,8,72,COMPLETE
137,11044.204839740727,2025-08-03 22:51:37.854598,2025-08-03 22:52:04.636238,0 days 00:00:26.781640,1.5654343746382144,5,72,COMPLETE
138,12370.0402132837,2025-08-03 22:51:37.898737,2025-08-03 22:51:57.354807,0 days 00:00:19.456070,1.4738145214530944,6,75,COMPLETE
139,9111.238275662185,2025-08-03 22:51:37.940444,2025-08-03 22:52:09.783716,0 days 00:00:31.843272,1.513628406283316,8,76,COMPLETE
140,9115.913215418723,2025-08-03 22:51:37.968464,2025-08-03 22:52:16.145308,0 days 00:00:38.176844,1.5671517386057272,5,77,COMPLETE
141,3958.4173553630503,2025-08-03 22:51:38.141658,2025-08-03 22:51:53.669228,0 days 00:00:15.527570,1.2882749772707836,5,79,COMPLETE
142,7602.873916094574,2025-08-03 22:51:38.248516,2025-08-03 22:52:02.989904,0 days 00:00:24.741388,1.541778570784138,5,76,COMPLETE
143,8970.147139026769,2025-08-03 22:51:38.286432,2025-08-03 22:52:30.884598,0 days 00:00:52.598166,1.4552545811148705,9,76,COMPLETE
144,8409.605499435687,2025-08-03 22:51:38.310997,2025-08-03 22:52:48.556521,0 days 00:01:10.245524,1.5682457854203022,5,76,COMPLETE
145,1550.7476473045351,2025-08-03 22:51:38.473180,2025-08-03 22:52:04.984839,0 days 00:00:26.511659,1.642168372781385,34,73,COMPLETE
146,11663.577825287963,2025-08-03 22:51:38.535448,2025-08-03 22:52:08.766405,0 days 00:00:30.230957,1.649293267184424,9,77,COMPLETE
147,9781.240980141034,2025-08-03 22:51:38.570891,2025-08-03 22:51:52.141674,0 days 00:00:13.570783,1.5696739187161377,10,76,COMPLETE
148,60.38341998588437,2025-08-03 22:51:38.599042,2025-08-03 22:52:15.787509,0 days 00:00:37.188467,0.5038469989078145,6,75,COMPLETE
149,8437.507188200678,2025-08-03 22:51:38.599811,2025-08-03 22:52:28.794226,0 days 00:00:50.194415,1.5117705284373184,7,75,COMPLETE
150,8385.908656540654,2025-08-03 22:51:38.611954,2025-08-03 22:52:35.601124,0 days 00:00:56.989170,1.450049818472536,9,76,COMPLETE
151,903.4897890072374,2025-08-03 22:51:38.676861,2025-08-03 22:52:24.957808,0 days 00:00:46.280947,0.6216545637530753,7,77,COMPLETE
152,665.645436651304,2025-08-03 22:51:38.721738,2025-08-03 22:52:23.084217,0 days 00:00:44.362479,0.6878940122311497,7,74,COMPLETE
153,3175.77492850995,2025-08-03 22:51:38.829748,2025-08-03 22:52:39.038847,0 days 00:01:00.209099,2.8505130613638716,8,73,COMPLETE
154,2003.570927466807,2025-08-03 22:51:38.899133,2025-08-03 22:52:41.642835,0 days 00:01:02.743702,2.921030965814321,7,75,COMPLETE
155,780.9259992887321,2025-08-03 22:51:39.057600,2025-08-03 22:53:01.662248,0 days 00:01:22.604648,0.6391085174535638,5,78,COMPLETE
156,1700.651327269912,2025-08-03 22:51:39.093851,2025-08-03 22:52:44.672227,0 days 00:01:05.578376,2.9783563822663996,10,81,COMPLETE
157,463.09976151615507,2025-08-03 22:51:39.127293,2025-08-03 22:52:31.586915,0 days 00:00:52.459622,0.6795195788460362,5,77,COMPLETE
158,3076.9473795039444,2025-08-03 22:51:39.187846,2025-08-03 22:51:58.752621,0 days 00:00:19.564775,2.948508681089966,5,78,COMPLETE
159,2593.535842659054,2025-08-03 22:51:39.210775,2025-08-03 22:52:27.302028,0 days 00:00:48.091253,2.817083297327654,7,75,COMPLETE
160,2316.9007409550422,2025-08-03 22:51:39.232518,2025-08-03 22:52:32.727860,0 days 00:00:53.495342,2.826218979822322,5,79,COMPLETE
161,3076.9473795039444,2025-08-03 22:51:39.271272,2025-08-03 22:52:27.765992,0 days 00:00:48.494720,2.9571070006494535,5,77,COMPLETE
162,3223.641928665083,2025-08-03 22:51:39.400939,2025-08-03 22:52:35.059953,0 days 00:00:55.659014,2.851994608664053,8,77,COMPLETE
163,2369.3269317655026,2025-08-03 22:51:39.441531,2025-08-03 22:52:35.069689,0 days 00:00:55.628158,2.860138274843501,6,70,COMPLETE
164,2541.3558970802537,2025-08-03 22:51:39.473934,2025-08-03 22:52:33.556546,0 days 00:00:54.082612,2.8645157116426976,5,79,COMPLETE
