number,value,datetime_start,datetime_complete,duration,params_atr_multiplier,params_atr_period,params_ema_period,state
1964,16123.368840722806,2025-08-03 22:52:34.714192,2025-08-03 23:01:48.914935,0 days 00:09:14.200743,1.4211656282899894,17,29,COMPLETE
1965,9743.551520713643,2025-08-03 22:52:34.759999,2025-08-03 23:01:51.434701,0 days 00:09:16.674702,1.411931790400892,17,22,COMPLETE
1966,4203.383620878953,2025-08-03 22:52:34.886576,2025-08-03 22:56:02.088068,0 days 00:03:27.201492,1.1544359729194174,16,43,COMPLETE
1967,9301.831458118368,2025-08-03 22:52:34.961688,2025-08-03 23:03:06.766086,0 days 00:10:31.804398,1.4021660596136256,16,43,COMPLETE
1968,6847.997012873221,2025-08-03 22:52:35.006235,2025-08-03 22:56:00.084903,0 days 00:03:25.078668,1.1258601134475812,17,26,COMPLETE
1969,10628.225812332375,2025-08-03 22:52:35.021137,2025-08-03 22:56:02.223124,0 days 00:03:27.201987,1.4053932288200182,16,44,COMPLETE
1970,8079.142048602198,2025-08-03 22:52:35.055774,2025-08-03 22:58:54.516350,0 days 00:06:19.460576,1.350649373805534,18,45,COMPLETE
1971,16709.63908387643,2025-08-03 22:52:35.060813,2025-08-03 23:02:00.481550,0 days 00:09:25.420737,1.3727346201812805,11,30,COMPLETE
1972,6315.96835735277,2025-08-03 22:52:35.073832,2025-08-03 23:03:03.398847,0 days 00:10:28.325015,1.1490247794341593,17,30,COMPLETE
1973,16118.685038166477,2025-08-03 22:52:35.077210,2025-08-03 23:01:53.973771,0 days 00:09:18.896561,1.4202567064615137,10,30,COMPLETE
1974,17474.189039765068,2025-08-03 22:52:35.080047,2025-08-03 23:01:55.409883,0 days 00:09:20.329836,1.4096834410320374,10,30,COMPLETE
1975,20391.5646872266,2025-08-03 22:52:35.084854,2025-08-03 23:03:05.073573,0 days 00:10:29.988719,1.4070020828290937,10,22,COMPLETE
1976,14514.297624095685,2025-08-03 22:52:35.086005,2025-08-03 23:01:56.824177,0 days 00:09:21.738172,1.3593109229333042,10,43,COMPLETE
1977,17809.335570410847,2025-08-03 22:52:35.088796,2025-08-03 22:58:58.065355,0 days 00:06:22.976559,1.4252112716097252,10,25,COMPLETE
1978,16360.632043557174,2025-08-03 22:52:35.090967,2025-08-03 23:03:08.442679,0 days 00:10:33.351712,1.4072609374819942,10,44,COMPLETE
1979,8483.29658962773,2025-08-03 22:52:35.095642,2025-08-03 22:59:02.356931,0 days 00:06:27.261289,1.2234887003578094,10,30,COMPLETE
1980,7967.698677760936,2025-08-03 22:52:35.098023,2025-08-03 23:01:52.482807,0 days 00:09:17.384784,1.1561921099046764,10,25,COMPLETE
1981,14519.96172452282,2025-08-03 22:52:35.101252,2025-08-03 23:01:57.277782,0 days 00:09:22.176530,1.464700079996691,17,23,COMPLETE
1982,4912.193447812318,2025-08-03 22:52:35.102689,2025-08-03 23:03:18.586766,0 days 00:10:43.484077,1.1716537149479365,17,25,COMPLETE
1983,15837.361643535434,2025-08-03 22:52:35.106679,2025-08-03 22:58:57.526909,0 days 00:06:22.420230,1.6687095321505625,10,43,COMPLETE
1984,17849.872189455364,2025-08-03 22:52:35.108593,2025-08-03 23:01:59.454611,0 days 00:09:24.346018,1.4135062768085853,10,30,COMPLETE
1985,3469.540566468339,2025-08-03 22:52:35.110486,2025-08-03 23:01:53.016632,0 days 00:09:17.906146,1.1846326214036687,18,43,COMPLETE
1986,4256.213663255539,2025-08-03 22:52:37.020235,2025-08-03 23:03:09.644924,0 days 00:10:32.624689,1.1497916319543382,17,25,COMPLETE
1987,6328.019241219353,2025-08-03 22:52:37.960226,2025-08-03 23:02:10.150436,0 days 00:09:32.190210,1.1886906117190688,17,22,COMPLETE
1988,7049.915261314285,2025-08-03 22:52:37.969140,2025-08-03 23:02:09.281414,0 days 00:09:31.312274,1.1717137057415576,11,22,COMPLETE
1989,7198.556775780511,2025-08-03 22:52:42.467579,2025-08-03 23:00:13.033177,0 days 00:07:30.565598,1.3848224472684292,18,43,COMPLETE
1990,9829.578270887198,2025-08-03 22:52:44.234085,2025-08-03 23:02:30.538807,0 days 00:09:46.304722,1.7045248495358838,18,44,COMPLETE
1991,8859.003591748162,2025-08-03 22:52:46.091444,2025-08-03 23:00:44.376921,0 days 00:07:58.285477,1.695694392619123,18,43,COMPLETE
1992,7012.977924594826,2025-08-03 22:52:46.207836,2025-08-03 23:02:31.313515,0 days 00:09:45.105679,1.6870121903431379,17,30,COMPLETE
1993,8997.980167262462,2025-08-03 22:52:46.270154,2025-08-03 22:57:37.880156,0 days 00:04:51.610002,1.7257425302221747,18,22,COMPLETE
1994,8068.379496387544,2025-08-03 22:52:46.283904,2025-08-03 23:03:18.241128,0 days 00:10:31.957224,1.6868134952185228,17,24,COMPLETE
1995,9681.93473310321,2025-08-03 22:52:46.291921,2025-08-03 22:57:40.061620,0 days 00:04:53.769699,1.6772523305582288,18,22,COMPLETE
1996,17562.859777862468,2025-08-03 22:52:46.817049,2025-08-03 23:02:43.837286,0 days 00:09:57.020237,1.6640804593990342,11,44,COMPLETE
1997,10467.964734554458,2025-08-03 22:52:48.566536,2025-08-03 23:02:49.783089,0 days 00:10:01.216553,1.6820996512783137,17,22,COMPLETE
1998,9193.486279844235,2025-08-03 22:52:48.814863,2025-08-03 23:02:55.339098,0 days 00:10:06.524235,1.697090803990117,17,44,COMPLETE
1999,17339.383261586812,2025-08-03 22:53:02.592328,2025-08-03 23:03:18.211620,0 days 00:10:15.619292,1.67269241260593,11,44,COMPLETE
