number,value,datetime_start,datetime_complete,duration,params_atr_multiplier,params_atr_period,params_ema_period,state
1149,10033.704057308536,2025-08-03 22:52:28.143162,2025-08-03 23:01:57.048840,0 days 00:09:28.905678,1.4236273863731161,18,26,COMPLETE
1150,9835.990849126987,2025-08-03 22:52:28.148115,2025-08-03 22:56:11.947972,0 days 00:03:43.799857,1.4179221215467872,18,26,COMPLETE
1151,16945.899682007766,2025-08-03 22:52:28.149989,2025-08-03 22:59:14.038011,0 days 00:06:45.888022,1.4449206088813844,18,26,COMPLETE
1152,13426.008245873469,2025-08-03 22:52:28.153293,2025-08-03 23:02:01.963499,0 days 00:09:33.810206,1.43980979720998,18,25,COMPLETE
1153,8062.656803152144,2025-08-03 22:52:28.155609,2025-08-03 23:01:55.973891,0 days 00:09:27.818282,1.4288276168164769,18,44,COMPLETE
1154,16118.685038166477,2025-08-03 22:52:28.156821,2025-08-03 22:56:13.100589,0 days 00:03:44.943768,1.4309687482096853,10,30,COMPLETE
1155,15555.686367786158,2025-08-03 22:52:28.158211,2025-08-03 22:56:12.144521,0 days 00:03:43.986310,1.4392565076589077,18,26,COMPLETE
1156,6026.279685125495,2025-08-03 22:52:28.160526,2025-08-03 22:59:11.938892,0 days 00:06:43.778366,1.3720535786037868,18,30,COMPLETE
1157,10591.106986388808,2025-08-03 22:52:28.161966,2025-08-03 22:54:16.646556,0 days 00:01:48.484590,1.4294806574576966,18,21,COMPLETE
1158,8670.63647281175,2025-08-03 22:52:28.165694,2025-08-03 23:03:05.845882,0 days 00:10:37.680188,1.4189465611807102,18,45,COMPLETE
1159,9993.329911212913,2025-08-03 22:52:28.168143,2025-08-03 22:59:10.714137,0 days 00:06:42.545994,1.4355901847431274,18,30,COMPLETE
1160,7747.357589254147,2025-08-03 22:52:28.169496,2025-08-03 23:03:08.756036,0 days 00:10:40.586540,1.4228400927498819,18,44,COMPLETE
1161,11743.317947313604,2025-08-03 22:52:28.170412,2025-08-03 22:56:11.879461,0 days 00:03:43.709049,1.4705327753339255,18,30,COMPLETE
1162,8235.71103047161,2025-08-03 22:52:28.174989,2025-08-03 22:54:17.121365,0 days 00:01:48.946376,1.3840038990288637,18,25,COMPLETE
1163,7484.339809806122,2025-08-03 22:52:28.177165,2025-08-03 22:59:12.703138,0 days 00:06:44.525973,1.4099049946653677,17,23,COMPLETE
1164,10394.174102556823,2025-08-03 22:52:28.179440,2025-08-03 22:59:16.538838,0 days 00:06:48.359398,1.4195881642201194,17,43,COMPLETE
1165,8612.703197177545,2025-08-03 22:52:28.181530,2025-08-03 23:01:55.158806,0 days 00:09:26.977276,1.4189192091962095,18,25,COMPLETE
1166,7198.579525315877,2025-08-03 22:52:28.183736,2025-08-03 22:59:09.066345,0 days 00:06:40.882609,1.426634469105004,18,43,COMPLETE
1167,8638.124319306025,2025-08-03 22:52:28.185219,2025-08-03 22:56:14.401304,0 days 00:03:46.216085,1.4330229112088597,18,30,COMPLETE
1168,14402.23879557655,2025-08-03 22:52:28.187197,2025-08-03 23:01:58.236600,0 days 00:09:30.049403,1.4269051976680618,10,44,COMPLETE
1169,7338.255230882453,2025-08-03 22:52:28.188416,2025-08-03 22:59:07.814602,0 days 00:06:39.626186,1.4315339942977219,18,30,COMPLETE
1170,10275.330649146716,2025-08-03 22:52:28.190767,2025-08-03 22:56:14.184085,0 days 00:03:45.993318,1.426260096375904,18,26,COMPLETE
1171,12408.846821363595,2025-08-03 22:52:28.192497,2025-08-03 22:59:15.353201,0 days 00:06:47.160704,1.433401603569716,17,22,COMPLETE
1172,7785.851052063614,2025-08-03 22:52:28.194984,2025-08-03 23:01:58.336902,0 days 00:09:30.141918,1.7089208521418686,18,25,COMPLETE
1173,17346.55698510311,2025-08-03 22:52:28.198084,2025-08-03 23:01:59.810358,0 days 00:09:31.612274,1.4038822043620396,10,30,COMPLETE
1174,10957.164104032927,2025-08-03 22:52:28.202039,2025-08-03 22:54:17.913233,0 days 00:01:49.711194,1.411792539918989,17,26,COMPLETE
1175,9503.729294974759,2025-08-03 22:52:28.204095,2025-08-03 22:56:15.045496,0 days 00:03:46.841401,1.4041177009165415,17,25,COMPLETE
1176,5942.472255744635,2025-08-03 22:52:28.207908,2025-08-03 22:59:13.339926,0 days 00:06:45.132018,1.1534232792787962,18,26,COMPLETE
1177,8674.794265309512,2025-08-03 22:52:28.210458,2025-08-03 22:56:17.927963,0 days 00:03:49.717505,1.390932173486713,18,22,COMPLETE
1178,6597.297162069376,2025-08-03 22:52:28.213459,2025-08-03 22:59:16.439041,0 days 00:06:48.225582,1.3870836205200234,18,30,COMPLETE
1179,6608.360514392832,2025-08-03 22:52:28.214847,2025-08-03 22:56:16.062634,0 days 00:03:47.847787,1.3684066138703943,18,43,COMPLETE
1180,10944.080583568912,2025-08-03 22:52:28.215955,2025-08-03 22:56:14.717232,0 days 00:03:46.501277,1.435199761970195,18,44,COMPLETE
1181,14821.940836474489,2025-08-03 22:52:28.218189,2025-08-03 22:56:16.337222,0 days 00:03:48.119033,1.4202862462373516,17,26,COMPLETE
1182,10431.149749505736,2025-08-03 22:52:28.219521,2025-08-03 22:59:14.266162,0 days 00:06:46.046641,1.4299732412717368,18,26,COMPLETE
1183,16662.25287910461,2025-08-03 22:52:28.220719,2025-08-03 22:56:14.806247,0 days 00:03:46.585528,1.4394013525210316,10,22,COMPLETE
1184,8612.703197177545,2025-08-03 22:52:28.225053,2025-08-03 22:59:16.504072,0 days 00:06:48.279019,1.41586782674579,18,25,COMPLETE
1185,8612.703197177545,2025-08-03 22:52:28.226633,2025-08-03 22:59:12.030813,0 days 00:06:43.804180,1.4185510939500061,18,25,COMPLETE
1186,17521.844094168173,2025-08-03 22:52:28.228314,2025-08-03 23:02:00.846763,0 days 00:09:32.618449,1.3645307656072219,10,30,COMPLETE
1187,16466.30582961786,2025-08-03 22:52:28.230645,2025-08-03 23:02:01.735506,0 days 00:09:33.504861,1.4428671369216417,18,26,COMPLETE
1188,7939.065418449373,2025-08-03 22:52:28.236567,2025-08-03 22:59:17.462547,0 days 00:06:49.225980,1.4252929814985602,18,44,COMPLETE
1189,4696.189748816552,2025-08-03 22:52:28.239133,2025-08-03 22:59:14.086968,0 days 00:06:45.847835,1.1540138238197102,17,44,COMPLETE
1190,6939.479063809482,2025-08-03 22:52:28.243219,2025-08-03 23:02:03.585868,0 days 00:09:35.342649,1.4110591432464572,18,44,COMPLETE
1191,7017.734087934321,2025-08-03 22:52:28.245577,2025-08-03 22:59:15.957631,0 days 00:06:47.712054,1.175898356513554,17,26,COMPLETE
1192,13923.409066910228,2025-08-03 22:52:28.248145,2025-08-03 22:59:13.910085,0 days 00:06:45.661940,1.4232006073274721,17,26,COMPLETE
1193,13098.57810411706,2025-08-03 22:52:28.249169,2025-08-03 22:59:15.822432,0 days 00:06:47.573263,1.458245714166451,19,22,COMPLETE
1194,10431.149749505736,2025-08-03 22:52:28.250985,2025-08-03 23:03:06.851383,0 days 00:10:38.600398,1.4271858620337237,18,26,COMPLETE
1195,6629.406514073875,2025-08-03 22:52:28.252845,2025-08-03 22:56:15.625499,0 days 00:03:47.372654,1.384017983351521,18,30,COMPLETE
1196,6874.121989511055,2025-08-03 22:52:28.256344,2025-08-03 23:03:12.424905,0 days 00:10:44.168561,1.4242332697716087,19,23,COMPLETE
1197,6108.511413345892,2025-08-03 22:52:28.257486,2025-08-03 22:59:17.593942,0 days 00:06:49.336456,1.4035061236792965,18,43,COMPLETE
1198,11888.582866031968,2025-08-03 22:52:28.259205,2025-08-03 23:02:01.389740,0 days 00:09:33.130535,1.4448354201280544,18,43,COMPLETE
1199,9183.050343547302,2025-08-03 22:52:28.261134,2025-08-03 23:02:02.766425,0 days 00:09:34.505291,1.4256139205342349,18,22,COMPLETE
1200,13017.269712210702,2025-08-03 22:52:28.262945,2025-08-03 22:59:20.018351,0 days 00:06:51.755406,1.4199167748096768,16,25,COMPLETE
1201,10033.704057308536,2025-08-03 22:52:28.264499,2025-08-03 22:59:17.734901,0 days 00:06:49.470402,1.4243924930959107,18,26,COMPLETE
1202,22144.195026920475,2025-08-03 22:52:28.266344,2025-08-03 22:59:13.880072,0 days 00:06:45.613728,1.4340088812738025,10,26,COMPLETE
1203,10033.704057308536,2025-08-03 22:52:28.267868,2025-08-03 22:56:17.851782,0 days 00:03:49.583914,1.4235399755997866,18,26,COMPLETE
1204,13923.409066910228,2025-08-03 22:52:28.269867,2025-08-03 23:02:01.903633,0 days 00:09:33.633766,1.4379974498221024,17,26,COMPLETE
1205,9835.990849126987,2025-08-03 22:52:28.276243,2025-08-03 22:59:21.081157,0 days 00:06:52.804914,1.418913977476135,18,26,COMPLETE
1206,10431.149749505736,2025-08-03 22:52:28.277918,2025-08-03 22:59:17.767720,0 days 00:06:49.489802,1.4311972951160437,18,26,COMPLETE
1207,9835.990849126987,2025-08-03 22:52:28.279362,2025-08-03 22:54:18.258376,0 days 00:01:49.979014,1.4221673618185218,18,26,COMPLETE
1208,8246.512137771977,2025-08-03 22:52:28.280431,2025-08-03 22:59:15.297984,0 days 00:06:47.017553,1.4133739798883862,18,26,COMPLETE
1209,9376.356955073721,2025-08-03 22:52:28.285820,2025-08-03 22:56:20.837736,0 days 00:03:52.551916,1.389719396065854,18,26,COMPLETE
1210,12134.059854291037,2025-08-03 22:52:28.287600,2025-08-03 22:56:19.701495,0 days 00:03:51.413895,1.4720322442648137,18,44,COMPLETE
1211,12910.309200609765,2025-08-03 22:52:28.289708,2025-08-03 22:56:22.645489,0 days 00:03:54.355781,1.4433491586677947,10,43,COMPLETE
1212,8959.372983006404,2025-08-03 22:52:28.292742,2025-08-03 22:59:19.782087,0 days 00:06:51.489345,1.4289360938386613,18,25,COMPLETE
1213,9093.38489042967,2025-08-03 22:52:28.295052,2025-08-03 22:56:21.272162,0 days 00:03:52.977110,1.4400776565283837,19,30,COMPLETE
1214,16945.899682007766,2025-08-03 22:52:28.296368,2025-08-03 23:02:05.678332,0 days 00:09:37.381964,1.4452381878394713,18,26,COMPLETE
1215,7516.532661352393,2025-08-03 22:52:28.299288,2025-08-03 23:02:07.681815,0 days 00:09:39.382527,1.3990866050980575,18,44,COMPLETE
1216,20651.769737990053,2025-08-03 22:52:28.302511,2025-08-03 22:59:20.588499,0 days 00:06:52.285988,1.4276115612659313,10,24,COMPLETE
1217,23808.165458404423,2025-08-03 22:52:28.303717,2025-08-03 23:02:02.154571,0 days 00:09:33.850854,1.3687035924594242,10,26,COMPLETE
1218,7519.719207098474,2025-08-03 22:52:28.306764,2025-08-03 22:59:19.044282,0 days 00:06:50.737518,1.4077297526663233,18,24,COMPLETE
1219,13234.775000167925,2025-08-03 22:52:28.312914,2025-08-03 22:59:22.920955,0 days 00:06:54.608041,1.4467593082021435,18,44,COMPLETE
1220,8095.686899621291,2025-08-03 22:52:28.317126,2025-08-03 23:02:03.450799,0 days 00:09:35.133673,1.1278044350073033,18,30,COMPLETE
1221,13203.497787537051,2025-08-03 22:52:28.320899,2025-08-03 22:59:20.522713,0 days 00:06:52.201814,1.4194444828877546,17,22,COMPLETE
1222,9909.231557119087,2025-08-03 22:52:28.326135,2025-08-03 22:59:19.706154,0 days 00:06:51.380019,1.4088301648851773,17,22,COMPLETE
1223,7298.591280573134,2025-08-03 22:52:28.328654,2025-08-03 23:02:01.763390,0 days 00:09:33.434736,1.3776164704793485,18,25,COMPLETE
1224,15813.719363140348,2025-08-03 22:52:28.331134,2025-08-03 22:56:22.038683,0 days 00:03:53.707549,1.3463183634293334,10,44,COMPLETE
1225,7462.111556914276,2025-08-03 22:52:28.337422,2025-08-03 22:59:18.992227,0 days 00:06:50.654805,1.4063946550885729,18,44,COMPLETE
1226,6175.141915567574,2025-08-03 22:52:28.338869,2025-08-03 22:59:23.531761,0 days 00:06:55.192892,1.4093560531069051,18,30,COMPLETE
1227,6952.822777009642,2025-08-03 22:52:28.341202,2025-08-03 22:56:23.872701,0 days 00:03:55.531499,1.3613796578606496,17,30,COMPLETE
1228,9503.729294974759,2025-08-03 22:52:28.346679,2025-08-03 22:59:28.150814,0 days 00:06:59.804135,1.4054823123185272,17,25,COMPLETE
1229,19282.590538497323,2025-08-03 22:52:28.347920,2025-08-03 22:59:26.496177,0 days 00:06:58.148257,1.3563739704554334,10,25,COMPLETE
1230,8990.759537585769,2025-08-03 22:52:28.351996,2025-08-03 22:59:25.344922,0 days 00:06:56.992926,1.4006255072493383,18,26,COMPLETE
1231,13923.409066910228,2025-08-03 22:52:28.357908,2025-08-03 22:59:26.323854,0 days 00:06:57.965946,1.428151927527092,17,26,COMPLETE
1232,8062.656803152144,2025-08-03 22:52:28.359189,2025-08-03 22:59:28.618679,0 days 00:07:00.259490,1.4271222237905323,18,44,COMPLETE
1233,10434.338612556736,2025-08-03 22:52:28.362995,2025-08-03 22:54:22.910337,0 days 00:01:54.547342,1.4261041161561712,18,20,COMPLETE
1234,8443.810578160483,2025-08-03 22:52:28.364387,2025-08-03 22:59:28.074068,0 days 00:06:59.709681,1.4192948910964232,18,24,COMPLETE
1235,12618.986004008566,2025-08-03 22:52:28.369506,2025-08-03 22:59:23.570301,0 days 00:06:55.200795,1.4629099541400599,17,44,COMPLETE
1236,13234.775000167925,2025-08-03 22:52:28.371433,2025-08-03 22:59:28.866082,0 days 00:07:00.494649,1.4519748815384799,18,44,COMPLETE
1237,13923.409066910228,2025-08-03 22:52:28.375766,2025-08-03 22:59:27.097018,0 days 00:06:58.721252,1.434204840830035,17,26,COMPLETE
1238,6175.141915567574,2025-08-03 22:52:28.379061,2025-08-03 22:59:29.184675,0 days 00:07:00.805614,1.4102292455046823,18,30,COMPLETE
1239,7224.5803062903415,2025-08-03 22:52:28.382324,2025-08-03 23:03:11.590599,0 days 00:10:43.208275,1.426319472909208,18,30,COMPLETE
1240,16466.30582961786,2025-08-03 22:52:28.384006,2025-08-03 23:02:02.954509,0 days 00:09:34.570503,1.4426784813914184,18,26,COMPLETE
1241,6505.231897169886,2025-08-03 22:52:28.385879,2025-08-03 23:02:04.322184,0 days 00:09:35.936305,1.3494019317726913,18,43,COMPLETE
1242,9927.08620474667,2025-08-03 22:52:28.390948,2025-08-03 22:59:25.587680,0 days 00:06:57.196732,1.3981621579554733,17,22,COMPLETE
1243,7375.081685281926,2025-08-03 22:52:28.396277,2025-08-03 22:56:25.602566,0 days 00:03:57.206289,1.342709311999362,18,44,COMPLETE
1244,9815.101471787368,2025-08-03 22:52:28.403670,2025-08-03 23:02:09.967940,0 days 00:09:41.564270,1.4356896821347576,18,43,COMPLETE
1245,7693.054639233009,2025-08-03 22:52:28.440933,2025-08-03 22:59:24.691570,0 days 00:06:56.250637,1.3849759796655354,17,44,COMPLETE
1246,8612.703197177545,2025-08-03 22:52:28.455440,2025-08-03 23:02:03.208620,0 days 00:09:34.753180,1.4215037338893277,18,25,COMPLETE
1247,8062.656803152144,2025-08-03 22:52:28.475616,2025-08-03 22:56:29.545127,0 days 00:04:01.069511,1.4282542850367193,18,44,COMPLETE
1248,7515.521098573528,2025-08-03 22:52:28.480543,2025-08-03 22:56:28.869641,0 days 00:04:00.389098,1.413986084235495,18,22,COMPLETE
1249,6874.121989511055,2025-08-03 22:52:28.481802,2025-08-03 22:59:29.705499,0 days 00:07:01.223697,1.4185438920268083,18,23,COMPLETE
1250,7198.579525315877,2025-08-03 22:52:28.489481,2025-08-03 22:59:26.891352,0 days 00:06:58.401871,1.4272038220581165,18,43,COMPLETE
1251,9835.990849126987,2025-08-03 22:52:28.490500,2025-08-03 22:56:25.479609,0 days 00:03:56.989109,1.4157335987498294,18,26,COMPLETE
1252,10834.321949727408,2025-08-03 22:52:28.507093,2025-08-03 22:59:27.342325,0 days 00:06:58.835232,1.4326461491714557,17,44,COMPLETE
1253,10834.321949727408,2025-08-03 22:52:28.515754,2025-08-03 22:59:29.114388,0 days 00:07:00.598634,1.424835135816156,17,44,COMPLETE
1254,9322.736738577032,2025-08-03 22:52:28.522637,2025-08-03 23:02:01.308543,0 days 00:09:32.785906,1.4276189151981729,18,22,COMPLETE
1255,16945.899682007766,2025-08-03 22:52:28.542707,2025-08-03 23:02:05.839836,0 days 00:09:37.297129,1.4515887642467187,18,26,COMPLETE
1256,5758.732180502543,2025-08-03 22:52:28.549124,2025-08-03 22:56:28.820024,0 days 00:04:00.270900,1.4138953762724542,18,43,COMPLETE
1257,10431.149749505736,2025-08-03 22:52:28.585338,2025-08-03 22:56:26.769664,0 days 00:03:58.184326,1.4288023056645733,18,26,COMPLETE
1258,13234.775000167925,2025-08-03 22:52:28.622122,2025-08-03 22:59:29.348324,0 days 00:07:00.726202,1.444367148516436,18,44,COMPLETE
1259,6036.962481289647,2025-08-03 22:52:28.659763,2025-08-03 22:54:25.375003,0 days 00:01:56.715240,1.346943715434864,18,30,COMPLETE
1260,9815.101471787368,2025-08-03 22:52:28.662276,2025-08-03 23:03:11.959624,0 days 00:10:43.297348,1.4347442758657776,18,43,COMPLETE
1261,6904.236067480623,2025-08-03 22:52:28.728751,2025-08-03 22:56:30.376815,0 days 00:04:01.648064,1.4218745655844267,18,30,COMPLETE
1262,10834.321949727408,2025-08-03 22:52:28.732714,2025-08-03 23:03:10.490052,0 days 00:10:41.757338,1.4438125839833145,17,44,COMPLETE
1263,13234.775000167925,2025-08-03 22:52:28.739793,2025-08-03 22:56:29.251255,0 days 00:04:00.511462,1.4479701549485688,18,44,COMPLETE
1264,8966.242611780925,2025-08-03 22:52:28.741154,2025-08-03 22:59:30.306434,0 days 00:07:01.565280,1.4190278650731116,18,22,COMPLETE
1265,10834.321949727408,2025-08-03 22:52:28.765443,2025-08-03 23:03:11.685957,0 days 00:10:42.920514,1.4396836141327003,17,44,COMPLETE
1266,12101.814599953448,2025-08-03 22:52:28.768451,2025-08-03 22:54:23.580433,0 days 00:01:54.811982,1.4486168301937652,18,30,COMPLETE
1267,11600.392636544475,2025-08-03 22:52:28.769452,2025-08-03 23:03:18.710894,0 days 00:10:49.941442,1.420210503752818,17,44,COMPLETE
1268,18916.37016550811,2025-08-03 22:52:28.782283,2025-08-03 22:56:28.218931,0 days 00:03:59.436648,1.4151134831634444,10,23,COMPLETE
1269,8472.443882733265,2025-08-03 22:52:28.789344,2025-08-03 22:59:32.904851,0 days 00:07:04.115507,1.4329845237656198,18,43,COMPLETE
1270,8612.703197177545,2025-08-03 22:52:28.796445,2025-08-03 22:56:30.614225,0 days 00:04:01.817780,1.4216147473377372,18,25,COMPLETE
1271,8612.703197177545,2025-08-03 22:52:28.799588,2025-08-03 22:54:24.602697,0 days 00:01:55.803109,1.4243282093842606,18,25,COMPLETE
1272,21636.879171960947,2025-08-03 22:52:28.808300,2025-08-03 22:59:31.443707,0 days 00:07:02.635407,1.388807489878253,10,45,COMPLETE
1273,10593.888457584035,2025-08-03 22:52:28.811367,2025-08-03 22:59:26.804390,0 days 00:06:57.993023,1.419569755370743,17,30,COMPLETE
1274,10593.888457584035,2025-08-03 22:52:28.814350,2025-08-03 23:02:07.132211,0 days 00:09:38.317861,1.4202657899878162,17,30,COMPLETE
1275,6904.236067480623,2025-08-03 22:52:28.815281,2025-08-03 22:59:31.304116,0 days 00:07:02.488835,1.4212932040459088,18,30,COMPLETE
1276,21947.5675357016,2025-08-03 22:52:28.818220,2025-08-03 22:59:30.628110,0 days 00:07:01.809890,1.420287655109737,10,26,COMPLETE
1277,5942.472255744635,2025-08-03 22:52:28.819207,2025-08-03 22:56:28.957829,0 days 00:04:00.138622,1.1554518430302831,18,26,COMPLETE
1278,16118.685038166477,2025-08-03 22:52:28.821791,2025-08-03 22:54:25.053705,0 days 00:01:56.231914,1.422321928125102,10,30,COMPLETE
1279,10191.030781306868,2025-08-03 22:52:28.824756,2025-08-03 22:59:34.824278,0 days 00:07:05.999522,1.4206816161464448,18,21,COMPLETE
1280,6463.9911281026525,2025-08-03 22:52:28.828148,2025-08-03 22:59:33.947693,0 days 00:07:05.119545,1.414055408456953,18,44,COMPLETE
1281,5592.562376632892,2025-08-03 22:52:28.830056,2025-08-03 23:02:08.498852,0 days 00:09:39.668796,1.1394964923390698,18,23,COMPLETE
1282,19811.634273821306,2025-08-03 22:52:28.832116,2025-08-03 23:02:04.860511,0 days 00:09:36.028395,1.3827984287559654,10,44,COMPLETE
1283,12871.208919068276,2025-08-03 22:52:28.836534,2025-08-03 22:59:32.577123,0 days 00:07:03.740589,1.4170494420167516,17,27,COMPLETE
1284,8005.238216368006,2025-08-03 22:52:28.838046,2025-08-03 22:59:31.846352,0 days 00:07:03.008306,1.3946829320204512,18,44,COMPLETE
1285,19811.634273821306,2025-08-03 22:52:28.843741,2025-08-03 23:03:18.650229,0 days 00:10:49.806488,1.38083985980774,10,44,COMPLETE
1286,8959.372983006404,2025-08-03 22:52:28.848884,2025-08-03 23:03:12.240679,0 days 00:10:43.391795,1.4314018781727023,18,25,COMPLETE
1287,12006.78948490076,2025-08-03 22:52:28.850155,2025-08-03 22:56:29.522540,0 days 00:04:00.672385,1.4257487383200285,17,25,COMPLETE
1288,8966.242611780925,2025-08-03 22:52:28.851662,2025-08-03 22:56:30.375580,0 days 00:04:01.523918,1.4169973013415889,18,22,COMPLETE
1289,12879.610643362403,2025-08-03 22:52:28.854238,2025-08-03 22:59:34.348292,0 days 00:07:05.494054,1.4487894371800125,10,43,COMPLETE
1290,8062.656803152144,2025-08-03 22:52:28.855831,2025-08-03 22:56:33.308201,0 days 00:04:04.452370,1.4308034426181182,18,44,COMPLETE
1291,13234.775000167925,2025-08-03 22:52:28.858773,2025-08-03 22:59:34.650655,0 days 00:07:05.791882,1.4548147489297036,18,44,COMPLETE
1292,6914.573099798884,2025-08-03 22:52:28.859701,2025-08-03 23:02:06.444649,0 days 00:09:37.584948,1.4207173820426846,18,43,COMPLETE
1293,6904.236067480623,2025-08-03 22:52:28.866662,2025-08-03 22:54:25.701427,0 days 00:01:56.834765,1.4177702452267142,18,30,COMPLETE
1294,6355.428295029477,2025-08-03 22:52:28.868618,2025-08-03 23:02:11.102382,0 days 00:09:42.233764,1.3603247287613534,18,43,COMPLETE
1295,8005.238216368006,2025-08-03 22:52:28.871064,2025-08-03 22:56:32.743895,0 days 00:04:03.872831,1.3905694177969483,18,44,COMPLETE
1296,13234.775000167925,2025-08-03 22:52:28.874792,2025-08-03 23:02:06.757417,0 days 00:09:37.882625,1.4447917826638628,18,44,COMPLETE
1297,12486.720149237723,2025-08-03 22:52:28.876744,2025-08-03 22:59:36.117255,0 days 00:07:07.240511,1.4379846042442297,11,43,COMPLETE
1298,8612.703197177545,2025-08-03 22:52:28.879718,2025-08-03 22:56:33.105639,0 days 00:04:04.225921,1.4220330816212297,18,25,COMPLETE
1299,14831.461462066647,2025-08-03 22:52:28.882323,2025-08-03 22:56:33.366735,0 days 00:04:04.484412,1.441721714093798,18,22,COMPLETE
1300,7384.807737495973,2025-08-03 22:52:28.883811,2025-08-03 23:02:10.881621,0 days 00:09:41.997810,1.3794338321675854,18,44,COMPLETE
1301,8612.703197177545,2025-08-03 22:52:28.885867,2025-08-03 22:59:32.569000,0 days 00:07:03.683133,1.4169971514909572,18,25,COMPLETE
1302,6629.406514073875,2025-08-03 22:52:28.887384,2025-08-03 22:56:31.669735,0 days 00:04:02.782351,1.3860434069050704,18,30,COMPLETE
1303,12129.268948239569,2025-08-03 22:52:28.888577,2025-08-03 23:03:08.973442,0 days 00:10:40.084865,1.438817832651103,18,44,COMPLETE
1304,8874.935166448478,2025-08-03 22:52:28.890420,2025-08-03 22:59:32.570440,0 days 00:07:03.680020,1.3872655043944029,18,45,COMPLETE
1305,19292.20911940894,2025-08-03 22:52:28.891697,2025-08-03 23:03:10.897205,0 days 00:10:42.005508,1.409273481995657,10,25,COMPLETE
1306,11600.392636544475,2025-08-03 22:52:28.893523,2025-08-03 22:59:36.825890,0 days 00:07:07.932367,1.4195343590270046,17,44,COMPLETE
1307,5750.363069483102,2025-08-03 22:52:28.895061,2025-08-03 22:56:32.143185,0 days 00:04:03.248124,1.4028646153479187,18,30,COMPLETE
1308,7373.691865395641,2025-08-03 22:52:28.897633,2025-08-03 22:59:37.658452,0 days 00:07:08.760819,1.3978668322943442,18,31,COMPLETE
1309,16118.685038166477,2025-08-03 22:52:28.900070,2025-08-03 22:56:34.651919,0 days 00:04:05.751849,1.4196102558019583,10,30,COMPLETE
1310,14402.23879557655,2025-08-03 22:52:28.903517,2025-08-03 22:56:32.134475,0 days 00:04:03.230958,1.4202169065870893,10,44,COMPLETE
1311,6874.121989511055,2025-08-03 22:52:28.905296,2025-08-03 22:59:36.261946,0 days 00:07:07.356650,1.4185123537524902,18,23,COMPLETE
