number,value,datetime_start,datetime_complete,duration,params_atr_multiplier,params_atr_period,params_ema_period,state
658,44651.68809917987,2025-08-03 21:36:57.719465,2025-08-03 21:42:11.032349,0 days 00:05:13.312884,4.2292490503591305,29,30,COMPLETE
659,45619.40701478066,2025-08-03 21:36:57.721206,2025-08-03 21:39:00.725764,0 days 00:02:03.004558,4.235162943458579,29,28,COMPLETE
660,41044.27098800963,2025-08-03 21:36:57.723418,2025-08-03 21:41:40.131349,0 days 00:04:42.407931,4.199843246026938,29,29,COMPLETE
661,47845.62310828157,2025-08-03 21:36:57.730330,2025-08-03 21:41:43.075946,0 days 00:04:45.345616,4.269911770308592,29,30,COMPLETE
662,53383.15881368369,2025-08-03 21:36:57.732158,2025-08-03 21:42:12.471025,0 days 00:05:14.738867,4.241326656858245,28,32,COMPLETE
663,19498.510260008432,2025-08-03 21:36:57.733759,2025-08-03 21:38:57.313052,0 days 00:01:59.579293,4.239557098828494,22,30,COMPLETE
664,19498.510260008432,2025-08-03 21:36:57.734911,2025-08-03 21:40:28.513447,0 days 00:03:30.778536,4.248092419111098,22,30,COMPLETE
665,44960.35494003617,2025-08-03 21:36:57.739242,2025-08-03 21:40:28.343335,0 days 00:03:30.604093,4.231738942669021,29,29,COMPLETE
666,48175.48942627302,2025-08-03 21:36:57.742454,2025-08-03 21:41:40.079477,0 days 00:04:42.337023,4.275804856482479,29,29,COMPLETE
667,39561.39889691578,2025-08-03 21:36:57.744944,2025-08-03 21:41:40.154428,0 days 00:04:42.409484,4.2497300859820255,29,28,COMPLETE
668,40761.42544096094,2025-08-03 21:36:57.746928,2025-08-03 21:40:30.435841,0 days 00:03:32.688913,4.199186690513196,29,30,COMPLETE
669,17002.67951194082,2025-08-03 21:36:57.748846,2025-08-03 21:40:28.177171,0 days 00:03:30.428325,4.216410539098895,22,29,COMPLETE
670,45619.40701478066,2025-08-03 21:36:57.751179,2025-08-03 21:40:31.372959,0 days 00:03:33.621780,4.231739145470304,29,28,COMPLETE
671,17548.68769575911,2025-08-03 21:36:57.752972,2025-08-03 21:40:27.466794,0 days 00:03:29.713822,4.222989513540265,22,28,COMPLETE
672,43911.61632002368,2025-08-03 21:36:57.754799,2025-08-03 21:40:30.426560,0 days 00:03:32.671761,4.190750118442487,28,29,COMPLETE
673,14887.694376969168,2025-08-03 21:36:57.757356,2025-08-03 21:40:31.641407,0 days 00:03:33.884051,4.202923578255716,22,49,COMPLETE
674,45190.32515199729,2025-08-03 21:36:57.762481,2025-08-03 21:40:31.216578,0 days 00:03:33.454097,4.202218398394562,29,29,COMPLETE
675,45619.40701478066,2025-08-03 21:36:57.763759,2025-08-03 21:40:30.434422,0 days 00:03:32.670663,4.242503143625482,29,28,COMPLETE
676,50296.99100197822,2025-08-03 21:36:57.764873,2025-08-03 21:40:30.425611,0 days 00:03:32.660738,4.290262497268636,28,28,COMPLETE
677,41044.27098800963,2025-08-03 21:36:57.769769,2025-08-03 21:39:01.886428,0 days 00:02:04.116659,4.19808562245052,29,29,COMPLETE
678,44582.852524895316,2025-08-03 21:36:57.770784,2025-08-03 21:40:30.131435,0 days 00:03:32.360651,4.199597195006249,28,29,COMPLETE
679,56586.63414751104,2025-08-03 21:36:57.776192,2025-08-03 21:38:59.254936,0 days 00:02:01.478744,4.227358901490406,28,28,COMPLETE
680,15214.80878555216,2025-08-03 21:36:57.778276,2025-08-03 21:41:45.407190,0 days 00:04:47.628914,3.7434699662189304,29,29,COMPLETE
681,45190.32515199729,2025-08-03 21:36:57.781028,2025-08-03 21:41:41.912258,0 days 00:04:44.131230,4.216209144948896,29,29,COMPLETE
682,44960.35494003617,2025-08-03 21:36:57.782398,2025-08-03 21:39:00.663785,0 days 00:02:02.881387,4.233861317444924,29,29,COMPLETE
683,45190.32515199729,2025-08-03 21:36:57.785024,2025-08-03 21:41:41.358351,0 days 00:04:43.573327,4.222838124651577,29,29,COMPLETE
684,44960.35494003617,2025-08-03 21:36:57.787129,2025-08-03 21:41:40.287462,0 days 00:04:42.500333,4.235811459191079,29,29,COMPLETE
685,45190.32515199729,2025-08-03 21:36:57.795543,2025-08-03 21:37:56.685997,0 days 00:00:58.890454,4.220251154376287,29,29,COMPLETE
686,55775.31993146326,2025-08-03 21:36:57.798241,2025-08-03 21:39:04.858890,0 days 00:02:07.060649,4.236456863387948,28,29,COMPLETE
687,21625.29257303605,2025-08-03 21:36:57.801695,2025-08-03 21:40:30.870527,0 days 00:03:33.068832,4.201823988624583,22,28,COMPLETE
688,44651.68809917987,2025-08-03 21:36:57.807240,2025-08-03 21:39:04.909441,0 days 00:02:07.102201,4.2383095714663845,29,30,COMPLETE
689,37341.78539471254,2025-08-03 21:36:57.813890,2025-08-03 21:41:45.901685,0 days 00:04:48.087795,3.7955320706660745,22,29,COMPLETE
690,40211.143945982134,2025-08-03 21:36:57.815553,2025-08-03 21:39:04.295637,0 days 00:02:06.480084,4.182651349707634,29,30,COMPLETE
691,45190.32515199729,2025-08-03 21:36:57.819005,2025-08-03 21:39:02.714751,0 days 00:02:04.895746,4.213561336033017,29,29,COMPLETE
692,18275.118633238864,2025-08-03 21:36:57.822324,2025-08-03 21:40:34.490766,0 days 00:03:36.668442,4.223354647112523,22,30,COMPLETE
693,18889.178508397534,2025-08-03 21:36:57.826637,2025-08-03 21:40:32.288646,0 days 00:03:34.462009,4.273765942801611,22,30,COMPLETE
694,44960.35494003617,2025-08-03 21:36:57.835175,2025-08-03 21:40:34.355425,0 days 00:03:36.520250,4.2434283972465305,29,29,COMPLETE
695,45852.61494012655,2025-08-03 21:36:57.838725,2025-08-03 21:41:42.078481,0 days 00:04:44.239756,4.206708995256899,29,28,COMPLETE
696,18148.865215026948,2025-08-03 21:36:57.840368,2025-08-03 21:39:09.948438,0 days 00:02:12.108070,4.238610468692079,22,29,COMPLETE
697,44960.35494003617,2025-08-03 21:36:57.844587,2025-08-03 21:41:46.042743,0 days 00:04:48.198156,4.224629712855723,29,29,COMPLETE
698,39603.103685085895,2025-08-03 21:36:57.849601,2025-08-03 21:40:34.554871,0 days 00:03:36.705270,4.160768459046625,29,30,COMPLETE
699,19487.19849887608,2025-08-03 21:36:57.851501,2025-08-03 21:40:32.961735,0 days 00:03:35.110234,4.215516433801353,22,29,COMPLETE
700,17002.67951194082,2025-08-03 21:36:57.855398,2025-08-03 21:39:07.722605,0 days 00:02:09.867207,4.223087270780987,22,29,COMPLETE
701,20926.97916944497,2025-08-03 21:36:57.902726,2025-08-03 21:41:42.972906,0 days 00:04:45.070180,4.210897479932293,22,30,COMPLETE
702,44960.35494003617,2025-08-03 21:36:57.971931,2025-08-03 21:42:11.106528,0 days 00:05:13.134597,4.225614785180258,29,29,COMPLETE
703,18148.865215026948,2025-08-03 21:36:57.984851,2025-08-03 21:39:04.627608,0 days 00:02:06.642757,4.247221158595588,22,29,COMPLETE
704,9801.47906236011,2025-08-03 21:36:58.014485,2025-08-03 21:40:35.264148,0 days 00:03:37.249663,4.248843258390108,5,29,COMPLETE
705,45619.40701478066,2025-08-03 21:36:58.022424,2025-08-03 21:41:45.238433,0 days 00:04:47.216009,4.2279743854676175,29,28,COMPLETE
706,17002.67951194082,2025-08-03 21:36:58.049820,2025-08-03 21:39:07.839760,0 days 00:02:09.789940,4.2300318082541555,22,29,COMPLETE
707,44651.68809917987,2025-08-03 21:36:58.120103,2025-08-03 21:40:35.777893,0 days 00:03:37.657790,4.224503728705491,29,30,COMPLETE
708,9572.627644600918,2025-08-03 21:36:58.167521,2025-08-03 21:39:03.119976,0 days 00:02:04.952455,4.236166150048401,22,49,COMPLETE
709,31059.089836152576,2025-08-03 21:36:58.205191,2025-08-03 21:39:09.439668,0 days 00:02:11.234477,4.498658377972607,29,29,COMPLETE
710,15806.343501122123,2025-08-03 21:36:58.221540,2025-08-03 21:39:08.585534,0 days 00:02:10.363994,4.225333061942465,29,50,COMPLETE
711,16892.97506526729,2025-08-03 21:36:58.253450,2025-08-03 21:41:44.948124,0 days 00:04:46.694674,3.723434114510289,29,29,COMPLETE
712,17002.67951194082,2025-08-03 21:36:58.255187,2025-08-03 21:40:36.380118,0 days 00:03:38.124931,4.213903096421877,23,29,COMPLETE
713,18148.865215026948,2025-08-03 21:36:58.256402,2025-08-03 21:40:33.748943,0 days 00:03:35.492541,4.264880636567064,22,29,COMPLETE
714,17002.67951194082,2025-08-03 21:36:58.305764,2025-08-03 21:40:35.374740,0 days 00:03:37.068976,4.23473084393278,22,29,COMPLETE
715,19487.19849887608,2025-08-03 21:36:58.359996,2025-08-03 21:41:47.216743,0 days 00:04:48.856747,4.212594719456377,22,29,COMPLETE
716,18785.006756580977,2025-08-03 21:36:58.430405,2025-08-03 21:41:49.324967,0 days 00:04:50.894562,4.223171375757707,23,31,COMPLETE
717,17002.67951194082,2025-08-03 21:36:58.513832,2025-08-03 21:40:36.788299,0 days 00:03:38.274467,4.231085417582521,22,29,COMPLETE
718,17019.515653851646,2025-08-03 21:36:58.537941,2025-08-03 21:37:34.016118,0 days 00:00:35.478177,4.278067249987255,29,49,COMPLETE
719,20926.97916944497,2025-08-03 21:36:58.545392,2025-08-03 21:39:10.172953,0 days 00:02:11.627561,4.205554238626314,22,30,COMPLETE
720,44960.35494003617,2025-08-03 21:36:58.566808,2025-08-03 21:42:12.370123,0 days 00:05:13.803315,4.232993107046341,29,29,COMPLETE
721,45190.32515199729,2025-08-03 21:36:58.575581,2025-08-03 21:42:10.769861,0 days 00:05:12.194280,4.2198223597140965,29,29,COMPLETE
722,55775.31993146326,2025-08-03 21:36:58.583095,2025-08-03 21:39:12.037317,0 days 00:02:13.454222,4.212615238326001,28,29,COMPLETE
723,44960.35494003617,2025-08-03 21:36:58.584915,2025-08-03 21:41:44.340568,0 days 00:04:45.755653,4.223717137261074,29,29,COMPLETE
724,48852.91807285243,2025-08-03 21:36:58.588117,2025-08-03 21:39:09.804415,0 days 00:02:11.216298,4.287472498339472,29,29,COMPLETE
725,45190.32515199729,2025-08-03 21:36:58.614517,2025-08-03 21:41:46.663178,0 days 00:04:48.048661,4.2070799970159785,29,29,COMPLETE
726,18785.006756580977,2025-08-03 21:36:58.667513,2025-08-03 21:41:46.102747,0 days 00:04:47.435234,4.231862485957341,23,31,COMPLETE
727,56586.63414751104,2025-08-03 21:36:58.672218,2025-08-03 21:39:14.135474,0 days 00:02:15.463256,4.225479663655783,28,28,COMPLETE
728,45190.32515199729,2025-08-03 21:36:58.674176,2025-08-03 21:42:12.871125,0 days 00:05:14.196949,4.21319439001837,29,29,COMPLETE
729,30660.68566131601,2025-08-03 21:36:58.680252,2025-08-03 21:39:15.116018,0 days 00:02:16.435766,4.2271246290440985,29,39,COMPLETE
730,40597.319935575455,2025-08-03 21:36:58.684193,2025-08-03 21:40:40.015355,0 days 00:03:41.331162,4.162243198065108,28,29,COMPLETE
731,13351.269069350281,2025-08-03 21:36:58.686577,2025-08-03 21:40:36.786483,0 days 00:03:38.099906,4.218479219665593,14,30,COMPLETE
732,45190.32515199729,2025-08-03 21:36:58.690087,2025-08-03 21:40:36.314477,0 days 00:03:37.624390,4.211415412321839,29,29,COMPLETE
733,44880.141967650176,2025-08-03 21:36:58.692010,2025-08-03 21:41:47.932046,0 days 00:04:49.240036,4.212453080720251,29,30,COMPLETE
734,44400.59852802006,2025-08-03 21:36:58.693385,2025-08-03 21:40:41.046452,0 days 00:03:42.353067,4.192875527834608,24,29,COMPLETE
735,49233.91726392601,2025-08-03 21:36:58.699183,2025-08-03 21:40:38.423677,0 days 00:03:39.724494,4.289083439701254,28,30,COMPLETE
736,41648.18915075974,2025-08-03 21:36:58.704736,2025-08-03 21:40:43.089236,0 days 00:03:44.384500,4.192739557594232,29,28,COMPLETE
737,12470.38536353375,2025-08-03 21:36:58.706250,2025-08-03 21:41:48.329484,0 days 00:04:49.623234,4.256022302883381,14,29,COMPLETE
738,40597.319935575455,2025-08-03 21:36:58.707504,2025-08-03 21:39:12.369943,0 days 00:02:13.662439,4.15296514218587,28,29,COMPLETE
739,22908.97508402769,2025-08-03 21:36:58.711011,2025-08-03 21:41:50.151800,0 days 00:04:51.440789,4.245663314735851,23,30,COMPLETE
740,13426.895890501815,2025-08-03 21:36:58.715734,2025-08-03 21:42:12.525500,0 days 00:05:13.809766,4.243450242243286,14,30,COMPLETE
741,11717.218820640719,2025-08-03 21:36:58.717151,2025-08-03 21:39:16.095812,0 days 00:02:17.378661,4.192251395544163,14,29,COMPLETE
742,12460.24351321222,2025-08-03 21:36:58.719698,2025-08-03 21:40:39.482662,0 days 00:03:40.762964,4.249686478245344,14,29,COMPLETE
743,38986.45242852881,2025-08-03 21:36:58.721357,2025-08-03 21:40:39.505533,0 days 00:03:40.784176,4.246058565490365,29,29,COMPLETE
744,19887.172597543806,2025-08-03 21:36:58.726059,2025-08-03 21:41:49.860323,0 days 00:04:51.134264,4.2290572682029515,28,49,COMPLETE
745,55775.31993146326,2025-08-03 21:36:58.729288,2025-08-03 21:40:40.636411,0 days 00:03:41.907123,4.235176546870213,28,29,COMPLETE
746,44960.35494003617,2025-08-03 21:36:58.730582,2025-08-03 21:40:44.172430,0 days 00:03:45.441848,4.2268429384187804,29,29,COMPLETE
747,17002.67951194082,2025-08-03 21:36:58.737011,2025-08-03 21:40:41.706823,0 days 00:03:42.969812,4.221569414986322,23,29,COMPLETE
748,44582.852524895316,2025-08-03 21:36:58.743784,2025-08-03 21:40:41.789833,0 days 00:03:43.046049,4.2025237917938485,28,29,COMPLETE
749,44960.35494003617,2025-08-03 21:36:58.746576,2025-08-03 21:39:16.764960,0 days 00:02:18.018384,4.235132274585516,29,29,COMPLETE
750,45190.32515199729,2025-08-03 21:36:58.750230,2025-08-03 21:40:47.346099,0 days 00:03:48.595869,4.210835535328456,29,29,COMPLETE
751,48175.48942627302,2025-08-03 21:36:58.754015,2025-08-03 21:40:42.208462,0 days 00:03:43.454447,4.256969242790433,29,29,COMPLETE
752,55775.31993146326,2025-08-03 21:36:58.756290,2025-08-03 21:41:53.870747,0 days 00:04:55.114457,4.236053734688788,28,29,COMPLETE
753,44960.35494003617,2025-08-03 21:36:58.757579,2025-08-03 21:40:43.986373,0 days 00:03:45.228794,4.230170711871432,29,29,COMPLETE
754,48175.48942627302,2025-08-03 21:36:58.760502,2025-08-03 21:40:43.413633,0 days 00:03:44.653131,4.25529004223465,29,29,COMPLETE
755,50296.99100197822,2025-08-03 21:36:58.763072,2025-08-03 21:39:18.548592,0 days 00:02:19.785520,4.283849114233803,28,28,COMPLETE
756,48250.63024290356,2025-08-03 21:36:58.768430,2025-08-03 21:39:18.634546,0 days 00:02:19.866116,4.273816386304164,28,29,COMPLETE
757,12944.451421596465,2025-08-03 21:36:58.772855,2025-08-03 21:42:12.439906,0 days 00:05:13.667051,4.2301154957633695,15,29,COMPLETE
758,44651.68809917987,2025-08-03 21:36:58.775153,2025-08-03 21:39:22.614241,0 days 00:02:23.839088,4.238440546718907,29,30,COMPLETE
759,44960.35494003617,2025-08-03 21:36:58.781351,2025-08-03 21:40:43.027180,0 days 00:03:44.245829,4.227600814695581,29,29,COMPLETE
760,15214.80878555216,2025-08-03 21:36:58.782930,2025-08-03 21:41:50.339665,0 days 00:04:51.556735,3.777901420468814,29,29,COMPLETE
761,19780.87195203281,2025-08-03 21:36:58.784080,2025-08-03 21:42:11.094252,0 days 00:05:12.310172,4.258560962674263,28,49,COMPLETE
762,55775.31993146326,2025-08-03 21:36:58.788761,2025-08-03 21:40:45.816081,0 days 00:03:47.027320,4.231290985716448,28,29,COMPLETE
763,13760.144132948091,2025-08-03 21:36:58.791458,2025-08-03 21:39:18.936120,0 days 00:02:20.144662,4.188143404585723,14,28,COMPLETE
764,55775.31993146326,2025-08-03 21:36:58.793759,2025-08-03 21:41:48.250485,0 days 00:04:49.456726,4.239447362535671,28,29,COMPLETE
765,45619.40701478066,2025-08-03 21:36:58.797687,2025-08-03 21:40:46.604497,0 days 00:03:47.806810,4.225664114199734,29,28,COMPLETE
766,44651.68809917987,2025-08-03 21:36:58.799578,2025-08-03 21:39:24.078532,0 days 00:02:25.278954,4.240387468727995,29,30,COMPLETE
767,24083.16229227306,2025-08-03 21:36:58.802135,2025-08-03 21:40:45.822516,0 days 00:03:47.020381,4.263623635142244,23,29,COMPLETE
768,49572.99826854241,2025-08-03 21:36:58.806468,2025-08-03 21:40:46.467133,0 days 00:03:47.660665,4.2850383577338675,28,29,COMPLETE
769,39603.103685085895,2025-08-03 21:36:58.807450,2025-08-03 21:40:49.849677,0 days 00:03:51.042227,4.167568888254213,29,30,COMPLETE
770,24089.817510568944,2025-08-03 21:36:58.822836,2025-08-03 21:41:51.405523,0 days 00:04:52.582687,4.221601208030231,24,28,COMPLETE
771,12389.391269348116,2025-08-03 21:36:58.824535,2025-08-03 21:41:54.316852,0 days 00:04:55.492317,4.228090997382492,14,29,COMPLETE
772,55395.342977753375,2025-08-03 21:36:58.826258,2025-08-03 21:40:51.063157,0 days 00:03:52.236899,4.242615284830326,28,30,COMPLETE
773,44651.68809917987,2025-08-03 21:36:58.834088,2025-08-03 21:40:48.813400,0 days 00:03:49.979312,4.239270079268983,29,30,COMPLETE
774,45829.63511640717,2025-08-03 21:36:58.836290,2025-08-03 21:40:46.550684,0 days 00:03:47.714394,4.228469365775161,29,31,COMPLETE
775,12460.24351321222,2025-08-03 21:36:58.847883,2025-08-03 21:39:25.100202,0 days 00:02:26.252319,4.252433042983081,14,29,COMPLETE
776,15893.118551529136,2025-08-03 21:36:58.853078,2025-08-03 21:41:50.379681,0 days 00:04:51.526603,4.203997857561838,29,49,COMPLETE
777,55395.342977753375,2025-08-03 21:36:58.858804,2025-08-03 21:41:53.741399,0 days 00:04:54.882595,4.242458143612832,28,30,COMPLETE
778,15806.343501122123,2025-08-03 21:36:58.862708,2025-08-03 21:39:26.878633,0 days 00:02:28.015925,4.239329070642716,29,49,COMPLETE
779,15806.343501122123,2025-08-03 21:36:58.868644,2025-08-03 21:39:27.637739,0 days 00:02:28.769095,4.233839770204213,29,50,COMPLETE
780,23359.91386234827,2025-08-03 21:36:58.874878,2025-08-03 21:40:51.329108,0 days 00:03:52.454230,4.242674131276141,24,29,COMPLETE
781,23359.91386234827,2025-08-03 21:36:58.879033,2025-08-03 21:40:50.826246,0 days 00:03:51.947213,4.239951184966813,24,29,COMPLETE
782,12389.391269348116,2025-08-03 21:36:58.880327,2025-08-03 21:41:48.844980,0 days 00:04:49.964653,4.230850790110811,14,29,COMPLETE
783,16892.97506526729,2025-08-03 21:36:58.886920,2025-08-03 21:39:26.372170,0 days 00:02:27.485250,3.737508091149413,29,29,COMPLETE
784,45190.32515199729,2025-08-03 21:36:58.894581,2025-08-03 21:38:07.700375,0 days 00:01:08.805794,4.220872437725841,29,29,COMPLETE
785,45190.32515199729,2025-08-03 21:36:58.899003,2025-08-03 21:40:47.125258,0 days 00:03:48.226255,4.217808007199017,29,29,COMPLETE
786,12389.391269348116,2025-08-03 21:36:58.901254,2025-08-03 21:39:25.881290,0 days 00:02:26.980036,4.219947295590737,14,29,COMPLETE
787,38986.45242852881,2025-08-03 21:36:58.904365,2025-08-03 21:40:56.218685,0 days 00:03:57.314320,4.245041981669476,29,29,COMPLETE
788,14328.575590685703,2025-08-03 21:36:58.906741,2025-08-03 21:39:28.319408,0 days 00:02:29.412667,4.1726759369413715,29,50,COMPLETE
789,17002.67951194082,2025-08-03 21:36:58.921501,2025-08-03 21:40:51.536044,0 days 00:03:52.614543,4.2299992604448455,23,29,COMPLETE
790,24089.817510568944,2025-08-03 21:36:58.926692,2025-08-03 21:39:29.647403,0 days 00:02:30.720711,4.232971108434377,24,28,COMPLETE
791,23359.91386234827,2025-08-03 21:36:58.932992,2025-08-03 21:39:28.982404,0 days 00:02:30.049412,4.223602125340212,24,29,COMPLETE
792,24083.16229227306,2025-08-03 21:36:58.940846,2025-08-03 21:40:57.095257,0 days 00:03:58.154411,4.255565932997112,23,29,COMPLETE
793,55493.60321836313,2025-08-03 21:36:58.966921,2025-08-03 21:39:28.188579,0 days 00:02:29.221658,4.246332978504556,28,29,COMPLETE
794,56586.63414751104,2025-08-03 21:36:58.982395,2025-08-03 21:41:53.760666,0 days 00:04:54.778271,4.215810121186259,28,28,COMPLETE
795,13351.269069350281,2025-08-03 21:36:58.990325,2025-08-03 21:40:50.515625,0 days 00:03:51.525300,4.2252668293532265,14,30,COMPLETE
796,19947.13207036324,2025-08-03 21:36:59.051265,2025-08-03 21:40:55.973426,0 days 00:03:56.922161,4.166958120459367,23,29,COMPLETE
797,44960.35494003617,2025-08-03 21:36:59.097078,2025-08-03 21:39:33.648352,0 days 00:02:34.551274,4.239873547221583,29,29,COMPLETE
798,44651.68809917987,2025-08-03 21:36:59.181811,2025-08-03 21:38:11.020937,0 days 00:01:11.839126,4.243890209028452,29,30,COMPLETE
799,44880.141967650176,2025-08-03 21:36:59.227248,2025-08-03 21:40:53.161233,0 days 00:03:53.933985,4.219853331473302,29,30,COMPLETE
800,44880.141967650176,2025-08-03 21:36:59.228872,2025-08-03 21:38:12.201220,0 days 00:01:12.972348,4.21613727774065,29,30,COMPLETE
801,13351.269069350281,2025-08-03 21:36:59.267527,2025-08-03 21:39:30.190058,0 days 00:02:30.922531,4.2301923338154825,14,30,COMPLETE
802,41044.27098800963,2025-08-03 21:36:59.285351,2025-08-03 21:41:58.314375,0 days 00:04:59.029024,4.1860269005406385,29,29,COMPLETE
803,55493.60321836313,2025-08-03 21:36:59.286647,2025-08-03 21:41:50.216727,0 days 00:04:50.930080,4.254112693847863,28,29,COMPLETE
804,12926.738295115298,2025-08-03 21:36:59.372769,2025-08-03 21:39:33.314783,0 days 00:02:33.942014,4.201537508688542,14,29,COMPLETE
805,44276.67459860653,2025-08-03 21:36:59.374365,2025-08-03 21:41:50.316401,0 days 00:04:50.942036,4.200945787876111,28,30,COMPLETE
806,44700.17560500555,2025-08-03 21:36:59.435455,2025-08-03 21:40:54.441145,0 days 00:03:55.005690,4.168035244316248,28,29,COMPLETE
807,23073.31814777485,2025-08-03 21:36:59.464291,2025-08-03 21:39:31.578171,0 days 00:02:32.113880,4.242960510372164,23,29,COMPLETE
808,44960.35494003617,2025-08-03 21:36:59.490594,2025-08-03 21:42:13.205373,0 days 00:05:13.714779,4.237575391568535,29,29,COMPLETE
809,46063.8757195847,2025-08-03 21:36:59.521480,2025-08-03 21:40:57.306717,0 days 00:03:57.785237,4.215956398911859,29,31,COMPLETE
810,18275.118633238864,2025-08-03 21:36:59.522463,2025-08-03 21:41:53.046191,0 days 00:04:53.523728,4.226849562912984,23,30,COMPLETE
811,17002.67951194082,2025-08-03 21:36:59.554750,2025-08-03 21:38:15.112977,0 days 00:01:15.558227,4.2304094998820005,23,29,COMPLETE
812,13051.320896727128,2025-08-03 21:36:59.564151,2025-08-03 21:40:58.412122,0 days 00:03:58.847971,4.168212536510857,14,30,COMPLETE
813,55395.342977753375,2025-08-03 21:36:59.617782,2025-08-03 21:39:35.325061,0 days 00:02:35.707279,4.209023797915143,28,30,COMPLETE
814,23073.31814777485,2025-08-03 21:36:59.624335,2025-08-03 21:40:56.046381,0 days 00:03:56.422046,4.252608091497233,23,29,COMPLETE
815,17002.67951194082,2025-08-03 21:36:59.633799,2025-08-03 21:39:31.176566,0 days 00:02:31.542767,4.223502211721722,23,29,COMPLETE
816,17019.515653851646,2025-08-03 21:36:59.662564,2025-08-03 21:41:56.650096,0 days 00:04:56.987532,4.263396565361951,29,50,COMPLETE
817,48175.48942627302,2025-08-03 21:36:59.702436,2025-08-03 21:39:34.491324,0 days 00:02:34.788888,4.261028349333255,29,29,COMPLETE
818,48175.48942627302,2025-08-03 21:36:59.709199,2025-08-03 21:41:53.888190,0 days 00:04:54.178991,4.265778648229144,28,29,COMPLETE
819,17002.67951194082,2025-08-03 21:36:59.747273,2025-08-03 21:41:49.781521,0 days 00:04:50.034248,4.225143962095737,22,29,COMPLETE
820,15806.343501122123,2025-08-03 21:36:59.772677,2025-08-03 21:40:56.550630,0 days 00:03:56.777953,4.233055361744902,29,50,COMPLETE
821,13340.79891223719,2025-08-03 21:36:59.779892,2025-08-03 21:39:32.331866,0 days 00:02:32.551974,4.158367701301847,15,29,COMPLETE
822,25122.87350640881,2025-08-03 21:36:59.786373,2025-08-03 21:39:36.501373,0 days 00:02:36.715000,3.9101176420495714,29,28,COMPLETE
