number,value,datetime_start,datetime_complete,duration,params_atr_multiplier,params_atr_period,params_ema_period,state
330,13958.532384657556,2025-08-03 22:51:49.668004,2025-08-03 22:53:16.192952,0 days 00:01:26.524948,4.206923012642136,15,20,COMPLETE
331,3194.2088791127426,2025-08-03 22:51:49.756381,2025-08-03 22:55:58.207312,0 days 00:04:08.450931,2.0902738711615583,16,20,COMPLETE
332,3472.129865014328,2025-08-03 22:51:49.785058,2025-08-03 22:54:10.679162,0 days 00:02:20.894104,2.0766725662818013,16,42,COMPLETE
333,16349.680002777293,2025-08-03 22:51:49.792970,2025-08-03 22:56:02.261999,0 days 00:04:12.469029,1.453232231281239,15,20,COMPLETE
334,9590.405599120179,2025-08-03 22:51:49.817215,2025-08-03 22:54:10.818683,0 days 00:02:21.001468,4.098606865232045,16,42,COMPLETE
335,10950.956653221427,2025-08-03 22:51:49.831775,2025-08-03 22:53:18.704058,0 days 00:01:28.872283,4.101044509032664,15,21,COMPLETE
336,7533.837882546166,2025-08-03 22:51:49.920888,2025-08-03 22:53:19.346962,0 days 00:01:29.426074,4.142586622203407,14,42,COMPLETE
337,7845.925905044412,2025-08-03 22:51:49.937669,2025-08-03 22:56:00.653726,0 days 00:04:10.716057,4.2257544875347675,15,42,COMPLETE
338,14588.864843798161,2025-08-03 22:51:50.084527,2025-08-03 22:54:13.606384,0 days 00:02:23.521857,4.154114927560696,16,20,COMPLETE
339,15663.895888857785,2025-08-03 22:51:50.114314,2025-08-03 22:54:13.573399,0 days 00:02:23.459085,4.220130180876399,15,20,COMPLETE
340,7711.272497381612,2025-08-03 22:51:50.131863,2025-08-03 22:58:58.821647,0 days 00:07:08.689784,4.1340358465806935,15,41,COMPLETE
341,1867.7154954681391,2025-08-03 22:51:50.188446,2025-08-03 22:53:19.548268,0 days 00:01:29.359822,2.2025940526415626,15,20,COMPLETE
342,11335.806789086188,2025-08-03 22:51:50.226837,2025-08-03 22:56:09.950075,0 days 00:04:19.723238,4.152654243757992,14,23,COMPLETE
343,15617.193916956394,2025-08-03 22:51:50.328830,2025-08-03 22:53:19.757817,0 days 00:01:29.428987,4.228046110513093,16,21,COMPLETE
344,8785.984339976481,2025-08-03 22:51:50.397040,2025-08-03 22:53:20.688250,0 days 00:01:30.291210,4.113806881730714,14,20,COMPLETE
345,19050.866797440667,2025-08-03 22:51:50.436761,2025-08-03 22:54:15.867258,0 days 00:02:25.430497,1.5303240494595658,15,21,COMPLETE
346,7490.572622283049,2025-08-03 22:51:50.484330,2025-08-03 22:56:12.997107,0 days 00:04:22.512777,4.141334437059227,15,42,COMPLETE
347,2056.322800579004,2025-08-03 22:51:50.523912,2025-08-03 22:53:21.832942,0 days 00:01:31.309030,2.275921776676531,15,42,COMPLETE
348,15880.841443482157,2025-08-03 22:51:50.588074,2025-08-03 22:53:21.671903,0 days 00:01:31.083829,1.4274676843586018,15,22,COMPLETE
349,9456.269705110084,2025-08-03 22:51:50.673417,2025-08-03 22:56:18.793911,0 days 00:04:28.120494,4.110189553303121,15,40,COMPLETE
350,3877.384510552574,2025-08-03 22:51:50.698179,2025-08-03 22:53:24.492915,0 days 00:01:33.794736,2.500742186874267,15,20,COMPLETE
351,13958.532384657556,2025-08-03 22:51:50.708581,2025-08-03 22:53:24.075997,0 days 00:01:33.367416,4.195950368495879,15,21,COMPLETE
352,16532.224641683217,2025-08-03 22:51:50.710958,2025-08-03 22:54:18.688938,0 days 00:02:27.977980,1.487967292306757,15,42,COMPLETE
353,19700.412641347306,2025-08-03 22:51:50.721673,2025-08-03 22:54:19.777644,0 days 00:02:29.055971,1.473602812905653,15,41,COMPLETE
354,6979.6632806568705,2025-08-03 22:51:50.722721,2025-08-03 22:53:26.030411,0 days 00:01:35.307690,4.1698091393174685,15,36,COMPLETE
355,19058.409696329367,2025-08-03 22:51:50.727746,2025-08-03 22:54:21.168624,0 days 00:02:30.440878,1.495926649606592,15,20,COMPLETE
356,9456.269705110084,2025-08-03 22:51:50.729337,2025-08-03 22:53:25.722152,0 days 00:01:34.992815,4.121775260858678,15,41,COMPLETE
357,13839.942346093467,2025-08-03 22:51:50.731819,2025-08-03 22:54:22.375075,0 days 00:02:31.643256,4.1646098770608475,21,41,COMPLETE
358,7490.572622283049,2025-08-03 22:51:50.734370,2025-08-03 22:53:26.247411,0 days 00:01:35.513041,4.1506339189848545,15,40,COMPLETE
359,14588.864843798161,2025-08-03 22:51:50.760847,2025-08-03 22:56:24.315250,0 days 00:04:33.554403,4.135412851343287,16,21,COMPLETE
360,9381.389348615061,2025-08-03 22:51:50.775260,2025-08-03 22:53:26.757539,0 days 00:01:35.982279,4.13580058945139,15,20,COMPLETE
361,9399.47234202502,2025-08-03 22:51:50.791904,2025-08-03 22:54:21.600867,0 days 00:02:30.808963,4.166959786596224,16,41,COMPLETE
362,21297.13114072608,2025-08-03 22:51:50.817070,2025-08-03 22:53:26.547360,0 days 00:01:35.730290,1.5025660927133928,16,20,COMPLETE
363,20042.728382165737,2025-08-03 22:51:50.842110,2025-08-03 22:54:24.681365,0 days 00:02:33.839255,4.15474274714349,20,20,COMPLETE
364,20350.18501929194,2025-08-03 22:51:50.882598,2025-08-03 22:54:23.673632,0 days 00:02:32.791034,1.5198058911757362,16,20,COMPLETE
365,8386.385178144716,2025-08-03 22:51:50.889615,2025-08-03 22:54:23.737137,0 days 00:02:32.847522,1.4833909801961824,21,40,COMPLETE
366,13010.944811968506,2025-08-03 22:51:50.906349,2025-08-03 22:54:24.659996,0 days 00:02:33.753647,1.4745903469743216,21,20,COMPLETE
367,14588.864843798161,2025-08-03 22:51:50.908834,2025-08-03 22:53:28.101878,0 days 00:01:37.193044,4.163228760913373,16,21,COMPLETE
368,9456.269705110084,2025-08-03 22:51:50.920259,2025-08-03 22:54:26.708635,0 days 00:02:35.788376,4.1189174126740795,15,41,COMPLETE
369,7845.925905044412,2025-08-03 22:51:50.977683,2025-08-03 22:53:28.511337,0 days 00:01:37.533654,4.237436424446224,15,40,COMPLETE
370,7845.925905044412,2025-08-03 22:51:50.979470,2025-08-03 22:53:29.159511,0 days 00:01:38.180041,4.224042659651905,15,40,COMPLETE
371,4209.614429951065,2025-08-03 22:51:51.052596,2025-08-03 22:59:37.919999,0 days 00:07:46.867403,2.6127937182651793,15,42,COMPLETE
372,17639.68600504473,2025-08-03 22:51:51.096848,2025-08-03 22:53:31.009409,0 days 00:01:39.912561,1.4680208322970325,16,42,COMPLETE
373,1823.3349749411507,2025-08-03 22:51:51.156211,2025-08-03 22:56:34.403044,0 days 00:04:43.246833,2.4400333404211105,15,41,COMPLETE
374,21699.00262568606,2025-08-03 22:51:51.157231,2025-08-03 22:53:29.983418,0 days 00:01:38.826187,4.19271529846986,20,20,COMPLETE
375,4581.43156902508,2025-08-03 22:51:51.181944,2025-08-03 22:54:27.568597,0 days 00:02:36.386653,2.605859802107868,16,41,COMPLETE
376,15048.18017313382,2025-08-03 22:51:51.183674,2025-08-03 22:54:33.186312,0 days 00:02:42.002638,1.4305506949019604,15,40,COMPLETE
377,7651.322898625041,2025-08-03 22:51:51.243289,2025-08-03 22:53:32.371139,0 days 00:01:41.127850,4.188845370411389,15,38,COMPLETE
378,4292.220287898637,2025-08-03 22:51:51.262298,2025-08-03 22:53:30.000992,0 days 00:01:38.738694,2.6159974831185053,15,39,COMPLETE
379,16833.81952779613,2025-08-03 22:51:51.338708,2025-08-03 22:54:30.415383,0 days 00:02:39.076675,1.4927101027053467,15,41,COMPLETE
380,13331.355450202545,2025-08-03 22:51:51.361325,2025-08-03 22:53:32.391940,0 days 00:01:41.030615,1.4782627155186625,15,23,COMPLETE
381,9456.269705110084,2025-08-03 22:51:51.442029,2025-08-03 22:56:41.037045,0 days 00:04:49.595016,4.11774093532475,15,41,COMPLETE
382,22222.25517333982,2025-08-03 22:51:51.448908,2025-08-03 22:56:38.808389,0 days 00:04:47.359481,1.524939267533602,15,20,COMPLETE
383,2777.2640461372566,2025-08-03 22:51:51.546844,2025-08-03 22:53:33.037848,0 days 00:01:41.491004,2.258802872863109,15,41,COMPLETE
384,20124.697018932,2025-08-03 22:51:51.576734,2025-08-03 22:59:45.502241,0 days 00:07:53.925507,1.5231706865039032,15,41,COMPLETE
385,17476.665287687272,2025-08-03 22:51:51.693891,2025-08-03 22:54:35.857535,0 days 00:02:44.163644,1.5028617562885196,15,21,COMPLETE
386,7490.572622283049,2025-08-03 22:51:51.714401,2025-08-03 22:53:34.127138,0 days 00:01:42.412737,4.159433323101721,15,41,COMPLETE
387,20079.007247265454,2025-08-03 22:51:51.820561,2025-08-03 22:56:44.324452,0 days 00:04:52.503891,1.5295039879230852,15,41,COMPLETE
388,7490.572622283049,2025-08-03 22:51:51.866582,2025-08-03 22:54:37.394979,0 days 00:02:45.528397,4.159663350912067,15,40,COMPLETE
389,9456.269705110084,2025-08-03 22:51:51.906709,2025-08-03 22:53:34.577861,0 days 00:01:42.671152,4.1144328443497855,15,42,COMPLETE
390,1635.0072054466277,2025-08-03 22:51:52.053098,2025-08-03 22:54:34.555274,0 days 00:02:42.502176,2.238149209687079,16,21,COMPLETE
391,20350.18501929194,2025-08-03 22:51:52.103965,2025-08-03 22:54:34.917893,0 days 00:02:42.813928,1.501932362972076,15,20,COMPLETE
392,15280.9578882294,2025-08-03 22:51:52.228075,2025-08-03 22:53:36.801461,0 days 00:01:44.573386,1.4608350017340803,15,20,COMPLETE
393,19547.715743463123,2025-08-03 22:51:52.320415,2025-08-03 22:53:36.515806,0 days 00:01:44.195391,1.4731317957920016,15,21,COMPLETE
394,17616.524201828226,2025-08-03 22:51:52.348359,2025-08-03 22:56:46.286019,0 days 00:04:53.937660,1.5128603534545744,15,41,COMPLETE
395,9381.389348615061,2025-08-03 22:51:52.360460,2025-08-03 22:56:47.745519,0 days 00:04:55.385059,4.126509339396076,15,21,COMPLETE
396,7824.75469993552,2025-08-03 22:51:52.683623,2025-08-03 22:53:36.698126,0 days 00:01:44.014503,4.215344014169315,15,41,COMPLETE
397,9399.47234202502,2025-08-03 22:51:52.772159,2025-08-03 22:56:49.807017,0 days 00:04:57.034858,4.133600032476743,16,41,COMPLETE
398,7490.572622283049,2025-08-03 22:51:52.807410,2025-08-03 22:53:38.922522,0 days 00:01:46.115112,4.177415893754508,15,41,COMPLETE
399,13958.532384657556,2025-08-03 22:51:53.006210,2025-08-03 22:54:40.433540,0 days 00:02:47.427330,4.197415083422282,15,20,COMPLETE
400,7490.572622283049,2025-08-03 22:51:53.050257,2025-08-03 22:53:38.509659,0 days 00:01:45.459402,4.191696864689879,15,39,COMPLETE
401,9549.299051964854,2025-08-03 22:51:53.124240,2025-08-03 22:53:38.380017,0 days 00:01:45.255777,1.403988878508376,16,39,COMPLETE
402,18808.628263448627,2025-08-03 22:51:53.178066,2025-08-03 22:53:40.409631,0 days 00:01:47.231565,1.497111811267075,15,20,COMPLETE
403,16880.729057625518,2025-08-03 22:51:53.185387,2025-08-03 22:54:40.507255,0 days 00:02:47.321868,1.4281752517893176,15,41,COMPLETE
404,7711.272497381612,2025-08-03 22:51:53.203935,2025-08-03 22:54:40.155387,0 days 00:02:46.951452,4.129451849077943,15,41,COMPLETE
405,17715.849413068936,2025-08-03 22:51:53.224788,2025-08-03 22:54:42.064353,0 days 00:02:48.839565,1.4283154539818128,14,41,COMPLETE
406,22222.25517333982,2025-08-03 22:51:53.408046,2025-08-03 22:56:56.212350,0 days 00:05:02.804304,1.5224699016476964,15,20,COMPLETE
407,15390.288603754596,2025-08-03 22:51:53.504446,2025-08-03 22:53:42.093334,0 days 00:01:48.588888,1.483999251454247,15,42,COMPLETE
408,13491.62073833696,2025-08-03 22:51:53.539055,2025-08-03 22:54:43.358784,0 days 00:02:49.819729,1.4611323070669275,15,39,COMPLETE
409,7490.572622283049,2025-08-03 22:51:53.590317,2025-08-03 22:53:43.042294,0 days 00:01:49.451977,4.181670986386951,15,39,COMPLETE
410,17845.678702123147,2025-08-03 22:51:53.611932,2025-08-03 22:53:41.639640,0 days 00:01:48.027708,1.4731778142856626,16,21,COMPLETE
411,18059.793465828792,2025-08-03 22:51:53.640243,2025-08-03 22:54:46.757058,0 days 00:02:53.116815,1.5136558935434765,15,21,COMPLETE
412,14508.545680498033,2025-08-03 22:51:53.666757,2025-08-03 23:00:10.360289,0 days 00:08:16.693532,1.4981983316109662,15,39,COMPLETE
413,4871.1996526369185,2025-08-03 22:51:53.679719,2025-08-03 22:54:44.647525,0 days 00:02:50.967806,4.160994048740862,15,43,COMPLETE
414,7711.272497381612,2025-08-03 22:51:53.732906,2025-08-03 22:53:42.549318,0 days 00:01:48.816412,4.1320598563785556,15,41,COMPLETE
415,9590.405599120179,2025-08-03 22:51:53.741326,2025-08-03 22:54:46.378025,0 days 00:02:52.636699,4.104401375339574,16,41,COMPLETE
416,18633.061400225284,2025-08-03 22:51:53.781541,2025-08-03 22:53:44.284308,0 days 00:01:50.502767,1.5595749915037493,14,22,COMPLETE
417,18397.998507672975,2025-08-03 22:51:53.805692,2025-08-03 22:53:43.561228,0 days 00:01:49.755536,1.5610798113943454,14,39,COMPLETE
418,19772.276114455915,2025-08-03 22:51:53.832415,2025-08-03 22:54:46.875114,0 days 00:02:53.042699,1.5214091763022841,15,42,COMPLETE
419,20663.698135569037,2025-08-03 22:51:53.838528,2025-08-03 22:57:00.987125,0 days 00:05:07.148597,1.4979193128053578,16,42,COMPLETE
420,17305.15677496779,2025-08-03 22:51:53.839524,2025-08-03 22:57:05.276314,0 days 00:05:11.436790,1.5074265906391207,15,42,COMPLETE
421,4659.91773076905,2025-08-03 22:51:53.846420,2025-08-03 22:57:01.925664,0 days 00:05:08.079244,2.5542190769171134,15,20,COMPLETE
422,16577.402679892228,2025-08-03 22:51:53.903639,2025-08-03 22:54:47.371030,0 days 00:02:53.467391,1.4291185926802243,15,42,COMPLETE
423,19441.18067690183,2025-08-03 22:51:53.934848,2025-08-03 22:53:44.536570,0 days 00:01:50.601722,1.5655527314991657,17,41,COMPLETE
424,17577.56208538454,2025-08-03 22:51:53.996159,2025-08-03 22:54:48.662347,0 days 00:02:54.666188,1.4702569489991162,15,39,COMPLETE
425,11261.326520383305,2025-08-03 22:51:54.021279,2025-08-03 22:53:45.557822,0 days 00:01:51.536543,1.4951803728395414,15,71,COMPLETE
426,15986.413071898369,2025-08-03 22:51:54.038899,2025-08-03 22:54:48.948917,0 days 00:02:54.910018,1.553430617703519,15,40,COMPLETE
427,17355.8878598477,2025-08-03 22:51:54.045118,2025-08-03 22:54:48.537786,0 days 00:02:54.492668,1.496164731480914,16,40,COMPLETE
428,15143.47033148349,2025-08-03 22:51:54.110966,2025-08-03 22:57:06.894223,0 days 00:05:12.783257,1.4625986243659828,15,41,COMPLETE
429,22222.25517333982,2025-08-03 22:51:54.145187,2025-08-03 22:54:53.864601,0 days 00:02:59.719414,1.5228062998697567,15,20,COMPLETE
430,15557.340481390194,2025-08-03 22:51:54.210953,2025-08-03 22:54:55.399819,0 days 00:03:01.188866,1.476284247592797,15,41,COMPLETE
431,11448.2459239793,2025-08-03 22:51:54.245445,2025-08-03 22:54:52.913747,0 days 00:02:58.668302,1.4928447539311498,20,42,COMPLETE
432,25300.680605830934,2025-08-03 22:51:54.246581,2025-08-03 22:54:54.106057,0 days 00:02:59.859476,1.5081950840448946,14,20,COMPLETE
433,18672.417745800372,2025-08-03 22:51:54.309792,2025-08-03 22:53:47.994300,0 days 00:01:53.684508,1.5183895283851871,14,42,COMPLETE
434,1616.5941535741995,2025-08-03 22:51:54.317491,2025-08-03 22:54:54.258576,0 days 00:02:59.941085,2.240306680477583,14,20,COMPLETE
435,16953.008752614896,2025-08-03 22:51:54.330554,2025-08-03 22:54:55.392889,0 days 00:03:01.062335,1.5186662246111564,14,39,COMPLETE
436,7510.918494347655,2025-08-03 22:51:54.332923,2025-08-03 22:54:54.671411,0 days 00:03:00.338488,4.207667328785629,14,42,COMPLETE
437,17614.155170174527,2025-08-03 22:51:54.334058,2025-08-03 22:54:55.456068,0 days 00:03:01.122010,1.5560064418364197,15,42,COMPLETE
438,7533.837882546166,2025-08-03 22:51:54.449271,2025-08-03 22:54:56.930316,0 days 00:03:02.481045,4.147775915310451,14,42,COMPLETE
439,7533.837882546166,2025-08-03 22:51:54.489267,2025-08-03 22:54:57.939387,0 days 00:03:03.450120,4.141813213439422,14,41,COMPLETE
440,6640.426922731078,2025-08-03 22:51:54.511655,2025-08-03 22:54:59.122984,0 days 00:03:04.611329,4.235927370485431,14,37,COMPLETE
441,20626.587432173736,2025-08-03 22:51:54.584491,2025-08-03 22:53:49.365852,0 days 00:01:54.781361,1.552824097959355,14,41,COMPLETE
442,20042.728382165737,2025-08-03 22:51:54.809766,2025-08-03 22:53:49.948960,0 days 00:01:55.139194,4.142144138580118,20,20,COMPLETE
443,17402.058554121042,2025-08-03 22:51:54.838875,2025-08-03 22:55:02.607820,0 days 00:03:07.768945,1.5474174208658615,20,40,COMPLETE
444,18397.998507672975,2025-08-03 22:51:54.906613,2025-08-03 22:57:22.802130,0 days 00:05:27.895517,1.5520401710785179,14,39,COMPLETE
445,7510.918494347655,2025-08-03 22:51:54.920078,2025-08-03 22:55:02.351667,0 days 00:03:07.431589,4.21062175212568,14,42,COMPLETE
446,18656.350554854256,2025-08-03 22:51:55.035910,2025-08-03 22:53:50.232127,0 days 00:01:55.196217,1.5298180531064505,14,42,COMPLETE
447,4918.709610489413,2025-08-03 22:51:55.147710,2025-08-03 23:00:32.081722,0 days 00:08:36.934012,4.178295025175906,14,43,COMPLETE
448,7490.572622283049,2025-08-03 22:51:55.219626,2025-08-03 22:53:50.841719,0 days 00:01:55.622093,4.163781141122634,15,40,COMPLETE
449,16167.202761495935,2025-08-03 22:51:55.237479,2025-08-03 22:55:06.719367,0 days 00:03:11.481888,1.5140037593840763,14,43,COMPLETE
450,7845.925905044412,2025-08-03 22:51:55.376310,2025-08-03 22:55:06.178308,0 days 00:03:10.801998,4.22559385608887,15,41,COMPLETE
451,23102.98507327628,2025-08-03 22:51:55.388893,2025-08-03 22:55:03.730011,0 days 00:03:08.341118,1.5403743225663271,14,20,COMPLETE
452,21055.215889991483,2025-08-03 22:51:55.546809,2025-08-03 22:57:27.961469,0 days 00:05:32.414660,1.5223508173745293,14,21,COMPLETE
453,11338.436639361968,2025-08-03 22:51:55.594159,2025-08-03 22:55:06.054186,0 days 00:03:10.460027,1.4628446909793247,14,39,COMPLETE
454,16953.008752614896,2025-08-03 22:51:55.752227,2025-08-03 22:55:06.314022,0 days 00:03:10.561795,1.5156606603211773,14,40,COMPLETE
455,16847.041356939037,2025-08-03 22:51:55.764617,2025-08-03 22:55:07.806905,0 days 00:03:12.042288,4.250654744732333,15,22,COMPLETE
456,11903.488202227429,2025-08-03 22:51:55.819279,2025-08-03 22:57:32.916187,0 days 00:05:37.096908,1.544921947105029,14,72,COMPLETE
457,16816.831435118886,2025-08-03 22:51:55.911736,2025-08-03 22:55:08.254845,0 days 00:03:12.343109,1.5648613807373755,8,20,COMPLETE
458,7490.572622283049,2025-08-03 22:51:55.947046,2025-08-03 22:53:51.815128,0 days 00:01:55.868082,4.204882032429529,15,41,COMPLETE
459,12316.104574362938,2025-08-03 22:51:55.959346,2025-08-03 22:55:08.153562,0 days 00:03:12.194216,1.453653580149596,14,22,COMPLETE
460,18591.14071525226,2025-08-03 22:51:55.993161,2025-08-03 22:57:31.660341,0 days 00:05:35.667180,1.6008048288524952,14,39,COMPLETE
461,24549.803965005252,2025-08-03 22:51:56.015342,2025-08-03 22:53:51.989885,0 days 00:01:55.974543,1.5110017738568535,14,22,COMPLETE
462,17350.459137977592,2025-08-03 22:51:56.138824,2025-08-03 22:57:33.505015,0 days 00:05:37.366191,1.488269718069362,14,21,COMPLETE
463,19551.17739421635,2025-08-03 22:51:56.228911,2025-08-03 22:57:33.299119,0 days 00:05:37.070208,1.5488934371875998,14,21,COMPLETE
464,1908.7329879063172,2025-08-03 22:51:56.255160,2025-08-03 22:53:53.554192,0 days 00:01:57.299032,2.217089211449326,14,65,COMPLETE
465,18672.417745800372,2025-08-03 22:51:56.275982,2025-08-03 22:55:09.260508,0 days 00:03:12.984526,1.5238678739594722,14,42,COMPLETE
466,8785.984339976481,2025-08-03 22:51:56.535495,2025-08-03 22:55:14.316291,0 days 00:03:17.780796,4.160293249023237,14,20,COMPLETE
467,7532.353216758772,2025-08-03 22:51:56.548184,2025-08-03 22:55:14.348278,0 days 00:03:17.800094,1.9389943419386837,14,41,COMPLETE
468,25072.932137148473,2025-08-03 22:51:56.620342,2025-08-03 22:55:15.144354,0 days 00:03:18.524012,1.569760853991337,8,22,COMPLETE
469,11862.183242426927,2025-08-03 22:51:56.689114,2025-08-03 22:55:12.477898,0 days 00:03:15.788784,1.4825437640189856,14,73,COMPLETE
470,6190.449881510649,2025-08-03 22:51:56.696068,2025-08-03 23:00:39.588150,0 days 00:08:42.892082,2.6027474383251685,14,20,COMPLETE
471,14369.805485084975,2025-08-03 22:51:56.783454,2025-08-03 22:55:13.362624,0 days 00:03:16.579170,1.4987809605743292,14,63,COMPLETE
472,22484.283313719578,2025-08-03 22:51:56.838691,2025-08-03 22:53:53.948509,0 days 00:01:57.109818,1.5320914749781396,14,20,COMPLETE
473,11772.907216229796,2025-08-03 22:51:56.845849,2025-08-03 22:57:38.453152,0 days 00:05:41.607303,1.545874471113418,14,73,COMPLETE
474,20201.5605421967,2025-08-03 22:51:57.046847,2025-08-03 22:55:16.440803,0 days 00:03:19.393956,1.4948636508126785,14,20,COMPLETE
475,20201.5605421967,2025-08-03 22:51:57.065215,2025-08-03 22:53:55.686420,0 days 00:01:58.621205,1.4898835503933197,14,20,COMPLETE
476,2497.309665661498,2025-08-03 22:51:57.100677,2025-08-03 22:53:55.812333,0 days 00:01:58.711656,1.9944474730533086,14,72,COMPLETE
477,14785.353763007924,2025-08-03 22:51:57.233486,2025-08-03 22:53:56.559559,0 days 00:01:59.326073,1.5518257816276706,8,20,COMPLETE
478,9102.612928731187,2025-08-03 22:51:57.307448,2025-08-03 22:53:55.557496,0 days 00:01:58.250048,4.175841591673446,14,20,COMPLETE
479,11903.488202227429,2025-08-03 22:51:57.361322,2025-08-03 22:55:16.861033,0 days 00:03:19.499711,1.5390829296791024,14,72,COMPLETE
480,10671.79106136548,2025-08-03 22:51:57.387355,2025-08-03 22:53:57.411722,0 days 00:02:00.024367,1.4838107252170636,15,72,COMPLETE
481,21055.215889991483,2025-08-03 22:51:57.516606,2025-08-03 22:55:18.814494,0 days 00:03:21.297888,1.521969229427961,14,21,COMPLETE
482,13371.592331104152,2025-08-03 22:51:57.714902,2025-08-03 22:55:20.857139,0 days 00:03:23.142237,1.5467808898778121,14,73,COMPLETE
483,12581.278552805896,2025-08-03 22:51:57.847910,2025-08-03 22:53:57.893545,0 days 00:02:00.045635,1.4789732692387605,14,23,COMPLETE
484,13544.350651284525,2025-08-03 22:51:58.082017,2025-08-03 22:53:58.546656,0 days 00:02:00.464639,1.467092561593383,14,21,COMPLETE
485,15925.925961630188,2025-08-03 22:51:58.172354,2025-08-03 22:55:22.850933,0 days 00:03:24.678579,1.5639507479464947,14,21,COMPLETE
486,23490.4094011944,2025-08-03 22:51:58.197926,2025-08-03 22:55:22.985374,0 days 00:03:24.787448,1.5052319100261338,14,20,COMPLETE
487,17614.155170174527,2025-08-03 22:51:58.221059,2025-08-03 22:55:23.032838,0 days 00:03:24.811779,1.5405051931020912,14,42,COMPLETE
488,19850.800044167416,2025-08-03 22:51:58.257404,2025-08-03 22:55:23.645797,0 days 00:03:25.388393,1.536239729773187,14,21,COMPLETE
489,16013.455318451035,2025-08-03 22:51:58.365075,2025-08-03 23:01:02.356962,0 days 00:09:03.991887,1.4575740187950224,8,23,COMPLETE
490,11729.099944573576,2025-08-03 22:51:58.383143,2025-08-03 22:53:59.697872,0 days 00:02:01.314729,1.515512162110405,15,64,COMPLETE
491,11903.488202227429,2025-08-03 22:51:58.426634,2025-08-03 22:54:00.020134,0 days 00:02:01.593500,1.5435194501240423,14,71,COMPLETE
492,3552.0081562147175,2025-08-03 22:51:58.462264,2025-08-03 23:01:00.361043,0 days 00:09:01.898779,4.268164490926122,14,72,COMPLETE
493,12715.805289746799,2025-08-03 22:51:58.595265,2025-08-03 22:55:23.025942,0 days 00:03:24.430677,1.5288058297522165,14,74,COMPLETE
