number,value,datetime_start,datetime_complete,duration,params_atr_multiplier,params_atr_period,params_ema_period,state
495,18537.703776254606,2025-08-06 11:09:24.865494,2025-08-06 11:11:14.562437,0 days 00:01:49.696943,4.175390222635512,16,26,COMPLETE
496,9084.114360928239,2025-08-06 11:09:24.872362,2025-08-06 11:12:36.875570,0 days 00:03:12.003208,4.131210146693738,15,77,COMPLETE
497,9485.353578039822,2025-08-06 11:09:24.886648,2025-08-06 11:11:15.550451,0 days 00:01:50.663803,4.1243252617930715,15,80,COMPLETE
498,9154.96395368884,2025-08-06 11:09:24.905008,2025-08-06 11:11:15.933239,0 days 00:01:51.028231,4.1653117366481425,16,67,COMPLETE
499,18537.703776254606,2025-08-06 11:09:24.940180,2025-08-06 11:12:38.100784,0 days 00:03:13.160604,4.1400369730144435,16,26,COMPLETE
500,9003.442456542709,2025-08-06 11:09:24.974402,2025-08-06 11:12:35.515471,0 days 00:03:10.541069,4.2397229328435575,17,67,COMPLETE
501,18294.243602563758,2025-08-06 11:09:25.114211,2025-08-06 11:14:07.521579,0 days 00:04:42.407368,3.862965841718446,15,26,COMPLETE
502,2110.2124933131627,2025-08-06 11:09:25.244355,2025-08-06 11:12:46.609795,0 days 00:03:21.365440,3.6846323747492598,16,68,COMPLETE
503,21563.815314127933,2025-08-06 11:09:25.336144,2025-08-06 11:12:46.213977,0 days 00:03:20.877833,3.8236754417629197,15,26,COMPLETE
504,6477.25011820488,2025-08-06 11:09:25.347866,2025-08-06 11:14:01.040513,0 days 00:04:35.692647,3.867720035257384,16,68,COMPLETE
505,3813.771386106836,2025-08-06 11:09:25.397875,2025-08-06 11:12:40.995027,0 days 00:03:15.597152,3.7838750502183447,15,78,COMPLETE
506,9876.03494572133,2025-08-06 11:09:25.492219,2025-08-06 11:12:39.487094,0 days 00:03:13.994875,3.8212699431669654,16,77,COMPLETE
507,3552.908153129251,2025-08-06 11:09:25.519435,2025-08-06 11:12:46.290763,0 days 00:03:20.771328,3.8166075563521735,17,79,COMPLETE
508,24057.174546388072,2025-08-06 11:09:25.576266,2025-08-06 11:14:07.191862,0 days 00:04:41.615596,3.837945313809808,16,26,COMPLETE
509,2274.1630874095326,2025-08-06 11:09:25.617396,2025-08-06 11:12:46.495550,0 days 00:03:20.878154,3.7167087888092443,16,69,COMPLETE
510,4184.156818771848,2025-08-06 11:09:25.625685,2025-08-06 11:11:19.764816,0 days 00:01:54.139131,3.8072611619577783,16,77,COMPLETE
511,7729.899303643421,2025-08-06 11:09:25.729333,2025-08-06 11:12:47.649630,0 days 00:03:21.920297,3.865743529688973,16,76,COMPLETE
512,6693.735310877183,2025-08-06 11:09:25.800577,2025-08-06 11:11:19.758450,0 days 00:01:53.957873,3.8922265472498325,16,78,COMPLETE
513,17673.794501256194,2025-08-06 11:09:25.851891,2025-08-06 11:11:18.978009,0 days 00:01:53.126118,3.911748965437313,16,26,COMPLETE
514,8551.003826120983,2025-08-06 11:09:25.919406,2025-08-06 11:14:08.811245,0 days 00:04:42.891839,3.8571263509973095,17,67,COMPLETE
515,6459.706736793722,2025-08-06 11:09:26.136662,2025-08-06 11:12:48.484950,0 days 00:03:22.348288,3.8835001718795223,16,68,COMPLETE
516,17819.908683090067,2025-08-06 11:09:26.295692,2025-08-06 11:12:48.483855,0 days 00:03:22.188163,3.7681146239168295,16,42,COMPLETE
517,23963.70159844776,2025-08-06 11:09:26.415749,2025-08-06 11:10:22.021084,0 days 00:00:55.605335,3.708881618147791,20,42,COMPLETE
518,14845.808799229826,2025-08-06 11:09:26.417002,2025-08-06 11:12:50.884468,0 days 00:03:24.467466,3.665574919182096,16,42,COMPLETE
519,3049.183300337838,2025-08-06 11:09:26.439468,2025-08-06 11:11:20.316775,0 days 00:01:53.877307,3.690432646284292,16,77,COMPLETE
520,12320.630916032502,2025-08-06 11:09:26.489748,2025-08-06 11:14:43.807309,0 days 00:05:17.317561,3.658529733182005,16,41,COMPLETE
521,3226.5106288554266,2025-08-06 11:09:26.508482,2025-08-06 11:11:17.090573,0 days 00:01:50.582091,3.7154387462003133,16,78,COMPLETE
522,14845.808799229826,2025-08-06 11:09:26.561935,2025-08-06 11:11:18.949993,0 days 00:01:52.388058,3.6681230345086595,16,42,COMPLETE
523,3420.178153295392,2025-08-06 11:09:26.598017,2025-08-06 11:11:19.973481,0 days 00:01:53.375464,3.7384104356281154,16,79,COMPLETE
524,3317.7804650170774,2025-08-06 11:09:26.610250,2025-08-06 11:14:11.102894,0 days 00:04:44.492644,3.7669394522304027,16,78,COMPLETE
525,18446.9529128445,2025-08-06 11:09:26.705352,2025-08-06 11:12:51.976867,0 days 00:03:25.271515,3.752577057079667,19,41,COMPLETE
526,13567.716399124822,2025-08-06 11:09:26.740158,2025-08-06 11:14:07.174661,0 days 00:04:40.434503,3.7195369186776395,33,42,COMPLETE
527,17819.908683090067,2025-08-06 11:09:26.782239,2025-08-06 11:12:51.220145,0 days 00:03:24.437906,3.742727827111621,16,41,COMPLETE
528,2191.5235208921986,2025-08-06 11:09:26.804178,2025-08-06 11:14:47.144429,0 days 00:05:20.340251,3.7132637121354843,16,67,COMPLETE
529,17245.827825020988,2025-08-06 11:09:26.854425,2025-08-06 11:10:23.718706,0 days 00:00:56.864281,3.724233816179198,16,42,COMPLETE
530,23672.96741273402,2025-08-06 11:09:27.101342,2025-08-06 11:10:23.747540,0 days 00:00:56.646198,3.7369189986224707,16,26,COMPLETE
531,13800.814019826144,2025-08-06 11:09:27.298074,2025-08-06 11:12:47.985758,0 days 00:03:20.687684,3.7890914057033407,33,40,COMPLETE
532,17742.00397900608,2025-08-06 11:09:27.445731,2025-08-06 11:14:14.047964,0 days 00:04:46.602233,3.7959123199834237,16,40,COMPLETE
533,24931.356425378715,2025-08-06 11:09:27.599832,2025-08-06 11:12:50.779853,0 days 00:03:23.180021,3.8327682500521845,17,41,COMPLETE
534,17245.827825020988,2025-08-06 11:09:27.756274,2025-08-06 11:12:49.122379,0 days 00:03:21.366105,3.712676340216738,16,41,COMPLETE
535,3947.7386306130275,2025-08-06 11:09:27.857923,2025-08-06 11:10:23.221049,0 days 00:00:55.363126,3.725744804159626,20,78,COMPLETE
536,3254.3002179490145,2025-08-06 11:09:27.953027,2025-08-06 11:12:53.977217,0 days 00:03:26.024190,3.7076153474492073,20,67,COMPLETE
537,6465.218478081404,2025-08-06 11:09:28.137907,2025-08-06 11:14:47.810021,0 days 00:05:19.672114,3.7308155751753134,10,78,COMPLETE
538,5251.205925181795,2025-08-06 11:09:28.144365,2025-08-06 11:12:52.016701,0 days 00:03:23.872336,3.811781492633661,9,68,COMPLETE
539,3328.799824497713,2025-08-06 11:09:28.227729,2025-08-06 11:14:13.521286,0 days 00:04:45.293557,3.704762061280772,15,79,COMPLETE
540,23249.53478553416,2025-08-06 11:09:28.345997,2025-08-06 11:12:53.690919,0 days 00:03:25.344922,3.7232385546383044,15,28,COMPLETE
541,11016.844619376854,2025-08-06 11:09:28.498242,2025-08-06 11:12:54.244993,0 days 00:03:25.746751,3.791370908518594,10,26,COMPLETE
542,8531.12117613025,2025-08-06 11:09:28.573312,2025-08-06 11:12:52.010400,0 days 00:03:23.437088,3.7094540283227984,10,25,COMPLETE
543,7104.723624209815,2025-08-06 11:09:28.661746,2025-08-06 11:14:08.034684,0 days 00:04:39.372938,3.758641932590714,10,80,COMPLETE
544,7638.216567002549,2025-08-06 11:09:28.762597,2025-08-06 11:11:23.008771,0 days 00:01:54.246174,3.734045655114782,11,79,COMPLETE
545,6692.285029931177,2025-08-06 11:09:28.864800,2025-08-06 11:12:51.543522,0 days 00:03:22.678722,3.824845860654292,10,79,COMPLETE
546,7117.028602254397,2025-08-06 11:09:28.992456,2025-08-06 11:12:55.037921,0 days 00:03:26.045465,3.735730744436547,10,77,COMPLETE
547,2742.9485574852997,2025-08-06 11:09:29.054894,2025-08-06 11:12:56.938685,0 days 00:03:27.883791,3.7261856455720532,15,80,COMPLETE
548,21546.816847823102,2025-08-06 11:09:29.109935,2025-08-06 11:14:08.077879,0 days 00:04:38.967944,3.7163351750059177,15,27,COMPLETE
549,6707.765539462866,2025-08-06 11:09:29.154648,2025-08-06 11:12:56.451829,0 days 00:03:27.297181,3.7848341666334653,10,79,COMPLETE
550,5779.9671219334505,2025-08-06 11:09:29.344475,2025-08-06 11:12:54.684915,0 days 00:03:25.340440,3.7628939174913447,10,68,COMPLETE
551,3328.799824497713,2025-08-06 11:09:29.388161,2025-08-06 11:12:53.301536,0 days 00:03:23.913375,3.7084177895416164,15,77,COMPLETE
552,8697.808490165004,2025-08-06 11:09:29.456556,2025-08-06 11:12:54.155108,0 days 00:03:24.698552,3.7480050748996847,10,80,COMPLETE
553,19032.368001099425,2025-08-06 11:09:29.933618,2025-08-06 11:12:55.637226,0 days 00:03:25.703608,3.6657713601282276,15,30,COMPLETE
554,6330.171799466532,2025-08-06 11:09:30.058128,2025-08-06 11:12:52.139965,0 days 00:03:22.081837,3.8529557934848824,10,79,COMPLETE
555,6330.171799466532,2025-08-06 11:09:30.101187,2025-08-06 11:12:56.745721,0 days 00:03:26.644534,3.8432450542949095,10,77,COMPLETE
556,9598.660827107951,2025-08-06 11:09:30.257213,2025-08-06 11:12:57.268864,0 days 00:03:27.011651,3.920602801168468,10,26,COMPLETE
557,3328.799824497713,2025-08-06 11:09:30.341665,2025-08-06 11:12:56.113267,0 days 00:03:25.771602,3.7049260269673163,15,78,COMPLETE
558,3328.799824497713,2025-08-06 11:09:30.399979,2025-08-06 11:12:52.652254,0 days 00:03:22.252275,3.7033108793665686,15,77,COMPLETE
559,22340.02961781035,2025-08-06 11:09:30.473679,2025-08-06 11:12:55.225991,0 days 00:03:24.752312,3.6903184929631845,15,25,COMPLETE
560,3116.6289785330773,2025-08-06 11:09:30.538848,2025-08-06 11:12:52.071573,0 days 00:03:21.532725,3.6938815189780763,15,77,COMPLETE
561,3328.799824497713,2025-08-06 11:09:30.617746,2025-08-06 11:11:25.663769,0 days 00:01:55.046023,3.718551643482143,15,78,COMPLETE
562,3813.771386106836,2025-08-06 11:09:30.645271,2025-08-06 11:12:56.522116,0 days 00:03:25.876845,3.783594992215317,15,78,COMPLETE
563,6465.218478081404,2025-08-06 11:09:30.673002,2025-08-06 11:14:17.358944,0 days 00:04:46.685942,3.725845622609568,10,80,COMPLETE
564,11158.007903230298,2025-08-06 11:09:30.774683,2025-08-06 11:14:45.886322,0 days 00:05:15.111639,3.9109086075247386,15,26,COMPLETE
565,34331.05778778949,2025-08-06 11:09:30.828267,2025-08-06 11:11:27.517918,0 days 00:01:56.689651,1.4644399761568494,10,26,COMPLETE
566,13850.336650484232,2025-08-06 11:09:30.948253,2025-08-06 11:11:26.290333,0 days 00:01:55.342080,1.4537207006765025,33,25,COMPLETE
567,33485.323251728536,2025-08-06 11:09:31.100089,2025-08-06 11:11:25.459084,0 days 00:01:54.358995,1.442866107923035,9,26,COMPLETE
568,26303.20399934813,2025-08-06 11:09:31.231559,2025-08-06 11:10:25.189484,0 days 00:00:53.957925,1.4953948464113953,10,25,COMPLETE
569,34469.08980229155,2025-08-06 11:09:31.392650,2025-08-06 11:14:45.987130,0 days 00:05:14.594480,3.922670652602586,21,25,COMPLETE
570,26263.538967631845,2025-08-06 11:09:31.416732,2025-08-06 11:14:11.633714,0 days 00:04:40.216982,1.482990864289325,9,25,COMPLETE
571,11115.394610012047,2025-08-06 11:09:31.446737,2025-08-06 11:14:12.734190,0 days 00:04:41.287453,3.9128248331874045,15,25,COMPLETE
572,13991.040777933602,2025-08-06 11:09:31.500518,2025-08-06 11:11:31.008738,0 days 00:01:59.508220,1.4803407191232039,10,79,COMPLETE
573,12995.35094460128,2025-08-06 11:09:31.667337,2025-08-06 11:14:09.261600,0 days 00:04:37.594263,1.4774661763396206,33,26,COMPLETE
574,20325.78885271097,2025-08-06 11:09:31.920904,2025-08-06 11:11:27.786223,0 days 00:01:55.865319,1.4651988323500582,20,27,COMPLETE
575,27410.683979852278,2025-08-06 11:09:32.074056,2025-08-06 11:14:10.823188,0 days 00:04:38.749132,3.9415324561203624,20,26,COMPLETE
576,24348.54935929303,2025-08-06 11:09:32.212664,2025-08-06 11:14:13.998032,0 days 00:04:41.785368,1.4984599214231962,9,25,COMPLETE
577,26303.20399934813,2025-08-06 11:09:32.224801,2025-08-06 11:14:48.294938,0 days 00:05:16.070137,1.4957850546777047,10,25,COMPLETE
578,33002.93844946459,2025-08-06 11:09:32.245328,2025-08-06 11:14:10.743659,0 days 00:04:38.498331,1.5542484090755073,10,26,COMPLETE
579,17025.565323783318,2025-08-06 11:09:32.251596,2025-08-06 11:11:28.595511,0 days 00:01:56.343915,1.4229382161091477,20,27,COMPLETE
580,47859.399656944,2025-08-06 11:09:32.268943,2025-08-06 11:13:02.406169,0 days 00:03:30.137226,1.6144763208414539,9,25,COMPLETE
581,27523.340019527797,2025-08-06 11:09:32.296222,2025-08-06 11:12:58.588190,0 days 00:03:26.291968,1.5012683400682723,15,25,COMPLETE
582,26848.768522083214,2025-08-06 11:09:32.369474,2025-08-06 11:12:59.233444,0 days 00:03:26.863970,1.506340335232313,9,26,COMPLETE
583,33837.259028663175,2025-08-06 11:09:32.456685,2025-08-06 11:12:58.884959,0 days 00:03:26.428274,1.5469282947963243,10,26,COMPLETE
584,8231.278148840807,2025-08-06 11:09:32.479436,2025-08-06 11:12:59.919717,0 days 00:03:27.440281,3.925727983010768,10,26,COMPLETE
585,24269.35202055732,2025-08-06 11:09:32.523596,2025-08-06 11:13:05.724869,0 days 00:03:33.201273,1.5175899102492818,10,25,COMPLETE
586,19820.185587258875,2025-08-06 11:09:32.536267,2025-08-06 11:12:58.479781,0 days 00:03:25.943514,1.4733427927368654,20,26,COMPLETE
587,27998.172383320954,2025-08-06 11:09:32.655254,2025-08-06 11:13:02.839732,0 days 00:03:30.184478,1.5193296071714157,10,26,COMPLETE
588,31137.43475860034,2025-08-06 11:09:32.714192,2025-08-06 11:13:00.740901,0 days 00:03:28.026709,1.4529859454650236,10,28,COMPLETE
589,8231.278148840807,2025-08-06 11:09:32.888100,2025-08-06 11:13:02.215536,0 days 00:03:29.327436,3.9256225191446337,10,25,COMPLETE
590,26806.034583724377,2025-08-06 11:09:32.942116,2025-08-06 11:13:01.315143,0 days 00:03:28.373027,1.5114105574574042,9,26,COMPLETE
591,25917.716450082906,2025-08-06 11:09:32.959884,2025-08-06 11:13:04.967990,0 days 00:03:32.008106,1.577624622181469,10,25,COMPLETE
592,8231.278148840807,2025-08-06 11:09:33.450666,2025-08-06 11:12:59.626737,0 days 00:03:26.176071,3.9502500894142645,10,25,COMPLETE
593,16146.76700225821,2025-08-06 11:09:33.535075,2025-08-06 11:11:31.823949,0 days 00:01:58.288874,3.9430579460262845,32,26,COMPLETE
594,41954.22758114273,2025-08-06 11:09:33.622405,2025-08-06 11:10:27.469587,0 days 00:00:53.847182,1.5862483762522057,9,26,COMPLETE
595,19445.493046546966,2025-08-06 11:09:33.654524,2025-08-06 11:11:31.714494,0 days 00:01:58.059970,1.44074202896201,20,26,COMPLETE
596,35993.03201319631,2025-08-06 11:09:33.817575,2025-08-06 11:11:31.415384,0 days 00:01:57.597809,1.4544041389994233,10,27,COMPLETE
597,8231.278148840807,2025-08-06 11:09:33.824055,2025-08-06 11:11:33.364875,0 days 00:01:59.540820,3.9501810583853723,10,25,COMPLETE
598,14191.037655672451,2025-08-06 11:09:34.218019,2025-08-06 11:14:15.587425,0 days 00:04:41.369406,1.5042988224082507,10,81,COMPLETE
599,16965.63802494303,2025-08-06 11:09:34.382756,2025-08-06 11:14:14.739712,0 days 00:04:40.356956,1.5511444592044237,10,78,COMPLETE
600,9933.109732519188,2025-08-06 11:09:34.447046,2025-08-06 11:11:32.634111,0 days 00:01:58.187065,1.5872187839384788,10,80,COMPLETE
601,14110.63883451489,2025-08-06 11:09:34.469253,2025-08-06 11:11:29.951045,0 days 00:01:55.481792,1.5101790914027138,9,78,COMPLETE
602,12987.920462902694,2025-08-06 11:09:34.470467,2025-08-06 11:13:05.433144,0 days 00:03:30.962677,1.5725161969376895,9,77,COMPLETE
603,15137.605625590824,2025-08-06 11:09:34.487646,2025-08-06 11:11:32.173758,0 days 00:01:57.686112,1.4575004383453907,9,79,COMPLETE
604,16721.06537355776,2025-08-06 11:09:34.796207,2025-08-06 11:13:04.447401,0 days 00:03:29.651194,1.46678360058427,9,80,COMPLETE
605,15970.213083719544,2025-08-06 11:09:34.813983,2025-08-06 11:14:08.528476,0 days 00:04:33.714493,1.6497989923985692,10,76,COMPLETE
606,6007.721644139952,2025-08-06 11:09:34.826220,2025-08-06 11:14:15.729089,0 days 00:04:40.902869,3.94525385459025,9,80,COMPLETE
607,13728.318478274401,2025-08-06 11:09:34.837996,2025-08-06 11:11:30.991143,0 days 00:01:56.153147,1.5063533516325491,9,77,COMPLETE
608,14191.037655672451,2025-08-06 11:09:35.001671,2025-08-06 11:14:48.124885,0 days 00:05:13.123214,1.5027428358419739,10,81,COMPLETE
609,16798.898433920724,2025-08-06 11:09:35.255934,2025-08-06 11:13:02.323415,0 days 00:03:27.067481,1.6105155010577348,9,79,COMPLETE
610,30599.053411365596,2025-08-06 11:09:35.299534,2025-08-06 11:11:32.906585,0 days 00:01:57.607051,1.5782727369008138,10,26,COMPLETE
611,14110.63883451489,2025-08-06 11:09:35.305814,2025-08-06 11:13:02.779033,0 days 00:03:27.473219,1.5353855439165665,10,79,COMPLETE
612,13795.915234408008,2025-08-06 11:09:35.327733,2025-08-06 11:11:32.740523,0 days 00:01:57.412790,1.487728062981827,9,80,COMPLETE
613,26090.615599107907,2025-08-06 11:09:35.388264,2025-08-06 11:13:09.734767,0 days 00:03:34.346503,1.5167111272422487,9,27,COMPLETE
614,13173.093787885202,2025-08-06 11:09:35.476649,2025-08-06 11:14:20.235516,0 days 00:04:44.758867,1.5305321788036341,9,81,COMPLETE
615,15620.16570381844,2025-08-06 11:09:35.549906,2025-08-06 11:11:33.202945,0 days 00:01:57.653039,1.566491391846588,10,79,COMPLETE
616,13630.560281917185,2025-08-06 11:09:35.624729,2025-08-06 11:13:09.685441,0 days 00:03:34.060712,1.4960806327132259,9,80,COMPLETE
617,13962.062393952976,2025-08-06 11:09:35.903587,2025-08-06 11:13:11.245073,0 days 00:03:35.341486,1.4423377119884413,9,78,COMPLETE
618,14191.037655672451,2025-08-06 11:09:35.982353,2025-08-06 11:13:10.574724,0 days 00:03:34.592371,1.496084272682562,10,80,COMPLETE
619,14110.63883451489,2025-08-06 11:09:35.988951,2025-08-06 11:13:10.395597,0 days 00:03:34.406646,1.5141197899103322,9,78,COMPLETE
620,12624.328079596422,2025-08-06 11:09:36.005353,2025-08-06 11:13:09.324107,0 days 00:03:33.318754,1.567113841578832,9,77,COMPLETE
621,14549.944138795414,2025-08-06 11:09:36.154063,2025-08-06 11:13:10.842650,0 days 00:03:34.688587,1.5186219419364402,10,77,COMPLETE
622,13991.040777933602,2025-08-06 11:09:36.254860,2025-08-06 11:13:10.114821,0 days 00:03:33.859961,1.4746257916939518,10,77,COMPLETE
623,14720.140884365741,2025-08-06 11:09:36.418937,2025-08-06 11:11:33.888563,0 days 00:01:57.469626,1.494996128115058,10,76,COMPLETE
624,13991.040777933602,2025-08-06 11:09:36.425783,2025-08-06 11:10:29.234700,0 days 00:00:52.808917,1.4710272728512277,10,78,COMPLETE
625,11624.918601908645,2025-08-06 11:09:36.468756,2025-08-06 11:13:11.094660,0 days 00:03:34.625904,3.9372604920195435,20,76,COMPLETE
626,19382.368169655456,2025-08-06 11:09:36.480616,2025-08-06 11:11:34.557467,0 days 00:01:58.076851,1.5813148218342739,20,78,COMPLETE
627,15047.881038890548,2025-08-06 11:09:36.569429,2025-08-06 11:13:11.437579,0 days 00:03:34.868150,1.483538447001315,9,77,COMPLETE
628,16963.123963835933,2025-08-06 11:09:36.663528,2025-08-06 11:14:47.009052,0 days 00:05:10.345524,1.6089509323113023,8,80,COMPLETE
629,14280.458770675008,2025-08-06 11:09:36.695809,2025-08-06 11:13:10.617589,0 days 00:03:33.921780,1.452740478856857,9,81,COMPLETE
630,58866.75004448136,2025-08-06 11:09:36.702404,2025-08-06 11:11:34.671847,0 days 00:01:57.969443,1.6290565687408909,9,28,COMPLETE
631,30208.588301376818,2025-08-06 11:09:36.774081,2025-08-06 11:13:13.082658,0 days 00:03:36.308577,1.5450586481562179,10,26,COMPLETE
632,14191.037655672451,2025-08-06 11:09:36.780795,2025-08-06 11:14:17.833231,0 days 00:04:41.052436,1.5097439353042283,10,80,COMPLETE
633,24481.135207546104,2025-08-06 11:09:36.817838,2025-08-06 11:10:32.096350,0 days 00:00:55.278512,1.5252669900735474,9,27,COMPLETE
634,5588.228925708484,2025-08-06 11:09:36.824370,2025-08-06 11:10:33.411694,0 days 00:00:56.587324,3.8951413435770363,8,80,COMPLETE
635,10373.07998158071,2025-08-06 11:09:36.831689,2025-08-06 11:13:11.258517,0 days 00:03:34.426828,1.5916483146217213,10,77,COMPLETE
636,14778.056089600448,2025-08-06 11:09:36.892730,2025-08-06 11:14:53.220169,0 days 00:05:16.327439,1.5296308229313285,10,79,COMPLETE
637,14549.944138795414,2025-08-06 11:09:36.958612,2025-08-06 11:13:13.080786,0 days 00:03:36.122174,1.5125258694956893,10,77,COMPLETE
638,10739.639195078727,2025-08-06 11:09:36.975113,2025-08-06 11:11:35.483365,0 days 00:01:58.508252,1.5567847761136682,9,81,COMPLETE
639,13738.799409717047,2025-08-06 11:09:37.034492,2025-08-06 11:11:42.080516,0 days 00:02:05.046024,1.5802975980378002,10,80,COMPLETE
640,34070.5551093416,2025-08-06 11:09:37.041631,2025-08-06 11:11:34.628802,0 days 00:01:57.587171,1.4722021567765513,10,27,COMPLETE
641,16798.898433920724,2025-08-06 11:09:37.042966,2025-08-06 11:10:31.409442,0 days 00:00:54.366476,1.611995700788701,9,79,COMPLETE
642,5343.860329515545,2025-08-06 11:09:37.065731,2025-08-06 11:14:18.138078,0 days 00:04:41.072347,3.9067014346677724,10,77,COMPLETE
643,15475.741596651585,2025-08-06 11:09:37.072776,2025-08-06 11:13:12.252920,0 days 00:03:35.180144,1.4899130175756838,10,80,COMPLETE
644,31696.52920049784,2025-08-06 11:09:37.095753,2025-08-06 11:13:12.926204,0 days 00:03:35.830451,1.5715171375733876,10,27,COMPLETE
645,4292.1173596288345,2025-08-06 11:09:37.120891,2025-08-06 11:11:37.567813,0 days 00:02:00.446922,3.9450373449364156,33,79,COMPLETE
646,13962.062393952976,2025-08-06 11:09:37.178294,2025-08-06 11:13:12.375660,0 days 00:03:35.197366,1.4473905603039714,9,80,COMPLETE
647,6072.929198313245,2025-08-06 11:09:37.190607,2025-08-06 11:10:34.788721,0 days 00:00:57.598114,3.817191025926582,9,79,COMPLETE
648,4176.5577522031645,2025-08-06 11:09:37.218911,2025-08-06 11:13:13.473025,0 days 00:03:36.254114,3.9175524616591053,33,77,COMPLETE
649,15562.858243019387,2025-08-06 11:09:37.226313,2025-08-06 11:13:13.193051,0 days 00:03:35.966738,3.945772559099191,27,77,COMPLETE
650,29165.739147653192,2025-08-06 11:09:37.239832,2025-08-06 11:14:14.738838,0 days 00:04:37.499006,1.4913465422459868,9,27,COMPLETE
651,14377.74525981939,2025-08-06 11:09:37.251587,2025-08-06 11:13:12.478587,0 days 00:03:35.227000,1.4518294637964178,10,79,COMPLETE
652,15137.605625590824,2025-08-06 11:09:37.273514,2025-08-06 11:11:39.862111,0 days 00:02:02.588597,1.453117364921273,10,77,COMPLETE
653,6007.721644139952,2025-08-06 11:09:37.279778,2025-08-06 11:10:34.766392,0 days 00:00:57.486614,3.941775946950836,9,77,COMPLETE
654,14110.63883451489,2025-08-06 11:09:37.287571,2025-08-06 11:14:19.904137,0 days 00:04:42.616566,1.5142591397839906,9,80,COMPLETE
655,2651.8283405120624,2025-08-06 11:09:37.321825,2025-08-06 11:13:12.918580,0 days 00:03:35.596755,3.7798387368435753,32,80,COMPLETE
656,8273.16907832793,2025-08-06 11:09:37.333312,2025-08-06 11:13:16.223412,0 days 00:03:38.890100,3.899521338951728,9,27,COMPLETE
657,5343.860329515545,2025-08-06 11:09:37.355605,2025-08-06 11:13:16.580848,0 days 00:03:39.225243,3.914172164352296,10,80,COMPLETE
658,14110.63883451489,2025-08-06 11:09:37.383469,2025-08-06 11:14:15.304970,0 days 00:04:37.921501,1.535235719344718,10,80,COMPLETE
