number,value,datetime_start,datetime_complete,duration,params_atr_multiplier,params_atr_period,params_ema_period,state
988,59282.243770723275,2025-08-03 21:37:01.652169,2025-08-03 21:41:31.784201,0 days 00:04:30.132032,4.24840524584855,25,29,COMPLETE
989,18148.865215026948,2025-08-03 21:37:01.654016,2025-08-03 21:40:11.143306,0 days 00:03:09.489290,4.2663603148292655,22,29,COMPLETE
990,24991.719559941423,2025-08-03 21:37:01.655697,2025-08-03 21:40:15.019519,0 days 00:03:13.363822,4.299122640498886,22,29,COMPLETE
991,20964.581468762557,2025-08-03 21:37:01.659717,2025-08-03 21:41:39.906072,0 days 00:04:38.246355,4.200091089846853,22,29,COMPLETE
992,18148.865215026948,2025-08-03 21:37:01.661502,2025-08-03 21:41:34.713391,0 days 00:04:33.051889,4.239966754934622,22,29,COMPLETE
993,17002.67951194082,2025-08-03 21:37:01.662897,2025-08-03 21:40:08.409002,0 days 00:03:06.746105,4.235017654372375,22,29,COMPLETE
994,44960.35494003617,2025-08-03 21:37:02.844600,2025-08-03 21:42:12.511139,0 days 00:05:09.666539,4.228022173843405,29,29,COMPLETE
995,20964.581468762557,2025-08-03 21:37:04.790736,2025-08-03 21:41:50.081183,0 days 00:04:45.290447,4.187598446516636,22,29,COMPLETE
996,15806.343501122123,2025-08-03 21:37:06.293394,2025-08-03 21:42:00.918783,0 days 00:04:54.625389,4.241674732545299,29,50,COMPLETE
997,17383.737085723027,2025-08-03 21:37:07.112267,2025-08-03 21:41:08.885696,0 days 00:04:01.773429,4.194694946637536,28,51,COMPLETE
998,19498.510260008432,2025-08-03 21:37:07.232167,2025-08-03 21:42:12.849015,0 days 00:05:05.616848,4.24064384543326,22,30,COMPLETE
999,19887.172597543806,2025-08-03 21:37:07.318282,2025-08-03 21:41:15.175890,0 days 00:04:07.857608,4.234263225456562,28,50,COMPLETE
