number,value,datetime_start,datetime_complete,duration,params_atr_multiplier,params_atr_period,params_ema_period,state
987,7303.052954125614,2025-08-06 11:09:39.147276,2025-08-06 11:14:08.633065,0 days 00:04:29.485789,1.4707072996134203,26,80,COMPLETE
988,14778.056089600448,2025-08-06 11:09:39.183163,2025-08-06 11:14:07.632122,0 days 00:04:28.448959,1.5272887884755748,10,77,COMPLETE
989,737.5676129071758,2025-08-06 11:09:39.218256,2025-08-06 11:12:55.638131,0 days 00:03:16.419875,3.906687244878393,33,80,COMPLETE
990,35268.71107916335,2025-08-06 11:09:39.267419,2025-08-06 11:14:09.966750,0 days 00:04:30.699331,1.450490792365009,10,26,COMPLETE
991,13295.368603371584,2025-08-06 11:09:39.282954,2025-08-06 11:14:12.628171,0 days 00:04:33.345217,1.473429656386628,10,76,COMPLETE
992,14720.140884365741,2025-08-06 11:09:40.179979,2025-08-06 11:14:48.838879,0 days 00:05:08.658900,1.4858724852087357,10,76,COMPLETE
993,5338.106324908955,2025-08-06 11:09:40.969468,2025-08-06 11:14:21.424809,0 days 00:04:40.455341,3.898167511462333,10,80,COMPLETE
994,5343.860329515545,2025-08-06 11:09:41.112270,2025-08-06 11:13:31.871449,0 days 00:03:50.759179,3.9157155430668116,10,81,COMPLETE
995,8231.278148840807,2025-08-06 11:09:41.625372,2025-08-06 11:14:29.732951,0 days 00:04:48.107579,3.935517105408764,10,26,COMPLETE
996,737.5676129071758,2025-08-06 11:09:41.672253,2025-08-06 11:13:42.558700,0 days 00:04:00.886447,3.901620560765485,33,78,COMPLETE
997,6330.171799466532,2025-08-06 11:09:42.029159,2025-08-06 11:14:54.465734,0 days 00:05:12.436575,3.8375162308776063,10,81,COMPLETE
998,39653.02202889052,2025-08-06 11:09:45.173035,2025-08-06 11:14:11.715542,0 days 00:04:26.542507,1.6160491368555607,10,26,COMPLETE
999,4372.917674116871,2025-08-06 11:09:55.074675,2025-08-06 11:14:54.360943,0 days 00:04:59.286268,1.4294875633880926,33,77,COMPLETE
