number,value,datetime_start,datetime_complete,duration,params_atr_multiplier,params_atr_period,params_ema_period,state
329,22963.50895879965,2025-08-03 21:36:48.421560,2025-08-03 21:39:01.031024,0 days 00:02:12.609464,4.232094566641278,24,21,COMPLETE
330,17957.259118887832,2025-08-03 21:36:48.490762,2025-08-03 21:40:31.532558,0 days 00:03:43.041796,3.8346264125664598,24,21,COMPLETE
331,15415.49375205771,2025-08-03 21:36:48.731518,2025-08-03 21:40:30.904931,0 days 00:03:42.173413,3.7750115310419736,24,21,COMPLETE
332,21587.30829832945,2025-08-03 21:36:48.800696,2025-08-03 21:39:01.782124,0 days 00:02:12.981428,3.7989961944726445,24,51,COMPLETE
333,22963.50895879965,2025-08-03 21:36:49.050749,2025-08-03 21:39:01.642003,0 days 00:02:12.591254,4.240219583641652,24,21,COMPLETE
334,17957.259118887832,2025-08-03 21:36:49.114299,2025-08-03 21:41:46.561126,0 days 00:04:57.446827,3.8287549002347174,24,20,COMPLETE
335,17957.259118887832,2025-08-03 21:36:49.326724,2025-08-03 21:37:55.290164,0 days 00:01:05.963440,3.833267724302362,24,20,COMPLETE
336,12721.752629606548,2025-08-03 21:36:49.401656,2025-08-03 21:37:56.744315,0 days 00:01:07.342659,3.7381206381392103,24,20,COMPLETE
337,11271.436125738042,2025-08-03 21:36:49.615399,2025-08-03 21:39:03.926915,0 days 00:02:14.311516,3.742280256741278,24,50,COMPLETE
338,21459.84695144825,2025-08-03 21:36:49.709963,2025-08-03 21:40:29.333408,0 days 00:03:39.623445,3.732540680347935,24,39,COMPLETE
339,34085.31013118679,2025-08-03 21:36:49.742104,2025-08-03 21:39:04.538769,0 days 00:02:14.796665,3.837577623316129,24,39,COMPLETE
340,17062.368395219673,2025-08-03 21:36:50.088787,2025-08-03 21:41:46.664181,0 days 00:04:56.575394,4.249780515974992,24,38,COMPLETE
341,31131.452297347274,2025-08-03 21:36:50.112427,2025-08-03 21:39:05.934351,0 days 00:02:15.821924,3.811944430681166,24,39,COMPLETE
342,34619.25727345688,2025-08-03 21:36:50.511035,2025-08-03 21:39:05.247091,0 days 00:02:14.736056,3.827201934768274,23,39,COMPLETE
343,14200.837614045786,2025-08-03 21:36:50.554169,2025-08-03 21:39:04.245839,0 days 00:02:13.691670,3.8595930832115597,23,50,COMPLETE
344,28159.8606171281,2025-08-03 21:36:50.718840,2025-08-03 21:37:58.281908,0 days 00:01:07.563068,3.8829005728733685,23,38,COMPLETE
345,15456.093740694496,2025-08-03 21:36:50.838056,2025-08-03 21:37:59.834877,0 days 00:01:08.996821,3.7227726714691123,25,39,COMPLETE
346,15983.375997161855,2025-08-03 21:36:51.160478,2025-08-03 21:39:04.319857,0 days 00:02:13.159379,3.807670408233233,15,38,COMPLETE
347,26539.063444540017,2025-08-03 21:36:51.237203,2025-08-03 21:39:02.944807,0 days 00:02:11.707604,3.7986763865513473,23,22,COMPLETE
348,24718.643571601486,2025-08-03 21:36:51.333298,2025-08-03 21:37:59.981179,0 days 00:01:08.647881,3.791838062896575,23,22,COMPLETE
349,34597.473350943255,2025-08-03 21:36:52.085731,2025-08-03 21:39:05.326803,0 days 00:02:13.241072,3.8393678449390167,23,23,COMPLETE
350,29561.81436653787,2025-08-03 21:36:52.390767,2025-08-03 21:37:59.215502,0 days 00:01:06.824735,4.228643076732309,22,23,COMPLETE
351,27696.246244719136,2025-08-03 21:36:52.506419,2025-08-03 21:38:00.400914,0 days 00:01:07.894495,3.82938224487936,22,23,COMPLETE
352,30944.566411052772,2025-08-03 21:36:52.685466,2025-08-03 21:39:14.228522,0 days 00:02:21.543056,4.246117236528521,22,23,COMPLETE
353,24527.744918370783,2025-08-03 21:36:52.863440,2025-08-03 21:39:08.755135,0 days 00:02:15.891695,3.8669380235104507,22,22,COMPLETE
354,23404.21849298953,2025-08-03 21:36:52.875648,2025-08-03 21:39:08.550958,0 days 00:02:15.675310,3.817110673765897,22,22,COMPLETE
355,30359.89478365761,2025-08-03 21:36:52.908296,2025-08-03 21:40:35.224491,0 days 00:03:42.316195,3.7632015402160235,23,39,COMPLETE
356,27907.256303210237,2025-08-03 21:36:53.159893,2025-08-03 21:39:13.168215,0 days 00:02:20.008322,3.8162570230595207,22,23,COMPLETE
357,24718.643571601486,2025-08-03 21:36:53.201549,2025-08-03 21:39:10.346604,0 days 00:02:17.145055,3.7866498363771273,23,22,COMPLETE
358,17316.174111271514,2025-08-03 21:36:53.203184,2025-08-03 21:39:09.126439,0 days 00:02:15.923255,4.243635638805626,23,39,COMPLETE
359,27925.32821438657,2025-08-03 21:36:53.428809,2025-08-03 21:39:10.989526,0 days 00:02:17.560717,3.81831023881374,22,39,COMPLETE
360,22378.188058271196,2025-08-03 21:36:53.430952,2025-08-03 21:39:10.691627,0 days 00:02:17.260675,3.7411535250554855,24,38,COMPLETE
361,42526.44050619164,2025-08-03 21:36:53.465248,2025-08-03 21:39:12.107248,0 days 00:02:18.642000,3.855051410064571,24,29,COMPLETE
362,37126.35409733397,2025-08-03 21:36:53.505161,2025-08-03 21:38:00.376345,0 days 00:01:06.871184,3.8038929129763113,23,38,COMPLETE
363,32386.716753663917,2025-08-03 21:36:53.532294,2025-08-03 21:39:10.500020,0 days 00:02:16.967726,3.7485440321058277,23,30,COMPLETE
364,22378.188058271196,2025-08-03 21:36:53.591092,2025-08-03 21:38:01.073647,0 days 00:01:07.482555,3.7992398678954205,25,38,COMPLETE
365,31131.452297347274,2025-08-03 21:36:53.688278,2025-08-03 21:39:12.038428,0 days 00:02:18.350150,3.816399960895844,24,39,COMPLETE
366,32670.084626782158,2025-08-03 21:36:53.700003,2025-08-03 21:39:11.067418,0 days 00:02:17.367415,3.8476729853428653,25,39,COMPLETE
367,26431.422234664726,2025-08-03 21:36:53.827579,2025-08-03 21:40:38.295538,0 days 00:03:44.467959,3.828348605844801,25,38,COMPLETE
368,22378.188058271196,2025-08-03 21:36:53.829288,2025-08-03 21:39:13.541585,0 days 00:02:19.712297,3.7664454083439103,25,38,COMPLETE
369,35325.92858307493,2025-08-03 21:36:53.840800,2025-08-03 21:38:00.821692,0 days 00:01:06.980892,3.8902194091152253,25,38,COMPLETE
370,24307.72620270399,2025-08-03 21:36:54.009410,2025-08-03 21:39:15.356768,0 days 00:02:21.347358,3.8304838073090823,25,39,COMPLETE
371,32670.084626782158,2025-08-03 21:36:54.066575,2025-08-03 21:38:02.528812,0 days 00:01:08.462237,3.8722198904565124,25,39,COMPLETE
372,25380.224488553464,2025-08-03 21:36:54.073225,2025-08-03 21:39:13.674170,0 days 00:02:19.600945,3.822572223056229,25,39,COMPLETE
373,22926.846063381112,2025-08-03 21:36:54.094098,2025-08-03 21:39:14.110065,0 days 00:02:20.015967,3.7260105573591185,24,30,COMPLETE
374,31131.452297347274,2025-08-03 21:36:54.096468,2025-08-03 21:39:13.717548,0 days 00:02:19.621080,3.7812505289742173,23,39,COMPLETE
375,22733.866929034997,2025-08-03 21:36:54.145595,2025-08-03 21:40:38.556900,0 days 00:03:44.411305,3.808480023847875,25,38,COMPLETE
376,22018.340816539516,2025-08-03 21:36:54.169954,2025-08-03 21:38:04.219728,0 days 00:01:10.049774,3.7729079053726626,25,39,COMPLETE
377,20690.560740938192,2025-08-03 21:36:54.240123,2025-08-03 21:38:04.798302,0 days 00:01:10.558179,3.680485764313657,23,39,COMPLETE
378,25369.823731432956,2025-08-03 21:36:54.295300,2025-08-03 21:39:14.702912,0 days 00:02:20.407612,4.2344391930476215,24,22,COMPLETE
379,58879.14317760667,2025-08-03 21:36:54.308517,2025-08-03 21:39:15.918554,0 days 00:02:21.610037,4.195405096409009,25,30,COMPLETE
380,59282.243770723275,2025-08-03 21:36:54.310584,2025-08-03 21:40:38.789943,0 days 00:03:44.479359,4.2307767662321085,25,29,COMPLETE
381,19804.349276562836,2025-08-03 21:36:54.401463,2025-08-03 21:40:43.505744,0 days 00:03:49.104281,4.222872651273054,25,50,COMPLETE
382,17002.67951194082,2025-08-03 21:36:54.410208,2025-08-03 21:39:15.226828,0 days 00:02:20.816620,4.2200240354680245,23,29,COMPLETE
383,58879.14317760667,2025-08-03 21:36:54.454508,2025-08-03 21:38:03.981308,0 days 00:01:09.526800,4.229737388883825,25,30,COMPLETE
384,59282.243770723275,2025-08-03 21:36:54.467472,2025-08-03 21:38:04.929884,0 days 00:01:10.462412,4.223792483208302,25,29,COMPLETE
385,16476.72875411279,2025-08-03 21:36:54.479809,2025-08-03 21:39:18.019908,0 days 00:02:23.540099,4.204437921900369,23,29,COMPLETE
386,18148.865215026948,2025-08-03 21:36:54.482889,2025-08-03 21:39:19.864840,0 days 00:02:25.381951,4.242707492092638,22,29,COMPLETE
387,19487.19849887608,2025-08-03 21:36:54.484766,2025-08-03 21:40:45.400003,0 days 00:03:50.915237,4.211514667855904,22,29,COMPLETE
388,20964.581468762557,2025-08-03 21:36:54.487983,2025-08-03 21:40:46.341874,0 days 00:03:51.853891,4.198749374927928,22,29,COMPLETE
389,18148.865215026948,2025-08-03 21:36:54.495207,2025-08-03 21:39:19.909037,0 days 00:02:25.413830,4.240606983395137,22,29,COMPLETE
390,19487.19849887608,2025-08-03 21:36:54.497583,2025-08-03 21:38:05.501726,0 days 00:01:11.004143,4.2057773363700575,22,29,COMPLETE
391,22926.913597887815,2025-08-03 21:36:54.500368,2025-08-03 21:39:22.037698,0 days 00:02:27.537330,4.21472759710818,24,29,COMPLETE
392,17002.67951194082,2025-08-03 21:36:54.502715,2025-08-03 21:39:23.207675,0 days 00:02:28.704960,4.2255657608209125,22,29,COMPLETE
393,19911.302293383305,2025-08-03 21:36:54.506132,2025-08-03 21:39:21.006172,0 days 00:02:26.500040,4.181672987979542,23,30,COMPLETE
394,17002.67951194082,2025-08-03 21:36:54.511789,2025-08-03 21:39:21.429491,0 days 00:02:26.917702,4.234922648389446,22,29,COMPLETE
395,17002.67951194082,2025-08-03 21:36:54.516106,2025-08-03 21:38:06.081832,0 days 00:01:11.565726,4.216505971994375,23,29,COMPLETE
396,27427.350869484326,2025-08-03 21:36:54.518099,2025-08-03 21:39:21.085222,0 days 00:02:26.567123,3.707650402849919,22,22,COMPLETE
397,18148.865215026948,2025-08-03 21:36:54.523643,2025-08-03 21:38:05.500680,0 days 00:01:10.977037,4.247877391416563,22,29,COMPLETE
398,18728.058986240554,2025-08-03 21:36:54.526077,2025-08-03 21:39:23.853878,0 days 00:02:29.327801,4.242036676019871,22,28,COMPLETE
399,17002.67951194082,2025-08-03 21:36:54.530891,2025-08-03 21:39:23.038423,0 days 00:02:28.507532,4.2213375066997205,22,29,COMPLETE
400,18728.058986240554,2025-08-03 21:36:54.532522,2025-08-03 21:39:25.150674,0 days 00:02:30.618152,4.263589640043733,22,28,COMPLETE
401,17002.67951194082,2025-08-03 21:36:54.534658,2025-08-03 21:38:05.804987,0 days 00:01:11.270329,4.213228856143232,23,29,COMPLETE
402,59282.243770723275,2025-08-03 21:36:54.537576,2025-08-03 21:39:22.662783,0 days 00:02:28.125207,4.225196218354064,25,29,COMPLETE
403,18148.865215026948,2025-08-03 21:36:54.538986,2025-08-03 21:39:25.249814,0 days 00:02:30.710828,4.2590049788688225,22,29,COMPLETE
404,18148.865215026948,2025-08-03 21:36:54.544173,2025-08-03 21:39:24.966210,0 days 00:02:30.422037,4.245000901576083,22,29,COMPLETE
405,18275.118633238864,2025-08-03 21:36:54.546944,2025-08-03 21:39:24.784952,0 days 00:02:30.238008,4.227870551575033,22,30,COMPLETE
406,18148.865215026948,2025-08-03 21:36:54.571185,2025-08-03 21:40:45.613126,0 days 00:03:51.041941,4.242372459016085,22,29,COMPLETE
407,18728.058986240554,2025-08-03 21:36:54.577378,2025-08-03 21:40:51.794051,0 days 00:03:57.216673,4.2479394379819135,22,28,COMPLETE
408,18148.865215026948,2025-08-03 21:36:54.597203,2025-08-03 21:40:48.084703,0 days 00:03:53.487500,4.2382700692076885,22,29,COMPLETE
409,17002.67951194082,2025-08-03 21:36:54.623184,2025-08-03 21:40:52.951199,0 days 00:03:58.328015,4.236165342344123,22,29,COMPLETE
410,21504.027977834023,2025-08-03 21:36:54.655245,2025-08-03 21:39:26.795278,0 days 00:02:32.140033,4.20611486695244,22,31,COMPLETE
411,17002.67951194082,2025-08-03 21:36:54.717498,2025-08-03 21:39:25.137181,0 days 00:02:30.419683,4.23342240183625,23,29,COMPLETE
412,19487.19849887608,2025-08-03 21:36:54.737542,2025-08-03 21:39:28.317970,0 days 00:02:33.580428,4.209112914888176,22,29,COMPLETE
413,18275.118633238864,2025-08-03 21:36:54.765093,2025-08-03 21:41:49.966602,0 days 00:04:55.201509,4.224795070824414,22,30,COMPLETE
414,19498.510260008432,2025-08-03 21:36:54.773846,2025-08-03 21:40:54.433927,0 days 00:03:59.660081,4.2556759074741946,22,30,COMPLETE
415,18148.865215026948,2025-08-03 21:36:54.803864,2025-08-03 21:38:12.261213,0 days 00:01:17.457349,4.239239778666639,22,29,COMPLETE
416,33547.846925777136,2025-08-03 21:36:54.810852,2025-08-03 21:38:09.073913,0 days 00:01:14.263061,3.702205027289803,22,28,COMPLETE
417,18148.865215026948,2025-08-03 21:36:54.828914,2025-08-03 21:39:29.345112,0 days 00:02:34.516198,4.262838085830235,22,29,COMPLETE
418,18275.118633238864,2025-08-03 21:36:54.836649,2025-08-03 21:39:32.540460,0 days 00:02:37.703811,4.218058254881541,22,30,COMPLETE
419,20926.97916944497,2025-08-03 21:36:54.837699,2025-08-03 21:40:52.627072,0 days 00:03:57.789373,4.179024226977079,22,30,COMPLETE
420,17002.67951194082,2025-08-03 21:36:54.858724,2025-08-03 21:40:54.388551,0 days 00:03:59.529827,4.224705519909464,22,29,COMPLETE
421,24564.743822305998,2025-08-03 21:36:54.886048,2025-08-03 21:38:10.955675,0 days 00:01:16.069627,4.2708930631000195,23,31,COMPLETE
422,19487.19849887608,2025-08-03 21:36:54.905475,2025-08-03 21:40:56.326967,0 days 00:04:01.421492,4.205174191573525,22,29,COMPLETE
423,19947.13207036324,2025-08-03 21:36:54.911681,2025-08-03 21:39:30.822812,0 days 00:02:35.911131,4.17868562723825,23,29,COMPLETE
424,19498.510260008432,2025-08-03 21:36:54.912722,2025-08-03 21:40:53.005956,0 days 00:03:58.093234,4.252655624317137,22,30,COMPLETE
425,20926.97916944497,2025-08-03 21:36:54.934464,2025-08-03 21:39:33.604245,0 days 00:02:38.669781,4.200027799103795,22,30,COMPLETE
426,17002.67951194082,2025-08-03 21:36:54.943046,2025-08-03 21:39:34.029200,0 days 00:02:39.086154,4.225324670593109,22,29,COMPLETE
427,24089.817510568944,2025-08-03 21:36:54.944476,2025-08-03 21:40:53.162145,0 days 00:03:58.217669,4.252699671952025,24,28,COMPLETE
428,59282.243770723275,2025-08-03 21:36:54.951003,2025-08-03 21:37:38.519589,0 days 00:00:43.568586,4.228321468532017,25,29,COMPLETE
429,23912.160667914206,2025-08-03 21:36:54.956473,2025-08-03 21:38:13.989626,0 days 00:01:19.033153,4.258540867555267,23,30,COMPLETE
430,23359.91386234827,2025-08-03 21:36:54.969377,2025-08-03 21:41:52.466000,0 days 00:04:57.496623,4.227442789435204,24,29,COMPLETE
431,58879.14317760667,2025-08-03 21:36:54.981717,2025-08-03 21:38:14.639588,0 days 00:01:19.657871,4.215261770808864,25,30,COMPLETE
432,23359.91386234827,2025-08-03 21:36:54.994478,2025-08-03 21:37:38.365271,0 days 00:00:43.370793,4.238917008376588,24,29,COMPLETE
433,17002.67951194082,2025-08-03 21:36:55.012213,2025-08-03 21:39:34.757036,0 days 00:02:39.744823,4.218882082370316,23,29,COMPLETE
434,39740.09296024461,2025-08-03 21:36:55.013774,2025-08-03 21:42:13.290122,0 days 00:05:18.276348,4.276707474664583,25,29,COMPLETE
435,19804.349276562836,2025-08-03 21:36:55.055275,2025-08-03 21:39:39.216403,0 days 00:02:44.161128,4.215566896260186,25,49,COMPLETE
436,58879.14317760667,2025-08-03 21:36:55.056064,2025-08-03 21:38:14.214515,0 days 00:01:19.158451,4.219612936702768,25,30,COMPLETE
437,58879.14317760667,2025-08-03 21:36:55.057561,2025-08-03 21:40:57.273139,0 days 00:04:02.215578,4.2304846881139815,25,30,COMPLETE
438,19804.349276562836,2025-08-03 21:36:55.075241,2025-08-03 21:40:57.189087,0 days 00:04:02.113846,4.236816687949108,25,49,COMPLETE
439,59282.243770723275,2025-08-03 21:36:55.082747,2025-08-03 21:39:34.775031,0 days 00:02:39.692284,4.23300912792258,25,29,COMPLETE
440,59282.243770723275,2025-08-03 21:36:55.102285,2025-08-03 21:40:55.084160,0 days 00:03:59.981875,4.2176992818774925,25,29,COMPLETE
441,59282.243770723275,2025-08-03 21:36:55.127720,2025-08-03 21:39:38.186550,0 days 00:02:43.058830,4.1857062609338085,25,29,COMPLETE
442,59282.243770723275,2025-08-03 21:36:55.129182,2025-08-03 21:38:14.676055,0 days 00:01:19.546873,4.220016547664465,25,29,COMPLETE
443,16476.72875411279,2025-08-03 21:36:55.144576,2025-08-03 21:41:00.114245,0 days 00:04:04.969669,4.20680184216685,23,29,COMPLETE
444,59282.243770723275,2025-08-03 21:36:55.159682,2025-08-03 21:38:15.087356,0 days 00:01:19.927674,4.205770616991001,25,29,COMPLETE
445,24089.817510568944,2025-08-03 21:36:55.191386,2025-08-03 21:40:58.479055,0 days 00:04:03.287669,4.224635080071686,24,28,COMPLETE
446,59282.243770723275,2025-08-03 21:36:55.193351,2025-08-03 21:39:39.870482,0 days 00:02:44.677131,4.233408882104628,25,29,COMPLETE
447,59282.243770723275,2025-08-03 21:36:55.200603,2025-08-03 21:38:15.756233,0 days 00:01:20.555630,4.216404294878669,25,29,COMPLETE
448,51938.636502980975,2025-08-03 21:36:55.208322,2025-08-03 21:37:39.443411,0 days 00:00:44.235089,4.178378855839279,24,29,COMPLETE
449,58879.14317760667,2025-08-03 21:36:55.244347,2025-08-03 21:39:39.309459,0 days 00:02:44.065112,4.233910345379138,25,30,COMPLETE
450,58879.14317760667,2025-08-03 21:36:55.251348,2025-08-03 21:39:41.637317,0 days 00:02:46.385969,4.225597185001166,25,30,COMPLETE
451,39203.03110167428,2025-08-03 21:36:55.295077,2025-08-03 21:39:40.168310,0 days 00:02:44.873233,4.260410223340224,25,29,COMPLETE
452,58879.14317760667,2025-08-03 21:36:55.325326,2025-08-03 21:39:40.781118,0 days 00:02:45.455792,4.186500022778705,25,30,COMPLETE
453,58879.14317760667,2025-08-03 21:36:55.331527,2025-08-03 21:41:58.467176,0 days 00:05:03.135649,4.206547973910945,25,30,COMPLETE
454,58879.14317760667,2025-08-03 21:36:55.342041,2025-08-03 21:40:58.925959,0 days 00:04:03.583918,4.195521459203423,25,30,COMPLETE
455,59282.243770723275,2025-08-03 21:36:55.349453,2025-08-03 21:39:38.314979,0 days 00:02:42.965526,4.1894447997486886,25,29,COMPLETE
456,51938.636502980975,2025-08-03 21:36:55.350435,2025-08-03 21:41:06.434456,0 days 00:04:11.084021,4.161082473346649,24,29,COMPLETE
457,23193.680643773503,2025-08-03 21:36:55.354497,2025-08-03 21:39:42.998466,0 days 00:02:47.643969,4.23419500346821,24,30,COMPLETE
458,23359.91386234827,2025-08-03 21:36:55.357632,2025-08-03 21:38:17.002421,0 days 00:01:21.644789,4.242288075328791,24,29,COMPLETE
459,51468.320252720274,2025-08-03 21:36:55.360667,2025-08-03 21:39:44.645070,0 days 00:02:49.284403,4.167771637197163,25,30,COMPLETE
460,51938.636502980975,2025-08-03 21:36:55.362265,2025-08-03 21:41:05.187622,0 days 00:04:09.825357,4.184512667753684,24,29,COMPLETE
461,16476.72875411279,2025-08-03 21:36:55.364643,2025-08-03 21:39:39.250798,0 days 00:02:43.886155,4.208434002004382,23,29,COMPLETE
462,61052.24422493007,2025-08-03 21:36:55.365339,2025-08-03 21:39:41.987351,0 days 00:02:46.622012,4.243446151132606,25,28,COMPLETE
463,38380.93671596131,2025-08-03 21:36:55.368740,2025-08-03 21:39:39.780769,0 days 00:02:44.412029,3.863122388880273,25,29,COMPLETE
464,16476.72875411279,2025-08-03 21:36:55.371865,2025-08-03 21:38:17.229420,0 days 00:01:21.857555,4.208376396789834,23,29,COMPLETE
465,59282.243770723275,2025-08-03 21:36:55.373965,2025-08-03 21:39:45.929295,0 days 00:02:50.555330,4.218188117654666,25,29,COMPLETE
466,58879.14317760667,2025-08-03 21:36:55.378211,2025-08-03 21:38:18.585987,0 days 00:01:23.207776,4.232260058356,25,30,COMPLETE
467,38609.59833976906,2025-08-03 21:36:55.380569,2025-08-03 21:38:19.275416,0 days 00:01:23.894847,4.256094185322047,25,29,COMPLETE
468,11814.055318935116,2025-08-03 21:36:55.382052,2025-08-03 21:41:00.873133,0 days 00:04:05.491081,4.235163305742223,24,50,COMPLETE
469,60417.47230100725,2025-08-03 21:36:55.384526,2025-08-03 21:39:45.519473,0 days 00:02:50.134947,4.193875450458551,25,31,COMPLETE
470,23359.91386234827,2025-08-03 21:36:55.386823,2025-08-03 21:39:43.719704,0 days 00:02:48.332881,4.224036042544751,24,29,COMPLETE
471,59282.243770723275,2025-08-03 21:36:55.387557,2025-08-03 21:39:45.311031,0 days 00:02:49.923474,4.229257939517859,25,29,COMPLETE
472,51938.636502980975,2025-08-03 21:36:55.391047,2025-08-03 21:38:20.239373,0 days 00:01:24.848326,4.178918578628996,24,29,COMPLETE
473,58879.14317760667,2025-08-03 21:36:55.394090,2025-08-03 21:38:21.079791,0 days 00:01:25.685701,4.240406848724159,25,30,COMPLETE
474,24089.817510568944,2025-08-03 21:36:55.397953,2025-08-03 21:39:46.936467,0 days 00:02:51.538514,4.223779744402124,24,28,COMPLETE
475,23193.680643773503,2025-08-03 21:36:55.402143,2025-08-03 21:39:46.927594,0 days 00:02:51.525451,4.224079003059116,24,30,COMPLETE
476,51846.88637232451,2025-08-03 21:36:55.404343,2025-08-03 21:38:23.297069,0 days 00:01:27.892726,4.176836400266903,24,30,COMPLETE
477,24089.817510568944,2025-08-03 21:36:55.406426,2025-08-03 21:41:56.579995,0 days 00:05:01.173569,4.230613336683786,24,28,COMPLETE
478,11814.055318935116,2025-08-03 21:36:55.407897,2025-08-03 21:39:45.590506,0 days 00:02:50.182609,4.225300964050338,24,49,COMPLETE
479,19804.349276562836,2025-08-03 21:36:55.414533,2025-08-03 21:42:02.416729,0 days 00:05:07.002196,4.208420831814314,25,50,COMPLETE
480,59282.243770723275,2025-08-03 21:36:55.421375,2025-08-03 21:38:23.170196,0 days 00:01:27.748821,4.203705767568651,25,29,COMPLETE
481,61052.24422493007,2025-08-03 21:36:55.462848,2025-08-03 21:37:39.963731,0 days 00:00:44.500883,4.231658021181739,25,28,COMPLETE
482,51938.636502980975,2025-08-03 21:36:55.473654,2025-08-03 21:38:24.401677,0 days 00:01:28.928023,4.179894653201054,24,29,COMPLETE
483,15974.857762196023,2025-08-03 21:36:55.522023,2025-08-03 21:38:23.607187,0 days 00:01:28.085164,4.199754122649372,24,50,COMPLETE
484,17434.69472864757,2025-08-03 21:36:55.523594,2025-08-03 21:38:26.183730,0 days 00:01:30.660136,4.20346150012338,24,28,COMPLETE
485,23359.91386234827,2025-08-03 21:36:55.542600,2025-08-03 21:39:50.560568,0 days 00:02:55.017968,4.223913445500183,24,29,COMPLETE
486,56487.508612317084,2025-08-03 21:36:55.544081,2025-08-03 21:38:25.693739,0 days 00:01:30.149658,4.173537549089204,25,29,COMPLETE
487,51938.636502980975,2025-08-03 21:36:55.546979,2025-08-03 21:38:24.438312,0 days 00:01:28.891333,4.186922267387073,24,29,COMPLETE
488,39740.09296024461,2025-08-03 21:36:55.551872,2025-08-03 21:39:50.760508,0 days 00:02:55.208636,4.265035298489164,25,29,COMPLETE
489,40325.61629062924,2025-08-03 21:36:55.571041,2025-08-03 21:39:49.995007,0 days 00:02:54.423966,4.265774309425101,25,28,COMPLETE
490,59282.243770723275,2025-08-03 21:36:55.574089,2025-08-03 21:41:13.343703,0 days 00:04:17.769614,4.223037503323676,25,29,COMPLETE
491,19804.349276562836,2025-08-03 21:36:55.582363,2025-08-03 21:41:13.679197,0 days 00:04:18.096834,4.203799062995142,25,49,COMPLETE
492,17002.67951194082,2025-08-03 21:36:55.597468,2025-08-03 21:38:26.933565,0 days 00:01:31.336097,4.215745863981393,23,29,COMPLETE
