number,value,datetime_start,datetime_complete,duration,params_dema_period,params_tema_fast,params_tema_slow,state
737,14755.759657858645,2025-07-11 22:26:21.790262,2025-07-11 23:46:18.591095,0 days 01:19:56.800833,163,68,207,COMPLETE
738,9727.053071395594,2025-07-11 22:26:22.424157,2025-07-11 23:23:41.712552,0 days 00:57:19.288395,158,37,221,COMPLETE
739,12716.7950438431,2025-07-11 22:26:22.682741,2025-07-11 23:45:15.657366,0 days 01:18:52.974625,160,68,206,COMPLETE
740,12191.840453790248,2025-07-11 22:26:23.422902,2025-07-11 23:24:16.044804,0 days 00:57:52.621902,160,24,210,COMPLETE
741,13339.204706435066,2025-07-11 22:26:25.017345,2025-07-11 23:54:58.157116,0 days 01:28:33.139771,165,36,208,COMPLETE
742,12060.546527653998,2025-07-11 22:26:25.413945,2025-07-11 23:48:41.485124,0 days 01:22:16.071179,163,53,205,COMPLETE
743,12960.756348163655,2025-07-11 22:26:25.929824,2025-07-11 23:26:50.258493,0 days 01:00:24.328669,163,36,204,COMPLETE
744,13865.77905801164,2025-07-11 22:26:26.430374,2025-07-11 23:48:34.268507,0 days 01:22:07.838133,164,45,211,COMPLETE
745,13103.258623200441,2025-07-11 22:26:26.517130,2025-07-11 23:46:13.915356,0 days 01:19:47.398226,164,37,207,COMPLETE
746,12036.817734969423,2025-07-11 22:26:27.096347,2025-07-11 23:46:07.489685,0 days 01:19:40.393338,160,37,209,COMPLETE
747,12995.10430434594,2025-07-11 22:26:27.335915,2025-07-11 23:48:59.688981,0 days 01:22:32.353066,163,37,204,COMPLETE
748,12209.702766189792,2025-07-11 22:26:27.451305,2025-07-11 23:46:17.044037,0 days 01:19:49.592732,163,37,208,COMPLETE
749,12570.187017133272,2025-07-11 22:26:28.320092,2025-07-11 23:48:19.924830,0 days 01:21:51.604738,163,36,203,COMPLETE
750,12609.50928314303,2025-07-11 22:26:28.708141,2025-07-11 23:47:20.800315,0 days 01:20:52.092174,162,46,203,COMPLETE
751,11807.542416684939,2025-07-11 22:26:28.952039,2025-07-11 23:47:15.852336,0 days 01:20:46.900297,159,51,210,COMPLETE
752,10933.590712584768,2025-07-11 22:26:29.527553,2025-07-11 23:27:32.021307,0 days 01:01:02.493754,160,37,210,COMPLETE
753,13374.00837221298,2025-07-11 22:26:29.660738,2025-07-11 23:48:08.309838,0 days 01:21:38.649100,164,68,211,COMPLETE
754,15596.236990575933,2025-07-11 22:26:30.193335,2025-07-11 23:47:35.202953,0 days 01:21:05.009618,164,68,209,COMPLETE
755,12960.756348163655,2025-07-11 22:26:30.377919,2025-07-11 23:11:04.088558,0 days 00:44:33.710639,163,36,204,COMPLETE
756,17867.61802119974,2025-07-11 22:26:31.005421,2025-07-11 23:54:51.622750,0 days 01:28:20.617329,162,68,207,COMPLETE
757,11002.837262742136,2025-07-11 22:26:31.690084,2025-07-11 23:49:03.040188,0 days 01:22:31.350104,162,52,208,COMPLETE
758,11350.679619667399,2025-07-11 22:26:33.651416,2025-07-11 23:50:35.716304,0 days 01:24:02.064888,163,52,207,COMPLETE
759,12640.399595208048,2025-07-11 22:26:35.204593,2025-07-11 23:49:01.315773,0 days 01:22:26.111180,162,36,205,COMPLETE
760,9127.62311834242,2025-07-11 22:26:35.367656,2025-07-11 23:49:50.054517,0 days 01:23:14.686861,162,53,218,COMPLETE
761,13503.101449271671,2025-07-11 22:26:36.851110,2025-07-11 23:53:42.826546,0 days 01:27:05.975436,163,68,211,COMPLETE
762,10811.605467158322,2025-07-11 22:26:41.831835,2025-07-11 23:50:14.687772,0 days 01:23:32.855937,163,53,206,COMPLETE
763,13046.4728553591,2025-07-11 22:26:42.276086,2025-07-11 23:12:21.339116,0 days 00:45:39.063030,162,53,203,COMPLETE
764,14556.353155836417,2025-07-11 22:26:42.438708,2025-07-11 23:49:28.917594,0 days 01:22:46.478886,162,68,203,COMPLETE
765,11422.989666315227,2025-07-11 22:26:42.556139,2025-07-11 23:50:01.322089,0 days 01:23:18.765950,164,68,205,COMPLETE
766,5718.0882848473075,2025-07-11 22:26:44.673591,2025-07-11 23:54:57.158519,0 days 01:28:12.484928,160,12,204,COMPLETE
767,12344.549744325566,2025-07-11 22:26:45.218673,2025-07-11 23:49:05.481331,0 days 01:22:20.262658,163,68,204,COMPLETE
768,16186.606072990648,2025-07-11 22:26:45.477136,2025-07-11 23:50:24.753004,0 days 01:23:39.275868,162,68,206,COMPLETE
769,10580.537036338435,2025-07-11 22:26:45.989745,2025-07-11 23:49:02.897386,0 days 01:22:16.907641,163,35,209,COMPLETE
770,10664.945486814226,2025-07-11 22:26:47.428761,2025-07-11 23:50:48.864741,0 days 01:24:01.435980,157,53,204,COMPLETE
771,12164.922251836846,2025-07-11 22:26:48.512154,2025-07-11 23:50:14.632349,0 days 01:23:26.120195,162,36,206,COMPLETE
772,14954.22536708066,2025-07-11 22:26:49.888908,2025-07-11 23:48:30.225234,0 days 01:21:40.336326,161,53,203,COMPLETE
773,12641.765527913849,2025-07-11 22:26:50.559392,2025-07-11 23:52:01.439729,0 days 01:25:10.880337,163,36,207,COMPLETE
774,15030.455224731872,2025-07-11 22:26:51.080182,2025-07-11 23:55:07.218829,0 days 01:28:16.138647,196,68,208,COMPLETE
775,7646.376819494238,2025-07-11 22:26:51.317949,2025-07-11 23:49:41.233727,0 days 01:22:49.915778,166,53,215,COMPLETE
776,11960.887256654258,2025-07-11 22:26:51.806414,2025-07-11 23:25:12.161510,0 days 00:58:20.355096,163,67,203,COMPLETE
777,12073.74832362492,2025-07-11 22:26:52.279626,2025-07-11 23:54:52.744403,0 days 01:28:00.464777,166,36,204,COMPLETE
778,9649.83209640408,2025-07-11 22:26:53.033250,2025-07-11 23:51:56.293838,0 days 01:25:03.260588,162,68,224,COMPLETE
779,7782.58697081396,2025-07-11 22:26:53.937729,2025-07-11 23:50:23.497374,0 days 01:23:29.559645,164,52,222,COMPLETE
780,10523.169779322694,2025-07-11 22:26:54.136292,2025-07-11 23:29:14.456446,0 days 01:02:20.320154,160,53,206,COMPLETE
781,9817.344201391967,2025-07-11 22:26:56.111684,2025-07-11 23:54:28.086691,0 days 01:27:31.975007,161,68,220,COMPLETE
782,12466.186949579438,2025-07-11 22:26:56.622434,2025-07-11 23:50:04.717147,0 days 01:23:08.094713,162,36,204,COMPLETE
783,11145.084075225528,2025-07-11 22:26:57.349536,2025-07-11 23:51:28.356877,0 days 01:24:31.007341,196,68,211,COMPLETE
784,11883.624404243032,2025-07-11 22:26:59.650903,2025-07-11 23:50:36.737720,0 days 01:23:37.086817,162,36,210,COMPLETE
785,15803.023200587279,2025-07-11 22:27:01.164146,2025-07-11 23:48:28.967736,0 days 01:21:27.803590,163,69,207,COMPLETE
786,14029.709571099766,2025-07-11 22:27:01.416928,2025-07-11 23:54:29.369896,0 days 01:27:27.952968,164,36,205,COMPLETE
787,12365.682653928356,2025-07-11 22:27:02.473375,2025-07-11 23:51:02.491855,0 days 01:24:00.018480,161,52,208,COMPLETE
788,15282.804685505342,2025-07-11 22:27:02.575562,2025-07-11 23:51:46.255019,0 days 01:24:43.679457,161,67,207,COMPLETE
789,11852.19447901345,2025-07-11 22:27:05.804543,2025-07-11 23:51:43.393153,0 days 01:24:37.588610,162,53,205,COMPLETE
790,12659.054972602262,2025-07-11 22:27:06.361462,2025-07-11 23:51:02.681478,0 days 01:23:56.320016,162,68,212,COMPLETE
791,9489.245006710888,2025-07-11 22:27:06.747995,2025-07-11 23:51:32.041362,0 days 01:24:25.293367,162,53,213,COMPLETE
792,12089.056396400505,2025-07-11 22:27:07.185798,2025-07-11 23:34:32.008363,0 days 01:07:24.822565,162,37,208,COMPLETE
793,12486.702080960828,2025-07-11 22:27:07.800286,2025-07-11 23:32:37.621262,0 days 01:05:29.820976,199,52,204,COMPLETE
794,12088.52655771519,2025-07-11 22:27:08.376429,2025-07-11 23:50:31.333026,0 days 01:23:22.956597,199,53,205,COMPLETE
795,9873.529693741983,2025-07-11 22:27:08.953163,2025-07-11 23:50:55.928147,0 days 01:23:46.974984,190,52,206,COMPLETE
796,15398.98713312759,2025-07-11 22:27:09.704844,2025-07-11 23:50:22.439834,0 days 01:23:12.734990,200,68,207,COMPLETE
797,13663.495859315071,2025-07-11 22:27:10.636306,2025-07-11 23:37:39.839650,0 days 01:10:29.203344,199,53,203,COMPLETE
798,8785.666375961104,2025-07-11 22:27:10.758168,2025-07-11 23:52:11.472176,0 days 01:25:00.714008,199,53,209,COMPLETE
799,7769.021615355894,2025-07-11 22:27:11.039036,2025-07-11 23:50:24.140703,0 days 01:23:13.101667,200,54,217,COMPLETE
800,9164.190487887625,2025-07-11 22:27:11.841228,2025-07-11 23:55:06.202046,0 days 01:27:54.360818,189,52,207,COMPLETE
801,9783.897815775392,2025-07-11 22:27:11.988841,2025-07-11 23:51:32.274860,0 days 01:24:20.286019,189,54,206,COMPLETE
802,9134.808785815214,2025-07-11 22:27:12.954974,2025-07-11 23:51:16.693570,0 days 01:24:03.738596,199,54,209,COMPLETE
803,10602.273603509617,2025-07-11 22:27:13.540236,2025-07-11 23:52:02.815726,0 days 01:24:49.275490,189,53,206,COMPLETE
804,9059.373416076587,2025-07-11 22:27:14.988428,2025-07-11 23:36:14.375247,0 days 01:08:59.386819,187,54,206,COMPLETE
805,10435.046644768197,2025-07-11 22:27:15.161990,2025-07-11 23:52:07.589255,0 days 01:24:52.427265,189,54,202,COMPLETE
806,12241.853067949283,2025-07-11 22:27:15.410636,2025-07-11 23:52:40.659043,0 days 01:25:25.248407,189,53,205,COMPLETE
807,11234.967005182005,2025-07-11 22:27:15.470958,2025-07-11 23:48:53.645688,0 days 01:21:38.174730,199,52,207,COMPLETE
808,8847.016876755382,2025-07-11 22:27:15.587983,2025-07-11 23:52:16.083474,0 days 01:25:00.495491,187,54,210,COMPLETE
809,9789.347603223232,2025-07-11 22:27:15.820396,2025-07-11 23:51:23.368813,0 days 01:24:07.548417,200,58,206,COMPLETE
810,8606.436368601733,2025-07-11 22:27:16.344768,2025-07-11 23:51:53.227406,0 days 01:24:36.882638,199,55,205,COMPLETE
811,9425.062539740273,2025-07-11 22:27:16.649267,2025-07-11 23:51:54.196446,0 days 01:24:37.547179,187,53,203,COMPLETE
812,9578.743647064219,2025-07-11 22:27:17.030559,2025-07-11 23:53:14.299807,0 days 01:25:57.269248,192,53,206,COMPLETE
813,10522.959087358704,2025-07-11 22:27:17.398480,2025-07-11 23:51:07.788782,0 days 01:23:50.390302,199,53,206,COMPLETE
814,9413.99518160641,2025-07-11 22:27:18.970228,2025-07-11 23:51:33.857509,0 days 01:24:14.887281,187,54,203,COMPLETE
815,10602.273603509617,2025-07-11 22:27:21.709186,2025-07-11 23:51:06.202158,0 days 01:23:44.492972,189,53,206,COMPLETE
816,8210.273257916948,2025-07-11 22:27:22.851970,2025-07-11 23:52:33.688093,0 days 01:25:10.836123,198,53,209,COMPLETE
817,12801.928897505619,2025-07-11 22:27:23.660523,2025-07-11 23:32:44.212608,0 days 01:05:20.552085,162,53,204,COMPLETE
818,10506.583881498322,2025-07-11 22:27:23.908825,2025-07-11 23:32:51.684884,0 days 01:05:27.776059,162,53,206,COMPLETE
819,11730.336916855023,2025-07-11 22:27:24.397866,2025-07-11 23:50:58.267838,0 days 01:23:33.869972,161,59,207,COMPLETE
820,12263.110714151715,2025-07-11 22:27:26.062791,2025-07-11 23:52:22.152557,0 days 01:24:56.089766,160,25,56,COMPLETE
821,6111.611962678243,2025-07-11 22:27:26.435521,2025-07-11 23:53:00.710484,0 days 01:25:34.274963,163,13,204,COMPLETE
822,14860.96418513124,2025-07-11 22:27:27.674977,2025-07-11 23:52:46.056879,0 days 01:25:18.381902,162,68,204,COMPLETE
823,7205.717341165338,2025-07-11 22:27:28.240356,2025-07-11 23:51:50.160261,0 days 01:24:21.919905,165,13,206,COMPLETE
824,4048.143974858458,2025-07-11 22:27:28.598650,2025-07-11 23:43:51.263252,0 days 01:16:22.664602,164,12,206,COMPLETE
825,12801.928897505619,2025-07-11 22:27:28.786927,2025-07-11 23:55:09.014593,0 days 01:27:40.227666,162,53,204,COMPLETE
826,8286.160511763059,2025-07-11 22:27:29.171754,2025-07-11 23:52:16.965953,0 days 01:24:47.794199,161,14,208,COMPLETE
827,17744.785720216623,2025-07-11 22:27:29.263508,2025-07-11 23:41:43.639852,0 days 01:14:14.376344,166,24,211,COMPLETE
828,8870.188765480525,2025-07-11 22:27:30.153186,2025-07-11 23:55:08.813019,0 days 01:27:38.659833,164,53,222,COMPLETE
829,17063.618467532582,2025-07-11 22:27:30.238468,2025-07-11 23:36:52.336417,0 days 01:09:22.097949,163,25,209,COMPLETE
830,6204.507920149999,2025-07-11 22:27:30.659484,2025-07-11 23:52:36.086367,0 days 01:25:05.426883,187,12,205,COMPLETE
831,3818.0619222387236,2025-07-11 22:27:32.043065,2025-07-11 23:55:05.539918,0 days 01:27:33.496853,165,12,206,COMPLETE
832,16137.157284870998,2025-07-11 22:27:32.275067,2025-07-11 23:51:21.216655,0 days 01:23:48.941588,165,25,204,COMPLETE
833,11350.679619667399,2025-07-11 22:27:32.443263,2025-07-11 23:52:29.584213,0 days 01:24:57.140950,163,52,207,COMPLETE
834,5249.779132383537,2025-07-11 22:27:33.189364,2025-07-11 23:52:04.025950,0 days 01:24:30.836586,164,12,202,COMPLETE
835,12031.500658672476,2025-07-11 22:27:34.671189,2025-07-11 23:52:11.710274,0 days 01:24:37.039085,163,58,207,COMPLETE
836,9290.199588154504,2025-07-11 22:27:35.752198,2025-07-11 23:52:33.516953,0 days 01:24:57.764755,165,55,205,COMPLETE
837,10647.276306568832,2025-07-11 22:27:36.026520,2025-07-11 23:53:03.920595,0 days 01:25:27.894075,165,59,203,COMPLETE
838,10506.583881498322,2025-07-11 22:27:36.692915,2025-07-11 23:52:48.437842,0 days 01:25:11.744927,162,53,206,COMPLETE
839,12827.5575194031,2025-07-11 22:27:37.647281,2025-07-11 23:53:59.601830,0 days 01:26:21.954549,165,53,205,COMPLETE
840,8604.486237869218,2025-07-11 22:27:38.744947,2025-07-11 23:52:18.952260,0 days 01:24:40.207313,163,53,216,COMPLETE
841,10198.467741121905,2025-07-11 22:27:40.069813,2025-07-11 23:55:10.417584,0 days 01:27:30.347771,162,53,208,COMPLETE
842,8761.217652008747,2025-07-11 22:27:40.328027,2025-07-11 23:52:54.025322,0 days 01:25:13.697295,162,52,218,COMPLETE
843,8501.94404160642,2025-07-11 22:27:40.704748,2025-07-11 23:53:07.938471,0 days 01:25:27.233723,162,53,217,COMPLETE
844,12508.619007879379,2025-07-11 22:27:41.361107,2025-07-11 23:52:17.012647,0 days 01:24:35.651540,160,25,210,COMPLETE
845,13566.657099718168,2025-07-11 22:27:41.780253,2025-07-11 23:39:51.590606,0 days 01:12:09.810353,161,52,205,COMPLETE
846,10506.583881498322,2025-07-11 22:27:42.018866,2025-07-11 23:41:48.262420,0 days 01:14:06.243554,162,53,206,COMPLETE
847,13151.10610847683,2025-07-11 22:27:42.792126,2025-07-11 23:52:47.367733,0 days 01:25:04.575607,162,23,206,COMPLETE
848,6680.2970388662525,2025-07-11 22:27:43.184009,2025-07-11 23:52:59.154107,0 days 01:25:15.970098,162,14,206,COMPLETE
849,5202.812516900877,2025-07-11 22:27:43.367254,2025-07-11 23:41:59.918466,0 days 01:14:16.551212,164,13,203,COMPLETE
850,17011.4927950546,2025-07-11 22:27:43.797163,2025-07-11 23:52:14.654264,0 days 01:24:30.857101,164,24,215,COMPLETE
851,13223.44705444619,2025-07-11 22:27:44.223772,2025-07-11 23:52:18.430225,0 days 01:24:34.206453,161,23,207,COMPLETE
852,5347.027822376227,2025-07-11 22:27:44.741320,2025-07-11 23:55:05.283051,0 days 01:27:20.541731,162,13,202,COMPLETE
853,4356.97333145501,2025-07-11 22:27:45.061297,2025-07-11 23:53:39.129037,0 days 01:25:54.067740,161,12,204,COMPLETE
854,4379.829013148149,2025-07-11 22:27:45.672492,2025-07-11 23:53:11.171353,0 days 01:25:25.498861,163,12,204,COMPLETE
855,11537.40260530606,2025-07-11 22:27:47.317434,2025-07-11 23:52:43.067915,0 days 01:24:55.750481,165,16,208,COMPLETE
856,4044.7262140836515,2025-07-11 22:27:48.163252,2025-07-11 23:54:36.305025,0 days 01:26:48.141773,163,12,206,COMPLETE
857,12253.342748113191,2025-07-11 22:27:48.325842,2025-07-11 23:51:53.609974,0 days 01:24:05.284132,163,17,203,COMPLETE
858,9428.411948790965,2025-07-11 22:27:50.257992,2025-07-11 23:52:16.075527,0 days 01:24:25.817535,162,14,207,COMPLETE
859,4379.829013148149,2025-07-11 22:27:50.808152,2025-07-11 23:53:03.412039,0 days 01:25:12.603887,163,12,204,COMPLETE
860,7580.723828800441,2025-07-11 22:27:51.405377,2025-07-11 23:53:42.264054,0 days 01:25:50.858677,164,13,207,COMPLETE
861,9121.372397958907,2025-07-11 22:27:51.925132,2025-07-11 23:51:32.006206,0 days 01:23:40.081074,163,13,212,COMPLETE
862,4048.143974858458,2025-07-11 22:27:51.990980,2025-07-11 23:54:13.017881,0 days 01:26:21.026901,164,12,206,COMPLETE
863,4613.762046791029,2025-07-11 22:27:52.307008,2025-07-11 23:53:19.055462,0 days 01:25:26.748454,162,11,203,COMPLETE
864,13038.934586481135,2025-07-11 22:27:53.126832,2025-07-11 23:53:23.574499,0 days 01:25:30.447667,200,17,203,COMPLETE
865,5056.810634303175,2025-07-11 22:27:53.523550,2025-07-11 23:53:39.066215,0 days 01:25:45.542665,162,12,202,COMPLETE
866,7720.302414726992,2025-07-11 22:27:55.000981,2025-07-11 23:53:06.196905,0 days 01:25:11.195924,185,13,204,COMPLETE
867,9175.497546452283,2025-07-11 22:27:55.651056,2025-07-11 23:52:47.499808,0 days 01:24:51.848752,186,15,206,COMPLETE
868,8628.250199486014,2025-07-11 22:27:55.870539,2025-07-11 23:53:33.572708,0 days 01:25:37.702169,200,12,201,COMPLETE
869,6503.350920501925,2025-07-11 22:27:56.017878,2025-07-11 23:53:39.975707,0 days 01:25:43.957829,186,14,204,COMPLETE
870,6817.315325027499,2025-07-11 22:27:57.164622,2025-07-11 23:52:52.109822,0 days 01:24:54.945200,199,12,205,COMPLETE
871,7704.148193758636,2025-07-11 22:27:57.652289,2025-07-11 23:45:10.585738,0 days 01:17:12.933449,200,12,202,COMPLETE
872,7648.4731885584915,2025-07-11 22:27:57.916989,2025-07-11 23:54:22.171972,0 days 01:26:24.254983,186,12,201,COMPLETE
873,7999.600269067293,2025-07-11 22:27:58.264990,2025-07-11 23:54:27.486847,0 days 01:26:29.221857,185,15,203,COMPLETE
874,7675.247597719884,2025-07-11 22:27:58.579607,2025-07-11 23:54:04.215900,0 days 01:26:05.636293,200,12,203,COMPLETE
875,9467.48518251352,2025-07-11 22:27:59.091310,2025-07-11 23:53:53.628276,0 days 01:25:54.536966,163,16,204,COMPLETE
876,7006.307049476066,2025-07-11 22:27:59.916072,2025-07-11 23:52:45.964730,0 days 01:24:46.048658,187,13,200,COMPLETE
877,5861.817815037187,2025-07-11 22:28:01.083933,2025-07-11 23:53:12.790310,0 days 01:25:11.706377,186,12,204,COMPLETE
878,8033.643834308547,2025-07-11 22:28:02.115409,2025-07-11 23:53:53.375591,0 days 01:25:51.260182,199,14,203,COMPLETE
879,8628.250199486014,2025-07-11 22:28:02.466847,2025-07-11 23:53:41.386154,0 days 01:25:38.919307,200,12,201,COMPLETE
880,8385.358154256095,2025-07-11 22:28:03.292877,2025-07-11 23:53:56.494528,0 days 01:25:53.201651,186,15,204,COMPLETE
881,5902.542989893634,2025-07-11 22:28:03.803455,2025-07-11 23:53:19.477043,0 days 01:25:15.673588,163,11,209,COMPLETE
882,7237.191028199872,2025-07-11 22:28:03.870511,2025-07-11 23:53:54.283272,0 days 01:25:50.412761,199,13,201,COMPLETE
883,8575.914752669183,2025-07-11 22:28:04.440062,2025-07-11 23:52:52.342737,0 days 01:24:47.902675,186,14,218,COMPLETE
884,8045.516660281771,2025-07-11 22:28:04.596923,2025-07-11 23:53:19.340809,0 days 01:25:14.743886,187,12,201,COMPLETE
885,6420.8362356109665,2025-07-11 22:28:04.769278,2025-07-11 23:54:27.889573,0 days 01:26:23.120295,185,12,202,COMPLETE
886,5261.6199677038285,2025-07-11 22:28:05.118650,2025-07-11 23:54:48.490546,0 days 01:26:43.371896,163,11,204,COMPLETE
887,7483.111050364764,2025-07-11 22:28:06.334963,2025-07-11 23:54:06.547774,0 days 01:26:00.212811,200,14,201,COMPLETE
888,6798.833218095336,2025-07-11 22:28:06.764428,2025-07-11 23:53:23.275795,0 days 01:25:16.511367,199,12,204,COMPLETE
889,5420.384361986841,2025-07-11 22:28:06.854638,2025-07-11 23:54:10.932546,0 days 01:26:04.077908,185,12,206,COMPLETE
890,5919.7372035184735,2025-07-11 22:28:08.100123,2025-07-11 23:55:03.918182,0 days 01:26:55.818059,186,12,212,COMPLETE
891,8033.643834308547,2025-07-11 22:28:08.257658,2025-07-11 23:54:36.763862,0 days 01:26:28.506204,199,14,203,COMPLETE
892,8889.851446837769,2025-07-11 22:28:08.476551,2025-07-11 23:43:22.725903,0 days 01:15:14.249352,200,15,203,COMPLETE
893,5352.976496351295,2025-07-11 22:28:09.407279,2025-07-11 23:54:20.676076,0 days 01:26:11.268797,185,13,199,COMPLETE
894,6176.97888657964,2025-07-11 22:28:09.874638,2025-07-11 23:53:26.715550,0 days 01:25:16.840912,187,12,200,COMPLETE
895,6718.72440453731,2025-07-11 22:28:10.945773,2025-07-11 23:40:59.651897,0 days 01:12:48.706124,163,14,206,COMPLETE
896,6742.760836313289,2025-07-11 22:28:11.947572,2025-07-11 23:54:26.546916,0 days 01:26:14.599344,200,12,215,COMPLETE
897,8480.897828170842,2025-07-11 22:28:12.167141,2025-07-11 23:53:48.182562,0 days 01:25:36.015421,185,14,200,COMPLETE
898,7561.1905895778555,2025-07-11 22:28:13.700222,2025-07-11 23:54:41.185491,0 days 01:26:27.485269,199,12,202,COMPLETE
899,7092.217675705701,2025-07-11 22:28:14.408028,2025-07-11 23:54:23.525529,0 days 01:26:09.117501,164,15,204,COMPLETE
900,5277.768538989419,2025-07-11 22:28:14.469239,2025-07-11 23:53:36.520928,0 days 01:25:22.051689,199,11,200,COMPLETE
901,4103.545554897677,2025-07-11 22:28:15.915695,2025-07-11 23:52:53.579313,0 days 01:24:37.663618,163,12,205,COMPLETE
902,4837.708155785121,2025-07-11 22:28:16.109788,2025-07-11 23:53:56.040009,0 days 01:25:39.930221,163,12,203,COMPLETE
903,9844.63871997267,2025-07-11 22:28:17.618674,2025-07-11 23:54:33.476637,0 days 01:26:15.857963,199,15,200,COMPLETE
904,6584.641379872554,2025-07-11 22:28:18.602529,2025-07-11 23:54:19.009465,0 days 01:26:00.406936,161,12,208,COMPLETE
905,5089.615735617221,2025-07-11 22:28:19.622151,2025-07-11 23:54:56.880529,0 days 01:26:37.258378,162,11,204,COMPLETE
906,7648.4731885584915,2025-07-11 22:28:19.734539,2025-07-11 23:54:43.492779,0 days 01:26:23.758240,186,12,201,COMPLETE
907,11259.113673141786,2025-07-11 22:28:20.228484,2025-07-11 23:53:53.272157,0 days 01:25:33.043673,163,14,210,COMPLETE
908,11726.755142786595,2025-07-11 22:28:20.921255,2025-07-11 23:54:34.199513,0 days 01:26:13.278258,161,18,203,COMPLETE
909,7648.4731885584915,2025-07-11 22:28:21.732991,2025-07-11 23:54:21.191366,0 days 01:25:59.458375,186,12,201,COMPLETE
910,5230.113029149594,2025-07-11 22:28:22.195229,2025-07-11 23:54:57.052824,0 days 01:26:34.857595,163,12,202,COMPLETE
911,15954.521283651771,2025-07-11 22:28:22.312126,2025-07-11 23:54:19.244613,0 days 01:25:56.932487,186,18,201,COMPLETE
912,17556.199704788185,2025-07-11 22:28:22.531173,2025-07-11 23:43:27.508873,0 days 01:15:04.977700,186,18,205,COMPLETE
913,12014.826621228724,2025-07-11 22:28:22.679249,2025-07-11 23:54:23.093454,0 days 01:26:00.414205,163,18,197,COMPLETE
914,8889.851446837769,2025-07-11 22:28:22.851325,2025-07-11 23:54:15.663773,0 days 01:25:52.812448,200,15,203,COMPLETE
915,12892.705179373816,2025-07-11 22:28:23.734236,2025-07-11 23:53:59.136606,0 days 01:25:35.402370,163,17,200,COMPLETE
916,17507.427470305127,2025-07-11 22:28:24.064211,2025-07-11 23:54:31.860465,0 days 01:26:07.796254,186,18,203,COMPLETE
917,6395.088208849121,2025-07-11 22:28:25.048498,2025-07-11 23:54:19.416245,0 days 01:25:54.367747,164,14,202,COMPLETE
918,15080.052561290051,2025-07-11 22:28:26.117012,2025-07-11 23:54:46.264266,0 days 01:26:20.147254,186,18,200,COMPLETE
919,11046.028039887187,2025-07-11 22:28:26.670384,2025-07-11 23:54:45.976979,0 days 01:26:19.306595,162,24,201,COMPLETE
