number,value,datetime_start,datetime_complete,duration,params_dema_period,params_tema_fast,params_tema_slow,state
920,12193.423599304897,2025-07-11 22:28:28.625072,2025-07-11 23:45:40.878281,0 days 01:17:12.253209,163,18,203,COMPLETE
921,7116.120089467067,2025-07-11 22:28:29.047747,2025-07-11 23:54:51.126378,0 days 01:26:22.078631,160,18,218,COMPLETE
922,12892.705179373816,2025-07-11 22:28:29.470394,2025-07-11 23:54:56.847701,0 days 01:26:27.377307,163,17,200,COMPLETE
923,12544.328291047563,2025-07-11 22:28:30.454193,2025-07-11 23:55:10.829431,0 days 01:26:40.375238,186,17,203,COMPLETE
924,10371.860678228451,2025-07-11 22:28:32.483796,2025-07-11 23:44:22.068124,0 days 01:15:49.584328,164,17,204,COMPLETE
925,8722.513465100563,2025-07-11 22:28:33.049926,2025-07-11 23:54:34.037074,0 days 01:26:00.987148,185,17,175,COMPLETE
926,12982.821316082418,2025-07-11 22:28:33.222531,2025-07-11 23:54:20.891752,0 days 01:25:47.669221,163,17,202,COMPLETE
927,12229.771344915785,2025-07-11 22:28:33.446825,2025-07-11 23:54:17.928342,0 days 01:25:44.481517,185,17,201,COMPLETE
928,11994.964652823917,2025-07-11 22:28:33.813783,2025-07-11 23:55:10.114900,0 days 01:26:36.301117,164,17,203,COMPLETE
929,15080.052561290051,2025-07-11 22:28:33.931044,2025-07-11 23:49:11.427876,0 days 01:20:37.496832,186,18,200,COMPLETE
930,17507.427470305127,2025-07-11 22:28:35.909630,2025-07-11 23:44:42.190219,0 days 01:16:06.280589,186,18,203,COMPLETE
931,9314.311317687156,2025-07-11 22:28:37.332671,2025-07-11 23:55:07.637403,0 days 01:26:30.304732,186,17,197,COMPLETE
932,9891.711734325265,2025-07-11 22:28:37.612024,2025-07-11 23:55:09.260590,0 days 01:26:31.648566,186,16,197,COMPLETE
933,10698.072830775207,2025-07-11 22:28:39.948501,2025-07-11 23:54:56.027671,0 days 01:26:16.079170,163,17,206,COMPLETE
934,12982.821316082418,2025-07-11 22:28:40.713179,2025-07-11 23:54:24.891096,0 days 01:25:44.177917,163,17,202,COMPLETE
935,12229.771344915785,2025-07-11 22:28:42.976582,2025-07-11 23:54:49.347421,0 days 01:26:06.370839,185,17,201,COMPLETE
936,12648.78870894215,2025-07-11 22:28:43.173929,2025-07-11 23:54:46.222182,0 days 01:26:03.048253,186,18,198,COMPLETE
937,9815.39361528785,2025-07-11 22:28:47.971506,2025-07-11 23:54:42.420704,0 days 01:25:54.449198,165,18,216,COMPLETE
938,12320.36836711544,2025-07-11 22:28:48.139632,2025-07-11 23:46:56.683806,0 days 01:18:08.544174,200,17,204,COMPLETE
939,11796.193922953124,2025-07-11 22:28:48.585410,2025-07-11 23:54:08.567364,0 days 01:25:19.981954,185,17,205,COMPLETE
940,6397.961810941493,2025-07-11 22:28:48.819769,2025-07-11 23:55:08.908420,0 days 01:26:20.088651,185,14,198,COMPLETE
941,14165.565894821782,2025-07-11 22:28:49.018522,2025-07-11 23:54:49.913294,0 days 01:26:00.894772,164,18,201,COMPLETE
942,12296.262807276797,2025-07-11 22:28:49.781633,2025-07-11 23:54:39.159578,0 days 01:25:49.377945,185,17,202,COMPLETE
943,9295.540188527664,2025-07-11 22:28:50.141241,2025-07-11 23:45:44.435084,0 days 01:16:54.293843,186,16,199,COMPLETE
944,14321.319372620605,2025-07-11 22:28:52.747032,2025-07-11 23:55:04.020708,0 days 01:26:11.273676,185,18,200,COMPLETE
945,7832.577702484079,2025-07-11 22:28:52.873898,2025-07-11 23:54:55.512153,0 days 01:26:02.638255,200,14,202,COMPLETE
946,15659.116192360427,2025-07-11 22:28:53.087881,2025-07-11 23:54:54.390685,0 days 01:26:01.302804,163,18,202,COMPLETE
947,4994.17163861344,2025-07-11 22:28:53.261085,2025-07-11 23:46:48.458338,0 days 01:17:55.197253,164,13,201,COMPLETE
948,11688.69179235856,2025-07-11 22:28:54.097115,2025-07-11 23:54:50.044239,0 days 01:25:55.947124,162,18,205,COMPLETE
949,12671.694845560434,2025-07-11 22:28:55.210860,2025-07-11 23:54:52.797553,0 days 01:25:57.586693,162,14,177,COMPLETE
950,8124.656718429232,2025-07-11 22:28:55.882484,2025-07-11 23:54:17.915842,0 days 01:25:22.033358,186,13,205,COMPLETE
951,6755.376752898021,2025-07-11 22:28:59.993686,2025-07-11 23:54:20.832876,0 days 01:25:20.839190,186,12,218,COMPLETE
952,7439.580148520728,2025-07-11 22:29:05.142008,2025-07-11 23:55:05.385730,0 days 01:26:00.243722,199,53,219,COMPLETE
953,11436.70439602691,2025-07-11 22:29:05.663525,2025-07-11 23:55:08.601957,0 days 01:26:02.938432,199,53,200,COMPLETE
954,8107.762808132285,2025-07-11 22:29:07.024823,2025-07-11 23:54:42.029048,0 days 01:25:35.004225,199,13,198,COMPLETE
955,11189.517530959738,2025-07-11 22:29:07.580905,2025-07-11 23:54:56.772720,0 days 01:25:49.191815,200,53,200,COMPLETE
956,6875.09332053804,2025-07-11 22:29:08.040838,2025-07-11 23:54:45.815331,0 days 01:25:37.774493,187,13,201,COMPLETE
957,7087.211729303751,2025-07-11 22:29:08.290518,2025-07-11 23:54:12.026645,0 days 01:25:03.736127,185,53,200,COMPLETE
958,5900.380705909414,2025-07-11 22:29:08.550077,2025-07-11 23:54:41.400110,0 days 01:25:32.850033,164,12,201,COMPLETE
959,8889.851446837769,2025-07-11 22:29:09.934438,2025-07-11 23:55:00.826914,0 days 01:25:50.892476,200,15,203,COMPLETE
960,11189.517530959738,2025-07-11 22:29:10.066257,2025-07-11 23:54:41.657939,0 days 01:25:31.591682,200,53,200,COMPLETE
961,13144.78928322979,2025-07-11 22:29:11.198920,2025-07-11 23:55:04.709184,0 days 01:25:53.510264,199,52,201,COMPLETE
962,9166.898383763588,2025-07-11 22:29:14.043588,2025-07-11 23:48:31.099031,0 days 01:19:17.055443,185,52,203,COMPLETE
963,7266.806876798389,2025-07-11 22:29:15.489667,2025-07-11 23:49:21.587964,0 days 01:20:06.098297,200,13,203,COMPLETE
964,10788.268982676891,2025-07-11 22:29:17.389463,2025-07-11 23:55:10.125595,0 days 01:25:52.736132,198,13,196,COMPLETE
965,8789.973357960343,2025-07-11 22:29:19.016366,2025-07-11 23:54:54.310675,0 days 01:25:35.294309,200,13,204,COMPLETE
966,8982.976767287,2025-07-11 22:29:20.594191,2025-07-11 23:54:56.457612,0 days 01:25:35.863421,186,15,199,COMPLETE
967,8038.873610678376,2025-07-11 22:29:20.710973,2025-07-11 23:55:03.208294,0 days 01:25:42.497321,186,53,201,COMPLETE
968,7635.432802758415,2025-07-11 22:29:20.869135,2025-07-11 23:55:08.647636,0 days 01:25:47.778501,186,14,220,COMPLETE
969,12644.649796185868,2025-07-11 22:29:21.527216,2025-07-11 23:54:55.109962,0 days 01:25:33.582746,186,17,200,COMPLETE
970,7663.931966981599,2025-07-11 22:29:22.939405,2025-07-11 23:55:04.374446,0 days 01:25:41.435041,199,13,202,COMPLETE
971,5160.472253820816,2025-07-11 22:29:23.365948,2025-07-11 23:54:36.705378,0 days 01:25:13.339430,187,11,216,COMPLETE
972,6923.04436166275,2025-07-11 22:29:24.733928,2025-07-11 23:55:04.331539,0 days 01:25:39.597611,185,14,201,COMPLETE
973,7266.806876798389,2025-07-11 22:29:25.952510,2025-07-11 23:55:02.090822,0 days 01:25:36.138312,200,13,203,COMPLETE
974,7664.745838223124,2025-07-11 22:29:27.287905,2025-07-11 23:54:46.229257,0 days 01:25:18.941352,187,52,200,COMPLETE
975,11189.517530959738,2025-07-11 22:29:28.043635,2025-07-11 23:54:52.721422,0 days 01:25:24.677787,200,53,200,COMPLETE
976,10303.264577212673,2025-07-11 22:29:30.016478,2025-07-11 23:55:05.221458,0 days 01:25:35.204980,187,16,204,COMPLETE
977,13332.460101289456,2025-07-11 22:29:30.308994,2025-07-11 23:55:11.143807,0 days 01:25:40.834813,200,17,200,COMPLETE
978,12200.300695026264,2025-07-11 22:29:30.630129,2025-07-11 23:55:02.660755,0 days 01:25:32.030626,200,17,199,COMPLETE
979,9000.689178821696,2025-07-11 22:29:31.674522,2025-07-11 23:55:08.947871,0 days 01:25:37.273349,200,14,200,COMPLETE
980,12866.137682778908,2025-07-11 22:29:34.781423,2025-07-11 23:55:04.515283,0 days 01:25:29.733860,200,52,201,COMPLETE
981,12573.954648135334,2025-07-11 22:29:35.468991,2025-07-11 23:55:07.353023,0 days 01:25:31.884032,200,52,206,COMPLETE
982,9000.689178821696,2025-07-11 22:29:37.330330,2025-07-11 23:55:06.160560,0 days 01:25:28.830230,200,14,200,COMPLETE
983,11385.300300480774,2025-07-11 22:29:37.636831,2025-07-11 23:52:01.863329,0 days 01:22:24.226498,199,16,216,COMPLETE
984,12573.954648135334,2025-07-11 22:29:39.512826,2025-07-11 23:54:25.911886,0 days 01:24:46.399060,200,52,206,COMPLETE
985,7079.146165099134,2025-07-11 22:29:39.641092,2025-07-11 23:54:56.161977,0 days 01:25:16.520885,186,53,200,COMPLETE
986,9008.773283034909,2025-07-11 22:29:40.099439,2025-07-11 23:54:54.682445,0 days 01:25:14.583006,186,54,203,COMPLETE
987,8038.873610678376,2025-07-11 22:29:40.720667,2025-07-11 23:55:04.617179,0 days 01:25:23.896512,186,53,201,COMPLETE
988,13991.678322645414,2025-07-11 22:29:41.165026,2025-07-11 23:55:04.256994,0 days 01:25:23.091968,200,52,203,COMPLETE
989,10330.866120365547,2025-07-11 22:29:41.251431,2025-07-11 23:55:11.265098,0 days 01:25:30.013667,200,16,200,COMPLETE
990,7478.847879738862,2025-07-11 22:29:46.947767,2025-07-11 23:55:10.799524,0 days 01:25:23.851757,186,14,196,COMPLETE
991,9964.890075549722,2025-07-11 22:29:55.160544,2025-07-11 23:54:58.179656,0 days 01:25:03.019112,187,36,202,COMPLETE
992,14224.318091496172,2025-07-11 22:30:01.549700,2025-07-11 23:54:54.660259,0 days 01:24:53.110559,199,68,206,COMPLETE
993,10649.994464033496,2025-07-11 22:30:03.448921,2025-07-11 23:55:10.419653,0 days 01:25:06.970732,200,52,200,COMPLETE
994,10887.011759280376,2025-07-11 22:30:04.497035,2025-07-11 23:54:56.594114,0 days 01:24:52.097079,199,52,200,COMPLETE
995,12842.122571849142,2025-07-11 22:30:13.691034,2025-07-11 23:55:04.679085,0 days 01:24:50.988051,199,37,203,COMPLETE
996,11886.055162769779,2025-07-11 22:30:14.476656,2025-07-11 23:54:51.954640,0 days 01:24:37.477984,200,37,221,COMPLETE
997,13701.837945477919,2025-07-11 22:30:16.392915,2025-07-11 23:54:58.672020,0 days 01:24:42.279105,200,37,204,COMPLETE
998,10523.178500947606,2025-07-11 22:30:40.715589,2025-07-11 23:55:10.547237,0 days 01:24:29.831648,187,36,199,COMPLETE
999,19334.966236955333,2025-07-11 22:31:11.799077,2025-07-11 23:54:58.979804,0 days 01:23:47.180727,200,36,179,COMPLETE
