number,value,datetime_start,datetime_complete,duration,params_dema_period,params_tema_fast,params_tema_slow,state
554,15095.178123857622,2025-07-11 22:24:03.795598,2025-07-11 23:11:59.618223,0 days 00:47:55.822625,158,37,170,COMPLETE
555,18178.240838620986,2025-07-11 22:24:03.985116,2025-07-11 23:13:24.068970,0 days 00:49:20.083854,196,35,178,COMPLETE
556,17452.878065492547,2025-07-11 22:24:04.984923,2025-07-11 22:59:32.528241,0 days 00:35:27.543318,198,36,169,COMPLETE
557,19003.118386296006,2025-07-11 22:24:05.345198,2025-07-11 23:35:05.799578,0 days 01:11:00.454380,198,37,171,COMPLETE
558,23191.825944703083,2025-07-11 22:24:05.469892,2025-07-11 23:11:06.001292,0 days 00:47:00.531400,199,35,171,COMPLETE
559,22612.81189912995,2025-07-11 22:24:07.224658,2025-07-11 23:12:30.535443,0 days 00:48:23.310785,197,34,172,COMPLETE
560,15136.70624351148,2025-07-11 22:24:09.034974,2025-07-11 23:13:03.307277,0 days 00:48:54.272303,157,37,176,COMPLETE
561,10776.862635301444,2025-07-11 22:24:09.735198,2025-07-11 23:13:30.361766,0 days 00:49:20.626568,158,34,147,COMPLETE
562,23952.78160382594,2025-07-11 22:24:10.195220,2025-07-11 23:33:21.447037,0 days 01:09:11.251817,199,34,171,COMPLETE
563,17338.698074230317,2025-07-11 22:24:11.983725,2025-07-11 23:33:46.812161,0 days 01:09:34.828436,195,36,169,COMPLETE
564,22449.546957844785,2025-07-11 22:24:13.385595,2025-07-11 23:36:27.239603,0 days 01:12:13.854008,196,34,172,COMPLETE
565,15692.739032233267,2025-07-11 22:24:14.016927,2025-07-11 23:13:03.881021,0 days 00:48:49.864094,200,33,174,COMPLETE
566,19148.103498762055,2025-07-11 22:24:15.289374,2025-07-11 23:12:50.642109,0 days 00:48:35.352735,153,34,173,COMPLETE
567,15751.388981849595,2025-07-11 22:24:15.580351,2025-07-11 23:32:53.497760,0 days 01:08:37.917409,197,32,173,COMPLETE
568,16364.367835589743,2025-07-11 22:24:16.351987,2025-07-11 23:12:35.938015,0 days 00:48:19.586028,158,36,171,COMPLETE
569,13773.384461413818,2025-07-11 22:24:18.797661,2025-07-11 23:15:19.263679,0 days 00:51:00.466018,197,32,175,COMPLETE
570,14633.422921687195,2025-07-11 22:24:19.755882,2025-07-11 23:14:17.178209,0 days 00:49:57.422327,199,35,146,COMPLETE
571,2940.031898881388,2025-07-11 22:24:21.262763,2025-07-11 23:37:54.428288,0 days 01:13:33.165525,195,34,113,COMPLETE
572,15578.061906147117,2025-07-11 22:24:22.012297,2025-07-11 23:33:54.070862,0 days 01:09:32.058565,199,34,176,COMPLETE
573,2804.9234920169984,2025-07-11 22:24:22.511120,2025-07-11 23:05:58.962642,0 days 00:41:36.451522,197,35,110,COMPLETE
574,8131.807343314534,2025-07-11 22:24:25.245861,2025-07-11 23:36:37.897814,0 days 01:12:12.651953,157,50,105,COMPLETE
575,3659.631735241832,2025-07-11 22:24:25.831071,2025-07-11 23:06:06.492819,0 days 00:41:40.661748,197,35,116,COMPLETE
576,2783.6795986416155,2025-07-11 22:24:26.916876,2025-07-11 23:52:01.779677,0 days 01:27:34.862801,196,35,110,COMPLETE
577,7283.507661916673,2025-07-11 22:24:27.103010,2025-07-11 23:14:43.608886,0 days 00:50:16.505876,198,51,109,COMPLETE
578,3110.4055058722183,2025-07-11 22:24:27.323120,2025-07-11 23:38:25.641343,0 days 01:13:58.318223,196,35,109,COMPLETE
579,3904.6854560906104,2025-07-11 22:24:28.626979,2025-07-11 23:15:09.308429,0 days 00:50:40.681450,198,34,115,COMPLETE
580,11595.169301564894,2025-07-11 22:24:29.111328,2025-07-11 23:15:53.877299,0 days 00:51:24.765971,199,35,217,COMPLETE
581,6542.881733735425,2025-07-11 22:24:30.206574,2025-07-11 23:15:59.004577,0 days 00:51:28.798003,161,50,108,COMPLETE
582,5856.964563346927,2025-07-11 22:24:31.209085,2025-07-11 23:16:07.599083,0 days 00:51:36.389998,157,49,106,COMPLETE
583,2994.8703381379046,2025-07-11 22:24:32.927737,2025-07-11 23:17:03.140905,0 days 00:52:30.213168,199,35,113,COMPLETE
584,1630.2777600006561,2025-07-11 22:24:33.248497,2025-07-11 23:17:58.421057,0 days 00:53:25.172560,158,35,114,COMPLETE
585,5931.278445228308,2025-07-11 22:24:35.181672,2025-07-11 23:17:03.853800,0 days 00:52:28.672128,200,50,110,COMPLETE
586,6154.457246340856,2025-07-11 22:24:36.740455,2025-07-11 23:18:10.327402,0 days 00:53:33.586947,200,50,109,COMPLETE
587,19918.89212796627,2025-07-11 22:24:36.836617,2025-07-11 23:08:25.606215,0 days 00:43:48.769598,198,35,177,COMPLETE
588,8137.456547283385,2025-07-11 22:24:39.185979,2025-07-11 23:16:29.737640,0 days 00:51:50.551661,157,50,108,COMPLETE
589,3021.310120390621,2025-07-11 22:24:40.088793,2025-07-11 23:18:38.521092,0 days 00:53:58.432299,199,34,104,COMPLETE
590,4729.266469361323,2025-07-11 22:24:40.999181,2025-07-11 23:21:39.103481,0 days 00:56:58.104300,199,50,105,COMPLETE
591,12173.270717023664,2025-07-11 22:24:41.127590,2025-07-11 23:18:29.694891,0 days 00:53:48.567301,158,50,179,COMPLETE
592,7118.925298372932,2025-07-11 22:24:41.797090,2025-07-11 23:19:42.139258,0 days 00:55:00.342168,158,50,110,COMPLETE
593,2112.6155626306995,2025-07-11 22:24:41.871478,2025-07-11 23:44:37.715697,0 days 01:19:55.844219,163,36,111,COMPLETE
594,7760.105487691333,2025-07-11 22:24:43.048873,2025-07-11 23:18:46.700959,0 days 00:54:03.652086,199,51,219,COMPLETE
595,9227.664874328211,2025-07-11 22:24:43.448692,2025-07-11 23:41:46.606579,0 days 01:17:03.157887,161,52,217,COMPLETE
596,16512.296181203226,2025-07-11 22:24:44.025389,2025-07-11 23:08:38.470087,0 days 00:43:54.444698,162,51,178,COMPLETE
597,16733.630148838747,2025-07-11 22:24:44.594242,2025-07-11 23:20:44.504276,0 days 00:55:59.910034,162,51,177,COMPLETE
598,10657.313351062887,2025-07-11 22:24:45.003313,2025-07-11 23:46:14.374826,0 days 01:21:29.371513,199,51,180,COMPLETE
599,9419.858120645256,2025-07-11 22:24:45.131217,2025-07-11 23:09:14.022703,0 days 00:44:28.891486,164,52,111,COMPLETE
600,8217.173058567976,2025-07-11 22:24:45.704923,2025-07-11 23:22:17.424339,0 days 00:57:31.719416,159,49,113,COMPLETE
601,15753.385161179685,2025-07-11 22:24:45.816013,2025-07-11 23:44:26.798987,0 days 01:19:40.982974,164,49,179,COMPLETE
602,13180.63335322122,2025-07-11 22:24:47.509816,2025-07-11 23:02:48.895544,0 days 00:38:01.385728,162,50,180,COMPLETE
603,14932.28510051673,2025-07-11 22:24:48.922722,2025-07-11 23:45:09.962757,0 days 01:20:21.040035,159,50,176,COMPLETE
604,11229.99160121745,2025-07-11 22:24:49.360647,2025-07-11 23:48:18.595656,0 days 01:23:29.235009,199,50,177,COMPLETE
605,12863.748587468745,2025-07-11 22:24:49.923891,2025-07-11 23:26:39.640627,0 days 01:01:49.716736,161,52,184,COMPLETE
606,11428.966377077702,2025-07-11 22:24:50.264782,2025-07-11 23:46:20.307465,0 days 01:21:30.042683,162,53,184,COMPLETE
607,13560.186744720686,2025-07-11 22:24:51.289842,2025-07-11 23:10:13.125943,0 days 00:45:21.836101,162,49,180,COMPLETE
608,11549.900125937793,2025-07-11 22:24:51.720956,2025-07-11 23:24:45.940258,0 days 00:59:54.219302,193,51,179,COMPLETE
609,6098.201993984903,2025-07-11 22:24:51.951223,2025-07-11 23:24:32.302978,0 days 00:59:40.351755,200,53,107,COMPLETE
610,16856.373943757033,2025-07-11 22:24:52.295700,2025-07-11 23:47:50.432427,0 days 01:22:58.136727,161,51,178,COMPLETE
611,10460.187778261177,2025-07-11 22:24:52.395537,2025-07-11 23:24:36.072535,0 days 00:59:43.676998,158,55,179,COMPLETE
612,12669.798941903486,2025-07-11 22:24:52.553667,2025-07-11 23:23:42.266302,0 days 00:58:49.712635,159,52,179,COMPLETE
613,13840.168951224578,2025-07-11 22:24:53.281878,2025-07-11 23:26:00.746101,0 days 01:01:07.464223,161,54,178,COMPLETE
614,16856.373943757033,2025-07-11 22:24:54.862920,2025-07-11 23:26:56.592278,0 days 01:02:01.729358,161,51,178,COMPLETE
615,8870.813754158986,2025-07-11 22:24:55.863131,2025-07-11 23:10:28.113133,0 days 00:45:32.250002,190,52,180,COMPLETE
616,8445.670167699995,2025-07-11 22:24:56.580793,2025-07-11 23:28:55.525922,0 days 01:03:58.945129,160,50,218,COMPLETE
617,7341.939928196895,2025-07-11 22:24:56.925653,2025-07-11 23:26:15.729849,0 days 01:01:18.804196,200,51,217,COMPLETE
618,13739.98567886297,2025-07-11 22:24:57.022165,2025-07-11 23:27:00.135111,0 days 01:02:03.112946,161,52,179,COMPLETE
619,13982.16357676682,2025-07-11 22:24:57.620174,2025-07-11 23:27:59.240101,0 days 01:03:01.619927,162,52,183,COMPLETE
620,11047.114368677041,2025-07-11 22:24:58.413980,2025-07-11 23:11:29.074594,0 days 00:46:30.660614,161,53,182,COMPLETE
621,13726.05423928384,2025-07-11 22:24:59.989184,2025-07-11 23:54:56.644381,0 days 01:29:56.655197,163,50,178,COMPLETE
622,17346.896959922884,2025-07-11 22:25:00.403318,2025-07-11 23:28:26.812961,0 days 01:03:26.409643,161,51,177,COMPLETE
623,14915.17143783812,2025-07-11 22:25:01.247678,2025-07-11 23:30:52.476170,0 days 01:05:51.228492,162,51,179,COMPLETE
624,9151.920433935093,2025-07-11 22:25:01.508132,2025-07-11 23:31:50.248015,0 days 01:06:48.739883,162,52,109,COMPLETE
625,7704.226630525665,2025-07-11 22:25:03.093863,2025-07-11 23:29:23.364962,0 days 01:04:20.271099,199,51,217,COMPLETE
626,9162.482238401302,2025-07-11 22:25:03.513662,2025-07-11 23:28:55.640135,0 days 01:03:52.126473,160,54,209,COMPLETE
627,13678.690149739308,2025-07-11 22:25:03.699891,2025-07-11 23:30:43.847404,0 days 01:05:40.147513,161,52,180,COMPLETE
628,13075.302873341756,2025-07-11 22:25:04.231721,2025-07-11 23:30:43.890439,0 days 01:05:39.658718,198,51,178,COMPLETE
629,12477.92331341896,2025-07-11 22:25:04.451100,2025-07-11 23:28:58.057807,0 days 01:03:53.606707,162,51,183,COMPLETE
630,12086.753359342578,2025-07-11 22:25:04.557890,2025-07-11 23:29:25.292392,0 days 01:04:20.734502,160,51,181,COMPLETE
631,7326.494401492491,2025-07-11 22:25:05.057451,2025-07-11 23:11:43.622435,0 days 00:46:38.564984,194,51,218,COMPLETE
632,11846.291780011388,2025-07-11 22:25:06.059905,2025-07-11 23:32:52.733060,0 days 01:07:46.673155,161,49,182,COMPLETE
633,17346.896959922884,2025-07-11 22:25:06.322308,2025-07-11 23:12:31.446600,0 days 00:47:25.124292,161,51,177,COMPLETE
634,16733.630148838747,2025-07-11 22:25:06.758996,2025-07-11 23:32:08.570140,0 days 01:07:01.811144,162,51,177,COMPLETE
635,13057.245964028025,2025-07-11 22:25:07.535830,2025-07-11 23:49:54.136867,0 days 01:24:46.601037,160,51,179,COMPLETE
636,7583.726067048719,2025-07-11 22:25:07.821178,2025-07-11 23:06:02.035609,0 days 00:40:54.214431,161,50,223,COMPLETE
637,6247.808041335882,2025-07-11 22:25:08.059330,2025-07-11 23:34:20.952861,0 days 01:09:12.893531,161,48,113,COMPLETE
638,11803.16446302785,2025-07-11 22:25:08.919629,2025-07-11 23:33:28.018694,0 days 01:08:19.099065,159,51,114,COMPLETE
639,5278.283677431389,2025-07-11 22:25:08.949734,2025-07-11 23:33:46.746399,0 days 01:08:37.796665,162,50,107,COMPLETE
640,7764.559729419085,2025-07-11 22:25:09.320124,2025-07-11 23:50:12.955042,0 days 01:25:03.634918,197,50,112,COMPLETE
641,11756.53252835926,2025-07-11 22:25:09.611044,2025-07-11 23:33:10.532023,0 days 01:08:00.920979,161,49,177,COMPLETE
642,2769.5709683640234,2025-07-11 22:25:11.890578,2025-07-11 23:33:38.080178,0 days 01:08:26.189600,163,50,54,COMPLETE
643,5184.212966693542,2025-07-11 22:25:13.816102,2025-07-11 23:05:32.261129,0 days 00:40:18.445027,196,50,220,COMPLETE
644,8642.130210488844,2025-07-11 22:25:14.362604,2025-07-11 23:30:43.839774,0 days 01:05:29.477170,160,51,109,COMPLETE
645,2443.0412568573975,2025-07-11 22:25:15.207589,2025-07-11 23:51:48.193322,0 days 01:26:32.985733,162,51,52,COMPLETE
646,8336.524292250786,2025-07-11 22:25:15.833558,2025-07-11 23:36:45.745150,0 days 01:11:29.911592,160,51,107,COMPLETE
647,13211.347607960435,2025-07-11 22:25:17.539869,2025-07-11 23:35:44.180443,0 days 01:10:26.640574,162,52,112,COMPLETE
648,6974.316201777453,2025-07-11 22:25:18.512772,2025-07-11 23:12:48.773331,0 days 00:47:30.260559,164,51,109,COMPLETE
649,6740.173541574391,2025-07-11 22:25:19.047748,2025-07-11 23:34:42.467843,0 days 01:09:23.420095,162,51,107,COMPLETE
650,5557.534961132614,2025-07-11 22:25:19.569189,2025-07-11 23:33:59.622610,0 days 01:08:40.053421,161,50,110,COMPLETE
651,13116.16071540405,2025-07-11 22:25:20.073395,2025-07-11 23:15:29.590271,0 days 00:50:09.516876,160,49,207,COMPLETE
652,12033.530396681992,2025-07-11 22:25:20.124960,2025-07-11 23:36:57.426445,0 days 01:11:37.301485,161,51,211,COMPLETE
653,9046.729322208826,2025-07-11 22:25:22.103871,2025-07-11 23:32:53.310035,0 days 01:07:31.206164,160,50,113,COMPLETE
654,2353.092552629915,2025-07-11 22:25:23.690422,2025-07-11 23:38:54.490791,0 days 01:13:30.800369,162,23,106,COMPLETE
655,8135.840987178943,2025-07-11 22:25:24.473520,2025-07-11 23:34:56.572774,0 days 01:09:32.099254,160,50,108,COMPLETE
656,14449.915201214137,2025-07-11 22:25:25.323994,2025-07-11 23:41:27.748856,0 days 01:16:02.424862,159,23,210,COMPLETE
657,7642.805920149427,2025-07-11 22:25:25.833066,2025-07-11 23:14:00.487845,0 days 00:48:34.654779,159,51,106,COMPLETE
658,9993.087378285287,2025-07-11 22:25:26.310270,2025-07-11 23:35:16.014762,0 days 01:09:49.704492,161,50,114,COMPLETE
659,6582.207437986573,2025-07-11 22:25:27.129757,2025-07-11 23:37:36.012169,0 days 01:12:08.882412,163,51,107,COMPLETE
660,6942.768186246004,2025-07-11 22:25:28.695377,2025-07-11 23:38:52.892623,0 days 01:13:24.197246,164,50,112,COMPLETE
661,7378.123975029847,2025-07-11 22:25:28.806361,2025-07-11 23:13:38.159904,0 days 00:48:09.353543,163,51,110,COMPLETE
662,15521.968752464805,2025-07-11 22:25:30.067260,2025-07-11 23:41:27.439113,0 days 01:15:57.371853,166,50,177,COMPLETE
663,18769.923862394287,2025-07-11 22:25:30.638361,2025-07-11 23:15:47.860281,0 days 00:50:17.221920,164,51,177,COMPLETE
664,7118.925298372932,2025-07-11 22:25:30.905619,2025-07-11 23:38:34.338319,0 days 01:13:03.432700,158,50,110,COMPLETE
665,6965.322993300935,2025-07-11 22:25:32.269693,2025-07-11 23:40:52.006315,0 days 01:15:19.736622,162,49,114,COMPLETE
666,13540.31114733419,2025-07-11 22:25:32.432701,2025-07-11 23:37:28.727850,0 days 01:11:56.295149,162,50,178,COMPLETE
667,10967.74208285774,2025-07-11 22:25:33.568579,2025-07-11 23:53:42.214566,0 days 01:28:08.645987,160,50,115,COMPLETE
668,8227.752482467838,2025-07-11 22:25:33.885198,2025-07-11 23:39:19.536521,0 days 01:13:45.651323,160,50,111,COMPLETE
669,6143.4971499302865,2025-07-11 22:25:34.212450,2025-07-11 23:41:00.832408,0 days 01:15:26.619958,160,49,106,COMPLETE
670,13648.095530511622,2025-07-11 22:25:34.915631,2025-07-11 23:38:40.890980,0 days 01:13:05.975349,162,49,178,COMPLETE
671,10217.69501675865,2025-07-11 22:25:35.201830,2025-07-11 23:40:08.715086,0 days 01:14:33.513256,164,50,210,COMPLETE
672,5896.795161945579,2025-07-11 22:25:35.748577,2025-07-11 23:39:00.886056,0 days 01:13:25.137479,163,48,110,COMPLETE
673,3578.151532887871,2025-07-11 22:25:37.071885,2025-07-11 23:42:24.583242,0 days 01:16:47.511357,196,36,111,COMPLETE
674,1754.510301967485,2025-07-11 22:25:37.296104,2025-07-11 23:39:37.483953,0 days 01:14:00.187849,160,36,109,COMPLETE
675,9635.81898741172,2025-07-11 22:25:37.382649,2025-07-11 23:16:55.902313,0 days 00:51:18.519664,161,51,213,COMPLETE
676,2456.7957860006895,2025-07-11 22:25:38.822644,2025-07-11 23:43:02.630288,0 days 01:17:23.807644,162,36,105,COMPLETE
677,1816.6240346310728,2025-07-11 22:25:39.001967,2025-07-11 23:40:59.184604,0 days 01:15:20.182637,163,36,108,COMPLETE
678,1900.312194998566,2025-07-11 22:25:39.944142,2025-07-11 23:43:23.755450,0 days 01:17:43.811308,160,37,111,COMPLETE
679,2071.1122484488465,2025-07-11 22:25:40.081302,2025-07-11 23:40:50.612866,0 days 01:15:10.531564,160,36,111,COMPLETE
680,1928.3912725719092,2025-07-11 22:25:41.446680,2025-07-11 23:42:24.265174,0 days 01:16:42.818494,164,36,110,COMPLETE
681,2063.805217346745,2025-07-11 22:25:42.415294,2025-07-11 23:41:51.416234,0 days 01:16:09.000940,161,37,108,COMPLETE
682,1878.8143803608734,2025-07-11 22:25:43.609263,2025-07-11 23:41:18.792826,0 days 01:15:35.183563,162,34,111,COMPLETE
683,17659.946849197742,2025-07-11 22:25:45.155404,2025-07-11 23:43:25.755979,0 days 01:17:40.600575,161,36,177,COMPLETE
684,2710.9840603307084,2025-07-11 22:25:45.828071,2025-07-11 23:17:10.473788,0 days 00:51:24.645717,160,35,108,COMPLETE
685,6900.723209218337,2025-07-11 22:25:48.130658,2025-07-11 23:54:12.603001,0 days 01:28:24.472343,161,24,178,COMPLETE
686,21597.107690522338,2025-07-11 22:25:48.499065,2025-07-11 23:40:44.626400,0 days 01:14:56.127335,194,35,179,COMPLETE
687,14512.13707607857,2025-07-11 22:25:48.889491,2025-07-11 23:42:00.838036,0 days 01:16:11.948545,162,35,180,COMPLETE
688,2497.5497054985285,2025-07-11 22:25:49.529356,2025-07-11 23:43:39.725357,0 days 01:17:50.196001,164,24,110,COMPLETE
689,11881.583719213471,2025-07-11 22:25:50.167715,2025-07-11 23:41:44.604396,0 days 01:15:54.436681,159,24,180,COMPLETE
690,2722.7529723435937,2025-07-11 22:25:50.436738,2025-07-11 23:45:47.720909,0 days 01:19:57.284171,194,36,110,COMPLETE
691,11310.81687743901,2025-07-11 22:25:51.038325,2025-07-11 23:42:45.159148,0 days 01:16:54.120823,160,24,177,COMPLETE
692,3065.6365523768213,2025-07-11 22:25:51.322004,2025-07-11 23:19:03.748493,0 days 00:53:12.426489,159,25,107,COMPLETE
693,11905.494146609579,2025-07-11 22:25:51.734571,2025-07-11 23:44:37.196328,0 days 01:18:45.461757,158,24,210,COMPLETE
694,15604.84455804941,2025-07-11 22:25:52.276025,2025-07-11 23:53:53.771946,0 days 01:28:01.495921,161,52,177,COMPLETE
695,11045.708500858773,2025-07-11 22:25:53.244357,2025-07-11 23:43:53.391866,0 days 01:18:00.147509,158,36,206,COMPLETE
696,16985.177045498338,2025-07-11 22:25:54.942921,2025-07-11 23:44:44.231691,0 days 01:18:49.288770,161,35,179,COMPLETE
697,14544.026057841384,2025-07-11 22:25:55.203266,2025-07-11 23:53:43.495317,0 days 01:27:48.292051,162,36,179,COMPLETE
698,14497.438952847948,2025-07-11 22:25:56.330421,2025-07-11 23:44:10.404151,0 days 01:18:14.073730,161,33,213,COMPLETE
699,14863.695190483151,2025-07-11 22:25:56.927208,2025-07-11 23:46:25.305264,0 days 01:20:28.378056,160,35,178,COMPLETE
700,12329.400379706505,2025-07-11 22:25:58.505695,2025-07-11 23:43:37.435531,0 days 01:17:38.929836,162,36,208,COMPLETE
701,18338.419727328976,2025-07-11 22:25:59.205636,2025-07-11 23:19:27.803447,0 days 00:53:28.597811,162,35,177,COMPLETE
702,10010.909817290294,2025-07-11 22:25:59.657479,2025-07-11 23:45:32.158754,0 days 01:19:32.501275,164,35,208,COMPLETE
703,12329.400379706505,2025-07-11 22:25:59.805128,2025-07-11 23:45:05.012377,0 days 01:19:05.207249,162,36,208,COMPLETE
704,18271.5518392728,2025-07-11 22:26:00.156895,2025-07-11 23:47:55.318731,0 days 01:21:55.161836,195,38,179,COMPLETE
705,13810.422816277793,2025-07-11 22:26:01.162418,2025-07-11 23:41:08.027266,0 days 01:15:06.864848,164,36,204,COMPLETE
706,12078.527738464692,2025-07-11 22:26:01.579595,2025-07-11 23:46:36.768610,0 days 01:20:35.189015,159,35,206,COMPLETE
707,11329.014225272058,2025-07-11 22:26:02.228924,2025-07-11 23:42:42.823826,0 days 01:16:40.594902,163,36,214,COMPLETE
708,11298.40995077555,2025-07-11 22:26:03.202799,2025-07-11 23:42:40.938080,0 days 01:16:37.735281,158,36,207,COMPLETE
709,9274.814846725787,2025-07-11 22:26:03.461640,2025-07-11 23:21:02.734525,0 days 00:54:59.272885,163,51,206,COMPLETE
710,11995.712142072845,2025-07-11 22:26:04.998394,2025-07-11 23:46:15.254806,0 days 01:20:10.256412,159,36,208,COMPLETE
711,11264.17468534512,2025-07-11 22:26:05.860733,2025-07-11 23:44:22.437152,0 days 01:18:16.576419,163,52,208,COMPLETE
712,10580.537036338435,2025-07-11 22:26:06.196360,2025-07-11 23:44:33.892963,0 days 01:18:27.696603,163,35,209,COMPLETE
713,10622.012496280448,2025-07-11 22:26:06.603314,2025-07-11 23:53:29.642495,0 days 01:27:23.039181,161,37,215,COMPLETE
714,12164.922251836846,2025-07-11 22:26:07.458468,2025-07-11 23:44:37.456592,0 days 01:18:29.998124,162,36,206,COMPLETE
715,10470.100909931376,2025-07-11 22:26:07.574917,2025-07-11 23:55:02.868206,0 days 01:28:55.293289,161,35,209,COMPLETE
716,13410.03000621749,2025-07-11 22:26:08.327846,2025-07-11 23:44:01.870005,0 days 01:17:53.542159,163,37,209,COMPLETE
717,12053.429907523616,2025-07-11 22:26:08.567962,2025-07-11 23:48:01.061204,0 days 01:21:52.493242,162,35,205,COMPLETE
718,8626.59030542738,2025-07-11 22:26:08.642299,2025-07-11 23:21:37.446755,0 days 00:55:28.804456,160,52,216,COMPLETE
719,12093.65977351329,2025-07-11 22:26:09.152359,2025-07-11 23:54:00.940840,0 days 01:27:51.788481,165,36,209,COMPLETE
720,12799.24196366778,2025-07-11 22:26:10.234524,2025-07-11 23:45:45.971887,0 days 01:19:35.737363,161,37,206,COMPLETE
721,12196.647842763,2025-07-11 22:26:11.023579,2025-07-11 23:53:39.347377,0 days 01:27:28.323798,161,36,206,COMPLETE
722,12603.012038609633,2025-07-11 22:26:11.262407,2025-07-11 23:20:26.080721,0 days 00:54:14.818314,163,35,205,COMPLETE
723,12196.647842763,2025-07-11 22:26:12.031529,2025-07-11 23:54:07.509587,0 days 01:27:55.478058,161,36,206,COMPLETE
724,13395.925229334614,2025-07-11 22:26:12.895281,2025-07-11 23:54:03.275776,0 days 01:27:50.380495,162,34,205,COMPLETE
725,12001.902440006728,2025-07-11 22:26:13.439730,2025-07-11 23:22:07.070115,0 days 00:55:53.630385,165,35,211,COMPLETE
726,11610.349115432125,2025-07-11 22:26:15.115409,2025-07-11 23:46:12.691100,0 days 01:19:57.575691,165,37,208,COMPLETE
727,11567.435440252098,2025-07-11 22:26:16.415176,2025-07-11 23:21:03.993801,0 days 00:54:47.578625,160,36,207,COMPLETE
728,10811.605467158322,2025-07-11 22:26:17.220625,2025-07-11 23:46:11.397309,0 days 01:19:54.176684,163,53,206,COMPLETE
729,12503.750245260708,2025-07-11 22:26:17.706061,2025-07-11 23:46:05.209853,0 days 01:19:47.503792,163,37,207,COMPLETE
730,11883.624404243032,2025-07-11 22:26:18.186101,2025-07-11 23:43:17.634723,0 days 01:16:59.448622,162,36,210,COMPLETE
731,12598.990933487881,2025-07-11 22:26:18.628802,2025-07-11 23:48:23.700879,0 days 01:22:05.072077,161,52,207,COMPLETE
732,12164.922251836846,2025-07-11 22:26:18.710444,2025-07-11 23:48:37.001672,0 days 01:22:18.291228,162,36,206,COMPLETE
733,12960.756348163655,2025-07-11 22:26:19.072736,2025-07-11 23:23:57.749873,0 days 00:57:38.677137,163,36,204,COMPLETE
734,12542.04787180437,2025-07-11 22:26:19.626902,2025-07-11 23:55:02.575374,0 days 01:28:42.948472,164,38,208,COMPLETE
735,13998.236774904959,2025-07-11 22:26:20.293790,2025-07-11 23:54:44.293079,0 days 01:28:23.999289,163,34,205,COMPLETE
736,11538.053217057042,2025-07-11 22:26:20.446488,2025-07-11 23:47:20.375124,0 days 01:20:59.928636,161,36,219,COMPLETE
