number,value,datetime_start,datetime_complete,duration,params_macd_fast,params_macd_signal,params_macd_slow,params_volume_sma,params_volume_spike_ratio,state
634,6874.956735572885,2025-07-31 22:46:24.413755,2025-07-31 22:52:11.795246,0 days 00:05:47.381491,19,18,50,19,1.6676391415781724,COMPLETE
635,9355.206314217303,2025-07-31 22:46:24.414959,2025-07-31 22:54:12.001795,0 days 00:07:47.586836,19,20,50,18,1.6388481517330968,COMPLETE
636,6874.956735572885,2025-07-31 22:46:24.416838,2025-07-31 22:48:11.627168,0 days 00:01:47.210330,19,18,50,18,1.6347616166683936,COMPLETE
637,7999.2413270653515,2025-07-31 22:46:24.417551,2025-07-31 22:49:51.063713,0 days 00:03:26.646162,19,18,49,18,1.6734613135947063,COMPLETE
638,6874.956735572885,2025-07-31 22:46:24.421724,2025-07-31 22:54:30.889700,0 days 00:08:06.467976,19,18,50,18,1.637512262642407,COMPLETE
639,6874.956735572885,2025-07-31 22:46:24.423630,2025-07-31 22:49:58.965286,0 days 00:03:34.541656,19,18,50,19,1.877623181013794,COMPLETE
640,6874.956735572885,2025-07-31 22:46:24.424937,2025-07-31 22:48:12.082759,0 days 00:01:47.657822,19,18,50,19,1.6367190118294197,COMPLETE
641,15574.99946945098,2025-07-31 22:46:24.430516,2025-07-31 22:54:20.676987,0 days 00:07:56.246471,19,18,44,19,1.6703226635590718,COMPLETE
642,6874.956735572885,2025-07-31 22:46:24.431931,2025-07-31 22:52:10.818049,0 days 00:05:46.386118,19,18,50,19,1.6705379993780891,COMPLETE
643,15574.99946945098,2025-07-31 22:46:24.432842,2025-07-31 22:54:25.777629,0 days 00:08:01.344787,19,18,44,19,1.6235215013221185,COMPLETE
644,10700.98114835673,2025-07-31 22:46:24.434147,2025-07-31 22:52:10.605206,0 days 00:05:46.171059,20,20,50,6,1.865407000327611,COMPLETE
645,8694.053763448188,2025-07-31 22:46:24.439512,2025-07-31 22:54:24.003076,0 days 00:07:59.563564,20,18,44,6,1.626246036540127,COMPLETE
646,6874.956735572885,2025-07-31 22:46:24.440684,2025-07-31 22:48:14.207289,0 days 00:01:49.766605,19,18,50,6,1.648298278371851,COMPLETE
647,6874.956735572885,2025-07-31 22:46:24.447578,2025-07-31 22:52:13.536856,0 days 00:05:49.089278,19,18,50,18,1.6291579628529385,COMPLETE
648,6874.956735572885,2025-07-31 22:46:24.450995,2025-07-31 22:52:13.313998,0 days 00:05:48.863003,19,18,50,20,1.6314260796401747,COMPLETE
649,15148.358220596183,2025-07-31 22:46:24.452019,2025-07-31 22:49:56.751625,0 days 00:03:32.299606,19,11,50,17,1.6419605966980355,COMPLETE
650,6874.956735572885,2025-07-31 22:46:24.454855,2025-07-31 22:48:12.607287,0 days 00:01:48.152432,19,18,50,18,1.61460169287937,COMPLETE
651,6874.956735572885,2025-07-31 22:46:24.456315,2025-07-31 22:55:19.430499,0 days 00:08:54.974184,19,18,50,18,1.646200192146689,COMPLETE
652,6874.956735572885,2025-07-31 22:46:24.463548,2025-07-31 22:49:56.231283,0 days 00:03:31.767735,19,18,50,19,1.645085290038108,COMPLETE
653,6874.956735572885,2025-07-31 22:46:24.466667,2025-07-31 22:54:32.477030,0 days 00:08:08.010363,19,18,50,19,1.6358508291493632,COMPLETE
654,7804.187758078207,2025-07-31 22:46:24.470798,2025-07-31 22:52:10.393352,0 days 00:05:45.922554,19,20,50,19,1.8585025734916631,COMPLETE
655,6874.956735572885,2025-07-31 22:46:24.472451,2025-07-31 22:49:56.807643,0 days 00:03:32.335192,19,18,50,18,1.6081238673544513,COMPLETE
656,6874.956735572885,2025-07-31 22:46:24.479683,2025-07-31 22:55:20.836853,0 days 00:08:56.357170,19,18,50,6,1.6423575657876333,COMPLETE
657,6874.956735572885,2025-07-31 22:46:24.485893,2025-07-31 22:52:18.921689,0 days 00:05:54.435796,19,18,50,19,1.624942284610759,COMPLETE
658,7507.689413710351,2025-07-31 22:46:24.488064,2025-07-31 22:52:16.139810,0 days 00:05:51.651746,19,11,44,19,1.8637472538946225,COMPLETE
659,6874.956735572885,2025-07-31 22:46:24.491209,2025-07-31 22:49:58.898168,0 days 00:03:34.406959,19,18,50,6,1.632003589420609,COMPLETE
660,6874.956735572885,2025-07-31 22:46:24.499423,2025-07-31 22:52:18.036992,0 days 00:05:53.537569,19,18,50,19,1.6269322998887412,COMPLETE
661,6874.956735572885,2025-07-31 22:46:24.502823,2025-07-31 22:54:22.939077,0 days 00:07:58.436254,19,18,50,20,1.650892869226585,COMPLETE
662,6874.956735572885,2025-07-31 22:46:24.504823,2025-07-31 22:47:26.610214,0 days 00:01:02.105391,19,18,50,6,1.6510506538064047,COMPLETE
663,15574.99946945098,2025-07-31 22:46:24.507635,2025-07-31 22:52:15.483036,0 days 00:05:50.975401,19,18,44,20,1.6314926460697157,COMPLETE
664,6874.956735572885,2025-07-31 22:46:24.509398,2025-07-31 22:54:18.245158,0 days 00:07:53.735760,19,18,50,19,2.4815022462446437,COMPLETE
665,6874.956735572885,2025-07-31 22:46:24.511055,2025-07-31 22:54:23.623027,0 days 00:07:59.111972,19,18,50,19,1.6736923353200819,COMPLETE
666,15574.99946945098,2025-07-31 22:46:24.512895,2025-07-31 22:55:19.001334,0 days 00:08:54.488439,19,18,44,20,1.6798916611365642,COMPLETE
667,6874.956735572885,2025-07-31 22:46:24.514477,2025-07-31 22:54:23.616225,0 days 00:07:59.101748,19,18,50,17,1.6356001044178652,COMPLETE
668,7999.2413270653515,2025-07-31 22:46:24.526857,2025-07-31 22:48:12.866443,0 days 00:01:48.339586,19,18,49,19,1.6314355275786252,COMPLETE
669,6874.956735572885,2025-07-31 22:46:24.529235,2025-07-31 22:55:13.160580,0 days 00:08:48.631345,19,18,50,18,1.6663162878940165,COMPLETE
670,8257.45312887427,2025-07-31 22:46:24.530909,2025-07-31 22:52:27.232550,0 days 00:06:02.701641,19,18,49,6,1.6435617374754368,COMPLETE
671,6874.956735572885,2025-07-31 22:46:24.534131,2025-07-31 22:52:20.638583,0 days 00:05:56.104452,19,18,50,19,1.6437662455796143,COMPLETE
672,6874.956735572885,2025-07-31 22:46:24.535950,2025-07-31 22:50:02.923587,0 days 00:03:38.387637,19,18,50,18,1.5971999171155324,COMPLETE
673,6874.956735572885,2025-07-31 22:46:24.538809,2025-07-31 22:50:01.291834,0 days 00:03:36.753025,19,18,50,20,1.6549720248450246,COMPLETE
674,6874.956735572885,2025-07-31 22:46:24.543754,2025-07-31 22:54:34.961201,0 days 00:08:10.417447,19,18,50,17,1.8668831333533331,COMPLETE
675,6874.956735572885,2025-07-31 22:46:24.550650,2025-07-31 22:52:24.246830,0 days 00:05:59.696180,19,18,50,19,1.6357447933146307,COMPLETE
676,6874.956735572885,2025-07-31 22:46:24.555159,2025-07-31 22:50:03.360739,0 days 00:03:38.805580,19,18,50,20,1.69144929472177,COMPLETE
677,6874.956735572885,2025-07-31 22:46:24.563390,2025-07-31 22:54:30.155610,0 days 00:08:05.592220,19,18,50,5,1.6584639807200012,COMPLETE
678,6874.956735572885,2025-07-31 22:46:24.591659,2025-07-31 22:50:05.373507,0 days 00:03:40.781848,19,18,50,11,1.6410591969681774,COMPLETE
679,6874.956735572885,2025-07-31 22:46:24.598679,2025-07-31 22:50:00.209163,0 days 00:03:35.610484,19,18,50,20,1.6464155697611438,COMPLETE
680,6874.956735572885,2025-07-31 22:46:24.611332,2025-07-31 22:52:11.294872,0 days 00:05:46.683540,19,18,50,6,1.6213446090785921,COMPLETE
681,15574.99946945098,2025-07-31 22:46:24.619640,2025-07-31 22:48:13.336114,0 days 00:01:48.716474,19,18,44,19,1.6172773121144377,COMPLETE
682,6874.956735572885,2025-07-31 22:46:24.643683,2025-07-31 22:50:09.359037,0 days 00:03:44.715354,19,18,50,11,1.6653588136731765,COMPLETE
683,6874.956735572885,2025-07-31 22:46:24.650295,2025-07-31 22:50:09.733203,0 days 00:03:45.082908,19,18,50,19,1.6458180123226938,COMPLETE
684,6874.956735572885,2025-07-31 22:46:24.658574,2025-07-31 22:54:31.413593,0 days 00:08:06.755019,19,18,50,19,1.642595199005478,COMPLETE
685,6874.956735572885,2025-07-31 22:46:24.659825,2025-07-31 22:54:48.057686,0 days 00:08:23.397861,19,18,50,19,1.62417585482421,COMPLETE
686,6874.956735572885,2025-07-31 22:46:24.660646,2025-07-31 22:50:11.363709,0 days 00:03:46.703063,19,18,50,6,1.6149020276360038,COMPLETE
687,6874.956735572885,2025-07-31 22:46:24.674096,2025-07-31 22:54:26.059551,0 days 00:08:01.385455,19,18,50,19,1.620620018599299,COMPLETE
688,9355.206314217303,2025-07-31 22:46:24.680576,2025-07-31 22:52:16.671472,0 days 00:05:51.990896,19,20,50,6,1.6506275364800305,COMPLETE
689,6874.956735572885,2025-07-31 22:46:24.700840,2025-07-31 22:54:38.841287,0 days 00:08:14.140447,19,18,50,17,1.6542719843185958,COMPLETE
690,9355.206314217303,2025-07-31 22:46:24.702895,2025-07-31 22:52:31.732810,0 days 00:06:07.029915,19,20,50,17,1.6596763386306366,COMPLETE
691,15574.99946945098,2025-07-31 22:46:24.725924,2025-07-31 22:52:28.644095,0 days 00:06:03.918171,19,18,44,5,1.6296457125802388,COMPLETE
692,6874.956735572885,2025-07-31 22:46:24.727553,2025-07-31 22:52:21.833953,0 days 00:05:57.106400,19,18,50,6,1.6185923154984099,COMPLETE
693,6874.956735572885,2025-07-31 22:46:24.734630,2025-07-31 22:50:10.576709,0 days 00:03:45.842079,19,18,50,18,1.8694441158971078,COMPLETE
694,16177.267841715198,2025-07-31 22:46:24.748614,2025-07-31 22:52:28.306610,0 days 00:06:03.557996,19,18,44,19,1.8682211571322904,COMPLETE
695,8770.146119757197,2025-07-31 22:46:24.768063,2025-07-31 22:55:18.278611,0 days 00:08:53.510548,20,18,50,5,1.6771287853555674,COMPLETE
696,6874.956735572885,2025-07-31 22:46:24.776721,2025-07-31 22:52:31.819083,0 days 00:06:07.042362,19,18,50,6,1.6158656211166005,COMPLETE
697,6874.956735572885,2025-07-31 22:46:24.791026,2025-07-31 22:52:30.057069,0 days 00:06:05.266043,19,18,50,19,1.636352812550585,COMPLETE
698,6874.956735572885,2025-07-31 22:46:24.823783,2025-07-31 22:50:13.221069,0 days 00:03:48.397286,19,18,50,6,1.6648365763825488,COMPLETE
699,16197.254773029477,2025-07-31 22:46:24.858110,2025-07-31 22:52:30.312236,0 days 00:06:05.454126,19,11,50,18,1.6672344064030404,COMPLETE
700,6874.956735572885,2025-07-31 22:46:24.889534,2025-07-31 22:50:07.719610,0 days 00:03:42.830076,19,18,50,18,1.6261352527276898,COMPLETE
701,16177.267841715198,2025-07-31 22:46:24.891523,2025-07-31 22:50:11.846247,0 days 00:03:46.954724,19,18,44,19,1.8498135774429576,COMPLETE
702,6874.956735572885,2025-07-31 22:46:24.893485,2025-07-31 22:54:26.882891,0 days 00:08:01.989406,19,18,50,18,1.6415856261548265,COMPLETE
703,6874.956735572885,2025-07-31 22:46:24.900523,2025-07-31 22:52:29.039996,0 days 00:06:04.139473,19,18,50,7,1.6601136833095012,COMPLETE
704,6874.956735572885,2025-07-31 22:46:24.908507,2025-07-31 22:50:15.757169,0 days 00:03:50.848662,19,18,50,20,1.6279324376478232,COMPLETE
705,7507.689413710351,2025-07-31 22:46:24.933759,2025-07-31 22:50:09.975040,0 days 00:03:45.041281,19,11,44,20,1.6480183853593529,COMPLETE
706,6874.956735572885,2025-07-31 22:46:24.936795,2025-07-31 22:54:32.524651,0 days 00:08:07.587856,19,18,50,20,1.8695052210413647,COMPLETE
707,6874.956735572885,2025-07-31 22:46:24.949862,2025-07-31 22:54:48.762575,0 days 00:08:23.812713,19,18,50,20,1.8767975398079844,COMPLETE
708,6874.956735572885,2025-07-31 22:46:24.956355,2025-07-31 22:52:37.147274,0 days 00:06:12.190919,19,18,50,20,1.6281994787390484,COMPLETE
709,6874.956735572885,2025-07-31 22:46:24.961290,2025-07-31 22:55:23.130432,0 days 00:08:58.169142,19,18,50,19,1.866247234561191,COMPLETE
710,6874.956735572885,2025-07-31 22:46:24.973591,2025-07-31 22:52:29.915800,0 days 00:06:04.942209,19,18,50,6,1.6457817241692159,COMPLETE
711,6874.956735572885,2025-07-31 22:46:24.975735,2025-07-31 22:54:35.089469,0 days 00:08:10.113734,19,18,50,6,1.6114913136861666,COMPLETE
712,6874.956735572885,2025-07-31 22:46:25.011869,2025-07-31 22:52:31.079768,0 days 00:06:06.067899,19,18,50,19,1.648244113602479,COMPLETE
713,6874.956735572885,2025-07-31 22:46:25.030798,2025-07-31 22:52:29.064029,0 days 00:06:04.033231,19,18,50,19,1.6241302133847286,COMPLETE
714,6874.956735572885,2025-07-31 22:46:25.065817,2025-07-31 22:52:28.944760,0 days 00:06:03.878943,19,18,50,20,1.6382010573176875,COMPLETE
715,6874.956735572885,2025-07-31 22:46:25.077952,2025-07-31 22:52:33.717980,0 days 00:06:08.640028,19,18,50,17,1.635823499810189,COMPLETE
716,15574.99946945098,2025-07-31 22:46:25.085410,2025-07-31 22:50:09.440424,0 days 00:03:44.355014,19,18,44,18,1.6431723563399592,COMPLETE
717,15574.99946945098,2025-07-31 22:46:25.102687,2025-07-31 22:50:14.501320,0 days 00:03:49.398633,19,18,44,18,1.6204327761575184,COMPLETE
718,6874.956735572885,2025-07-31 22:46:25.115495,2025-07-31 22:52:31.123032,0 days 00:06:06.007537,19,18,50,20,1.6517972427362286,COMPLETE
719,16197.254773029477,2025-07-31 22:46:25.131463,2025-07-31 22:52:35.334402,0 days 00:06:10.202939,19,11,50,19,1.6794606783894535,COMPLETE
720,6874.956735572885,2025-07-31 22:46:25.150916,2025-07-31 22:54:31.829280,0 days 00:08:06.678364,19,18,50,18,1.6410700188227463,COMPLETE
721,6874.956735572885,2025-07-31 22:46:25.173137,2025-07-31 22:55:23.416936,0 days 00:08:58.243799,19,18,50,19,1.6784603478997249,COMPLETE
722,10740.053809325127,2025-07-31 22:46:25.185434,2025-07-31 22:48:18.264512,0 days 00:01:53.079078,19,20,44,19,1.6608992520677412,COMPLETE
723,6874.956735572885,2025-07-31 22:46:25.193529,2025-07-31 22:55:20.555728,0 days 00:08:55.362199,19,18,50,19,1.6905146090870529,COMPLETE
724,8770.146119757197,2025-07-31 22:46:25.195398,2025-07-31 22:52:32.544988,0 days 00:06:07.349590,20,18,50,11,1.6148384866032963,COMPLETE
725,15574.99946945098,2025-07-31 22:46:25.212270,2025-07-31 22:50:24.124358,0 days 00:03:58.912088,19,18,44,6,1.647749226975186,COMPLETE
726,9060.666199210753,2025-07-31 22:46:25.252227,2025-07-31 22:52:37.705978,0 days 00:06:12.453751,20,18,44,7,1.6467441632540714,COMPLETE
727,6874.956735572885,2025-07-31 22:46:25.273032,2025-07-31 22:54:37.725201,0 days 00:08:12.452169,19,18,50,19,1.6223367939178217,COMPLETE
728,15574.99946945098,2025-07-31 22:46:25.279649,2025-07-31 22:50:16.340556,0 days 00:03:51.060907,19,18,44,20,1.6604770026049926,COMPLETE
729,6874.956735572885,2025-07-31 22:46:25.283020,2025-07-31 22:54:37.425989,0 days 00:08:12.142969,19,18,50,19,1.8792527904541296,COMPLETE
730,7507.689413710351,2025-07-31 22:46:25.284773,2025-07-31 22:54:36.166339,0 days 00:08:10.881566,19,11,44,18,1.644397224960973,COMPLETE
731,6874.956735572885,2025-07-31 22:46:25.287824,2025-07-31 22:50:21.016242,0 days 00:03:55.728418,19,18,50,6,1.6457419510605518,COMPLETE
732,15674.610430250106,2025-07-31 22:46:25.288841,2025-07-31 22:52:37.181638,0 days 00:06:11.892797,19,18,44,5,1.8650687732977371,COMPLETE
733,6874.956735572885,2025-07-31 22:46:25.292044,2025-07-31 22:50:18.461585,0 days 00:03:53.169541,19,18,50,20,1.6525966078688274,COMPLETE
734,6874.956735572885,2025-07-31 22:46:25.293425,2025-07-31 22:50:21.515988,0 days 00:03:56.222563,19,18,50,19,1.6431662482637885,COMPLETE
735,6874.956735572885,2025-07-31 22:46:25.294312,2025-07-31 22:52:40.676398,0 days 00:06:15.382086,19,18,50,18,1.6273386197276436,COMPLETE
736,6874.956735572885,2025-07-31 22:46:25.295255,2025-07-31 22:54:28.805774,0 days 00:08:03.510519,19,18,50,19,1.6446007482339,COMPLETE
737,16177.267841715198,2025-07-31 22:46:25.307263,2025-07-31 22:55:17.097482,0 days 00:08:51.790219,19,18,44,18,1.84530829598288,COMPLETE
738,6874.956735572885,2025-07-31 22:46:25.308637,2025-07-31 22:54:51.366867,0 days 00:08:26.058230,19,18,50,19,1.6345105263911415,COMPLETE
739,6874.956735572885,2025-07-31 22:46:25.314384,2025-07-31 22:50:19.117837,0 days 00:03:53.803453,19,18,50,20,1.6439054976775145,COMPLETE
740,15574.99946945098,2025-07-31 22:46:25.315998,2025-07-31 22:54:39.683757,0 days 00:08:14.367759,19,18,44,7,1.6103692919776416,COMPLETE
741,15574.99946945098,2025-07-31 22:46:25.317146,2025-07-31 22:55:22.726552,0 days 00:08:57.409406,19,18,44,18,1.6697305826084774,COMPLETE
742,6874.956735572885,2025-07-31 22:46:25.318505,2025-07-31 22:48:29.313805,0 days 00:02:03.995300,19,18,50,18,1.8638715492646916,COMPLETE
743,16197.254773029477,2025-07-31 22:46:25.321551,2025-07-31 22:52:40.035107,0 days 00:06:14.713556,19,11,50,19,1.6519292274025952,COMPLETE
744,7298.8149823419435,2025-07-31 22:46:25.322597,2025-07-31 22:50:24.537987,0 days 00:03:59.215390,20,18,50,19,1.6306739851603975,COMPLETE
745,15574.99946945098,2025-07-31 22:46:25.326670,2025-07-31 22:52:36.653620,0 days 00:06:11.326950,19,18,44,17,1.6315852914984101,COMPLETE
746,15574.99946945098,2025-07-31 22:46:25.328033,2025-07-31 22:50:27.409323,0 days 00:04:02.081290,19,18,44,19,1.6065009311686298,COMPLETE
747,15574.99946945098,2025-07-31 22:46:25.330495,2025-07-31 22:54:43.984516,0 days 00:08:18.654021,19,18,44,18,1.6353082308792604,COMPLETE
748,7298.8149823419435,2025-07-31 22:46:25.331862,2025-07-31 22:50:19.476099,0 days 00:03:54.144237,20,18,50,19,1.8659820799974969,COMPLETE
749,6874.956735572885,2025-07-31 22:46:25.342365,2025-07-31 22:52:41.598948,0 days 00:06:16.256583,19,18,50,19,1.6415010826045544,COMPLETE
750,6874.956735572885,2025-07-31 22:46:25.344664,2025-07-31 22:54:39.969329,0 days 00:08:14.624665,19,18,50,5,1.6158911216694345,COMPLETE
751,6874.956735572885,2025-07-31 22:46:25.352143,2025-07-31 22:50:27.385936,0 days 00:04:02.033793,19,18,50,19,1.642001199967198,COMPLETE
752,8770.146119757197,2025-07-31 22:46:25.355581,2025-07-31 22:48:26.051785,0 days 00:02:00.696204,20,18,50,5,1.6640836441974063,COMPLETE
753,6874.956735572885,2025-07-31 22:46:25.367209,2025-07-31 22:54:35.230636,0 days 00:08:09.863427,19,18,50,19,1.6619740262513294,COMPLETE
754,6874.956735572885,2025-07-31 22:46:25.368322,2025-07-31 22:52:35.122568,0 days 00:06:09.754246,19,18,50,19,1.6595098287070287,COMPLETE
755,7298.8149823419435,2025-07-31 22:46:25.374525,2025-07-31 22:52:35.989685,0 days 00:06:10.615160,20,18,50,19,1.6679111344973616,COMPLETE
756,6874.956735572885,2025-07-31 22:46:25.377046,2025-07-31 22:50:27.039958,0 days 00:04:01.662912,19,18,50,19,1.6275121384590314,COMPLETE
757,6874.956735572885,2025-07-31 22:46:25.378588,2025-07-31 22:52:36.840112,0 days 00:06:11.461524,19,18,50,19,1.6028976210653822,COMPLETE
758,6874.956735572885,2025-07-31 22:46:25.379893,2025-07-31 22:54:50.600098,0 days 00:08:25.220205,19,18,50,20,1.6352603872387341,COMPLETE
759,6874.956735572885,2025-07-31 22:46:25.382071,2025-07-31 22:52:45.289688,0 days 00:06:19.907617,19,18,50,6,1.667557034015215,COMPLETE
760,15574.99946945098,2025-07-31 22:46:25.383836,2025-07-31 22:54:54.953217,0 days 00:08:29.569381,19,18,44,5,1.649787606004622,COMPLETE
761,15574.99946945098,2025-07-31 22:46:25.389202,2025-07-31 22:52:37.633446,0 days 00:06:12.244244,19,18,44,6,1.6439214169012082,COMPLETE
762,6874.956735572885,2025-07-31 22:46:25.391857,2025-07-31 22:54:49.538243,0 days 00:08:24.146386,19,18,50,19,1.631246362816536,COMPLETE
763,6874.956735572885,2025-07-31 22:46:25.393078,2025-07-31 22:52:37.491540,0 days 00:06:12.098462,19,18,50,6,1.6169680602922372,COMPLETE
764,8694.053763448188,2025-07-31 22:46:25.395982,2025-07-31 22:48:29.316452,0 days 00:02:03.920470,20,18,44,18,1.6625389553381265,COMPLETE
765,6874.956735572885,2025-07-31 22:46:25.399050,2025-07-31 22:50:33.389780,0 days 00:04:07.990730,19,18,50,18,1.6439516780955439,COMPLETE
766,6874.956735572885,2025-07-31 22:46:25.403995,2025-07-31 22:52:45.714929,0 days 00:06:20.310934,19,18,50,19,1.6377915003162562,COMPLETE
767,15574.99946945098,2025-07-31 22:46:25.408393,2025-07-31 22:48:33.855009,0 days 00:02:08.446616,19,18,44,18,1.6394416748846112,COMPLETE
768,6627.947209885662,2025-07-31 22:46:25.411803,2025-07-31 22:50:32.514825,0 days 00:04:07.103022,19,18,50,5,1.8665885432172213,COMPLETE
769,6874.956735572885,2025-07-31 22:46:25.419693,2025-07-31 22:55:20.029923,0 days 00:08:54.610230,19,18,50,18,1.6673472859725444,COMPLETE
770,6874.956735572885,2025-07-31 22:46:25.422334,2025-07-31 22:54:48.831596,0 days 00:08:23.409262,19,18,50,19,1.645538138158541,COMPLETE
771,6874.956735572885,2025-07-31 22:46:25.424117,2025-07-31 22:54:57.352972,0 days 00:08:31.928855,19,18,50,20,1.6661444284727924,COMPLETE
772,6874.956735572885,2025-07-31 22:46:25.428351,2025-07-31 22:52:42.045012,0 days 00:06:16.616661,19,18,50,18,1.6434767253993197,COMPLETE
773,6874.956735572885,2025-07-31 22:46:25.431211,2025-07-31 22:55:20.641240,0 days 00:08:55.210029,19,18,50,19,1.657551204662203,COMPLETE
774,15574.99946945098,2025-07-31 22:46:25.435257,2025-07-31 22:54:46.477804,0 days 00:08:21.042547,19,18,44,19,1.6523467393922906,COMPLETE
775,6874.956735572885,2025-07-31 22:46:25.436579,2025-07-31 22:52:44.648072,0 days 00:06:19.211493,19,18,50,6,1.6714853651683295,COMPLETE
776,16197.254773029477,2025-07-31 22:46:25.438419,2025-07-31 22:50:36.141740,0 days 00:04:10.703321,19,11,50,19,1.661884506570529,COMPLETE
777,6874.956735572885,2025-07-31 22:46:25.449055,2025-07-31 22:48:30.426418,0 days 00:02:04.977363,19,18,50,19,1.85214614645665,COMPLETE
778,8694.053763448188,2025-07-31 22:46:25.452940,2025-07-31 22:52:49.382431,0 days 00:06:23.929491,20,18,44,20,1.6211092365637314,COMPLETE
779,6874.956735572885,2025-07-31 22:46:25.457513,2025-07-31 22:52:47.898384,0 days 00:06:22.440871,19,18,50,19,1.5968409383732867,COMPLETE
780,16177.267841715198,2025-07-31 22:46:25.461133,2025-07-31 22:48:37.640685,0 days 00:02:12.179552,19,18,44,19,1.874255585798018,COMPLETE
781,6874.956735572885,2025-07-31 22:46:25.465706,2025-07-31 22:54:57.325366,0 days 00:08:31.859660,19,18,50,19,1.869519856634347,COMPLETE
782,15574.99946945098,2025-07-31 22:46:25.466754,2025-07-31 22:50:32.625861,0 days 00:04:07.159107,19,18,44,19,1.6098554234798332,COMPLETE
783,6874.956735572885,2025-07-31 22:46:25.468372,2025-07-31 22:52:50.107707,0 days 00:06:24.639335,19,18,50,19,1.6510859041925476,COMPLETE
784,6874.956735572885,2025-07-31 22:46:25.469953,2025-07-31 22:50:35.321273,0 days 00:04:09.851320,19,18,50,18,1.631586752721466,COMPLETE
785,6874.956735572885,2025-07-31 22:46:25.471233,2025-07-31 22:54:54.649979,0 days 00:08:29.178746,19,18,50,19,1.8424573397223896,COMPLETE
786,6874.956735572885,2025-07-31 22:46:25.474360,2025-07-31 22:55:21.582242,0 days 00:08:56.107882,19,18,50,19,1.6191071541643913,COMPLETE
787,6874.956735572885,2025-07-31 22:46:25.479071,2025-07-31 22:55:23.372471,0 days 00:08:57.893400,19,18,50,19,1.5951857165334393,COMPLETE
788,6874.956735572885,2025-07-31 22:46:25.480434,2025-07-31 22:54:51.389312,0 days 00:08:25.908878,19,18,50,19,1.683671645970426,COMPLETE
789,15574.99946945098,2025-07-31 22:46:25.481631,2025-07-31 22:54:49.784860,0 days 00:08:24.303229,19,18,44,6,1.6402731864682918,COMPLETE
790,15574.99946945098,2025-07-31 22:46:25.484287,2025-07-31 22:50:36.754060,0 days 00:04:11.269773,19,18,44,18,1.6444451729641334,COMPLETE
