number,value,datetime_start,datetime_complete,duration,params_macd_fast,params_macd_signal,params_macd_slow,state
0,-inf,2025-08-07 13:27:47.839174,2025-08-07 13:27:47.840106,0 days 00:00:00.000932,15,17,15,COMPLETE
1,4807.492413861281,2025-08-07 13:27:47.842420,2025-08-07 13:27:48.893975,0 days 00:00:01.051555,11,7,22,COMPLETE
2,4403.410067953016,2025-08-07 13:27:47.844383,2025-08-07 13:27:48.863891,0 days 00:00:01.019508,16,8,43,COMPLETE
3,1223.294982931662,2025-08-07 13:27:47.846396,2025-08-07 13:27:49.801240,0 days 00:00:01.954844,15,17,39,COMPLETE
4,1121.1450813810013,2025-08-07 13:27:47.848736,2025-08-07 13:27:50.411058,0 days 00:00:02.562322,6,13,22,COMPLETE
5,7207.2146819967065,2025-08-07 13:27:47.850599,2025-08-07 13:27:50.891669,0 days 00:00:03.041070,18,14,46,COMPLETE
6,2847.761664797586,2025-08-07 13:27:47.853884,2025-08-07 13:27:51.430988,0 days 00:00:03.577104,13,11,31,COMPLETE
7,-inf,2025-08-07 13:27:47.855133,2025-08-07 13:27:48.100872,0 days 00:00:00.245739,17,15,17,COMPLETE
8,4244.4395357677595,2025-08-07 13:27:47.862657,2025-08-07 13:27:53.300133,0 days 00:00:05.437476,14,18,49,COMPLETE
9,4418.428088179114,2025-08-07 13:27:47.865391,2025-08-07 13:27:53.875427,0 days 00:00:06.010036,9,13,34,COMPLETE
10,21811.58683618627,2025-08-07 13:27:47.867053,2025-08-07 13:27:52.948936,0 days 00:00:05.081883,7,11,15,COMPLETE
11,893.932422935719,2025-08-07 13:27:47.869206,2025-08-07 13:27:51.722261,0 days 00:00:03.853055,7,17,31,COMPLETE
12,1422.6187312689008,2025-08-07 13:27:47.870657,2025-08-07 13:27:51.773981,0 days 00:00:03.903324,15,9,30,COMPLETE
13,11664.17940391435,2025-08-07 13:27:47.872124,2025-08-07 13:27:53.549122,0 days 00:00:05.676998,12,5,29,COMPLETE
14,3057.955825869417,2025-08-07 13:27:47.876037,2025-08-07 13:27:55.183460,0 days 00:00:07.307423,5,12,50,COMPLETE
15,2994.4178545462605,2025-08-07 13:27:47.880907,2025-08-07 13:27:54.516223,0 days 00:00:06.635316,16,6,40,COMPLETE
16,4608.058419051112,2025-08-07 13:27:47.882703,2025-08-07 13:27:53.811152,0 days 00:00:05.928449,17,18,37,COMPLETE
17,5522.352134023307,2025-08-07 13:27:47.884233,2025-08-07 13:27:54.949380,0 days 00:00:07.065147,11,11,33,COMPLETE
18,4477.006020980066,2025-08-07 13:27:47.887287,2025-08-07 13:27:55.167544,0 days 00:00:07.280257,9,18,24,COMPLETE
19,1940.202446803632,2025-08-07 13:27:47.891486,2025-08-07 13:27:55.444004,0 days 00:00:07.552518,11,10,16,COMPLETE
20,1511.2791903141233,2025-08-07 13:27:47.906039,2025-08-07 13:27:55.718905,0 days 00:00:07.812866,9,12,37,COMPLETE
21,835.4075445139283,2025-08-07 13:27:48.550565,2025-08-07 13:27:56.343528,0 days 00:00:07.792963,10,20,45,COMPLETE
22,2630.170192141942,2025-08-07 13:27:49.500487,2025-08-07 13:27:55.618281,0 days 00:00:06.117794,9,19,37,COMPLETE
23,2082.341020048908,2025-08-07 13:27:49.512589,2025-08-07 13:27:56.241118,0 days 00:00:06.728529,5,13,47,COMPLETE
24,11205.241479360733,2025-08-07 13:27:49.802313,2025-08-07 13:27:56.470078,0 days 00:00:06.667765,8,5,35,COMPLETE
25,4213.666446687727,2025-08-07 13:27:50.826135,2025-08-07 13:27:56.228747,0 days 00:00:05.402612,14,13,33,COMPLETE
26,25502.774979989088,2025-08-07 13:27:51.253118,2025-08-07 13:27:55.729955,0 days 00:00:04.476837,5,11,16,COMPLETE
27,4598.225171575605,2025-08-07 13:27:51.532686,2025-08-07 13:27:56.578754,0 days 00:00:05.046068,10,12,30,COMPLETE
28,792.8591062652758,2025-08-07 13:27:51.785012,2025-08-07 13:27:56.872633,0 days 00:00:05.087621,19,19,50,COMPLETE
29,11278.411264527635,2025-08-07 13:27:51.960067,2025-08-07 13:27:56.779048,0 days 00:00:04.818981,20,5,50,COMPLETE
30,5432.774382071372,2025-08-07 13:27:53.416259,2025-08-07 13:27:57.686128,0 days 00:00:04.269869,20,5,40,COMPLETE
31,4155.005641126433,2025-08-07 13:27:53.515030,2025-08-07 13:27:57.525044,0 days 00:00:04.010014,19,12,49,COMPLETE
32,12384.805241652897,2025-08-07 13:27:53.953972,2025-08-07 13:28:02.167945,0 days 00:00:08.213973,10,5,25,COMPLETE
33,12384.805241652897,2025-08-07 13:27:54.506412,2025-08-07 13:27:59.644024,0 days 00:00:05.137612,10,5,25,COMPLETE
34,1134.791525156893,2025-08-07 13:27:55.368188,2025-08-07 13:28:00.104330,0 days 00:00:04.736142,20,5,27,COMPLETE
35,5028.009947193663,2025-08-07 13:27:55.467793,2025-08-07 13:27:59.314298,0 days 00:00:03.846505,20,5,26,COMPLETE
36,3737.0048119873436,2025-08-07 13:27:55.666772,2025-08-07 13:28:00.861997,0 days 00:00:05.195225,20,15,26,COMPLETE
37,17746.37209215301,2025-08-07 13:27:55.741286,2025-08-07 13:28:02.276085,0 days 00:00:06.534799,7,5,26,COMPLETE
38,9519.077756657374,2025-08-07 13:27:55.921427,2025-08-07 13:28:01.529322,0 days 00:00:05.607895,7,5,27,COMPLETE
39,-inf,2025-08-07 13:27:56.098536,2025-08-07 13:27:57.690100,0 days 00:00:01.591564,20,5,19,COMPLETE
40,5028.009947193663,2025-08-07 13:27:56.160451,2025-08-07 13:28:02.286046,0 days 00:00:06.125595,20,5,26,COMPLETE
41,17746.37209215301,2025-08-07 13:27:56.325238,2025-08-07 13:28:03.508702,0 days 00:00:07.183464,7,5,26,COMPLETE
42,23004.649629553453,2025-08-07 13:27:56.412571,2025-08-07 13:28:02.409117,0 days 00:00:05.996546,6,6,19,COMPLETE
43,-inf,2025-08-07 13:27:56.684015,2025-08-07 13:27:57.689472,0 days 00:00:01.005457,20,9,19,COMPLETE
44,8382.794703258296,2025-08-07 13:27:56.711924,2025-08-07 13:28:02.826833,0 days 00:00:06.114909,7,9,26,COMPLETE
45,25509.88932515791,2025-08-07 13:27:56.771750,2025-08-07 13:28:04.129274,0 days 00:00:07.357524,7,9,19,COMPLETE
46,13300.491985999988,2025-08-07 13:27:56.802248,2025-08-07 13:28:04.116222,0 days 00:00:07.313974,7,9,18,COMPLETE
47,13165.022801590745,2025-08-07 13:27:56.814254,2025-08-07 13:28:01.545344,0 days 00:00:04.731090,7,8,19,COMPLETE
48,10357.83953244801,2025-08-07 13:27:56.878431,2025-08-07 13:28:02.287637,0 days 00:00:05.409206,6,9,19,COMPLETE
49,25509.88932515791,2025-08-07 13:27:56.907048,2025-08-07 13:28:03.169610,0 days 00:00:06.262562,7,9,19,COMPLETE
50,13994.257015450488,2025-08-07 13:27:57.663213,2025-08-07 13:28:03.442623,0 days 00:00:05.779410,6,5,19,COMPLETE
51,6501.841098823121,2025-08-07 13:27:57.694538,2025-08-07 13:28:04.068336,0 days 00:00:06.373798,7,7,27,COMPLETE
52,10284.254362205196,2025-08-07 13:27:57.706303,2025-08-07 13:28:04.185046,0 days 00:00:06.478743,7,7,26,COMPLETE
53,9728.991477292517,2025-08-07 13:27:57.707314,2025-08-07 13:28:04.058860,0 days 00:00:06.351546,7,7,28,COMPLETE
54,6501.841098823121,2025-08-07 13:27:59.642753,2025-08-07 13:28:05.127394,0 days 00:00:05.484641,7,7,27,COMPLETE
55,6501.841098823121,2025-08-07 13:27:59.874349,2025-08-07 13:28:05.925567,0 days 00:00:06.051218,7,7,27,COMPLETE
56,24041.194003420936,2025-08-07 13:28:00.658639,2025-08-07 13:28:05.817033,0 days 00:00:05.158394,7,7,15,COMPLETE
57,12302.71687168438,2025-08-07 13:28:01.064777,2025-08-07 13:28:06.073792,0 days 00:00:05.009015,7,7,21,COMPLETE
58,18770.96521618342,2025-08-07 13:28:01.841209,2025-08-07 13:28:06.964475,0 days 00:00:05.123266,6,7,20,COMPLETE
59,24492.646614377598,2025-08-07 13:28:02.029346,2025-08-07 13:28:06.074633,0 days 00:00:04.045287,6,7,15,COMPLETE
60,24041.194003420936,2025-08-07 13:28:02.308378,2025-08-07 13:28:09.876908,0 days 00:00:07.568530,7,7,15,COMPLETE
61,24041.194003420936,2025-08-07 13:28:02.361890,2025-08-07 13:28:07.456469,0 days 00:00:05.094579,7,7,15,COMPLETE
62,24492.646614377598,2025-08-07 13:28:02.553363,2025-08-07 13:28:07.979683,0 days 00:00:05.426320,6,7,15,COMPLETE
63,24492.646614377598,2025-08-07 13:28:02.576338,2025-08-07 13:28:07.400487,0 days 00:00:04.824149,6,7,15,COMPLETE
64,24492.646614377598,2025-08-07 13:28:02.671762,2025-08-07 13:28:09.143972,0 days 00:00:06.472210,6,7,15,COMPLETE
65,24492.646614377598,2025-08-07 13:28:02.965287,2025-08-07 13:28:08.556249,0 days 00:00:05.590962,6,7,15,COMPLETE
66,25159.970529389455,2025-08-07 13:28:03.175913,2025-08-07 13:28:08.438148,0 days 00:00:05.262235,6,8,15,COMPLETE
67,25969.07469817813,2025-08-07 13:28:03.589200,2025-08-07 13:28:09.874653,0 days 00:00:06.285453,5,7,15,COMPLETE
68,25969.07469817813,2025-08-07 13:28:03.659438,2025-08-07 13:28:10.794442,0 days 00:00:07.135004,5,7,15,COMPLETE
69,14226.563643514222,2025-08-07 13:28:04.283350,2025-08-07 13:28:10.715549,0 days 00:00:06.432199,8,7,22,COMPLETE
70,36003.50349735412,2025-08-07 13:28:04.018993,2025-08-07 13:28:10.373140,0 days 00:00:06.354147,5,10,15,COMPLETE
71,36003.50349735412,2025-08-07 13:28:04.070233,2025-08-07 13:28:10.936456,0 days 00:00:06.866223,5,10,15,COMPLETE
72,36003.50349735412,2025-08-07 13:28:04.209294,2025-08-07 13:28:09.769098,0 days 00:00:05.559804,5,10,15,COMPLETE
73,36003.50349735412,2025-08-07 13:28:04.322198,2025-08-07 13:28:12.158499,0 days 00:00:07.836301,5,10,15,COMPLETE
74,38879.516313536886,2025-08-07 13:28:05.375769,2025-08-07 13:28:11.685705,0 days 00:00:06.309936,5,11,15,COMPLETE
75,36003.50349735412,2025-08-07 13:28:05.918593,2025-08-07 13:28:12.611326,0 days 00:00:06.692733,5,10,15,COMPLETE
76,13332.446867112954,2025-08-07 13:28:05.963444,2025-08-07 13:28:12.893235,0 days 00:00:06.929791,5,10,22,COMPLETE
77,33627.49338664723,2025-08-07 13:28:06.263701,2025-08-07 13:28:12.514081,0 days 00:00:06.250380,5,8,15,COMPLETE
78,33627.49338664723,2025-08-07 13:28:06.405120,2025-08-07 13:28:12.965618,0 days 00:00:06.560498,5,8,15,COMPLETE
79,36003.50349735412,2025-08-07 13:28:07.186205,2025-08-07 13:28:13.966341,0 days 00:00:06.780136,5,10,15,COMPLETE
80,33627.49338664723,2025-08-07 13:28:07.531210,2025-08-07 13:28:14.449443,0 days 00:00:06.918233,5,8,15,COMPLETE
81,33627.49338664723,2025-08-07 13:28:07.660832,2025-08-07 13:28:13.009163,0 days 00:00:05.348331,5,8,15,COMPLETE
82,28404.709786856954,2025-08-07 13:28:08.078141,2025-08-07 13:28:14.452257,0 days 00:00:06.374116,5,10,17,COMPLETE
83,28404.709786856954,2025-08-07 13:28:08.556809,2025-08-07 13:28:14.821925,0 days 00:00:06.265116,5,10,17,COMPLETE
84,28404.709786856954,2025-08-07 13:28:08.720104,2025-08-07 13:28:15.225707,0 days 00:00:06.505603,5,10,17,COMPLETE
85,28404.709786856954,2025-08-07 13:28:09.250444,2025-08-07 13:28:16.070520,0 days 00:00:06.820076,5,10,17,COMPLETE
86,28404.709786856954,2025-08-07 13:28:09.877324,2025-08-07 13:28:16.078451,0 days 00:00:06.201127,5,10,17,COMPLETE
87,28404.709786856954,2025-08-07 13:28:10.167996,2025-08-07 13:28:16.848056,0 days 00:00:06.680060,5,10,17,COMPLETE
88,28404.709786856954,2025-08-07 13:28:10.227900,2025-08-07 13:28:16.712506,0 days 00:00:06.484606,5,10,17,COMPLETE
89,28404.709786856954,2025-08-07 13:28:10.858333,2025-08-07 13:28:16.620762,0 days 00:00:05.762429,5,10,17,COMPLETE
90,28404.709786856954,2025-08-07 13:28:11.204418,2025-08-07 13:28:18.283459,0 days 00:00:07.079041,5,10,17,COMPLETE
91,28404.709786856954,2025-08-07 13:28:11.353373,2025-08-07 13:28:17.943963,0 days 00:00:06.590590,5,10,17,COMPLETE
92,28404.709786856954,2025-08-07 13:28:11.559780,2025-08-07 13:28:18.148838,0 days 00:00:06.589058,5,10,17,COMPLETE
93,28404.709786856954,2025-08-07 13:28:12.088868,2025-08-07 13:28:18.734506,0 days 00:00:06.645638,5,10,17,COMPLETE
94,28404.709786856954,2025-08-07 13:28:12.381188,2025-08-07 13:28:18.641400,0 days 00:00:06.260212,5,10,17,COMPLETE
95,28404.709786856954,2025-08-07 13:28:12.651393,2025-08-07 13:28:19.015888,0 days 00:00:06.364495,5,10,17,COMPLETE
96,28404.709786856954,2025-08-07 13:28:12.657667,2025-08-07 13:28:18.941012,0 days 00:00:06.283345,5,10,17,COMPLETE
97,28404.709786856954,2025-08-07 13:28:13.258181,2025-08-07 13:28:20.339674,0 days 00:00:07.081493,5,10,17,COMPLETE
98,28404.709786856954,2025-08-07 13:28:13.298399,2025-08-07 13:28:20.632688,0 days 00:00:07.334289,5,10,17,COMPLETE
99,28404.709786856954,2025-08-07 13:28:13.396754,2025-08-07 13:28:20.560208,0 days 00:00:07.163454,5,10,17,COMPLETE
100,28404.709786856954,2025-08-07 13:28:14.403281,2025-08-07 13:28:21.369219,0 days 00:00:06.965938,5,10,17,COMPLETE
101,21527.601448824724,2025-08-07 13:28:14.750690,2025-08-07 13:28:22.085729,0 days 00:00:07.335039,5,11,17,COMPLETE
102,8874.651874261303,2025-08-07 13:28:15.145609,2025-08-07 13:28:21.333075,0 days 00:00:06.187466,8,11,17,COMPLETE
103,8874.651874261303,2025-08-07 13:28:15.192434,2025-08-07 13:28:23.561177,0 days 00:00:08.368743,8,11,17,COMPLETE
104,8874.651874261303,2025-08-07 13:28:15.694640,2025-08-07 13:28:20.998633,0 days 00:00:05.303993,8,11,17,COMPLETE
105,27051.995868587193,2025-08-07 13:28:16.227382,2025-08-07 13:28:22.103396,0 days 00:00:05.876014,8,11,16,COMPLETE
106,27051.995868587193,2025-08-07 13:28:16.881202,2025-08-07 13:28:23.670195,0 days 00:00:06.788993,8,11,16,COMPLETE
107,27051.995868587193,2025-08-07 13:28:17.007399,2025-08-07 13:28:24.330197,0 days 00:00:07.322798,8,11,16,COMPLETE
108,27051.995868587193,2025-08-07 13:28:17.049262,2025-08-07 13:28:23.402672,0 days 00:00:06.353410,8,11,16,COMPLETE
109,5114.308334852627,2025-08-07 13:28:17.083419,2025-08-07 13:28:23.281510,0 days 00:00:06.198091,12,11,16,COMPLETE
110,27051.995868587193,2025-08-07 13:28:18.081756,2025-08-07 13:28:24.834975,0 days 00:00:06.753219,8,11,16,COMPLETE
111,27051.995868587193,2025-08-07 13:28:18.284288,2025-08-07 13:28:25.892091,0 days 00:00:07.607803,8,11,16,COMPLETE
112,27051.995868587193,2025-08-07 13:28:18.433457,2025-08-07 13:28:25.322392,0 days 00:00:06.888935,8,11,16,COMPLETE
113,27051.995868587193,2025-08-07 13:28:18.832876,2025-08-07 13:28:26.489738,0 days 00:00:07.656862,8,11,16,COMPLETE
114,27051.995868587193,2025-08-07 13:28:18.911403,2025-08-07 13:28:24.847672,0 days 00:00:05.936269,8,11,16,COMPLETE
115,15726.314170188336,2025-08-07 13:28:19.091156,2025-08-07 13:28:26.933081,0 days 00:00:07.841925,6,11,16,COMPLETE
116,27051.995868587193,2025-08-07 13:28:19.307172,2025-08-07 13:28:25.882330,0 days 00:00:06.575158,8,11,16,COMPLETE
117,15726.314170188336,2025-08-07 13:28:20.442267,2025-08-07 13:28:26.645684,0 days 00:00:06.203417,6,11,16,COMPLETE
118,27051.995868587193,2025-08-07 13:28:20.719822,2025-08-07 13:28:27.419417,0 days 00:00:06.699595,8,11,16,COMPLETE
119,27051.995868587193,2025-08-07 13:28:20.728241,2025-08-07 13:28:28.095821,0 days 00:00:07.367580,8,11,16,COMPLETE
120,15726.314170188336,2025-08-07 13:28:21.098851,2025-08-07 13:28:27.057991,0 days 00:00:05.959140,6,11,16,COMPLETE
121,22764.06818910493,2025-08-07 13:28:21.375875,2025-08-07 13:28:27.608743,0 days 00:00:06.232868,6,8,16,COMPLETE
122,22764.06818910493,2025-08-07 13:28:21.507942,2025-08-07 13:28:27.708097,0 days 00:00:06.200155,6,8,16,COMPLETE
123,22764.06818910493,2025-08-07 13:28:22.273711,2025-08-07 13:28:28.818916,0 days 00:00:06.545205,6,8,16,COMPLETE
124,22764.06818910493,2025-08-07 13:28:22.658027,2025-08-07 13:28:29.490123,0 days 00:00:06.832096,6,8,16,COMPLETE
125,14187.466097352964,2025-08-07 13:28:23.561676,2025-08-07 13:28:30.553297,0 days 00:00:06.991621,6,8,20,COMPLETE
126,14187.466097352964,2025-08-07 13:28:23.569461,2025-08-07 13:28:30.124360,0 days 00:00:06.554899,6,8,20,COMPLETE
127,20581.728833395387,2025-08-07 13:28:23.797675,2025-08-07 13:28:29.060792,0 days 00:00:05.263117,6,8,18,COMPLETE
128,14187.466097352964,2025-08-07 13:28:24.038627,2025-08-07 13:28:30.678463,0 days 00:00:06.639836,6,8,20,COMPLETE
129,20581.728833395387,2025-08-07 13:28:24.625413,2025-08-07 13:28:31.704488,0 days 00:00:07.079075,6,8,18,COMPLETE
130,20581.728833395387,2025-08-07 13:28:24.981830,2025-08-07 13:28:31.884763,0 days 00:00:06.902933,6,8,18,COMPLETE
131,20581.728833395387,2025-08-07 13:28:25.020120,2025-08-07 13:28:30.233445,0 days 00:00:05.213325,6,8,18,COMPLETE
132,20581.728833395387,2025-08-07 13:28:25.428870,2025-08-07 13:28:31.075340,0 days 00:00:05.646470,6,8,18,COMPLETE
133,20581.728833395387,2025-08-07 13:28:25.960186,2025-08-07 13:28:32.998841,0 days 00:00:07.038655,6,8,18,COMPLETE
134,20581.728833395387,2025-08-07 13:28:26.145246,2025-08-07 13:28:32.419960,0 days 00:00:06.274714,6,8,18,COMPLETE
135,20581.728833395387,2025-08-07 13:28:26.788476,2025-08-07 13:28:32.662955,0 days 00:00:05.874479,6,8,18,COMPLETE
136,20581.728833395387,2025-08-07 13:28:26.933684,2025-08-07 13:28:33.426055,0 days 00:00:06.492371,6,8,18,COMPLETE
137,20581.728833395387,2025-08-07 13:28:27.103832,2025-08-07 13:28:32.479006,0 days 00:00:05.375174,6,8,18,COMPLETE
138,20581.728833395387,2025-08-07 13:28:27.455125,2025-08-07 13:28:33.417142,0 days 00:00:05.962017,6,8,18,COMPLETE
139,16226.258817226946,2025-08-07 13:28:27.769417,2025-08-07 13:28:34.185971,0 days 00:00:06.416554,6,9,18,COMPLETE
140,16226.258817226946,2025-08-07 13:28:27.915432,2025-08-07 13:28:34.696675,0 days 00:00:06.781243,6,9,18,COMPLETE
141,16226.258817226946,2025-08-07 13:28:27.922549,2025-08-07 13:28:34.672620,0 days 00:00:06.750071,6,9,18,COMPLETE
142,16226.258817226946,2025-08-07 13:28:28.193576,2025-08-07 13:28:34.614417,0 days 00:00:06.420841,6,9,18,COMPLETE
143,28298.349699254628,2025-08-07 13:28:29.105249,2025-08-07 13:28:34.907939,0 days 00:00:05.802690,5,9,18,COMPLETE
144,28298.349699254628,2025-08-07 13:28:29.368229,2025-08-07 13:28:35.119099,0 days 00:00:05.750870,5,9,18,COMPLETE
145,28298.349699254628,2025-08-07 13:28:29.657935,2025-08-07 13:28:37.024632,0 days 00:00:07.366697,5,9,18,COMPLETE
146,28298.349699254628,2025-08-07 13:28:30.219499,2025-08-07 13:28:35.678648,0 days 00:00:05.459149,5,9,18,COMPLETE
147,28298.349699254628,2025-08-07 13:28:30.245543,2025-08-07 13:28:37.670801,0 days 00:00:07.425258,5,9,18,COMPLETE
148,28298.349699254628,2025-08-07 13:28:31.001770,2025-08-07 13:28:38.157579,0 days 00:00:07.155809,5,9,18,COMPLETE
149,42203.00046304342,2025-08-07 13:28:31.106543,2025-08-07 13:28:37.788567,0 days 00:00:06.682024,5,9,15,COMPLETE
150,42203.00046304342,2025-08-07 13:28:31.433911,2025-08-07 13:28:37.357063,0 days 00:00:05.923152,5,9,15,COMPLETE
151,42203.00046304342,2025-08-07 13:28:31.994077,2025-08-07 13:28:39.418294,0 days 00:00:07.424217,5,9,15,COMPLETE
152,42203.00046304342,2025-08-07 13:28:32.063621,2025-08-07 13:28:38.172874,0 days 00:00:06.109253,5,9,15,COMPLETE
153,42203.00046304342,2025-08-07 13:28:32.479592,2025-08-07 13:28:38.472586,0 days 00:00:05.992994,5,9,15,COMPLETE
154,42203.00046304342,2025-08-07 13:28:32.526096,2025-08-07 13:28:37.974821,0 days 00:00:05.448725,5,9,15,COMPLETE
155,42203.00046304342,2025-08-07 13:28:32.703742,2025-08-07 13:28:38.317864,0 days 00:00:05.614122,5,9,15,COMPLETE
156,42203.00046304342,2025-08-07 13:28:33.560855,2025-08-07 13:28:40.683640,0 days 00:00:07.122785,5,9,15,COMPLETE
157,42203.00046304342,2025-08-07 13:28:33.681917,2025-08-07 13:28:41.054899,0 days 00:00:07.372982,5,9,15,COMPLETE
158,4672.2171024782065,2025-08-07 13:28:33.689415,2025-08-07 13:28:40.241433,0 days 00:00:06.552018,5,9,42,COMPLETE
159,42203.00046304342,2025-08-07 13:28:34.285374,2025-08-07 13:28:40.097661,0 days 00:00:05.812287,5,9,15,COMPLETE
160,31953.93163442484,2025-08-07 13:28:34.704491,2025-08-07 13:28:41.199219,0 days 00:00:06.494728,5,12,15,COMPLETE
161,31953.93163442484,2025-08-07 13:28:34.718420,2025-08-07 13:28:40.842990,0 days 00:00:06.124570,5,12,15,COMPLETE
162,31953.93163442484,2025-08-07 13:28:34.757931,2025-08-07 13:28:40.133769,0 days 00:00:05.375838,5,12,15,COMPLETE
163,4209.524860132154,2025-08-07 13:28:34.968463,2025-08-07 13:28:42.043849,0 days 00:00:07.075386,5,12,43,COMPLETE
164,31953.93163442484,2025-08-07 13:28:35.181805,2025-08-07 13:28:42.536675,0 days 00:00:07.354870,5,12,15,COMPLETE
165,31953.93163442484,2025-08-07 13:28:35.747655,2025-08-07 13:28:42.883270,0 days 00:00:07.135615,5,12,15,COMPLETE
166,31953.93163442484,2025-08-07 13:28:37.156275,2025-08-07 13:28:43.466832,0 days 00:00:06.310557,5,12,15,COMPLETE
167,31953.93163442484,2025-08-07 13:28:37.416448,2025-08-07 13:28:43.269951,0 days 00:00:05.853503,5,12,15,COMPLETE
168,36003.50349735412,2025-08-07 13:28:37.706978,2025-08-07 13:28:44.007069,0 days 00:00:06.300091,5,10,15,COMPLETE
169,-inf,2025-08-07 13:28:37.892658,2025-08-07 13:28:41.440353,0 days 00:00:03.547695,16,9,15,COMPLETE
170,26603.527069391537,2025-08-07 13:28:38.084334,2025-08-07 13:28:43.920181,0 days 00:00:05.835847,5,6,15,COMPLETE
171,31953.93163442484,2025-08-07 13:28:38.337074,2025-08-07 13:28:45.703223,0 days 00:00:07.366149,5,12,15,COMPLETE
172,4341.214704806583,2025-08-07 13:28:38.396703,2025-08-07 13:28:44.168629,0 days 00:00:05.771926,14,12,15,COMPLETE
173,42203.00046304342,2025-08-07 13:28:38.588148,2025-08-07 13:28:46.703493,0 days 00:00:08.115345,5,9,15,COMPLETE
174,42203.00046304342,2025-08-07 13:28:38.864585,2025-08-07 13:28:45.212364,0 days 00:00:06.347779,5,9,15,COMPLETE
175,31953.93163442484,2025-08-07 13:28:39.469712,2025-08-07 13:28:46.215318,0 days 00:00:06.745606,5,12,15,COMPLETE
176,42203.00046304342,2025-08-07 13:28:40.194527,2025-08-07 13:28:47.029760,0 days 00:00:06.835233,5,9,15,COMPLETE
177,42203.00046304342,2025-08-07 13:28:40.228052,2025-08-07 13:28:46.080173,0 days 00:00:05.852121,5,9,15,COMPLETE
178,-inf,2025-08-07 13:28:40.300011,2025-08-07 13:28:43.357405,0 days 00:00:03.057394,17,14,15,COMPLETE
179,42203.00046304342,2025-08-07 13:28:40.819119,2025-08-07 13:28:46.997863,0 days 00:00:06.178744,5,9,15,COMPLETE
180,-inf,2025-08-07 13:28:40.866475,2025-08-07 13:28:44.393179,0 days 00:00:03.526704,15,9,15,COMPLETE
181,42203.00046304342,2025-08-07 13:28:41.095593,2025-08-07 13:28:46.834290,0 days 00:00:05.738697,5,9,15,COMPLETE
182,-inf,2025-08-07 13:28:41.208127,2025-08-07 13:28:44.484048,0 days 00:00:03.275921,16,9,15,COMPLETE
183,42203.00046304342,2025-08-07 13:28:41.517839,2025-08-07 13:28:49.706378,0 days 00:00:08.188539,5,9,15,COMPLETE
184,5953.440325271927,2025-08-07 13:28:42.128440,2025-08-07 13:28:49.371703,0 days 00:00:07.243263,13,9,15,COMPLETE
185,42203.00046304342,2025-08-07 13:28:42.670003,2025-08-07 13:28:48.135676,0 days 00:00:05.465673,5,9,15,COMPLETE
186,3663.2813920794447,2025-08-07 13:28:42.919124,2025-08-07 13:28:49.423838,0 days 00:00:06.504714,14,9,15,COMPLETE
187,3663.2813920794447,2025-08-07 13:28:43.357927,2025-08-07 13:28:49.619292,0 days 00:00:06.261365,14,9,15,COMPLETE
188,42203.00046304342,2025-08-07 13:28:43.388351,2025-08-07 13:28:50.177413,0 days 00:00:06.789062,5,9,15,COMPLETE
