number,value,datetime_start,datetime_complete,duration,params_macd_fast,params_macd_signal,params_macd_slow,params_volume_sma,params_volume_spike_ratio,state
948,8770.146119757197,2025-07-31 22:46:26.087528,2025-07-31 22:54:04.566503,0 days 00:07:38.478975,20,18,50,17,1.6374271271811236,COMPLETE
949,7298.8149823419435,2025-07-31 22:46:26.089472,2025-07-31 22:51:23.513143,0 days 00:04:57.423671,20,18,50,19,1.651224420739732,COMPLETE
950,7298.8149823419435,2025-07-31 22:46:26.092009,2025-07-31 22:53:51.810123,0 days 00:07:25.718114,20,18,50,19,1.6481272483048208,COMPLETE
951,7298.8149823419435,2025-07-31 22:46:26.103811,2025-07-31 22:51:27.371687,0 days 00:05:01.267876,20,18,50,18,1.6533520106910453,COMPLETE
952,7298.8149823419435,2025-07-31 22:46:26.106886,2025-07-31 22:51:32.980422,0 days 00:05:06.873536,20,18,50,19,1.6380435627867966,COMPLETE
953,8770.146119757197,2025-07-31 22:46:26.111092,2025-07-31 22:55:09.076113,0 days 00:08:42.965021,20,18,50,6,1.6244610617551958,COMPLETE
954,8770.146119757197,2025-07-31 22:46:26.112813,2025-07-31 22:53:58.914847,0 days 00:07:32.802034,20,18,50,17,1.6734709375054952,COMPLETE
955,8770.146119757197,2025-07-31 22:46:26.113719,2025-07-31 22:55:12.844778,0 days 00:08:46.731059,20,18,50,18,1.6377419319369837,COMPLETE
956,8694.053763448188,2025-07-31 22:46:26.115835,2025-07-31 22:51:27.951252,0 days 00:05:01.835417,20,18,44,18,1.6229538762294249,COMPLETE
957,7298.8149823419435,2025-07-31 22:46:26.116862,2025-07-31 22:53:56.538207,0 days 00:07:30.421345,20,18,50,18,1.6602178376818701,COMPLETE
958,8770.146119757197,2025-07-31 22:46:26.119461,2025-07-31 22:53:56.726285,0 days 00:07:30.606824,20,18,50,6,1.644478274575806,COMPLETE
959,10143.81578173304,2025-07-31 22:46:26.120163,2025-07-31 22:51:26.598277,0 days 00:05:00.478114,20,11,44,19,1.6448000842530017,COMPLETE
960,10656.446217266837,2025-07-31 22:46:26.122010,2025-07-31 22:53:45.862914,0 days 00:07:19.740904,20,11,50,18,1.6019415975180504,COMPLETE
961,8694.053763448188,2025-07-31 22:46:26.126249,2025-07-31 22:55:22.069761,0 days 00:08:55.943512,20,18,44,17,1.6669295878210577,COMPLETE
962,13415.421110030033,2025-07-31 22:46:26.127718,2025-07-31 22:49:21.679292,0 days 00:02:55.551574,20,20,44,18,1.6132075580814287,COMPLETE
963,8694.053763448188,2025-07-31 22:46:26.134472,2025-07-31 22:54:03.083882,0 days 00:07:36.949410,20,18,44,18,1.6435643331207548,COMPLETE
964,10656.446217266837,2025-07-31 22:46:26.135224,2025-07-31 22:53:57.980072,0 days 00:07:31.844848,20,11,50,18,1.6489393691011347,COMPLETE
965,7298.8149823419435,2025-07-31 22:46:26.139074,2025-07-31 22:49:21.276861,0 days 00:02:55.137787,20,18,50,20,1.6278256578037071,COMPLETE
966,7298.8149823419435,2025-07-31 22:46:26.139958,2025-07-31 22:55:23.218151,0 days 00:08:57.078193,20,18,50,18,1.6497263868798977,COMPLETE
967,8694.053763448188,2025-07-31 22:46:26.141296,2025-07-31 22:49:22.587243,0 days 00:02:56.445947,20,18,44,19,1.6465778646168718,COMPLETE
968,7298.8149823419435,2025-07-31 22:46:26.146334,2025-07-31 22:54:04.235784,0 days 00:07:38.089450,20,18,50,19,2.3672488554693385,COMPLETE
969,7298.8149823419435,2025-07-31 22:46:26.147646,2025-07-31 22:54:03.324673,0 days 00:07:37.177027,20,18,50,20,1.6091399411813887,COMPLETE
970,8694.053763448188,2025-07-31 22:46:26.151275,2025-07-31 22:51:49.544030,0 days 00:05:23.392755,20,18,44,19,1.635875338893712,COMPLETE
971,7298.8149823419435,2025-07-31 22:46:26.152958,2025-07-31 22:55:14.746745,0 days 00:08:48.593787,20,18,50,20,1.623960611289932,COMPLETE
972,7298.8149823419435,2025-07-31 22:46:26.154019,2025-07-31 22:51:42.011253,0 days 00:05:15.857234,20,18,50,19,1.6559318349273195,COMPLETE
973,7298.8149823419435,2025-07-31 22:46:26.160724,2025-07-31 22:51:40.153192,0 days 00:05:13.992468,20,18,50,18,1.6402067903358863,COMPLETE
974,7298.8149823419435,2025-07-31 22:46:26.161930,2025-07-31 22:51:32.233002,0 days 00:05:06.071072,20,18,50,18,1.6709212196062089,COMPLETE
975,7298.8149823419435,2025-07-31 22:46:26.164261,2025-07-31 22:51:41.831230,0 days 00:05:15.666969,20,18,50,19,1.6499687864953076,COMPLETE
976,7298.8149823419435,2025-07-31 22:46:26.166601,2025-07-31 22:54:02.293230,0 days 00:07:36.126629,20,18,50,19,1.6426435994224753,COMPLETE
977,10656.446217266837,2025-07-31 22:46:26.168362,2025-07-31 22:54:06.364275,0 days 00:07:40.195913,20,11,50,6,1.620383842763529,COMPLETE
978,7298.8149823419435,2025-07-31 22:46:26.173488,2025-07-31 22:55:19.037001,0 days 00:08:52.863513,20,18,50,20,1.648679547048916,COMPLETE
979,7298.8149823419435,2025-07-31 22:46:26.175859,2025-07-31 22:54:05.015729,0 days 00:07:38.839870,20,18,50,19,1.6388031993357626,COMPLETE
980,7298.8149823419435,2025-07-31 22:46:26.177447,2025-07-31 22:54:10.028639,0 days 00:07:43.851192,20,18,50,19,1.6542807705162919,COMPLETE
981,8770.146119757197,2025-07-31 22:46:26.179472,2025-07-31 22:54:17.143753,0 days 00:07:50.964281,20,18,50,6,1.6184677785240247,COMPLETE
982,7298.8149823419435,2025-07-31 22:46:26.181396,2025-07-31 22:55:09.883348,0 days 00:08:43.701952,20,18,50,19,1.5999768329323352,COMPLETE
983,8770.146119757197,2025-07-31 22:46:26.183742,2025-07-31 22:54:01.838054,0 days 00:07:35.654312,20,18,50,6,1.6507315206810846,COMPLETE
984,8694.053763448188,2025-07-31 22:46:26.184970,2025-07-31 22:54:12.606750,0 days 00:07:46.421780,20,18,44,17,1.6720697931065196,COMPLETE
985,7298.8149823419435,2025-07-31 22:46:26.187016,2025-07-31 22:55:15.813245,0 days 00:08:49.626229,20,18,50,19,1.649015363923462,COMPLETE
986,10143.81578173304,2025-07-31 22:46:26.188731,2025-07-31 22:54:17.105576,0 days 00:07:50.916845,20,11,44,19,1.6434053509608992,COMPLETE
987,8770.146119757197,2025-07-31 22:46:26.190826,2025-07-31 22:51:48.616251,0 days 00:05:22.425425,20,18,50,18,1.6333685973256566,COMPLETE
988,8770.146119757197,2025-07-31 22:46:26.192388,2025-07-31 22:55:14.936601,0 days 00:08:48.744213,20,18,50,18,1.636501127745886,COMPLETE
989,8770.146119757197,2025-07-31 22:46:26.194258,2025-07-31 22:49:30.919157,0 days 00:03:04.724899,20,18,50,17,1.6118604486653607,COMPLETE
990,8694.053763448188,2025-07-31 22:46:26.195540,2025-07-31 22:55:11.262845,0 days 00:08:45.067305,20,18,44,19,1.6809623286280047,COMPLETE
991,6874.956735572885,2025-07-31 22:46:26.197884,2025-07-31 22:54:12.892125,0 days 00:07:46.694241,19,18,50,18,1.638272047807117,COMPLETE
992,8770.146119757197,2025-07-31 22:46:26.199107,2025-07-31 22:54:03.876528,0 days 00:07:37.677421,20,18,50,6,1.6497976466275979,COMPLETE
993,6874.956735572885,2025-07-31 22:46:26.215892,2025-07-31 22:51:51.616229,0 days 00:05:25.400337,19,18,50,18,1.8715425431939112,COMPLETE
994,9060.666199210753,2025-07-31 22:46:26.252749,2025-07-31 22:49:32.213464,0 days 00:03:05.960715,20,18,44,18,1.8774297550209569,COMPLETE
995,7298.8149823419435,2025-07-31 22:46:26.525294,2025-07-31 22:52:27.462839,0 days 00:06:00.937545,20,18,50,19,1.6840284916687782,COMPLETE
996,7298.8149823419435,2025-07-31 22:46:26.791195,2025-07-31 22:55:22.970249,0 days 00:08:56.179054,20,18,50,19,1.6498388615178567,COMPLETE
997,8770.146119757197,2025-07-31 22:46:26.870171,2025-07-31 22:55:17.505462,0 days 00:08:50.635291,20,18,50,6,1.6672155200866705,COMPLETE
998,6874.956735572885,2025-07-31 22:46:27.229373,2025-07-31 22:55:17.502856,0 days 00:08:50.273483,19,18,50,20,1.6178359059525786,COMPLETE
999,15574.99946945098,2025-07-31 22:46:27.570496,2025-07-31 22:55:15.874294,0 days 00:08:48.303798,19,18,44,19,1.6774122044245252,COMPLETE
