number,value,datetime_start,datetime_complete,duration,params_macd_fast,params_macd_signal,params_macd_slow,params_volume_sma,params_volume_spike_ratio,state
474,17201.152825331705,2025-07-31 22:27:52.096674,2025-07-31 22:28:04.752815,0 days 00:00:12.656141,16,5,27,38,2.8944374406554605,COMPLETE
475,20140.371948672633,2025-07-31 22:27:52.103254,2025-07-31 22:28:05.830576,0 days 00:00:13.727322,16,5,24,39,2.9084394926894035,COMPLETE
476,21271.178675107076,2025-07-31 22:27:52.104342,2025-07-31 22:28:08.017933,0 days 00:00:15.913591,16,5,25,38,2.8882063676311645,COMPLETE
477,17007.390575907346,2025-07-31 22:27:52.115371,2025-07-31 22:28:07.995416,0 days 00:00:15.880045,16,6,24,39,2.9156319561339736,COMPLETE
478,21271.178675107076,2025-07-31 22:27:52.120975,2025-07-31 22:28:13.873163,0 days 00:00:21.752188,16,5,25,36,2.959291395700644,COMPLETE
479,21271.178675107076,2025-07-31 22:27:52.128660,2025-07-31 22:29:39.888210,0 days 00:01:47.759550,16,5,25,38,2.9457985842226653,COMPLETE
480,16550.96178965634,2025-07-31 22:27:52.134255,2025-07-31 22:28:15.377662,0 days 00:00:23.243407,17,5,25,37,2.9107249102999995,COMPLETE
481,21271.178675107076,2025-07-31 22:27:52.138901,2025-07-31 22:28:17.119116,0 days 00:00:24.980215,16,5,25,39,2.9395557596305153,COMPLETE
482,18373.155451394883,2025-07-31 22:27:52.142381,2025-07-31 22:28:07.148821,0 days 00:00:15.006440,16,6,26,39,2.9412167585067164,COMPLETE
483,21271.178675107076,2025-07-31 22:27:52.145825,2025-07-31 22:28:28.915308,0 days 00:00:36.769483,16,5,25,36,2.9254645269622763,COMPLETE
484,21271.178675107076,2025-07-31 22:27:52.155612,2025-07-31 22:29:05.501813,0 days 00:01:13.346201,16,5,25,37,2.983636200660678,COMPLETE
485,21271.178675107076,2025-07-31 22:27:52.164609,2025-07-31 22:29:03.183651,0 days 00:01:11.019042,16,5,25,37,2.9904008148335364,COMPLETE
486,20140.371948672633,2025-07-31 22:27:52.183833,2025-07-31 22:28:16.986124,0 days 00:00:24.802291,16,5,24,39,2.9426843748429774,COMPLETE
487,21271.178675107076,2025-07-31 22:27:52.189195,2025-07-31 22:28:12.899066,0 days 00:00:20.709871,16,5,25,39,2.9983706498461693,COMPLETE
488,17938.391290056607,2025-07-31 22:27:52.197131,2025-07-31 22:31:16.752041,0 days 00:03:24.554910,16,5,26,38,2.952120675688277,COMPLETE
489,20140.371948672633,2025-07-31 22:27:52.215158,2025-07-31 22:28:07.914329,0 days 00:00:15.699171,16,5,24,38,2.9959741957595876,COMPLETE
490,20140.371948672633,2025-07-31 22:27:52.217807,2025-07-31 22:28:20.374182,0 days 00:00:28.156375,16,5,24,38,2.9097586887034943,COMPLETE
491,20140.371948672633,2025-07-31 22:27:52.226655,2025-07-31 22:28:13.443227,0 days 00:00:21.216572,16,5,24,38,2.9309858465828267,COMPLETE
492,21271.178675107076,2025-07-31 22:27:52.262210,2025-07-31 22:29:57.867479,0 days 00:02:05.605269,16,5,25,39,2.980957244947604,COMPLETE
493,20140.371948672633,2025-07-31 22:27:52.293864,2025-07-31 22:29:03.669445,0 days 00:01:11.375581,16,5,24,38,2.9307428878920527,COMPLETE
494,21271.178675107076,2025-07-31 22:27:52.314611,2025-07-31 22:28:27.675417,0 days 00:00:35.360806,16,5,25,38,2.974387474784332,COMPLETE
495,20140.371948672633,2025-07-31 22:27:52.348492,2025-07-31 22:30:06.942599,0 days 00:02:14.594107,16,5,24,38,2.8710650206484973,COMPLETE
496,21271.178675107076,2025-07-31 22:27:52.384312,2025-07-31 22:28:34.467937,0 days 00:00:42.083625,16,5,25,38,2.9028767514697464,COMPLETE
497,21271.178675107076,2025-07-31 22:27:52.452133,2025-07-31 22:33:08.372080,0 days 00:05:15.919947,16,5,25,38,2.953991981442802,COMPLETE
498,21271.178675107076,2025-07-31 22:27:52.496357,2025-07-31 22:30:46.178810,0 days 00:02:53.682453,16,5,25,38,2.9876868085217065,COMPLETE
499,21271.178675107076,2025-07-31 22:27:52.680051,2025-07-31 22:28:48.189989,0 days 00:00:55.509938,16,5,25,37,2.946510786742195,COMPLETE
500,24995.131042163175,2025-07-31 22:27:52.727458,2025-07-31 22:29:38.723527,0 days 00:01:45.996069,16,5,23,38,2.949368514909185,COMPLETE
501,21271.178675107076,2025-07-31 22:27:52.778251,2025-07-31 22:29:54.143792,0 days 00:02:01.365541,16,5,25,37,2.9668682729159057,COMPLETE
502,20140.371948672633,2025-07-31 22:27:52.872174,2025-07-31 22:28:28.508591,0 days 00:00:35.636417,16,5,24,38,2.9221641505711986,COMPLETE
503,17938.391290056607,2025-07-31 22:27:52.901643,2025-07-31 22:29:02.225824,0 days 00:01:09.324181,16,5,26,37,2.9589026279869475,COMPLETE
504,21271.178675107076,2025-07-31 22:27:52.956198,2025-07-31 22:29:09.859962,0 days 00:01:16.903764,16,5,25,37,2.9973208597916594,COMPLETE
505,16490.11340347633,2025-07-31 22:27:52.962536,2025-07-31 22:28:31.075644,0 days 00:00:38.113108,16,5,28,38,2.99539702691053,COMPLETE
506,21271.178675107076,2025-07-31 22:27:53.001253,2025-07-31 22:35:00.013349,0 days 00:07:07.012096,16,5,25,39,2.942717826835522,COMPLETE
507,20140.371948672633,2025-07-31 22:27:53.024233,2025-07-31 22:33:02.090729,0 days 00:05:09.066496,16,5,24,36,2.9179357149845515,COMPLETE
508,20140.371948672633,2025-07-31 22:27:53.079983,2025-07-31 22:33:08.309585,0 days 00:05:15.229602,16,5,24,39,2.890538390675781,COMPLETE
509,24995.131042163175,2025-07-31 22:27:53.107349,2025-07-31 22:30:23.090851,0 days 00:02:29.983502,16,5,23,38,2.9440305003073366,COMPLETE
510,21271.178675107076,2025-07-31 22:27:53.141948,2025-07-31 22:34:20.483998,0 days 00:06:27.342050,16,5,25,39,2.9696368212825157,COMPLETE
511,16550.96178965634,2025-07-31 22:27:53.199026,2025-07-31 22:30:37.933799,0 days 00:02:44.734773,17,5,25,39,2.9865444948533053,COMPLETE
512,21271.178675107076,2025-07-31 22:27:53.337510,2025-07-31 22:30:44.108155,0 days 00:02:50.770645,16,5,25,38,2.949442453240267,COMPLETE
513,17520.52065338775,2025-07-31 22:27:53.494264,2025-07-31 22:29:28.920602,0 days 00:01:35.426338,17,5,23,38,2.995564694706717,COMPLETE
514,21271.178675107076,2025-07-31 22:27:53.639935,2025-07-31 22:28:46.602806,0 days 00:00:52.962871,16,5,25,38,2.9981729326428024,COMPLETE
515,21271.178675107076,2025-07-31 22:27:53.675876,2025-07-31 22:33:11.702548,0 days 00:05:18.026672,16,5,25,38,2.946063095713082,COMPLETE
516,17938.391290056607,2025-07-31 22:27:53.724605,2025-07-31 22:33:13.324976,0 days 00:05:19.600371,16,5,26,37,2.9914428847142513,COMPLETE
517,21271.178675107076,2025-07-31 22:27:53.866031,2025-07-31 22:33:16.055480,0 days 00:05:22.189449,16,5,25,38,2.931061678137996,COMPLETE
518,21271.178675107076,2025-07-31 22:27:53.920634,2025-07-31 22:31:58.094124,0 days 00:04:04.173490,16,5,25,38,2.9181489015475055,COMPLETE
519,16550.96178965634,2025-07-31 22:27:53.981933,2025-07-31 22:28:57.035589,0 days 00:01:03.053656,17,5,25,39,2.703718830442219,COMPLETE
520,21271.178675107076,2025-07-31 22:27:54.029341,2025-07-31 22:33:37.809400,0 days 00:05:43.780059,16,5,25,38,2.977611797980576,COMPLETE
521,21271.178675107076,2025-07-31 22:27:54.054624,2025-07-31 22:32:52.723706,0 days 00:04:58.669082,16,5,25,38,2.9735747774588823,COMPLETE
522,20140.371948672633,2025-07-31 22:27:54.104415,2025-07-31 22:33:21.555704,0 days 00:05:27.451289,16,5,24,38,2.973385615048382,COMPLETE
523,20140.371948672633,2025-07-31 22:27:54.209018,2025-07-31 22:33:19.257575,0 days 00:05:25.048557,16,5,24,38,2.9928477179641853,COMPLETE
524,24012.6087909632,2025-07-31 22:27:54.239205,2025-07-31 22:33:19.778678,0 days 00:05:25.539473,15,5,25,37,2.9435865927489675,COMPLETE
525,20140.371948672633,2025-07-31 22:27:54.309147,2025-07-31 22:34:10.927109,0 days 00:06:16.617962,16,5,24,36,2.989593223411024,COMPLETE
526,21271.178675107076,2025-07-31 22:27:54.380273,2025-07-31 22:33:22.059834,0 days 00:05:27.679561,16,5,25,38,2.936472971655175,COMPLETE
527,17938.391290056607,2025-07-31 22:27:54.404206,2025-07-31 22:33:23.049811,0 days 00:05:28.645605,16,5,26,36,2.9410275142672875,COMPLETE
528,21271.178675107076,2025-07-31 22:27:54.539489,2025-07-31 22:33:05.141362,0 days 00:05:10.601873,16,5,25,36,2.967559216516151,COMPLETE
529,21271.178675107076,2025-07-31 22:27:54.551658,2025-07-31 22:29:09.248085,0 days 00:01:14.696427,16,5,25,37,2.9814909139999757,COMPLETE
530,21271.178675107076,2025-07-31 22:27:54.553998,2025-07-31 22:29:07.798951,0 days 00:01:13.244953,16,5,25,36,2.959532282551856,COMPLETE
531,20569.512209069842,2025-07-31 22:27:54.616393,2025-07-31 22:33:06.090331,0 days 00:05:11.473938,16,7,25,36,2.996710944546515,COMPLETE
532,20569.512209069842,2025-07-31 22:27:54.658729,2025-07-31 22:33:24.563697,0 days 00:05:29.904968,16,7,25,36,2.9786544017574648,COMPLETE
533,20569.512209069842,2025-07-31 22:27:54.695392,2025-07-31 22:33:06.348453,0 days 00:05:11.653061,16,7,25,36,2.9383315982240665,COMPLETE
534,20622.130330224853,2025-07-31 22:27:54.732409,2025-07-31 22:30:24.516693,0 days 00:02:29.784284,17,7,24,36,2.978558706457406,COMPLETE
535,20569.512209069842,2025-07-31 22:27:54.788680,2025-07-31 22:30:51.847529,0 days 00:02:57.058849,16,7,25,35,2.9655499014286346,COMPLETE
536,20569.512209069842,2025-07-31 22:27:54.832942,2025-07-31 22:31:30.735621,0 days 00:03:35.902679,16,7,25,36,2.9721109055217716,COMPLETE
537,20569.512209069842,2025-07-31 22:27:54.847455,2025-07-31 22:31:25.701987,0 days 00:03:30.854532,16,7,25,36,2.973965197391741,COMPLETE
538,18793.864487546383,2025-07-31 22:27:54.858827,2025-07-31 22:33:34.141224,0 days 00:05:39.282397,16,7,24,37,2.963596126558441,COMPLETE
539,20569.512209069842,2025-07-31 22:27:54.861145,2025-07-31 22:33:32.479363,0 days 00:05:37.618218,16,7,25,36,2.9637787630177694,COMPLETE
540,20569.512209069842,2025-07-31 22:27:54.926902,2025-07-31 22:33:12.472545,0 days 00:05:17.545643,16,7,25,36,2.956651231429934,COMPLETE
541,20569.512209069842,2025-07-31 22:27:54.983986,2025-07-31 22:33:14.327318,0 days 00:05:19.343332,16,7,25,36,2.9760294584157987,COMPLETE
542,20569.512209069842,2025-07-31 22:27:54.985083,2025-07-31 22:33:34.010896,0 days 00:05:39.025813,16,7,25,36,2.9763124056158823,COMPLETE
543,20569.512209069842,2025-07-31 22:27:55.056046,2025-07-31 22:33:36.762479,0 days 00:05:41.706433,16,7,25,36,2.9625817012614384,COMPLETE
544,20569.512209069842,2025-07-31 22:27:55.067160,2025-07-31 22:29:49.452286,0 days 00:01:54.385126,16,7,25,35,2.9931024094248944,COMPLETE
545,18793.864487546383,2025-07-31 22:27:55.106532,2025-07-31 22:33:16.866348,0 days 00:05:21.759816,16,7,24,36,2.9162767096352034,COMPLETE
546,20569.512209069842,2025-07-31 22:27:55.132055,2025-07-31 22:34:01.492279,0 days 00:06:06.360224,16,7,25,36,2.9861783353538076,COMPLETE
547,18793.864487546383,2025-07-31 22:27:55.176566,2025-07-31 22:33:39.025819,0 days 00:05:43.849253,16,7,24,33,2.653909524098788,COMPLETE
548,20484.11808161785,2025-07-31 22:27:55.201362,2025-07-31 22:33:40.075716,0 days 00:05:44.874354,15,7,23,32,2.692730074639145,COMPLETE
549,18793.864487546383,2025-07-31 22:27:55.202205,2025-07-31 22:32:54.454354,0 days 00:04:59.252149,16,7,24,34,2.705492747738457,COMPLETE
550,18793.864487546383,2025-07-31 22:27:55.208726,2025-07-31 22:32:57.933903,0 days 00:05:02.725177,16,7,24,33,2.6987829674455766,COMPLETE
551,18793.864487546383,2025-07-31 22:27:55.228375,2025-07-31 22:34:50.741467,0 days 00:06:55.513092,16,7,24,33,2.735393544015797,COMPLETE
552,18793.864487546383,2025-07-31 22:27:55.257104,2025-07-31 22:33:40.272837,0 days 00:05:45.015733,16,7,24,33,2.700091794222553,COMPLETE
553,18793.864487546383,2025-07-31 22:27:55.288874,2025-07-31 22:34:07.953528,0 days 00:06:12.664654,16,7,24,33,2.6907989065312177,COMPLETE
554,18793.864487546383,2025-07-31 22:27:55.326464,2025-07-31 22:34:11.004526,0 days 00:06:15.678062,16,7,24,34,2.706743554184476,COMPLETE
555,18793.864487546383,2025-07-31 22:27:55.375652,2025-07-31 22:34:58.804129,0 days 00:07:03.428477,16,7,24,34,2.6799686138085725,COMPLETE
556,18793.864487546383,2025-07-31 22:27:55.382190,2025-07-31 22:33:01.509464,0 days 00:05:06.127274,16,7,24,33,2.680530038927545,COMPLETE
557,26452.67899148428,2025-07-31 22:27:55.407438,2025-07-31 22:30:11.043401,0 days 00:02:15.635963,16,8,24,32,2.6958999495236706,COMPLETE
558,25604.629935271896,2025-07-31 22:27:55.414524,2025-07-31 22:33:01.216212,0 days 00:05:05.801688,15,7,22,33,2.695503139287927,COMPLETE
559,20569.512209069842,2025-07-31 22:27:55.449249,2025-07-31 22:30:13.070755,0 days 00:02:17.621506,16,7,25,33,2.6773463557919737,COMPLETE
560,-inf,2025-07-31 22:27:55.459296,2025-07-31 22:32:42.596634,0 days 00:04:47.137338,20,8,15,33,2.6672176404472228,COMPLETE
561,23943.062264126267,2025-07-31 22:27:55.460031,2025-07-31 22:35:02.787356,0 days 00:07:07.327325,20,7,21,32,2.6402704719019843,COMPLETE
562,-inf,2025-07-31 22:27:55.461700,2025-07-31 22:29:02.833734,0 days 00:01:07.372034,20,7,15,32,2.7105247239350665,COMPLETE
563,-inf,2025-07-31 22:27:55.473991,2025-07-31 22:33:40.190961,0 days 00:05:44.716970,20,8,15,32,2.6866715706875333,COMPLETE
564,14560.471618289379,2025-07-31 22:27:55.480016,2025-07-31 22:33:04.886974,0 days 00:05:09.406958,20,8,21,34,2.650006718775619,COMPLETE
565,-inf,2025-07-31 22:27:55.483906,2025-07-31 22:33:42.112406,0 days 00:05:46.628500,20,8,15,33,2.65707587347048,COMPLETE
566,7522.680166435219,2025-07-31 22:27:55.489126,2025-07-31 22:33:44.840201,0 days 00:05:49.351075,20,8,22,33,2.689742039171954,COMPLETE
567,-inf,2025-07-31 22:27:55.491984,2025-07-31 22:33:23.530199,0 days 00:05:28.038215,20,8,15,32,2.686035961658207,COMPLETE
568,-inf,2025-07-31 22:27:55.505451,2025-07-31 22:29:12.086893,0 days 00:01:16.581442,20,8,15,33,2.7227683625593446,COMPLETE
569,-inf,2025-07-31 22:27:55.507031,2025-07-31 22:33:04.821485,0 days 00:05:09.314454,20,8,15,32,2.701129592769132,COMPLETE
570,7522.680166435219,2025-07-31 22:27:55.511178,2025-07-31 22:37:08.335171,0 days 00:09:12.823993,20,8,22,32,2.7466491079634965,COMPLETE
571,-inf,2025-07-31 22:27:55.512975,2025-07-31 22:33:42.483061,0 days 00:05:46.970086,20,8,15,32,2.6934455424244304,COMPLETE
572,7522.680166435219,2025-07-31 22:27:55.516124,2025-07-31 22:33:08.445840,0 days 00:05:12.929716,20,8,22,32,2.706870665196371,COMPLETE
573,14560.471618289379,2025-07-31 22:27:55.523202,2025-07-31 22:33:53.901071,0 days 00:05:58.377869,20,8,21,44,2.7095876188481456,COMPLETE
574,7522.680166435219,2025-07-31 22:27:55.525794,2025-07-31 22:29:33.139705,0 days 00:01:37.613911,20,8,22,33,2.715190544880991,COMPLETE
575,-inf,2025-07-31 22:27:55.528518,2025-07-31 22:33:25.914563,0 days 00:05:30.386045,20,8,15,31,2.681722123379874,COMPLETE
576,14560.471618289379,2025-07-31 22:27:55.538143,2025-07-31 22:33:54.566638,0 days 00:05:59.028495,20,8,21,44,2.6625404031093085,COMPLETE
577,7522.680166435219,2025-07-31 22:27:55.545374,2025-07-31 22:33:11.367604,0 days 00:05:15.822230,20,8,22,33,2.6741571253823704,COMPLETE
578,7522.680166435219,2025-07-31 22:27:55.549749,2025-07-31 22:31:41.251897,0 days 00:03:45.702148,20,8,22,32,2.6767194542631927,COMPLETE
579,-inf,2025-07-31 22:27:55.558549,2025-07-31 22:33:47.809830,0 days 00:05:52.251281,20,8,15,32,2.6874787503959947,COMPLETE
580,7522.680166435219,2025-07-31 22:27:55.568104,2025-07-31 22:33:36.063393,0 days 00:05:40.495289,20,8,22,32,2.674073720882375,COMPLETE
581,-inf,2025-07-31 22:27:55.571812,2025-07-31 22:33:50.526001,0 days 00:05:54.954189,20,8,15,32,2.6616365851124426,COMPLETE
582,-inf,2025-07-31 22:27:55.572815,2025-07-31 22:33:28.416953,0 days 00:05:32.844138,20,8,15,33,2.6829813792625705,COMPLETE
583,26972.568580184052,2025-07-31 22:27:55.584121,2025-07-31 22:33:14.138697,0 days 00:05:18.554576,15,8,22,32,2.7421821149630947,COMPLETE
584,7522.680166435219,2025-07-31 22:27:55.588584,2025-07-31 22:29:41.602910,0 days 00:01:46.014326,20,8,22,33,2.697118659525561,COMPLETE
585,-inf,2025-07-31 22:27:55.596912,2025-07-31 22:29:31.678057,0 days 00:01:36.081145,20,8,16,31,2.6627177364422003,COMPLETE
586,7522.680166435219,2025-07-31 22:27:55.612528,2025-07-31 22:33:15.655962,0 days 00:05:20.043434,20,8,22,33,2.663771865536258,COMPLETE
587,-inf,2025-07-31 22:27:55.632016,2025-07-31 22:29:22.077060,0 days 00:01:26.445044,20,8,15,32,2.699602106258552,COMPLETE
588,7522.680166435219,2025-07-31 22:27:55.694841,2025-07-31 22:34:02.475136,0 days 00:06:06.780295,20,8,22,33,2.693310006450215,COMPLETE
589,7522.680166435219,2025-07-31 22:27:55.705459,2025-07-31 22:34:50.871905,0 days 00:06:55.166446,20,8,22,33,2.704097219932068,COMPLETE
590,26972.568580184052,2025-07-31 22:27:55.769819,2025-07-31 22:33:18.418136,0 days 00:05:22.648317,15,8,22,43,2.700630385728052,COMPLETE
591,-inf,2025-07-31 22:27:55.881140,2025-07-31 22:34:31.609124,0 days 00:06:35.727984,20,8,15,31,2.675250118442441,COMPLETE
592,7361.438066957988,2025-07-31 22:27:55.888534,2025-07-31 22:34:05.134388,0 days 00:06:09.245854,20,8,29,32,2.6085635173789603,COMPLETE
593,15326.111890772894,2025-07-31 22:27:55.950713,2025-07-31 22:28:26.877955,0 days 00:00:30.927242,20,7,30,43,2.6742752851243226,COMPLETE
594,6824.254478883529,2025-07-31 22:27:56.061778,2025-07-31 22:33:22.689970,0 days 00:05:26.628192,20,7,28,45,2.6757657630915492,COMPLETE
595,7036.815402038072,2025-07-31 22:27:56.189276,2025-07-31 22:30:12.279519,0 days 00:02:16.090243,20,7,29,43,2.684656621518279,COMPLETE
596,7036.815402038072,2025-07-31 22:27:56.248787,2025-07-31 22:33:23.159723,0 days 00:05:26.910936,20,7,29,43,2.6881905428919834,COMPLETE
597,7036.815402038072,2025-07-31 22:27:56.292543,2025-07-31 22:33:22.473257,0 days 00:05:26.180714,20,7,29,43,2.7045721661359803,COMPLETE
598,7036.815402038072,2025-07-31 22:27:56.344203,2025-07-31 22:35:03.050886,0 days 00:07:06.706683,20,7,29,44,2.6996238949478286,COMPLETE
599,7036.815402038072,2025-07-31 22:27:56.380998,2025-07-31 22:33:44.404549,0 days 00:05:48.023551,20,7,29,43,2.6875190321657816,COMPLETE
600,7036.815402038072,2025-07-31 22:27:56.415211,2025-07-31 22:33:43.182350,0 days 00:05:46.767139,20,7,29,44,2.7147676752884635,COMPLETE
601,22812.143269128912,2025-07-31 22:27:56.491416,2025-07-31 22:33:25.254393,0 days 00:05:28.762977,20,7,22,45,2.677206172295282,COMPLETE
602,7036.815402038072,2025-07-31 22:27:56.528445,2025-07-31 22:35:14.650717,0 days 00:07:18.122272,20,7,29,43,2.6889232365494142,COMPLETE
603,7036.815402038072,2025-07-31 22:27:56.539195,2025-07-31 22:33:04.556109,0 days 00:05:08.016914,20,7,29,43,2.6795875429215688,COMPLETE
604,10118.249234851046,2025-07-31 22:27:56.611038,2025-07-31 22:33:06.587881,0 days 00:05:09.976843,20,7,31,45,2.7241373780749227,COMPLETE
605,7036.815402038072,2025-07-31 22:27:56.678743,2025-07-31 22:35:16.129524,0 days 00:07:19.450781,20,7,29,44,2.701612317939075,COMPLETE
606,6151.353827940141,2025-07-31 22:27:56.741020,2025-07-31 22:33:26.818688,0 days 00:05:30.077668,20,8,30,43,2.6455123511290664,COMPLETE
607,15326.111890772894,2025-07-31 22:27:56.742743,2025-07-31 22:33:52.520178,0 days 00:05:55.777435,20,7,30,33,2.690662267250059,COMPLETE
608,15326.111890772894,2025-07-31 22:27:56.760767,2025-07-31 22:35:17.401768,0 days 00:07:20.641001,20,7,30,43,2.6743360333626436,COMPLETE
609,7036.815402038072,2025-07-31 22:27:56.768066,2025-07-31 22:33:27.282131,0 days 00:05:30.514065,20,7,29,44,2.697587377658332,COMPLETE
610,7036.815402038072,2025-07-31 22:27:57.213856,2025-07-31 22:33:29.493509,0 days 00:05:32.279653,20,7,29,45,2.67844802331167,COMPLETE
611,7036.815402038072,2025-07-31 22:27:57.247835,2025-07-31 22:34:32.189049,0 days 00:06:34.941214,20,7,29,43,2.622630341611573,COMPLETE
612,6824.254478883529,2025-07-31 22:27:57.316676,2025-07-31 22:34:30.626834,0 days 00:06:33.310158,20,7,28,44,2.7089786403157237,COMPLETE
613,7036.815402038072,2025-07-31 22:27:57.323881,2025-07-31 22:33:34.364407,0 days 00:05:37.040526,20,7,29,44,2.712137585214873,COMPLETE
614,15326.111890772894,2025-07-31 22:27:57.335215,2025-07-31 22:33:55.235789,0 days 00:05:57.900574,20,7,30,45,2.6988578254598496,COMPLETE
615,7036.815402038072,2025-07-31 22:27:57.425593,2025-07-31 22:36:25.201044,0 days 00:08:27.775451,20,7,29,46,2.6911141480452563,COMPLETE
616,15326.111890772894,2025-07-31 22:27:57.455669,2025-07-31 22:33:34.083905,0 days 00:05:36.628236,20,7,30,44,2.7091571303840363,COMPLETE
617,6151.353827940141,2025-07-31 22:27:57.535250,2025-07-31 22:31:37.034700,0 days 00:03:39.499450,20,8,30,44,2.682150914210868,COMPLETE
618,7361.438066957988,2025-07-31 22:27:57.541508,2025-07-31 22:36:26.365760,0 days 00:08:28.824252,20,8,29,43,2.6911995179686388,COMPLETE
619,6151.353827940141,2025-07-31 22:27:57.587338,2025-07-31 22:34:37.892306,0 days 00:06:40.304968,20,8,30,44,2.6152497776691845,COMPLETE
620,6151.353827940141,2025-07-31 22:27:57.690068,2025-07-31 22:33:56.690947,0 days 00:05:59.000879,20,8,30,44,2.6757570323457416,COMPLETE
621,7361.438066957988,2025-07-31 22:27:57.738271,2025-07-31 22:33:57.675856,0 days 00:05:59.937585,20,8,29,45,2.6704402154910913,COMPLETE
622,5817.480242207667,2025-07-31 22:27:57.814830,2025-07-31 22:34:38.891745,0 days 00:06:41.076915,19,8,29,45,2.700709952161805,COMPLETE
623,10797.579436783966,2025-07-31 22:27:57.877732,2025-07-31 22:33:59.521665,0 days 00:06:01.643933,5,8,30,32,2.678065684063468,COMPLETE
624,6151.353827940141,2025-07-31 22:27:57.920075,2025-07-31 22:35:37.977974,0 days 00:07:40.057899,20,8,30,44,2.691356990808378,COMPLETE
625,6151.353827940141,2025-07-31 22:27:58.034895,2025-07-31 22:33:17.687253,0 days 00:05:19.652358,20,8,30,44,2.6863766832828238,COMPLETE
626,4890.345729494328,2025-07-31 22:27:58.097967,2025-07-31 22:35:36.059127,0 days 00:07:37.961160,20,8,31,44,2.6943395055089923,COMPLETE
627,6151.353827940141,2025-07-31 22:27:58.249415,2025-07-31 22:33:39.766025,0 days 00:05:41.516610,20,8,30,45,2.7281648064634743,COMPLETE
628,7361.438066957988,2025-07-31 22:27:58.267346,2025-07-31 22:33:39.525109,0 days 00:05:41.257763,20,8,29,46,2.6359663107004048,COMPLETE
629,6151.353827940141,2025-07-31 22:27:58.287631,2025-07-31 22:33:21.325184,0 days 00:05:23.037553,20,8,30,47,2.695840716733568,COMPLETE
630,7036.815402038072,2025-07-31 22:27:58.365294,2025-07-31 22:34:07.231543,0 days 00:06:08.866249,20,7,29,43,2.712178396267187,COMPLETE
631,4965.937121762272,2025-07-31 22:27:58.468140,2025-07-31 22:33:19.985824,0 days 00:05:21.517684,19,8,31,44,2.691649040425194,COMPLETE
632,10118.249234851046,2025-07-31 22:27:58.553557,2025-07-31 22:34:56.150830,0 days 00:06:57.597273,20,7,31,44,2.6740657498058775,COMPLETE
