number,value,datetime_start,datetime_complete,duration,params_macd_fast,params_macd_signal,params_macd_slow,state
559,109356.59716803842,2025-07-31 22:59:34.756422,2025-07-31 23:02:11.453213,0 days 00:02:36.696791,18,10,19,COMPLETE
560,109356.59716803842,2025-07-31 22:59:34.758409,2025-07-31 23:02:09.974636,0 days 00:02:35.216227,18,10,19,COMPLETE
561,145056.4481696939,2025-07-31 22:59:34.760595,2025-07-31 23:03:15.531038,0 days 00:03:40.770443,18,10,20,COMPLETE
562,109356.59716803842,2025-07-31 22:59:34.762254,2025-07-31 23:03:14.803275,0 days 00:03:40.041021,18,10,19,COMPLETE
563,195388.83394070237,2025-07-31 22:59:34.763735,2025-07-31 23:02:09.536436,0 days 00:02:34.772701,18,10,23,COMPLETE
564,109356.59716803842,2025-07-31 22:59:34.764374,2025-07-31 23:01:00.520250,0 days 00:01:25.755876,18,10,19,COMPLETE
565,258706.7312106114,2025-07-31 22:59:34.765165,2025-07-31 23:00:55.405833,0 days 00:01:20.640668,18,12,23,COMPLETE
566,161493.81851030854,2025-07-31 22:59:34.766517,2025-07-31 23:00:59.536004,0 days 00:01:24.769487,18,12,19,COMPLETE
567,109356.59716803842,2025-07-31 22:59:34.767440,2025-07-31 23:02:11.538857,0 days 00:02:36.771417,18,10,19,COMPLETE
568,109356.59716803842,2025-07-31 22:59:34.769285,2025-07-31 23:02:16.227602,0 days 00:02:41.458317,18,10,19,COMPLETE
569,195388.83394070237,2025-07-31 22:59:34.770221,2025-07-31 23:02:11.780814,0 days 00:02:37.010593,18,10,23,COMPLETE
570,109356.59716803842,2025-07-31 22:59:34.772539,2025-07-31 23:00:56.998339,0 days 00:01:22.225800,18,10,19,COMPLETE
571,31348.667364591565,2025-07-31 22:59:34.773575,2025-07-31 23:03:17.387514,0 days 00:03:42.613939,12,12,19,COMPLETE
572,109356.59716803842,2025-07-31 22:59:34.776073,2025-07-31 23:00:59.143674,0 days 00:01:24.367601,18,10,19,COMPLETE
573,145056.4481696939,2025-07-31 22:59:34.779967,2025-07-31 23:01:01.130581,0 days 00:01:26.350614,18,10,20,COMPLETE
574,145056.4481696939,2025-07-31 22:59:34.783269,2025-07-31 23:03:19.341104,0 days 00:03:44.557835,18,10,20,COMPLETE
575,113130.54925308713,2025-07-31 22:59:34.784376,2025-07-31 23:02:19.226012,0 days 00:02:44.441636,15,10,23,COMPLETE
576,14930.065574949704,2025-07-31 22:59:34.787499,2025-07-31 23:03:19.970264,0 days 00:03:45.182765,15,10,19,COMPLETE
577,109356.59716803842,2025-07-31 22:59:34.788351,2025-07-31 23:02:11.460185,0 days 00:02:36.671834,18,10,19,COMPLETE
578,258706.7312106114,2025-07-31 22:59:34.789309,2025-07-31 23:02:13.764505,0 days 00:02:38.975196,18,12,23,COMPLETE
579,14930.065574949704,2025-07-31 22:59:34.791924,2025-07-31 23:01:02.378620,0 days 00:01:27.586696,15,10,19,COMPLETE
580,109356.59716803842,2025-07-31 22:59:34.797465,2025-07-31 23:03:17.919694,0 days 00:03:43.122229,18,10,19,COMPLETE
581,109356.59716803842,2025-07-31 22:59:34.799710,2025-07-31 23:00:57.994947,0 days 00:01:23.195237,18,10,19,COMPLETE
582,109356.59716803842,2025-07-31 22:59:34.801708,2025-07-31 23:00:59.830817,0 days 00:01:25.029109,18,10,19,COMPLETE
583,14930.065574949704,2025-07-31 22:59:34.802883,2025-07-31 23:02:14.252696,0 days 00:02:39.449813,15,10,19,COMPLETE
584,161493.81851030854,2025-07-31 22:59:34.806367,2025-07-31 23:02:12.091348,0 days 00:02:37.284981,18,12,19,COMPLETE
585,109356.59716803842,2025-07-31 22:59:34.810378,2025-07-31 23:03:18.451232,0 days 00:03:43.640854,18,10,19,COMPLETE
586,109356.59716803842,2025-07-31 22:59:34.813375,2025-07-31 23:01:02.478656,0 days 00:01:27.665281,18,10,19,COMPLETE
587,195388.83394070237,2025-07-31 22:59:34.814958,2025-07-31 23:00:59.586341,0 days 00:01:24.771383,18,10,23,COMPLETE
588,258706.7312106114,2025-07-31 22:59:34.817310,2025-07-31 23:03:43.334188,0 days 00:04:08.516878,18,12,23,COMPLETE
589,258706.7312106114,2025-07-31 22:59:34.821614,2025-07-31 23:01:03.046920,0 days 00:01:28.225306,18,12,23,COMPLETE
590,195388.83394070237,2025-07-31 22:59:34.828449,2025-07-31 23:01:01.919412,0 days 00:01:27.090963,18,10,23,COMPLETE
591,109356.59716803842,2025-07-31 22:59:34.830898,2025-07-31 23:02:16.579955,0 days 00:02:41.749057,18,10,19,COMPLETE
592,195388.83394070237,2025-07-31 22:59:34.832553,2025-07-31 23:01:03.874824,0 days 00:01:29.042271,18,10,23,COMPLETE
593,109356.59716803842,2025-07-31 22:59:34.833871,2025-07-31 23:02:18.477023,0 days 00:02:43.643152,18,10,19,COMPLETE
594,14930.065574949704,2025-07-31 22:59:34.839371,2025-07-31 23:01:02.330508,0 days 00:01:27.491137,15,10,19,COMPLETE
595,109356.59716803842,2025-07-31 22:59:34.842792,2025-07-31 23:02:13.595290,0 days 00:02:38.752498,18,10,19,COMPLETE
596,195388.83394070237,2025-07-31 22:59:34.845849,2025-07-31 23:02:22.497598,0 days 00:02:47.651749,18,10,23,COMPLETE
597,109356.59716803842,2025-07-31 22:59:34.852244,2025-07-31 23:02:14.665585,0 days 00:02:39.813341,18,10,19,COMPLETE
598,195388.83394070237,2025-07-31 22:59:34.858661,2025-07-31 23:02:15.085093,0 days 00:02:40.226432,18,10,23,COMPLETE
599,109356.59716803842,2025-07-31 22:59:34.860885,2025-07-31 23:01:05.531824,0 days 00:01:30.670939,18,10,19,COMPLETE
600,148392.61141346357,2025-07-31 22:59:34.874466,2025-07-31 23:01:03.605621,0 days 00:01:28.731155,18,12,20,COMPLETE
601,188835.92877967143,2025-07-31 22:59:34.935445,2025-07-31 23:01:06.097912,0 days 00:01:31.162467,18,10,22,COMPLETE
602,109356.59716803842,2025-07-31 22:59:34.942138,2025-07-31 23:01:02.738727,0 days 00:01:27.796589,18,10,19,COMPLETE
603,161493.81851030854,2025-07-31 22:59:34.992474,2025-07-31 23:02:18.166195,0 days 00:02:43.173721,18,12,19,COMPLETE
604,145056.4481696939,2025-07-31 22:59:34.995413,2025-07-31 23:01:06.151698,0 days 00:01:31.156285,18,10,20,COMPLETE
605,145056.4481696939,2025-07-31 22:59:35.002277,2025-07-31 23:02:17.372263,0 days 00:02:42.369986,18,10,20,COMPLETE
606,258706.7312106114,2025-07-31 22:59:35.046853,2025-07-31 23:03:21.703024,0 days 00:03:46.656171,18,12,23,COMPLETE
607,109356.59716803842,2025-07-31 22:59:35.069599,2025-07-31 23:03:42.933182,0 days 00:04:07.863583,18,10,19,COMPLETE
608,109356.59716803842,2025-07-31 22:59:35.081992,2025-07-31 23:02:17.764988,0 days 00:02:42.682996,18,10,19,COMPLETE
609,282347.7328207157,2025-07-31 22:59:35.084274,2025-07-31 23:03:17.978740,0 days 00:03:42.894466,18,12,22,COMPLETE
610,109356.59716803842,2025-07-31 22:59:35.118154,2025-07-31 23:01:08.006883,0 days 00:01:32.888729,18,10,19,COMPLETE
611,14930.065574949704,2025-07-31 22:59:35.129962,2025-07-31 23:02:18.643709,0 days 00:02:43.513747,15,10,19,COMPLETE
612,109356.59716803842,2025-07-31 22:59:35.154976,2025-07-31 23:02:20.615451,0 days 00:02:45.460475,18,10,19,COMPLETE
613,195388.83394070237,2025-07-31 22:59:35.194820,2025-07-31 23:01:04.783318,0 days 00:01:29.588498,18,10,23,COMPLETE
614,14930.065574949704,2025-07-31 22:59:35.201395,2025-07-31 23:02:20.855601,0 days 00:02:45.654206,15,10,19,COMPLETE
615,188835.92877967143,2025-07-31 22:59:35.243531,2025-07-31 23:01:05.527752,0 days 00:01:30.284221,18,10,22,COMPLETE
616,188835.92877967143,2025-07-31 22:59:35.256188,2025-07-31 23:01:05.827176,0 days 00:01:30.570988,18,10,22,COMPLETE
617,109356.59716803842,2025-07-31 22:59:35.294306,2025-07-31 23:01:05.236273,0 days 00:01:29.941967,18,10,19,COMPLETE
618,109356.59716803842,2025-07-31 22:59:35.332874,2025-07-31 23:01:07.161003,0 days 00:01:31.828129,18,10,19,COMPLETE
619,109356.59716803842,2025-07-31 22:59:35.339919,2025-07-31 23:02:20.762185,0 days 00:02:45.422266,18,10,19,COMPLETE
620,87834.26834887681,2025-07-31 22:59:35.411547,2025-07-31 23:02:17.287364,0 days 00:02:41.875817,15,12,20,COMPLETE
621,109356.59716803842,2025-07-31 22:59:35.439013,2025-07-31 23:02:19.037687,0 days 00:02:43.598674,18,10,19,COMPLETE
622,87834.26834887681,2025-07-31 22:59:35.456627,2025-07-31 23:01:07.299056,0 days 00:01:31.842429,15,12,20,COMPLETE
623,17207.933258760826,2025-07-31 22:59:35.461821,2025-07-31 23:02:20.879262,0 days 00:02:45.417441,15,12,19,COMPLETE
624,17207.933258760826,2025-07-31 22:59:35.466786,2025-07-31 23:01:08.850488,0 days 00:01:33.383702,15,12,19,COMPLETE
625,14930.065574949704,2025-07-31 22:59:35.471151,2025-07-31 23:02:22.116164,0 days 00:02:46.645013,15,10,19,COMPLETE
626,14930.065574949704,2025-07-31 22:59:35.473158,2025-07-31 23:02:20.063800,0 days 00:02:44.590642,15,10,19,COMPLETE
627,62048.172134462366,2025-07-31 22:59:35.475607,2025-07-31 23:02:20.865985,0 days 00:02:45.390378,15,10,22,COMPLETE
628,14930.065574949704,2025-07-31 22:59:35.482710,2025-07-31 23:02:20.754254,0 days 00:02:45.271544,15,10,19,COMPLETE
629,53939.207827368016,2025-07-31 22:59:35.488101,2025-07-31 23:01:08.706770,0 days 00:01:33.218669,15,10,20,COMPLETE
630,14930.065574949704,2025-07-31 22:59:35.495674,2025-07-31 23:01:08.161876,0 days 00:01:32.666202,15,10,19,COMPLETE
631,14930.065574949704,2025-07-31 22:59:35.499909,2025-07-31 23:03:21.273961,0 days 00:03:45.774052,15,10,19,COMPLETE
632,14930.065574949704,2025-07-31 22:59:35.501565,2025-07-31 23:03:42.267611,0 days 00:04:06.766046,15,10,19,COMPLETE
633,14930.065574949704,2025-07-31 22:59:35.503251,2025-07-31 23:01:08.224362,0 days 00:01:32.721111,15,10,19,COMPLETE
634,14930.065574949704,2025-07-31 22:59:35.505145,2025-07-31 23:01:09.232766,0 days 00:01:33.727621,15,10,19,COMPLETE
635,14930.065574949704,2025-07-31 22:59:35.506721,2025-07-31 23:02:20.641029,0 days 00:02:45.134308,15,10,19,COMPLETE
636,53939.207827368016,2025-07-31 22:59:35.508540,2025-07-31 23:03:26.894599,0 days 00:03:51.386059,15,10,20,COMPLETE
637,14930.065574949704,2025-07-31 22:59:35.512450,2025-07-31 23:02:22.797037,0 days 00:02:47.284587,15,10,19,COMPLETE
638,53939.207827368016,2025-07-31 22:59:35.516469,2025-07-31 23:02:22.077148,0 days 00:02:46.560679,15,10,20,COMPLETE
639,53939.207827368016,2025-07-31 22:59:35.517780,2025-07-31 23:03:21.585808,0 days 00:03:46.068028,15,10,20,COMPLETE
640,113130.54925308713,2025-07-31 22:59:35.519441,2025-07-31 23:00:19.353177,0 days 00:00:43.833736,15,10,23,COMPLETE
641,14930.065574949704,2025-07-31 22:59:35.526179,2025-07-31 23:02:21.585860,0 days 00:02:46.059681,15,10,19,COMPLETE
642,53939.207827368016,2025-07-31 22:59:35.530672,2025-07-31 23:02:24.656977,0 days 00:02:49.126305,15,10,20,COMPLETE
643,14930.065574949704,2025-07-31 22:59:35.533083,2025-07-31 23:03:21.405916,0 days 00:03:45.872833,15,10,19,COMPLETE
644,14930.065574949704,2025-07-31 22:59:35.567984,2025-07-31 23:01:13.621215,0 days 00:01:38.053231,15,10,19,COMPLETE
645,190276.9230391686,2025-07-31 22:59:35.588332,2025-07-31 23:03:23.970879,0 days 00:03:48.382547,15,12,23,COMPLETE
646,14930.065574949704,2025-07-31 22:59:35.604320,2025-07-31 23:02:23.671966,0 days 00:02:48.067646,15,10,19,COMPLETE
647,147398.2617832262,2025-07-31 22:59:35.624400,2025-07-31 23:02:23.028733,0 days 00:02:47.404333,15,10,32,COMPLETE
648,109356.59716803842,2025-07-31 22:59:35.646789,2025-07-31 23:03:23.296363,0 days 00:03:47.649574,18,10,19,COMPLETE
649,53939.207827368016,2025-07-31 22:59:35.661113,2025-07-31 23:00:21.699055,0 days 00:00:46.037942,15,10,20,COMPLETE
650,14930.065574949704,2025-07-31 22:59:35.684328,2025-07-31 23:03:26.146853,0 days 00:03:50.462525,15,10,19,COMPLETE
651,14930.065574949704,2025-07-31 22:59:35.696177,2025-07-31 23:02:21.266602,0 days 00:02:45.570425,15,10,19,COMPLETE
652,53939.207827368016,2025-07-31 22:59:35.732496,2025-07-31 23:02:22.861337,0 days 00:02:47.128841,15,10,20,COMPLETE
653,53939.207827368016,2025-07-31 22:59:35.733721,2025-07-31 23:00:21.121515,0 days 00:00:45.387794,15,10,20,COMPLETE
654,14930.065574949704,2025-07-31 22:59:35.746112,2025-07-31 23:03:20.487404,0 days 00:03:44.741292,15,10,19,COMPLETE
655,53939.207827368016,2025-07-31 22:59:35.763157,2025-07-31 23:02:23.434960,0 days 00:02:47.671803,15,10,20,COMPLETE
656,14930.065574949704,2025-07-31 22:59:35.798514,2025-07-31 23:03:42.669757,0 days 00:04:06.871243,15,10,19,COMPLETE
657,145056.4481696939,2025-07-31 22:59:35.815733,2025-07-31 23:03:27.750788,0 days 00:03:51.935055,18,10,20,COMPLETE
658,14930.065574949704,2025-07-31 22:59:35.840739,2025-07-31 23:01:14.293045,0 days 00:01:38.452306,15,10,19,COMPLETE
659,14930.065574949704,2025-07-31 22:59:35.874839,2025-07-31 23:00:23.520452,0 days 00:00:47.645613,15,10,19,COMPLETE
660,98479.48384460322,2025-07-31 22:59:35.911537,2025-07-31 23:03:20.747402,0 days 00:03:44.835865,15,6,20,COMPLETE
661,98479.48384460322,2025-07-31 22:59:35.915308,2025-07-31 23:02:23.788281,0 days 00:02:47.872973,15,6,20,COMPLETE
662,138470.80378884927,2025-07-31 22:59:35.920830,2025-07-31 23:03:28.709695,0 days 00:03:52.788865,18,6,19,COMPLETE
663,36438.65041377689,2025-07-31 22:59:35.922459,2025-07-31 23:01:15.137439,0 days 00:01:39.214980,15,6,19,COMPLETE
664,36438.65041377689,2025-07-31 22:59:35.927378,2025-07-31 23:02:25.042969,0 days 00:02:49.115591,15,6,19,COMPLETE
665,98479.48384460322,2025-07-31 22:59:35.937933,2025-07-31 23:01:17.922381,0 days 00:01:41.984448,15,6,20,COMPLETE
666,36438.65041377689,2025-07-31 22:59:35.942004,2025-07-31 23:01:16.629638,0 days 00:01:40.687634,15,6,19,COMPLETE
667,36438.65041377689,2025-07-31 22:59:35.948685,2025-07-31 23:03:23.559262,0 days 00:03:47.610577,15,6,19,COMPLETE
668,36438.65041377689,2025-07-31 22:59:35.953913,2025-07-31 23:02:28.621943,0 days 00:02:52.668030,15,6,19,COMPLETE
669,36438.65041377689,2025-07-31 22:59:35.959089,2025-07-31 23:01:15.139355,0 days 00:01:39.180266,15,6,19,COMPLETE
670,21140.309538284586,2025-07-31 22:59:35.964211,2025-07-31 23:02:25.036839,0 days 00:02:49.072628,15,14,19,COMPLETE
671,36438.65041377689,2025-07-31 22:59:35.971178,2025-07-31 23:01:15.026885,0 days 00:01:39.055707,15,6,19,COMPLETE
672,36438.65041377689,2025-07-31 22:59:35.974323,2025-07-31 23:02:25.717519,0 days 00:02:49.743196,15,6,19,COMPLETE
673,36438.65041377689,2025-07-31 22:59:35.981359,2025-07-31 23:02:25.425871,0 days 00:02:49.444512,15,6,19,COMPLETE
674,171372.8933513694,2025-07-31 22:59:35.988447,2025-07-31 23:02:28.438785,0 days 00:02:52.450338,15,6,22,COMPLETE
675,36438.65041377689,2025-07-31 22:59:35.990004,2025-07-31 23:01:15.895269,0 days 00:01:39.905265,15,6,19,COMPLETE
676,160929.30400406537,2025-07-31 22:59:35.993993,2025-07-31 23:02:31.145286,0 days 00:02:55.151293,15,6,23,COMPLETE
677,160929.30400406537,2025-07-31 22:59:36.000619,2025-07-31 23:03:25.408099,0 days 00:03:49.407480,15,6,23,COMPLETE
678,98479.48384460322,2025-07-31 22:59:36.012764,2025-07-31 23:01:17.532115,0 days 00:01:41.519351,15,6,20,COMPLETE
679,138470.80378884927,2025-07-31 22:59:36.015091,2025-07-31 23:01:16.636906,0 days 00:01:40.621815,18,6,19,COMPLETE
680,98479.48384460322,2025-07-31 22:59:36.017015,2025-07-31 23:02:25.608841,0 days 00:02:49.591826,15,6,20,COMPLETE
681,36438.65041377689,2025-07-31 22:59:36.026618,2025-07-31 23:02:30.023569,0 days 00:02:53.996951,15,6,19,COMPLETE
682,36438.65041377689,2025-07-31 22:59:36.030516,2025-07-31 23:03:21.956775,0 days 00:03:45.926259,15,6,19,COMPLETE
683,36438.65041377689,2025-07-31 22:59:36.034177,2025-07-31 23:02:29.109875,0 days 00:02:53.075698,15,6,19,COMPLETE
684,160929.30400406537,2025-07-31 22:59:36.035829,2025-07-31 23:03:24.602831,0 days 00:03:48.567002,15,6,23,COMPLETE
685,21140.309538284586,2025-07-31 22:59:36.041029,2025-07-31 23:00:25.798416,0 days 00:00:49.757387,15,14,19,COMPLETE
686,36438.65041377689,2025-07-31 22:59:36.047944,2025-07-31 23:01:20.122585,0 days 00:01:44.074641,15,6,19,COMPLETE
687,98479.48384460322,2025-07-31 22:59:36.051874,2025-07-31 23:01:17.942555,0 days 00:01:41.890681,15,6,20,COMPLETE
688,36438.65041377689,2025-07-31 22:59:36.053761,2025-07-31 23:02:34.008772,0 days 00:02:57.955011,15,6,19,COMPLETE
689,98479.48384460322,2025-07-31 22:59:36.061236,2025-07-31 23:01:18.924933,0 days 00:01:42.863697,15,6,20,COMPLETE
690,36438.65041377689,2025-07-31 22:59:36.062092,2025-07-31 23:01:20.095333,0 days 00:01:44.033241,15,6,19,COMPLETE
691,36438.65041377689,2025-07-31 22:59:36.069987,2025-07-31 23:03:24.690928,0 days 00:03:48.620941,15,6,19,COMPLETE
692,160929.30400406537,2025-07-31 22:59:36.070816,2025-07-31 23:01:18.174789,0 days 00:01:42.103973,15,6,23,COMPLETE
693,36438.65041377689,2025-07-31 22:59:36.076124,2025-07-31 23:03:25.488052,0 days 00:03:49.411928,15,6,19,COMPLETE
694,98479.48384460322,2025-07-31 22:59:36.081836,2025-07-31 23:01:18.705653,0 days 00:01:42.623817,15,6,20,COMPLETE
695,36438.65041377689,2025-07-31 22:59:36.089303,2025-07-31 23:03:44.818103,0 days 00:04:08.728800,15,6,19,COMPLETE
696,319449.20923616627,2025-07-31 22:59:36.092369,2025-07-31 23:02:29.672890,0 days 00:02:53.580521,15,14,23,COMPLETE
697,36438.65041377689,2025-07-31 22:59:36.097770,2025-07-31 23:02:29.989779,0 days 00:02:53.892009,15,6,19,COMPLETE
698,36438.65041377689,2025-07-31 22:59:36.108404,2025-07-31 23:03:44.989671,0 days 00:04:08.881267,15,6,19,COMPLETE
699,36438.65041377689,2025-07-31 22:59:36.111683,2025-07-31 23:02:31.144054,0 days 00:02:55.032371,15,6,19,COMPLETE
700,160929.30400406537,2025-07-31 22:59:36.114690,2025-07-31 23:03:26.736736,0 days 00:03:50.622046,15,6,23,COMPLETE
701,36438.65041377689,2025-07-31 22:59:36.117769,2025-07-31 23:03:24.726116,0 days 00:03:48.608347,15,6,19,COMPLETE
702,95329.67353562085,2025-07-31 22:59:36.120390,2025-07-31 23:02:27.128460,0 days 00:02:51.008070,18,6,20,COMPLETE
703,36438.65041377689,2025-07-31 22:59:36.162869,2025-07-31 23:01:20.134981,0 days 00:01:43.972112,15,6,19,COMPLETE
704,138470.80378884927,2025-07-31 22:59:36.176989,2025-07-31 23:02:32.922206,0 days 00:02:56.745217,18,6,19,COMPLETE
705,95329.67353562085,2025-07-31 22:59:36.187999,2025-07-31 23:02:33.752652,0 days 00:02:57.564653,18,6,20,COMPLETE
706,36438.65041377689,2025-07-31 22:59:36.200783,2025-07-31 23:03:25.119356,0 days 00:03:48.918573,15,6,19,COMPLETE
707,160929.30400406537,2025-07-31 22:59:36.213842,2025-07-31 23:02:33.486380,0 days 00:02:57.272538,15,6,23,COMPLETE
708,36438.65041377689,2025-07-31 22:59:36.225190,2025-07-31 23:00:28.183565,0 days 00:00:51.958375,15,6,19,COMPLETE
709,36438.65041377689,2025-07-31 22:59:36.242845,2025-07-31 23:01:23.135385,0 days 00:01:46.892540,15,6,19,COMPLETE
710,36438.65041377689,2025-07-31 22:59:36.274465,2025-07-31 23:02:33.390198,0 days 00:02:57.115733,15,6,19,COMPLETE
711,36438.65041377689,2025-07-31 22:59:36.295318,2025-07-31 23:02:29.927624,0 days 00:02:53.632306,15,6,19,COMPLETE
712,138470.80378884927,2025-07-31 22:59:36.301072,2025-07-31 23:03:29.580046,0 days 00:03:53.278974,18,6,19,COMPLETE
713,98479.48384460322,2025-07-31 22:59:36.308764,2025-07-31 23:01:24.066990,0 days 00:01:47.758226,15,6,20,COMPLETE
714,36438.65041377689,2025-07-31 22:59:36.321356,2025-07-31 23:02:33.000602,0 days 00:02:56.679246,15,6,19,COMPLETE
715,36438.65041377689,2025-07-31 22:59:36.358527,2025-07-31 23:02:32.578793,0 days 00:02:56.220266,15,6,19,COMPLETE
716,117050.50328458485,2025-07-31 22:59:36.367409,2025-07-31 23:03:26.589861,0 days 00:03:50.222452,12,6,19,COMPLETE
717,43305.81008810051,2025-07-31 22:59:36.373690,2025-07-31 23:01:22.801446,0 days 00:01:46.427756,13,6,19,COMPLETE
718,43305.81008810051,2025-07-31 22:59:36.381251,2025-07-31 23:02:38.547280,0 days 00:03:02.166029,13,6,19,COMPLETE
719,43305.81008810051,2025-07-31 22:59:36.415866,2025-07-31 23:02:36.448528,0 days 00:03:00.032662,13,6,19,COMPLETE
720,40128.50469021917,2025-07-31 22:59:36.436151,2025-07-31 23:02:31.790428,0 days 00:02:55.354277,13,6,22,COMPLETE
721,43305.81008810051,2025-07-31 22:59:36.476069,2025-07-31 23:02:35.237870,0 days 00:02:58.761801,13,6,19,COMPLETE
722,43305.81008810051,2025-07-31 22:59:36.526179,2025-07-31 23:02:38.251501,0 days 00:03:01.725322,13,6,19,COMPLETE
723,117050.50328458485,2025-07-31 22:59:36.535194,2025-07-31 23:02:37.796828,0 days 00:03:01.261634,12,6,19,COMPLETE
724,40128.50469021917,2025-07-31 22:59:36.554142,2025-07-31 23:02:32.293952,0 days 00:02:55.739810,13,6,22,COMPLETE
725,43305.81008810051,2025-07-31 22:59:36.557209,2025-07-31 23:02:35.515106,0 days 00:02:58.957897,13,6,19,COMPLETE
726,36163.214311814845,2025-07-31 22:59:36.646826,2025-07-31 23:02:34.747667,0 days 00:02:58.100841,13,6,20,COMPLETE
727,43305.81008810051,2025-07-31 22:59:36.795302,2025-07-31 23:02:35.266319,0 days 00:02:58.471017,13,6,19,COMPLETE
728,36163.214311814845,2025-07-31 22:59:36.809381,2025-07-31 23:02:37.903318,0 days 00:03:01.093937,13,6,20,COMPLETE
729,43305.81008810051,2025-07-31 22:59:36.817429,2025-07-31 23:01:26.403434,0 days 00:01:49.586005,13,6,19,COMPLETE
730,49422.93685142166,2025-07-31 22:59:36.887333,2025-07-31 23:03:26.079109,0 days 00:03:49.191776,13,6,23,COMPLETE
731,43305.81008810051,2025-07-31 22:59:36.932806,2025-07-31 23:03:30.981737,0 days 00:03:54.048931,13,6,19,COMPLETE
732,43305.81008810051,2025-07-31 22:59:36.995441,2025-07-31 23:02:36.614779,0 days 00:02:59.619338,13,6,19,COMPLETE
733,43305.81008810051,2025-07-31 22:59:37.047657,2025-07-31 23:02:37.910922,0 days 00:03:00.863265,13,6,19,COMPLETE
734,36163.214311814845,2025-07-31 22:59:37.165329,2025-07-31 23:02:38.140568,0 days 00:03:00.975239,13,6,20,COMPLETE
735,36163.214311814845,2025-07-31 22:59:37.177064,2025-07-31 23:01:27.298282,0 days 00:01:50.121218,13,6,20,COMPLETE
736,36163.214311814845,2025-07-31 22:59:37.218429,2025-07-31 23:02:36.488175,0 days 00:02:59.269746,13,6,20,COMPLETE
737,43305.81008810051,2025-07-31 22:59:37.231846,2025-07-31 23:03:27.762905,0 days 00:03:50.531059,13,6,19,COMPLETE
738,36163.214311814845,2025-07-31 22:59:37.283062,2025-07-31 23:02:35.780344,0 days 00:02:58.497282,13,6,20,COMPLETE
739,36163.214311814845,2025-07-31 22:59:37.411634,2025-07-31 23:01:28.599593,0 days 00:01:51.187959,13,6,20,COMPLETE
740,18274.50784054474,2025-07-31 22:59:37.419486,2025-07-31 23:01:29.697086,0 days 00:01:52.277600,13,14,19,COMPLETE
741,35776.294374992634,2025-07-31 22:59:37.545454,2025-07-31 23:02:39.098186,0 days 00:03:01.552732,14,6,19,COMPLETE
742,43305.81008810051,2025-07-31 22:59:37.590035,2025-07-31 23:00:30.399496,0 days 00:00:52.809461,13,6,19,COMPLETE
743,43305.81008810051,2025-07-31 22:59:37.631804,2025-07-31 23:02:37.819656,0 days 00:03:00.187852,13,6,19,COMPLETE
744,43305.81008810051,2025-07-31 22:59:37.682028,2025-07-31 23:01:29.541396,0 days 00:01:51.859368,13,6,19,COMPLETE
