number,value,datetime_start,datetime_complete,duration,params_macd_fast,params_macd_signal,params_macd_slow,params_volume_sma,params_volume_spike_ratio,state
477,6605.8995780573305,2025-07-31 22:46:13.067214,2025-07-31 22:51:06.477449,0 days 00:04:53.410235,5,19,43,17,1.6391769600626844,COMPLETE
478,9062.083876219249,2025-07-31 22:46:13.144759,2025-07-31 22:47:49.439943,0 days 00:01:36.295184,19,19,50,15,1.6948884095794732,COMPLETE
479,9062.083876219249,2025-07-31 22:46:13.267327,2025-07-31 22:49:01.720229,0 days 00:02:48.452902,19,19,50,16,1.7085493337901212,COMPLETE
480,9062.083876219249,2025-07-31 22:46:13.326495,2025-07-31 22:53:42.487106,0 days 00:07:29.160611,19,19,50,17,1.6099981229281377,COMPLETE
481,8919.96670107064,2025-07-31 22:46:13.535139,2025-07-31 22:51:12.766913,0 days 00:04:59.231774,5,19,50,17,1.6364504766585533,COMPLETE
482,8919.96670107064,2025-07-31 22:46:13.873807,2025-07-31 22:53:44.033524,0 days 00:07:30.159717,5,19,50,16,1.5095640605109097,COMPLETE
483,9062.083876219249,2025-07-31 22:46:13.902132,2025-07-31 22:55:05.663695,0 days 00:08:51.761563,19,19,50,17,1.6157343531006971,COMPLETE
484,6605.8995780573305,2025-07-31 22:46:14.119085,2025-07-31 22:51:17.556300,0 days 00:05:03.437215,5,19,43,16,1.697876637819527,COMPLETE
485,6504.952921855565,2025-07-31 22:46:14.260254,2025-07-31 22:51:09.675393,0 days 00:04:55.415139,19,19,49,18,1.6549504214695596,COMPLETE
486,9062.083876219249,2025-07-31 22:46:14.326868,2025-07-31 22:49:06.875389,0 days 00:02:52.548521,19,19,50,15,1.6689702914942184,COMPLETE
487,9062.083876219249,2025-07-31 22:46:14.717299,2025-07-31 22:53:50.970052,0 days 00:07:36.252753,19,19,50,16,1.674528235462056,COMPLETE
488,9062.083876219249,2025-07-31 22:46:14.880868,2025-07-31 22:51:13.664162,0 days 00:04:58.783294,19,19,50,15,1.6598587032785925,COMPLETE
489,9062.083876219249,2025-07-31 22:46:14.947375,2025-07-31 22:53:41.254085,0 days 00:07:26.306710,19,19,50,15,1.6888249483034854,COMPLETE
490,9062.083876219249,2025-07-31 22:46:15.252954,2025-07-31 22:53:55.424422,0 days 00:07:40.171468,19,19,50,16,1.6936750550367567,COMPLETE
491,9062.083876219249,2025-07-31 22:46:15.560432,2025-07-31 22:53:59.128510,0 days 00:07:43.568078,19,19,50,14,1.702581713387815,COMPLETE
492,11248.448294948994,2025-07-31 22:46:15.707906,2025-07-31 22:51:16.034122,0 days 00:05:00.326216,9,19,50,16,1.6657817069682104,COMPLETE
493,7850.236150231347,2025-07-31 22:46:15.877010,2025-07-31 22:51:22.855767,0 days 00:05:06.978757,19,19,49,16,1.6809115982072829,COMPLETE
494,9062.083876219249,2025-07-31 22:46:15.902592,2025-07-31 22:49:11.415571,0 days 00:02:55.512979,19,19,50,17,1.6599284771866063,COMPLETE
495,8919.96670107064,2025-07-31 22:46:15.999713,2025-07-31 22:55:05.664627,0 days 00:08:49.664914,5,19,50,18,1.6612119340243208,COMPLETE
496,8919.96670107064,2025-07-31 22:46:16.202923,2025-07-31 22:51:20.924919,0 days 00:05:04.721996,5,19,49,17,1.675796558022367,COMPLETE
497,9062.083876219249,2025-07-31 22:46:16.239588,2025-07-31 22:49:12.895359,0 days 00:02:56.655771,19,19,50,17,1.6616095476625505,COMPLETE
498,8919.96670107064,2025-07-31 22:46:16.332478,2025-07-31 22:51:21.175297,0 days 00:05:04.842819,5,19,49,17,1.657359923826338,COMPLETE
499,9062.083876219249,2025-07-31 22:46:16.398160,2025-07-31 22:47:50.500021,0 days 00:01:34.101861,19,19,50,17,1.6338448193902793,COMPLETE
500,9062.083876219249,2025-07-31 22:46:16.471876,2025-07-31 22:51:22.848738,0 days 00:05:06.376862,19,19,50,17,1.6875366252225754,COMPLETE
501,7550.636282696719,2025-07-31 22:46:17.166989,2025-07-31 22:54:04.208060,0 days 00:07:47.041071,19,19,50,18,1.6913531686073293,COMPLETE
502,8919.96670107064,2025-07-31 22:46:17.478525,2025-07-31 22:51:19.564015,0 days 00:05:02.085490,5,19,49,18,1.709406549424541,COMPLETE
503,6504.952921855565,2025-07-31 22:46:17.923493,2025-07-31 22:53:52.002422,0 days 00:07:34.078929,19,19,49,18,2.5558525796052454,COMPLETE
504,9062.083876219249,2025-07-31 22:46:18.003003,2025-07-31 22:53:48.916836,0 days 00:07:30.913833,19,19,50,17,1.6721154786504975,COMPLETE
505,11401.464947061007,2025-07-31 22:46:18.108058,2025-07-31 22:51:30.371737,0 days 00:05:12.263679,13,19,50,17,1.7040848656328524,COMPLETE
506,10408.191561558315,2025-07-31 22:46:18.161858,2025-07-31 22:51:22.600749,0 days 00:05:04.438891,13,19,49,17,1.6916162502431298,COMPLETE
507,9062.083876219249,2025-07-31 22:46:18.211089,2025-07-31 22:49:16.824372,0 days 00:02:58.613283,19,19,50,17,1.6759085528654447,COMPLETE
508,17293.394151246688,2025-07-31 22:46:18.340511,2025-07-31 22:51:31.684830,0 days 00:05:13.344319,13,19,49,17,1.6137863990290213,COMPLETE
509,7550.636282696719,2025-07-31 22:46:18.851886,2025-07-31 22:49:16.111755,0 days 00:02:57.259869,19,19,50,18,1.6685797910718874,COMPLETE
510,9062.083876219249,2025-07-31 22:46:18.997551,2025-07-31 22:49:21.801642,0 days 00:03:02.804091,19,19,50,14,1.7102931484801707,COMPLETE
511,9568.797400089674,2025-07-31 22:46:19.245791,2025-07-31 22:49:21.537523,0 days 00:03:02.291732,19,19,43,17,1.7320274126053603,COMPLETE
512,7550.636282696719,2025-07-31 22:46:19.418430,2025-07-31 22:51:33.370954,0 days 00:05:13.952524,19,19,50,18,1.7063044587161376,COMPLETE
513,9062.083876219249,2025-07-31 22:46:19.431467,2025-07-31 22:51:24.809896,0 days 00:05:05.378429,19,19,50,17,1.6810969416579777,COMPLETE
514,7550.636282696719,2025-07-31 22:46:19.523549,2025-07-31 22:49:18.621675,0 days 00:02:59.098126,19,19,50,19,2.519793047289717,COMPLETE
515,7550.636282696719,2025-07-31 22:46:19.569864,2025-07-31 22:49:18.142661,0 days 00:02:58.572797,19,19,50,17,2.5372763365538122,COMPLETE
516,7550.636282696719,2025-07-31 22:46:19.629134,2025-07-31 22:51:32.567513,0 days 00:05:12.938379,19,19,50,18,1.6642384843150166,COMPLETE
517,9185.4108590432,2025-07-31 22:46:19.651249,2025-07-31 22:53:53.490422,0 days 00:07:33.839173,19,19,43,17,1.693932295691511,COMPLETE
518,11401.464947061007,2025-07-31 22:46:20.208214,2025-07-31 22:51:35.194898,0 days 00:05:14.986684,13,19,50,17,1.6643116337178718,COMPLETE
519,11401.464947061007,2025-07-31 22:46:20.230360,2025-07-31 22:51:29.811997,0 days 00:05:09.581637,13,19,50,17,1.7054703700025529,COMPLETE
520,7550.636282696719,2025-07-31 22:46:20.284291,2025-07-31 22:49:24.902217,0 days 00:03:04.617926,19,19,50,18,1.6994467742834576,COMPLETE
521,16197.254773029477,2025-07-31 22:46:20.337075,2025-07-31 22:51:38.009939,0 days 00:05:17.672864,19,11,50,18,1.6725119611710348,COMPLETE
522,10408.191561558315,2025-07-31 22:46:20.463640,2025-07-31 22:49:21.430717,0 days 00:03:00.967077,13,19,49,17,1.6693350070109148,COMPLETE
523,8682.840905772691,2025-07-31 22:46:20.537829,2025-07-31 22:51:32.759500,0 days 00:05:12.221671,13,11,50,17,1.6599596210323828,COMPLETE
524,8682.840905772691,2025-07-31 22:46:20.559973,2025-07-31 22:53:57.966421,0 days 00:07:37.406448,13,11,50,17,1.6713810007897978,COMPLETE
525,10408.191561558315,2025-07-31 22:46:20.633024,2025-07-31 22:54:03.521119,0 days 00:07:42.888095,13,19,49,17,1.6887831393522315,COMPLETE
526,9062.083876219249,2025-07-31 22:46:20.768796,2025-07-31 22:51:38.491721,0 days 00:05:17.722925,19,19,50,15,1.629600226890183,COMPLETE
527,8431.438502944122,2025-07-31 22:46:20.793280,2025-07-31 22:51:37.422448,0 days 00:05:16.629168,20,11,49,16,2.531911037474335,COMPLETE
528,15099.359064586823,2025-07-31 22:46:20.846214,2025-07-31 22:51:26.679028,0 days 00:05:05.832814,19,11,49,17,1.6704947962225791,COMPLETE
529,14464.006888175903,2025-07-31 22:46:20.940782,2025-07-31 22:55:06.739992,0 days 00:08:45.799210,19,11,50,17,2.5685426580595365,COMPLETE
530,8682.840905772691,2025-07-31 22:46:20.991365,2025-07-31 22:54:05.162280,0 days 00:07:44.170915,13,11,50,17,1.65954330746977,COMPLETE
531,8397.535196720706,2025-07-31 22:46:21.013523,2025-07-31 22:49:25.914638,0 days 00:03:04.901115,13,11,49,17,1.6922640001568907,COMPLETE
532,8682.840905772691,2025-07-31 22:46:21.066419,2025-07-31 22:49:24.410155,0 days 00:03:03.343736,13,11,50,19,1.6463705997566918,COMPLETE
533,8682.840905772691,2025-07-31 22:46:21.124343,2025-07-31 22:51:37.434841,0 days 00:05:16.310498,13,11,50,18,1.6428699646161602,COMPLETE
534,9067.85653955947,2025-07-31 22:46:21.428456,2025-07-31 22:55:11.271014,0 days 00:08:49.842558,13,16,50,16,1.6386889029329514,COMPLETE
535,8682.840905772691,2025-07-31 22:46:21.765479,2025-07-31 22:49:23.472181,0 days 00:03:01.706702,13,11,50,17,1.6483847207225442,COMPLETE
536,8682.840905772691,2025-07-31 22:46:21.995329,2025-07-31 22:51:39.964287,0 days 00:05:17.968958,13,11,50,17,1.6624500785124767,COMPLETE
537,5131.0409809104585,2025-07-31 22:46:22.142319,2025-07-31 22:51:43.577092,0 days 00:05:21.434773,13,16,50,17,1.6666046707574043,COMPLETE
538,8257.45312887427,2025-07-31 22:46:22.736693,2025-07-31 22:55:19.653974,0 days 00:08:56.917281,19,18,49,18,2.0040475640659943,COMPLETE
539,24668.838386777836,2025-07-31 22:46:22.788428,2025-07-31 22:54:10.222902,0 days 00:07:47.434474,19,11,50,7,1.641896445219509,COMPLETE
540,8431.438502944122,2025-07-31 22:46:22.925904,2025-07-31 22:49:29.636584,0 days 00:03:06.710680,20,11,49,18,2.503820004335759,COMPLETE
541,9527.28987946986,2025-07-31 22:46:23.382669,2025-07-31 22:51:43.263780,0 days 00:05:19.881111,20,11,49,17,1.6390591037204925,COMPLETE
542,6874.956735572885,2025-07-31 22:46:23.583848,2025-07-31 22:51:34.859027,0 days 00:05:11.275179,19,18,50,18,1.877219125452783,COMPLETE
543,6874.956735572885,2025-07-31 22:46:23.608276,2025-07-31 22:49:30.268922,0 days 00:03:06.660646,19,18,50,17,1.6325936122165523,COMPLETE
544,6874.956735572885,2025-07-31 22:46:23.653479,2025-07-31 22:54:17.268861,0 days 00:07:53.615382,19,18,50,19,1.6307261712985452,COMPLETE
545,6967.165704703599,2025-07-31 22:46:23.756435,2025-07-31 22:51:48.735602,0 days 00:05:24.979167,19,18,48,18,1.6485587906068642,COMPLETE
546,6874.956735572885,2025-07-31 22:46:23.804871,2025-07-31 22:54:14.771575,0 days 00:07:50.966704,19,18,50,18,1.649523292713109,COMPLETE
547,6874.956735572885,2025-07-31 22:46:23.845907,2025-07-31 22:54:13.649982,0 days 00:07:49.804075,19,18,50,17,1.6391099600515344,COMPLETE
548,6874.956735572885,2025-07-31 22:46:23.927027,2025-07-31 22:55:14.333927,0 days 00:08:50.406900,19,18,50,17,1.653693402144512,COMPLETE
549,6874.956735572885,2025-07-31 22:46:23.946100,2025-07-31 22:49:31.878318,0 days 00:03:07.932218,19,18,50,18,1.639794632675692,COMPLETE
550,6874.956735572885,2025-07-31 22:46:24.015189,2025-07-31 22:51:47.827525,0 days 00:05:23.812336,19,18,50,19,1.6049965977486662,COMPLETE
551,6874.956735572885,2025-07-31 22:46:24.016686,2025-07-31 22:54:07.192036,0 days 00:07:43.175350,19,18,50,19,1.6678679682877864,COMPLETE
552,8770.146119757197,2025-07-31 22:46:24.074252,2025-07-31 22:49:32.559900,0 days 00:03:08.485648,20,18,50,6,1.6090168237510118,COMPLETE
553,7972.2655716013105,2025-07-31 22:46:24.089188,2025-07-31 22:49:36.445463,0 days 00:03:12.356275,19,18,49,6,2.477353822701087,COMPLETE
554,6874.956735572885,2025-07-31 22:46:24.091356,2025-07-31 22:54:05.840559,0 days 00:07:41.749203,19,18,50,18,1.6366664509459306,COMPLETE
555,6874.956735572885,2025-07-31 22:46:24.115603,2025-07-31 22:54:13.259245,0 days 00:07:49.143642,19,18,50,6,1.8733560608185509,COMPLETE
556,6874.956735572885,2025-07-31 22:46:24.121774,2025-07-31 22:55:23.289129,0 days 00:08:59.167355,19,18,50,19,1.6645840714648712,COMPLETE
557,6874.956735572885,2025-07-31 22:46:24.128245,2025-07-31 22:51:46.912240,0 days 00:05:22.783995,19,18,50,6,1.6394685266068085,COMPLETE
558,6874.956735572885,2025-07-31 22:46:24.140786,2025-07-31 22:51:55.346205,0 days 00:05:31.205419,19,18,50,19,1.6360832685939917,COMPLETE
559,6874.956735572885,2025-07-31 22:46:24.150924,2025-07-31 22:51:53.637970,0 days 00:05:29.487046,19,18,50,19,1.652191336302832,COMPLETE
560,6874.956735572885,2025-07-31 22:46:24.159306,2025-07-31 22:49:36.185798,0 days 00:03:12.026492,19,18,50,19,1.629711271721704,COMPLETE
561,12261.649226124904,2025-07-31 22:46:24.179961,2025-07-31 22:51:53.859270,0 days 00:05:29.679309,19,10,50,19,1.617053564025088,COMPLETE
562,15574.99946945098,2025-07-31 22:46:24.194145,2025-07-31 22:49:38.999740,0 days 00:03:14.805595,19,18,44,20,1.6280215518963626,COMPLETE
563,6874.956735572885,2025-07-31 22:46:24.209799,2025-07-31 22:49:33.805340,0 days 00:03:09.595541,19,18,50,18,1.6448795798953733,COMPLETE
564,6874.956735572885,2025-07-31 22:46:24.231646,2025-07-31 22:54:12.159386,0 days 00:07:47.927740,19,18,50,18,1.6590077259719445,COMPLETE
565,7999.2413270653515,2025-07-31 22:46:24.250902,2025-07-31 22:51:58.993256,0 days 00:05:34.742354,19,18,49,19,1.6485237167039029,COMPLETE
566,6874.956735572885,2025-07-31 22:46:24.257779,2025-07-31 22:49:33.796653,0 days 00:03:09.538874,19,18,50,17,1.6346292217478615,COMPLETE
567,15574.99946945098,2025-07-31 22:46:24.259943,2025-07-31 22:48:01.725256,0 days 00:01:37.465313,19,18,44,19,1.6439624618458808,COMPLETE
568,12261.649226124904,2025-07-31 22:46:24.265839,2025-07-31 22:54:12.165524,0 days 00:07:47.899685,19,10,50,18,1.6460568921714929,COMPLETE
569,6874.956735572885,2025-07-31 22:46:24.267362,2025-07-31 22:51:55.722958,0 days 00:05:31.455596,19,18,50,5,1.6416397131823541,COMPLETE
570,6874.956735572885,2025-07-31 22:46:24.270258,2025-07-31 22:49:37.719602,0 days 00:03:13.449344,19,18,50,6,1.6528282595505157,COMPLETE
571,6874.956735572885,2025-07-31 22:46:24.271058,2025-07-31 22:49:42.614448,0 days 00:03:18.343390,19,18,50,6,1.6413902339473068,COMPLETE
572,6874.956735572885,2025-07-31 22:46:24.272302,2025-07-31 22:48:03.631525,0 days 00:01:39.359223,19,18,50,18,1.6536039267020348,COMPLETE
573,6874.956735572885,2025-07-31 22:46:24.273367,2025-07-31 22:52:06.492042,0 days 00:05:42.218675,19,18,50,18,1.5876848854098509,COMPLETE
574,7804.187758078207,2025-07-31 22:46:24.274591,2025-07-31 22:51:59.091581,0 days 00:05:34.816990,19,20,50,19,1.6386105770566317,COMPLETE
575,15148.358220596183,2025-07-31 22:46:24.283233,2025-07-31 22:51:58.490622,0 days 00:05:34.207389,19,11,50,6,1.6128762383963366,COMPLETE
576,15574.99946945098,2025-07-31 22:46:24.286290,2025-07-31 22:51:58.060805,0 days 00:05:33.774515,19,18,44,6,1.6547660315019608,COMPLETE
577,6874.956735572885,2025-07-31 22:46:24.287632,2025-07-31 22:54:26.355802,0 days 00:08:02.068170,19,18,50,11,1.6249609129869844,COMPLETE
578,6874.956735572885,2025-07-31 22:46:24.289170,2025-07-31 22:54:28.121690,0 days 00:08:03.832520,19,18,50,18,1.6421034134138475,COMPLETE
579,6874.956735572885,2025-07-31 22:46:24.290931,2025-07-31 22:51:56.098784,0 days 00:05:31.807853,19,18,50,19,1.8512010035109117,COMPLETE
580,6874.956735572885,2025-07-31 22:46:24.292631,2025-07-31 22:48:04.752861,0 days 00:01:40.460230,19,18,50,7,1.6493507306844677,COMPLETE
581,6874.956735572885,2025-07-31 22:46:24.294023,2025-07-31 22:49:40.258880,0 days 00:03:15.964857,19,18,50,19,1.6639348518619288,COMPLETE
582,8257.45312887427,2025-07-31 22:46:24.296084,2025-07-31 22:52:03.549643,0 days 00:05:39.253559,19,18,49,7,1.646291144120425,COMPLETE
583,15574.99946945098,2025-07-31 22:46:24.296662,2025-07-31 22:52:03.058181,0 days 00:05:38.761519,19,18,44,6,1.6109049782025096,COMPLETE
584,6874.956735572885,2025-07-31 22:46:24.298984,2025-07-31 22:54:20.778000,0 days 00:07:56.479016,19,18,50,18,1.6180782187964855,COMPLETE
585,6874.956735572885,2025-07-31 22:46:24.299918,2025-07-31 22:49:43.727926,0 days 00:03:19.428008,19,18,50,18,1.6487814815630153,COMPLETE
586,6874.956735572885,2025-07-31 22:46:24.301611,2025-07-31 22:54:24.685048,0 days 00:08:00.383437,19,18,50,19,1.6428892531968173,COMPLETE
587,6874.956735572885,2025-07-31 22:46:24.305253,2025-07-31 22:49:42.353099,0 days 00:03:18.047846,19,18,50,19,1.643792210731366,COMPLETE
588,6874.956735572885,2025-07-31 22:46:24.306546,2025-07-31 22:49:47.038355,0 days 00:03:22.731809,19,18,50,18,1.6601342471607319,COMPLETE
589,6874.956735572885,2025-07-31 22:46:24.307760,2025-07-31 22:54:23.516548,0 days 00:07:59.208788,19,18,50,6,1.6666997595096056,COMPLETE
590,6874.956735572885,2025-07-31 22:46:24.308490,2025-07-31 22:52:05.031491,0 days 00:05:40.723001,19,18,50,17,1.6636443933251044,COMPLETE
591,6874.956735572885,2025-07-31 22:46:24.310392,2025-07-31 22:52:00.612343,0 days 00:05:36.301951,19,18,50,19,1.8389603428700219,COMPLETE
592,6874.956735572885,2025-07-31 22:46:24.311758,2025-07-31 22:55:18.800957,0 days 00:08:54.489199,19,18,50,19,1.6312347269370122,COMPLETE
593,6874.956735572885,2025-07-31 22:46:24.314137,2025-07-31 22:49:47.793025,0 days 00:03:23.478888,19,18,50,19,1.6719337667079044,COMPLETE
594,6874.956735572885,2025-07-31 22:46:24.315718,2025-07-31 22:49:53.417319,0 days 00:03:29.101601,19,18,50,19,1.631702239763334,COMPLETE
595,6874.956735572885,2025-07-31 22:46:24.317239,2025-07-31 22:51:59.248387,0 days 00:05:34.931148,19,18,50,20,1.6693097506631709,COMPLETE
596,8770.146119757197,2025-07-31 22:46:24.321871,2025-07-31 22:49:46.856500,0 days 00:03:22.534629,20,18,50,6,1.6287608224117756,COMPLETE
597,6874.956735572885,2025-07-31 22:46:24.328476,2025-07-31 22:49:48.909350,0 days 00:03:24.580874,19,18,50,19,1.621560805038131,COMPLETE
598,6874.956735572885,2025-07-31 22:46:24.334056,2025-07-31 22:49:50.991381,0 days 00:03:26.657325,19,18,50,19,1.6451169037872164,COMPLETE
599,6874.956735572885,2025-07-31 22:46:24.334789,2025-07-31 22:52:00.619616,0 days 00:05:36.284827,19,18,50,19,1.6412636459440657,COMPLETE
600,6874.956735572885,2025-07-31 22:46:24.335879,2025-07-31 22:55:20.178188,0 days 00:08:55.842309,19,18,50,18,1.6361050412050748,COMPLETE
601,6874.956735572885,2025-07-31 22:46:24.337322,2025-07-31 22:52:11.438465,0 days 00:05:47.101143,19,18,50,18,1.7020324598152734,COMPLETE
602,6874.956735572885,2025-07-31 22:46:24.340954,2025-07-31 22:52:06.644925,0 days 00:05:42.303971,19,18,50,18,1.8434015807343664,COMPLETE
603,6874.956735572885,2025-07-31 22:46:24.343814,2025-07-31 22:54:26.774923,0 days 00:08:02.431109,19,18,50,18,1.6422527679324723,COMPLETE
604,6874.956735572885,2025-07-31 22:46:24.344744,2025-07-31 22:51:59.489077,0 days 00:05:35.144333,19,18,50,19,1.6403764775030467,COMPLETE
605,15148.358220596183,2025-07-31 22:46:24.346743,2025-07-31 22:52:11.586380,0 days 00:05:47.239637,19,11,50,18,1.6210706495533052,COMPLETE
606,6874.956735572885,2025-07-31 22:46:24.350687,2025-07-31 22:55:21.402615,0 days 00:08:57.051928,19,18,50,19,1.836046161226056,COMPLETE
607,8770.146119757197,2025-07-31 22:46:24.351813,2025-07-31 22:49:45.745829,0 days 00:03:21.394016,20,18,50,17,1.6064717974485656,COMPLETE
608,7590.465837610343,2025-07-31 22:46:24.352949,2025-07-31 22:49:57.260305,0 days 00:03:32.907356,20,18,49,17,1.6294105656738533,COMPLETE
609,6874.956735572885,2025-07-31 22:46:24.357843,2025-07-31 22:55:23.205312,0 days 00:08:58.847469,19,18,50,20,1.6453725838835451,COMPLETE
610,6874.956735572885,2025-07-31 22:46:24.359052,2025-07-31 22:49:51.253527,0 days 00:03:26.894475,19,18,50,18,1.6613164797519397,COMPLETE
611,6059.162964633253,2025-07-31 22:46:24.359883,2025-07-31 22:55:13.945920,0 days 00:08:49.586037,19,18,46,19,1.6165017818283904,COMPLETE
612,6874.956735572885,2025-07-31 22:46:24.365431,2025-07-31 22:52:11.036971,0 days 00:05:46.671540,19,18,50,18,1.6097142377958598,COMPLETE
613,15574.99946945098,2025-07-31 22:46:24.369820,2025-07-31 22:52:14.857857,0 days 00:05:50.488037,19,18,44,19,1.6012249959464282,COMPLETE
614,7804.187758078207,2025-07-31 22:46:24.371540,2025-07-31 22:49:50.493872,0 days 00:03:26.122332,19,20,50,19,1.6475441259653074,COMPLETE
615,6874.956735572885,2025-07-31 22:46:24.372608,2025-07-31 22:52:11.838618,0 days 00:05:47.466010,19,18,50,6,1.6795531527894165,COMPLETE
616,6874.956735572885,2025-07-31 22:46:24.374791,2025-07-31 22:49:50.142507,0 days 00:03:25.767716,19,18,50,18,1.610283011744168,COMPLETE
617,6874.956735572885,2025-07-31 22:46:24.377514,2025-07-31 22:52:01.250302,0 days 00:05:36.872788,19,18,50,19,1.5944559852840878,COMPLETE
618,6874.956735572885,2025-07-31 22:46:24.378811,2025-07-31 22:52:06.054054,0 days 00:05:41.675243,19,18,50,20,1.6453857404337764,COMPLETE
619,6874.956735572885,2025-07-31 22:46:24.381272,2025-07-31 22:54:32.299751,0 days 00:08:07.918479,19,18,50,18,1.6380986940914237,COMPLETE
620,6874.956735572885,2025-07-31 22:46:24.383447,2025-07-31 22:54:21.001376,0 days 00:07:56.617929,19,18,50,17,1.6376099307226593,COMPLETE
621,15574.99946945098,2025-07-31 22:46:24.388387,2025-07-31 22:52:00.666885,0 days 00:05:36.278498,19,18,44,5,1.6049109911236772,COMPLETE
622,6874.956735572885,2025-07-31 22:46:24.389236,2025-07-31 22:52:08.025164,0 days 00:05:43.635928,19,18,50,6,1.6099090608810802,COMPLETE
623,6874.956735572885,2025-07-31 22:46:24.391590,2025-07-31 22:54:33.326787,0 days 00:08:08.935197,19,18,50,18,1.6514807606302926,COMPLETE
624,6874.956735572885,2025-07-31 22:46:24.392199,2025-07-31 22:47:23.969070,0 days 00:00:59.576871,19,18,50,17,1.638519862091961,COMPLETE
625,7298.8149823419435,2025-07-31 22:46:24.393473,2025-07-31 22:49:51.949912,0 days 00:03:27.556439,20,18,50,20,1.6340308260247067,COMPLETE
626,7298.8149823419435,2025-07-31 22:46:24.399412,2025-07-31 22:49:51.617899,0 days 00:03:27.218487,20,18,50,18,1.647531907233857,COMPLETE
627,15574.99946945098,2025-07-31 22:46:24.402835,2025-07-31 22:52:14.455044,0 days 00:05:50.052209,19,18,44,19,1.62139167093693,COMPLETE
628,10740.053809325127,2025-07-31 22:46:24.405174,2025-07-31 22:54:23.406011,0 days 00:07:59.000837,19,20,44,19,1.6748885904104345,COMPLETE
629,6874.956735572885,2025-07-31 22:46:24.407006,2025-07-31 22:52:09.540498,0 days 00:05:45.133492,19,18,50,20,1.8380013561518154,COMPLETE
630,6874.956735572885,2025-07-31 22:46:24.408518,2025-07-31 22:47:27.072471,0 days 00:01:02.663953,19,18,50,19,1.6706737813019945,COMPLETE
631,16197.254773029477,2025-07-31 22:46:24.409362,2025-07-31 22:49:56.490878,0 days 00:03:32.081516,19,11,50,19,1.622307534643842,COMPLETE
632,6874.956735572885,2025-07-31 22:46:24.411084,2025-07-31 22:49:58.195826,0 days 00:03:33.784742,19,18,50,18,1.6467639629778124,COMPLETE
633,6874.956735572885,2025-07-31 22:46:24.412216,2025-07-31 22:52:07.720006,0 days 00:05:43.307790,19,18,50,18,1.6301459141870072,COMPLETE
