number,value,datetime_start,datetime_complete,duration,params_macd_fast,params_macd_signal,params_macd_slow,state
745,43305.81008810051,2025-07-31 22:59:37.699523,2025-07-31 23:02:41.132151,0 days 00:03:03.432628,13,6,19,COMPLETE
746,36163.214311814845,2025-07-31 22:59:37.720201,2025-07-31 23:01:29.588439,0 days 00:01:51.868238,13,6,20,COMPLETE
747,36163.214311814845,2025-07-31 22:59:37.759924,2025-07-31 23:02:40.972468,0 days 00:03:03.212544,13,6,20,COMPLETE
748,24366.044051730918,2025-07-31 22:59:37.773097,2025-07-31 23:02:40.342601,0 days 00:03:02.569504,13,14,20,COMPLETE
749,36163.214311814845,2025-07-31 22:59:37.789949,2025-07-31 23:01:29.010078,0 days 00:01:51.220129,13,6,20,COMPLETE
750,43305.81008810051,2025-07-31 22:59:37.798295,2025-07-31 23:00:31.939972,0 days 00:00:54.141677,13,6,19,COMPLETE
751,43305.81008810051,2025-07-31 22:59:37.800719,2025-07-31 23:03:29.975334,0 days 00:03:52.174615,13,6,19,COMPLETE
752,43305.81008810051,2025-07-31 22:59:37.806166,2025-07-31 23:02:37.266004,0 days 00:02:59.459838,13,6,19,COMPLETE
753,36163.214311814845,2025-07-31 22:59:37.807645,2025-07-31 23:02:39.419207,0 days 00:03:01.611562,13,6,20,COMPLETE
754,43305.81008810051,2025-07-31 22:59:37.811518,2025-07-31 23:01:29.969718,0 days 00:01:52.158200,13,6,19,COMPLETE
755,43305.81008810051,2025-07-31 22:59:37.813156,2025-07-31 23:01:31.563286,0 days 00:01:53.750130,13,6,19,COMPLETE
756,18274.50784054474,2025-07-31 22:59:37.816866,2025-07-31 23:00:33.687591,0 days 00:00:55.870725,13,14,19,COMPLETE
757,36163.214311814845,2025-07-31 22:59:37.818742,2025-07-31 23:03:29.122794,0 days 00:03:51.304052,13,6,20,COMPLETE
758,47012.37010762141,2025-07-31 22:59:37.835448,2025-07-31 23:02:43.221766,0 days 00:03:05.386318,12,6,20,COMPLETE
759,43305.81008810051,2025-07-31 22:59:37.857792,2025-07-31 23:02:41.318410,0 days 00:03:03.460618,13,6,19,COMPLETE
760,43305.81008810051,2025-07-31 22:59:37.899540,2025-07-31 23:03:45.569989,0 days 00:04:07.670449,13,6,19,COMPLETE
761,43305.81008810051,2025-07-31 22:59:37.902958,2025-07-31 23:01:31.820117,0 days 00:01:53.917159,13,6,19,COMPLETE
762,40128.50469021917,2025-07-31 22:59:37.923055,2025-07-31 23:01:31.755203,0 days 00:01:53.832148,13,6,22,COMPLETE
763,36163.214311814845,2025-07-31 22:59:37.929595,2025-07-31 23:02:43.053079,0 days 00:03:05.123484,13,6,20,COMPLETE
764,43305.81008810051,2025-07-31 22:59:37.943552,2025-07-31 23:01:31.889382,0 days 00:01:53.945830,13,6,19,COMPLETE
765,40128.50469021917,2025-07-31 22:59:37.966006,2025-07-31 23:02:41.834858,0 days 00:03:03.868852,13,6,22,COMPLETE
766,43305.81008810051,2025-07-31 22:59:37.969223,2025-07-31 23:03:30.385016,0 days 00:03:52.415793,13,6,19,COMPLETE
767,43305.81008810051,2025-07-31 22:59:37.982057,2025-07-31 23:02:41.925975,0 days 00:03:03.943918,13,6,19,COMPLETE
768,116173.09100612126,2025-07-31 22:59:38.018822,2025-07-31 23:02:43.046226,0 days 00:03:05.027404,13,6,32,COMPLETE
769,40128.50469021917,2025-07-31 22:59:38.058801,2025-07-31 23:01:32.512000,0 days 00:01:54.453199,13,6,22,COMPLETE
770,43305.81008810051,2025-07-31 22:59:38.068130,2025-07-31 23:02:42.758440,0 days 00:03:04.690310,13,6,19,COMPLETE
771,43305.81008810051,2025-07-31 22:59:38.069077,2025-07-31 23:02:43.483258,0 days 00:03:05.414181,13,6,19,COMPLETE
772,43305.81008810051,2025-07-31 22:59:38.129613,2025-07-31 23:02:43.620508,0 days 00:03:05.490895,13,6,19,COMPLETE
773,43305.81008810051,2025-07-31 22:59:38.131438,2025-07-31 23:03:30.099670,0 days 00:03:51.968232,13,6,19,COMPLETE
774,43305.81008810051,2025-07-31 22:59:38.144114,2025-07-31 23:03:28.741147,0 days 00:03:50.597033,13,6,19,COMPLETE
775,43305.81008810051,2025-07-31 22:59:38.145116,2025-07-31 23:01:36.128310,0 days 00:01:57.983194,13,6,19,COMPLETE
776,36163.214311814845,2025-07-31 22:59:38.149270,2025-07-31 23:02:44.672040,0 days 00:03:06.522770,13,6,20,COMPLETE
777,43305.81008810051,2025-07-31 22:59:38.151808,2025-07-31 23:01:34.644537,0 days 00:01:56.492729,13,6,19,COMPLETE
778,43305.81008810051,2025-07-31 22:59:38.154607,2025-07-31 23:03:29.566857,0 days 00:03:51.412250,13,6,19,COMPLETE
779,43305.81008810051,2025-07-31 22:59:38.162451,2025-07-31 23:02:46.732726,0 days 00:03:08.570275,13,6,19,COMPLETE
780,43305.81008810051,2025-07-31 22:59:38.168420,2025-07-31 23:02:45.115214,0 days 00:03:06.946794,13,6,19,COMPLETE
781,36163.214311814845,2025-07-31 22:59:38.175381,2025-07-31 23:03:29.957506,0 days 00:03:51.782125,13,6,20,COMPLETE
782,43305.81008810051,2025-07-31 22:59:38.178063,2025-07-31 23:00:34.821182,0 days 00:00:56.643119,13,6,19,COMPLETE
783,36163.214311814845,2025-07-31 22:59:38.185246,2025-07-31 23:03:32.731638,0 days 00:03:54.546392,13,6,20,COMPLETE
784,36163.214311814845,2025-07-31 22:59:38.222913,2025-07-31 23:03:33.545242,0 days 00:03:55.322329,13,6,20,COMPLETE
785,43305.81008810051,2025-07-31 22:59:38.243004,2025-07-31 23:00:37.924254,0 days 00:00:59.681250,13,6,19,COMPLETE
786,36163.214311814845,2025-07-31 22:59:38.256547,2025-07-31 23:02:48.234441,0 days 00:03:09.977894,13,6,20,COMPLETE
787,43305.81008810051,2025-07-31 22:59:38.272579,2025-07-31 23:01:36.277713,0 days 00:01:58.005134,13,6,19,COMPLETE
788,36163.214311814845,2025-07-31 22:59:38.310126,2025-07-31 23:02:46.927984,0 days 00:03:08.617858,13,6,20,COMPLETE
789,43305.81008810051,2025-07-31 22:59:38.357549,2025-07-31 23:03:33.202474,0 days 00:03:54.844925,13,6,19,COMPLETE
790,43305.81008810051,2025-07-31 22:59:38.381143,2025-07-31 23:02:48.328351,0 days 00:03:09.947208,13,6,19,COMPLETE
791,36163.214311814845,2025-07-31 22:59:38.390308,2025-07-31 23:03:36.318396,0 days 00:03:57.928088,13,6,20,COMPLETE
792,31735.58554146895,2025-07-31 22:59:38.476439,2025-07-31 23:01:36.729795,0 days 00:01:58.253356,13,10,19,COMPLETE
793,43305.81008810051,2025-07-31 22:59:38.520553,2025-07-31 23:01:37.963087,0 days 00:01:59.442534,13,6,19,COMPLETE
794,43305.81008810051,2025-07-31 22:59:38.529323,2025-07-31 23:01:37.194985,0 days 00:01:58.665662,13,6,19,COMPLETE
795,43305.81008810051,2025-07-31 22:59:38.590913,2025-07-31 23:02:47.238821,0 days 00:03:08.647908,13,6,19,COMPLETE
796,40128.50469021917,2025-07-31 22:59:38.592552,2025-07-31 23:00:37.270093,0 days 00:00:58.677541,13,6,22,COMPLETE
797,36163.214311814845,2025-07-31 22:59:38.623707,2025-07-31 23:02:53.216505,0 days 00:03:14.592798,13,6,20,COMPLETE
798,18274.50784054474,2025-07-31 22:59:38.659462,2025-07-31 23:02:50.882046,0 days 00:03:12.222584,13,14,19,COMPLETE
799,36163.214311814845,2025-07-31 22:59:38.668705,2025-07-31 23:02:50.615619,0 days 00:03:11.946914,13,6,20,COMPLETE
800,40128.50469021917,2025-07-31 22:59:38.671103,2025-07-31 23:02:48.738067,0 days 00:03:10.066964,13,6,22,COMPLETE
801,40128.50469021917,2025-07-31 22:59:38.677300,2025-07-31 23:00:38.394881,0 days 00:00:59.717581,13,6,22,COMPLETE
802,36163.214311814845,2025-07-31 22:59:38.685638,2025-07-31 23:02:52.782723,0 days 00:03:14.097085,13,6,20,COMPLETE
803,40128.50469021917,2025-07-31 22:59:38.704918,2025-07-31 23:02:50.888898,0 days 00:03:12.183980,13,6,22,COMPLETE
804,113809.3802733805,2025-07-31 22:59:38.734809,2025-07-31 23:03:44.586645,0 days 00:04:05.851836,13,6,18,COMPLETE
805,43305.81008810051,2025-07-31 22:59:38.741701,2025-07-31 23:03:45.021572,0 days 00:04:06.279871,13,6,19,COMPLETE
806,40128.50469021917,2025-07-31 22:59:38.769128,2025-07-31 23:02:50.644375,0 days 00:03:11.875247,13,6,22,COMPLETE
807,36163.214311814845,2025-07-31 22:59:38.793627,2025-07-31 23:01:38.753547,0 days 00:01:59.959920,13,6,20,COMPLETE
808,36163.214311814845,2025-07-31 22:59:38.795433,2025-07-31 23:03:32.339883,0 days 00:03:53.544450,13,6,20,COMPLETE
809,49422.93685142166,2025-07-31 22:59:38.796829,2025-07-31 23:01:39.506434,0 days 00:02:00.709605,13,6,23,COMPLETE
810,43305.81008810051,2025-07-31 22:59:38.798272,2025-07-31 23:03:35.024002,0 days 00:03:56.225730,13,6,19,COMPLETE
811,40128.50469021917,2025-07-31 22:59:38.799291,2025-07-31 23:01:38.596697,0 days 00:01:59.797406,13,6,22,COMPLETE
812,43305.81008810051,2025-07-31 22:59:38.804551,2025-07-31 23:00:38.695769,0 days 00:00:59.891218,13,6,19,COMPLETE
813,36163.214311814845,2025-07-31 22:59:38.814103,2025-07-31 23:02:54.166620,0 days 00:03:15.352517,13,6,20,COMPLETE
814,40128.50469021917,2025-07-31 22:59:38.819751,2025-07-31 23:01:42.410843,0 days 00:02:03.591092,13,6,22,COMPLETE
815,43305.81008810051,2025-07-31 22:59:38.823507,2025-07-31 23:01:42.233230,0 days 00:02:03.409723,13,6,19,COMPLETE
816,40128.50469021917,2025-07-31 22:59:38.832478,2025-07-31 23:03:44.970086,0 days 00:04:06.137608,13,6,22,COMPLETE
817,49422.93685142166,2025-07-31 22:59:38.833711,2025-07-31 23:00:38.776430,0 days 00:00:59.942719,13,6,23,COMPLETE
818,24366.044051730918,2025-07-31 22:59:38.836297,2025-07-31 23:03:35.740868,0 days 00:03:56.904571,13,14,20,COMPLETE
819,36163.214311814845,2025-07-31 22:59:38.837418,2025-07-31 23:01:39.593167,0 days 00:02:00.755749,13,6,20,COMPLETE
820,36163.214311814845,2025-07-31 22:59:38.838540,2025-07-31 23:02:49.429587,0 days 00:03:10.591047,13,6,20,COMPLETE
821,43305.81008810051,2025-07-31 22:59:38.841191,2025-07-31 23:01:41.479764,0 days 00:02:02.638573,13,6,19,COMPLETE
822,36163.214311814845,2025-07-31 22:59:38.846075,2025-07-31 23:00:39.806702,0 days 00:01:00.960627,13,6,20,COMPLETE
823,36163.214311814845,2025-07-31 22:59:38.848084,2025-07-31 23:02:52.261497,0 days 00:03:13.413413,13,6,20,COMPLETE
824,35776.294374992634,2025-07-31 22:59:38.852780,2025-07-31 23:03:28.935021,0 days 00:03:50.082241,14,6,19,COMPLETE
825,18274.50784054474,2025-07-31 22:59:38.854343,2025-07-31 23:02:53.132905,0 days 00:03:14.278562,13,14,19,COMPLETE
826,36163.214311814845,2025-07-31 22:59:38.855422,2025-07-31 23:01:43.795076,0 days 00:02:04.939654,13,6,20,COMPLETE
827,43305.81008810051,2025-07-31 22:59:38.858772,2025-07-31 23:01:43.394037,0 days 00:02:04.535265,13,6,19,COMPLETE
828,43305.81008810051,2025-07-31 22:59:38.861305,2025-07-31 23:02:50.488671,0 days 00:03:11.627366,13,6,19,COMPLETE
829,40128.50469021917,2025-07-31 22:59:38.863491,2025-07-31 23:03:43.727732,0 days 00:04:04.864241,13,6,22,COMPLETE
830,36163.214311814845,2025-07-31 22:59:38.867017,2025-07-31 23:01:44.571817,0 days 00:02:05.704800,13,6,20,COMPLETE
831,43305.81008810051,2025-07-31 22:59:38.870129,2025-07-31 23:01:43.768653,0 days 00:02:04.898524,13,6,19,COMPLETE
832,43305.81008810051,2025-07-31 22:59:38.872530,2025-07-31 23:02:52.534949,0 days 00:03:13.662419,13,6,19,COMPLETE
833,35776.294374992634,2025-07-31 22:59:38.874206,2025-07-31 23:01:45.406246,0 days 00:02:06.532040,14,6,19,COMPLETE
834,36163.214311814845,2025-07-31 22:59:38.881677,2025-07-31 23:03:35.048414,0 days 00:03:56.166737,13,6,20,COMPLETE
835,36163.214311814845,2025-07-31 22:59:38.884833,2025-07-31 23:02:56.667102,0 days 00:03:17.782269,13,6,20,COMPLETE
836,43305.81008810051,2025-07-31 22:59:38.888789,2025-07-31 23:02:54.049552,0 days 00:03:15.160763,13,6,19,COMPLETE
837,43305.81008810051,2025-07-31 22:59:38.890325,2025-07-31 23:01:43.502922,0 days 00:02:04.612597,13,6,19,COMPLETE
838,43305.81008810051,2025-07-31 22:59:38.892056,2025-07-31 23:02:54.001156,0 days 00:03:15.109100,13,6,19,COMPLETE
839,43305.81008810051,2025-07-31 22:59:38.894241,2025-07-31 23:01:46.737671,0 days 00:02:07.843430,13,6,19,COMPLETE
840,43305.81008810051,2025-07-31 22:59:38.897461,2025-07-31 23:02:56.684719,0 days 00:03:17.787258,13,6,19,COMPLETE
841,43305.81008810051,2025-07-31 22:59:38.900312,2025-07-31 23:02:59.661479,0 days 00:03:20.761167,13,6,19,COMPLETE
842,43305.81008810051,2025-07-31 22:59:38.905394,2025-07-31 23:02:55.679188,0 days 00:03:16.773794,13,6,19,COMPLETE
843,43305.81008810051,2025-07-31 22:59:38.906388,2025-07-31 23:01:45.801522,0 days 00:02:06.895134,13,6,19,COMPLETE
844,43305.81008810051,2025-07-31 22:59:38.909670,2025-07-31 23:01:45.610105,0 days 00:02:06.700435,13,6,19,COMPLETE
845,43305.81008810051,2025-07-31 22:59:38.919571,2025-07-31 23:02:55.076963,0 days 00:03:16.157392,13,6,19,COMPLETE
846,43305.81008810051,2025-07-31 22:59:38.920609,2025-07-31 23:03:36.102192,0 days 00:03:57.181583,13,6,19,COMPLETE
847,43305.81008810051,2025-07-31 22:59:38.924753,2025-07-31 23:01:46.591853,0 days 00:02:07.667100,13,6,19,COMPLETE
848,36163.214311814845,2025-07-31 22:59:38.930700,2025-07-31 23:02:57.245844,0 days 00:03:18.315144,13,6,20,COMPLETE
849,40128.50469021917,2025-07-31 22:59:38.932651,2025-07-31 23:02:56.692237,0 days 00:03:17.759586,13,6,22,COMPLETE
850,43305.81008810051,2025-07-31 22:59:38.936172,2025-07-31 23:02:57.567820,0 days 00:03:18.631648,13,6,19,COMPLETE
851,43305.81008810051,2025-07-31 22:59:38.937849,2025-07-31 23:01:47.745810,0 days 00:02:08.807961,13,6,19,COMPLETE
852,43305.81008810051,2025-07-31 22:59:38.939822,2025-07-31 23:03:45.598459,0 days 00:04:06.658637,13,6,19,COMPLETE
853,43305.81008810051,2025-07-31 22:59:38.942087,2025-07-31 23:02:57.873161,0 days 00:03:18.931074,13,6,19,COMPLETE
854,43305.81008810051,2025-07-31 22:59:38.944965,2025-07-31 23:01:46.993498,0 days 00:02:08.048533,13,6,19,COMPLETE
855,36163.214311814845,2025-07-31 22:59:38.946758,2025-07-31 23:02:58.158469,0 days 00:03:19.211711,13,6,20,COMPLETE
856,49422.93685142166,2025-07-31 22:59:38.951318,2025-07-31 23:03:00.092599,0 days 00:03:21.141281,13,6,23,COMPLETE
857,49422.93685142166,2025-07-31 22:59:38.954029,2025-07-31 23:03:34.934219,0 days 00:03:55.980190,13,6,23,COMPLETE
858,36163.214311814845,2025-07-31 22:59:38.955342,2025-07-31 23:03:36.715382,0 days 00:03:57.760040,13,6,20,COMPLETE
859,36163.214311814845,2025-07-31 22:59:38.959280,2025-07-31 23:03:35.801958,0 days 00:03:56.842678,13,6,20,COMPLETE
860,43305.81008810051,2025-07-31 22:59:38.961840,2025-07-31 23:03:00.292073,0 days 00:03:21.330233,13,6,19,COMPLETE
861,36163.214311814845,2025-07-31 22:59:38.963378,2025-07-31 23:01:49.019724,0 days 00:02:10.056346,13,6,20,COMPLETE
862,36163.214311814845,2025-07-31 22:59:38.967642,2025-07-31 23:03:36.633927,0 days 00:03:57.666285,13,6,20,COMPLETE
863,43305.81008810051,2025-07-31 22:59:38.969298,2025-07-31 23:02:58.810099,0 days 00:03:19.840801,13,6,19,COMPLETE
864,36163.214311814845,2025-07-31 22:59:38.972178,2025-07-31 23:03:01.155276,0 days 00:03:22.183098,13,6,20,COMPLETE
865,43305.81008810051,2025-07-31 22:59:38.973479,2025-07-31 23:03:44.901687,0 days 00:04:05.928208,13,6,19,COMPLETE
866,43305.81008810051,2025-07-31 22:59:38.982094,2025-07-31 23:03:00.370469,0 days 00:03:21.388375,13,6,19,COMPLETE
867,43305.81008810051,2025-07-31 22:59:38.986596,2025-07-31 23:03:02.044895,0 days 00:03:23.058299,13,6,19,COMPLETE
868,36163.214311814845,2025-07-31 22:59:38.988916,2025-07-31 23:03:33.254166,0 days 00:03:54.265250,13,6,20,COMPLETE
869,43305.81008810051,2025-07-31 22:59:38.995527,2025-07-31 23:03:00.860503,0 days 00:03:21.864976,13,6,19,COMPLETE
870,43305.81008810051,2025-07-31 22:59:38.997760,2025-07-31 23:03:45.554200,0 days 00:04:06.556440,13,6,19,COMPLETE
871,25434.11997606699,2025-07-31 22:59:38.999552,2025-07-31 23:01:50.266942,0 days 00:02:11.267390,13,14,22,COMPLETE
872,43305.81008810051,2025-07-31 22:59:39.003309,2025-07-31 23:01:52.548714,0 days 00:02:13.545405,13,6,19,COMPLETE
873,36163.214311814845,2025-07-31 22:59:39.005935,2025-07-31 23:01:52.711228,0 days 00:02:13.705293,13,6,20,COMPLETE
874,43305.81008810051,2025-07-31 22:59:39.007694,2025-07-31 23:03:02.064176,0 days 00:03:23.056482,13,6,19,COMPLETE
875,40128.50469021917,2025-07-31 22:59:39.010365,2025-07-31 23:01:52.329986,0 days 00:02:13.319621,13,6,22,COMPLETE
876,18274.50784054474,2025-07-31 22:59:39.011350,2025-07-31 23:03:03.220574,0 days 00:03:24.209224,13,14,19,COMPLETE
877,43305.81008810051,2025-07-31 22:59:39.015038,2025-07-31 23:03:01.650686,0 days 00:03:22.635648,13,6,19,COMPLETE
878,49422.93685142166,2025-07-31 22:59:39.019520,2025-07-31 23:03:01.919982,0 days 00:03:22.900462,13,6,23,COMPLETE
879,43305.81008810051,2025-07-31 22:59:39.022484,2025-07-31 23:01:55.114602,0 days 00:02:16.092118,13,6,19,COMPLETE
880,43305.81008810051,2025-07-31 22:59:39.029089,2025-07-31 23:03:01.541439,0 days 00:03:22.512350,13,6,19,COMPLETE
881,43305.81008810051,2025-07-31 22:59:39.032282,2025-07-31 23:03:39.957272,0 days 00:04:00.924990,13,6,19,COMPLETE
882,36163.214311814845,2025-07-31 22:59:39.033657,2025-07-31 23:03:04.462214,0 days 00:03:25.428557,13,6,20,COMPLETE
883,43305.81008810051,2025-07-31 22:59:39.035241,2025-07-31 23:03:00.159818,0 days 00:03:21.124577,13,6,19,COMPLETE
884,25434.11997606699,2025-07-31 22:59:39.037573,2025-07-31 23:03:42.327763,0 days 00:04:03.290190,13,14,22,COMPLETE
885,43305.81008810051,2025-07-31 22:59:39.038727,2025-07-31 23:03:39.495250,0 days 00:04:00.456523,13,6,19,COMPLETE
886,43305.81008810051,2025-07-31 22:59:39.044993,2025-07-31 23:03:00.115099,0 days 00:03:21.070106,13,6,19,COMPLETE
887,36163.214311814845,2025-07-31 22:59:39.048079,2025-07-31 23:01:54.938338,0 days 00:02:15.890259,13,6,20,COMPLETE
888,43305.81008810051,2025-07-31 22:59:39.049787,2025-07-31 23:01:54.302203,0 days 00:02:15.252416,13,6,19,COMPLETE
889,43305.81008810051,2025-07-31 22:59:39.054165,2025-07-31 23:01:56.746445,0 days 00:02:17.692280,13,6,19,COMPLETE
890,36163.214311814845,2025-07-31 22:59:39.057068,2025-07-31 23:03:37.756282,0 days 00:03:58.699214,13,6,20,COMPLETE
891,43305.81008810051,2025-07-31 22:59:39.058943,2025-07-31 23:03:03.767325,0 days 00:03:24.708382,13,6,19,COMPLETE
892,36163.214311814845,2025-07-31 22:59:39.060952,2025-07-31 23:01:53.700280,0 days 00:02:14.639328,13,6,20,COMPLETE
893,36163.214311814845,2025-07-31 22:59:39.063774,2025-07-31 23:01:54.894927,0 days 00:02:15.831153,13,6,20,COMPLETE
894,36163.214311814845,2025-07-31 22:59:39.066276,2025-07-31 23:03:04.717403,0 days 00:03:25.651127,13,6,20,COMPLETE
895,43305.81008810051,2025-07-31 22:59:39.067808,2025-07-31 23:01:55.579933,0 days 00:02:16.512125,13,6,19,COMPLETE
896,36163.214311814845,2025-07-31 22:59:39.069633,2025-07-31 23:03:38.007969,0 days 00:03:58.938336,13,6,20,COMPLETE
897,43305.81008810051,2025-07-31 22:59:39.071164,2025-07-31 23:01:55.365533,0 days 00:02:16.294369,13,6,19,COMPLETE
898,36163.214311814845,2025-07-31 22:59:39.073238,2025-07-31 23:03:06.349843,0 days 00:03:27.276605,13,6,20,COMPLETE
899,43305.81008810051,2025-07-31 22:59:39.078360,2025-07-31 23:03:38.837034,0 days 00:03:59.758674,13,6,19,COMPLETE
900,43305.81008810051,2025-07-31 22:59:39.079340,2025-07-31 23:01:56.709163,0 days 00:02:17.629823,13,6,19,COMPLETE
901,36163.214311814845,2025-07-31 22:59:39.083788,2025-07-31 23:03:40.327120,0 days 00:04:01.243332,13,6,20,COMPLETE
902,43305.81008810051,2025-07-31 22:59:39.085002,2025-07-31 23:03:05.187678,0 days 00:03:26.102676,13,6,19,COMPLETE
903,43305.81008810051,2025-07-31 22:59:39.086644,2025-07-31 23:03:04.655141,0 days 00:03:25.568497,13,6,19,COMPLETE
904,43305.81008810051,2025-07-31 22:59:39.088812,2025-07-31 23:03:02.052305,0 days 00:03:22.963493,13,6,19,COMPLETE
905,43305.81008810051,2025-07-31 22:59:39.092600,2025-07-31 23:03:09.053286,0 days 00:03:29.960686,13,6,19,COMPLETE
906,43305.81008810051,2025-07-31 22:59:39.093964,2025-07-31 23:03:04.059166,0 days 00:03:24.965202,13,6,19,COMPLETE
907,43305.81008810051,2025-07-31 22:59:39.097092,2025-07-31 23:01:56.598112,0 days 00:02:17.501020,13,6,19,COMPLETE
908,116173.09100612126,2025-07-31 22:59:39.099013,2025-07-31 23:03:38.393134,0 days 00:03:59.294121,13,6,32,COMPLETE
909,35776.294374992634,2025-07-31 22:59:39.102590,2025-07-31 23:03:37.820526,0 days 00:03:58.717936,14,6,19,COMPLETE
910,36163.214311814845,2025-07-31 22:59:39.105526,2025-07-31 23:03:07.515470,0 days 00:03:28.409944,13,6,20,COMPLETE
911,36163.214311814845,2025-07-31 22:59:39.107010,2025-07-31 23:03:05.159784,0 days 00:03:26.052774,13,6,20,COMPLETE
912,36163.214311814845,2025-07-31 22:59:39.111515,2025-07-31 23:01:56.592005,0 days 00:02:17.480490,13,6,20,COMPLETE
913,40128.50469021917,2025-07-31 22:59:39.113476,2025-07-31 23:03:07.756717,0 days 00:03:28.643241,13,6,22,COMPLETE
914,43305.81008810051,2025-07-31 22:59:39.114977,2025-07-31 23:03:06.157259,0 days 00:03:27.042282,13,6,19,COMPLETE
915,36163.214311814845,2025-07-31 22:59:39.117144,2025-07-31 23:03:06.536015,0 days 00:03:27.418871,13,6,20,COMPLETE
916,36163.214311814845,2025-07-31 22:59:39.118796,2025-07-31 23:03:09.022651,0 days 00:03:29.903855,13,6,20,COMPLETE
917,43305.81008810051,2025-07-31 22:59:39.119809,2025-07-31 23:03:02.827450,0 days 00:03:23.707641,13,6,19,COMPLETE
918,43305.81008810051,2025-07-31 22:59:39.120546,2025-07-31 23:03:06.072574,0 days 00:03:26.952028,13,6,19,COMPLETE
919,36163.214311814845,2025-07-31 22:59:39.124266,2025-07-31 23:03:40.967836,0 days 00:04:01.843570,13,6,20,COMPLETE
920,36163.214311814845,2025-07-31 22:59:39.125611,2025-07-31 23:03:10.996822,0 days 00:03:31.871211,13,6,20,COMPLETE
921,36163.214311814845,2025-07-31 22:59:39.127356,2025-07-31 23:03:06.766905,0 days 00:03:27.639549,13,6,20,COMPLETE
922,36163.214311814845,2025-07-31 22:59:39.129265,2025-07-31 23:01:58.291834,0 days 00:02:19.162569,13,6,20,COMPLETE
923,36163.214311814845,2025-07-31 22:59:39.130509,2025-07-31 23:01:57.449941,0 days 00:02:18.319432,13,6,20,COMPLETE
924,43305.81008810051,2025-07-31 22:59:39.132517,2025-07-31 23:03:39.858951,0 days 00:04:00.726434,13,6,19,COMPLETE
925,43305.81008810051,2025-07-31 22:59:39.134795,2025-07-31 23:03:09.318044,0 days 00:03:30.183249,13,6,19,COMPLETE
926,43305.81008810051,2025-07-31 22:59:39.136280,2025-07-31 23:03:07.237514,0 days 00:03:28.101234,13,6,19,COMPLETE
927,36163.214311814845,2025-07-31 22:59:39.138670,2025-07-31 23:03:09.065634,0 days 00:03:29.926964,13,6,20,COMPLETE
928,43305.81008810051,2025-07-31 22:59:39.141131,2025-07-31 23:00:46.556358,0 days 00:01:07.415227,13,6,19,COMPLETE
929,35776.294374992634,2025-07-31 22:59:39.142781,2025-07-31 23:03:09.960570,0 days 00:03:30.817789,14,6,19,COMPLETE
930,43305.81008810051,2025-07-31 22:59:39.148284,2025-07-31 23:03:11.202171,0 days 00:03:32.053887,13,6,19,COMPLETE
931,40128.50469021917,2025-07-31 22:59:39.153063,2025-07-31 23:02:02.070252,0 days 00:02:22.917189,13,6,22,COMPLETE
932,36163.214311814845,2025-07-31 22:59:39.154954,2025-07-31 23:01:58.135270,0 days 00:02:18.980316,13,6,20,COMPLETE
