number,value,datetime_start,datetime_complete,duration,params_macd_fast,params_macd_signal,params_macd_slow,state
189,7240.025236916316,2025-08-07 13:28:43.575884,2025-08-07 13:28:49.200858,0 days 00:00:05.624974,5,9,35,COMPLETE
190,42203.00046304342,2025-08-07 13:28:43.936081,2025-08-07 13:28:50.608922,0 days 00:00:06.672841,5,9,15,COMPLETE
191,42203.00046304342,2025-08-07 13:28:44.020669,2025-08-07 13:28:51.337796,0 days 00:00:07.317127,5,9,15,COMPLETE
192,42203.00046304342,2025-08-07 13:28:44.214885,2025-08-07 13:28:51.240782,0 days 00:00:07.025897,5,9,15,COMPLETE
193,12333.48362757157,2025-08-07 13:28:44.511733,2025-08-07 13:28:52.988338,0 days 00:00:08.476605,5,10,31,COMPLETE
194,28649.20382432239,2025-08-07 13:28:44.587269,2025-08-07 13:28:51.587781,0 days 00:00:07.000512,5,10,16,COMPLETE
195,28816.61197534258,2025-08-07 13:28:45.263633,2025-08-07 13:28:53.149555,0 days 00:00:07.885922,5,9,16,COMPLETE
196,28816.61197534258,2025-08-07 13:28:45.878820,2025-08-07 13:28:52.708278,0 days 00:00:06.829458,5,9,16,COMPLETE
197,28816.61197534258,2025-08-07 13:28:46.102211,2025-08-07 13:28:52.829164,0 days 00:00:06.726953,5,9,16,COMPLETE
198,9056.954826370791,2025-08-07 13:28:46.298250,2025-08-07 13:28:53.827586,0 days 00:00:07.529336,5,9,36,COMPLETE
199,7240.025236916316,2025-08-07 13:28:46.785276,2025-08-07 13:28:53.720874,0 days 00:00:06.935598,5,9,35,COMPLETE
200,28816.61197534258,2025-08-07 13:28:46.861731,2025-08-07 13:28:54.391360,0 days 00:00:07.529629,5,9,16,COMPLETE
201,28816.61197534258,2025-08-07 13:28:47.093354,2025-08-07 13:28:54.042038,0 days 00:00:06.948684,5,9,16,COMPLETE
202,28816.61197534258,2025-08-07 13:28:47.112715,2025-08-07 13:28:55.142847,0 days 00:00:08.030132,5,9,16,COMPLETE
203,28816.61197534258,2025-08-07 13:28:48.169369,2025-08-07 13:28:55.029546,0 days 00:00:06.860177,5,9,16,COMPLETE
204,28816.61197534258,2025-08-07 13:28:49.302948,2025-08-07 13:28:57.052549,0 days 00:00:07.749601,5,9,16,COMPLETE
205,28816.61197534258,2025-08-07 13:28:49.527673,2025-08-07 13:28:55.840209,0 days 00:00:06.312536,5,9,16,COMPLETE
206,4287.958933049394,2025-08-07 13:28:49.605437,2025-08-07 13:28:56.691106,0 days 00:00:07.085669,11,9,16,COMPLETE
207,28816.61197534258,2025-08-07 13:28:49.684089,2025-08-07 13:28:56.793002,0 days 00:00:07.108913,5,9,16,COMPLETE
208,28816.61197534258,2025-08-07 13:28:49.757138,2025-08-07 13:28:57.548290,0 days 00:00:07.791152,5,9,16,COMPLETE
209,28816.61197534258,2025-08-07 13:28:50.178429,2025-08-07 13:28:57.219086,0 days 00:00:07.040657,5,9,16,COMPLETE
210,28816.61197534258,2025-08-07 13:28:50.653095,2025-08-07 13:28:58.593722,0 days 00:00:07.940627,5,9,16,COMPLETE
211,28816.61197534258,2025-08-07 13:28:51.277097,2025-08-07 13:28:58.723482,0 days 00:00:07.446385,5,9,16,COMPLETE
212,28816.61197534258,2025-08-07 13:28:51.366928,2025-08-07 13:28:58.350205,0 days 00:00:06.983277,5,9,16,COMPLETE
213,28816.61197534258,2025-08-07 13:28:51.636131,2025-08-07 13:28:59.573706,0 days 00:00:07.937575,5,9,16,COMPLETE
214,28816.61197534258,2025-08-07 13:28:52.753747,2025-08-07 13:29:01.093627,0 days 00:00:08.339880,5,9,16,COMPLETE
215,28816.61197534258,2025-08-07 13:28:52.839694,2025-08-07 13:29:00.862331,0 days 00:00:08.022637,5,9,16,COMPLETE
216,28816.61197534258,2025-08-07 13:28:53.105270,2025-08-07 13:29:00.987479,0 days 00:00:07.882209,5,9,16,COMPLETE
217,28816.61197534258,2025-08-07 13:28:53.323607,2025-08-07 13:29:00.822887,0 days 00:00:07.499280,5,9,16,COMPLETE
218,28816.61197534258,2025-08-07 13:28:53.735911,2025-08-07 13:29:00.966353,0 days 00:00:07.230442,5,9,16,COMPLETE
219,28816.61197534258,2025-08-07 13:28:53.864564,2025-08-07 13:29:01.217050,0 days 00:00:07.352486,5,9,16,COMPLETE
220,28816.61197534258,2025-08-07 13:28:54.080434,2025-08-07 13:29:02.262781,0 days 00:00:08.182347,5,9,16,COMPLETE
221,28816.61197534258,2025-08-07 13:28:54.415583,2025-08-07 13:29:01.925396,0 days 00:00:07.509813,5,9,16,COMPLETE
222,28816.61197534258,2025-08-07 13:28:55.045081,2025-08-07 13:29:02.716505,0 days 00:00:07.671424,5,9,16,COMPLETE
223,4287.958933049394,2025-08-07 13:28:55.162633,2025-08-07 13:29:02.412517,0 days 00:00:07.249884,11,9,16,COMPLETE
224,28816.61197534258,2025-08-07 13:28:55.940635,2025-08-07 13:29:03.484135,0 days 00:00:07.543500,5,9,16,COMPLETE
225,42203.00046304342,2025-08-07 13:28:56.709906,2025-08-07 13:29:03.799946,0 days 00:00:07.090040,5,9,15,COMPLETE
226,42203.00046304342,2025-08-07 13:28:56.796624,2025-08-07 13:29:03.661994,0 days 00:00:06.865370,5,9,15,COMPLETE
227,42203.00046304342,2025-08-07 13:28:57.083819,2025-08-07 13:29:03.704695,0 days 00:00:06.620876,5,9,15,COMPLETE
228,42203.00046304342,2025-08-07 13:28:57.249084,2025-08-07 13:29:04.498937,0 days 00:00:07.249853,5,9,15,COMPLETE
229,42203.00046304342,2025-08-07 13:28:57.563185,2025-08-07 13:29:04.504793,0 days 00:00:06.941608,5,9,15,COMPLETE
230,42203.00046304342,2025-08-07 13:28:58.437781,2025-08-07 13:29:05.745642,0 days 00:00:07.307861,5,9,15,COMPLETE
231,42203.00046304342,2025-08-07 13:28:58.669192,2025-08-07 13:29:05.571255,0 days 00:00:06.902063,5,9,15,COMPLETE
232,42203.00046304342,2025-08-07 13:28:58.785555,2025-08-07 13:29:05.522783,0 days 00:00:06.737228,5,9,15,COMPLETE
233,24520.26572296522,2025-08-07 13:28:59.607800,2025-08-07 13:29:06.143557,0 days 00:00:06.535757,5,16,15,COMPLETE
234,26815.766915930042,2025-08-07 13:29:00.858096,2025-08-07 13:29:08.291256,0 days 00:00:07.433160,6,9,15,COMPLETE
235,26815.766915930042,2025-08-07 13:29:00.920912,2025-08-07 13:29:06.670855,0 days 00:00:05.749943,6,9,15,COMPLETE
236,14290.58450099616,2025-08-07 13:29:01.013358,2025-08-07 13:29:08.682034,0 days 00:00:07.668676,6,10,23,COMPLETE
237,21584.593074044988,2025-08-07 13:29:01.067299,2025-08-07 13:29:08.208691,0 days 00:00:07.141392,6,10,15,COMPLETE
238,21584.593074044988,2025-08-07 13:29:01.122545,2025-08-07 13:29:06.538492,0 days 00:00:05.415947,6,10,15,COMPLETE
239,21584.593074044988,2025-08-07 13:29:01.240710,2025-08-07 13:29:08.444286,0 days 00:00:07.203576,6,10,15,COMPLETE
240,21584.593074044988,2025-08-07 13:29:01.945027,2025-08-07 13:29:08.855650,0 days 00:00:06.910623,6,10,15,COMPLETE
241,21584.593074044988,2025-08-07 13:29:02.302983,2025-08-07 13:29:08.878419,0 days 00:00:06.575436,6,10,15,COMPLETE
242,21584.593074044988,2025-08-07 13:29:02.492505,2025-08-07 13:29:09.067966,0 days 00:00:06.575461,6,10,15,COMPLETE
243,21584.593074044988,2025-08-07 13:29:02.742403,2025-08-07 13:29:10.015998,0 days 00:00:07.273595,6,10,15,COMPLETE
244,21584.593074044988,2025-08-07 13:29:03.555702,2025-08-07 13:29:10.228357,0 days 00:00:06.672655,6,10,15,COMPLETE
245,21584.593074044988,2025-08-07 13:29:03.697238,2025-08-07 13:29:10.038240,0 days 00:00:06.341002,6,10,15,COMPLETE
246,21584.593074044988,2025-08-07 13:29:03.710319,2025-08-07 13:29:10.807539,0 days 00:00:07.097220,6,10,15,COMPLETE
247,21584.593074044988,2025-08-07 13:29:03.803230,2025-08-07 13:29:10.725143,0 days 00:00:06.921913,6,10,15,COMPLETE
248,21584.593074044988,2025-08-07 13:29:04.502960,2025-08-07 13:29:11.448355,0 days 00:00:06.945395,6,10,15,COMPLETE
249,21584.593074044988,2025-08-07 13:29:04.514306,2025-08-07 13:29:11.489657,0 days 00:00:06.975351,6,10,15,COMPLETE
250,21584.593074044988,2025-08-07 13:29:05.599708,2025-08-07 13:29:12.925228,0 days 00:00:07.325520,6,10,15,COMPLETE
251,21584.593074044988,2025-08-07 13:29:05.726812,2025-08-07 13:29:12.110319,0 days 00:00:06.383507,6,10,15,COMPLETE
252,4320.952950022544,2025-08-07 13:29:05.759108,2025-08-07 13:29:12.721049,0 days 00:00:06.961941,6,10,47,COMPLETE
253,21584.593074044988,2025-08-07 13:29:06.260296,2025-08-07 13:29:13.066308,0 days 00:00:06.806012,6,10,15,COMPLETE
254,12295.119975522723,2025-08-07 13:29:06.568312,2025-08-07 13:29:13.781593,0 days 00:00:07.213281,6,8,23,COMPLETE
255,12295.119975522723,2025-08-07 13:29:06.724709,2025-08-07 13:29:13.716643,0 days 00:00:06.991934,6,8,23,COMPLETE
256,33627.49338664723,2025-08-07 13:29:08.332982,2025-08-07 13:29:15.578608,0 days 00:00:07.245626,5,8,15,COMPLETE
257,14573.757138328705,2025-08-07 13:29:08.397509,2025-08-07 13:29:15.054558,0 days 00:00:06.657049,5,8,23,COMPLETE
258,33627.49338664723,2025-08-07 13:29:08.688892,2025-08-07 13:29:14.665840,0 days 00:00:05.976948,5,8,15,COMPLETE
259,33627.49338664723,2025-08-07 13:29:08.690868,2025-08-07 13:29:15.320901,0 days 00:00:06.630033,5,8,15,COMPLETE
260,33627.49338664723,2025-08-07 13:29:08.876796,2025-08-07 13:29:15.566467,0 days 00:00:06.689671,5,8,15,COMPLETE
261,33627.49338664723,2025-08-07 13:29:08.905696,2025-08-07 13:29:16.364975,0 days 00:00:07.459279,5,8,15,COMPLETE
262,8211.23113187142,2025-08-07 13:29:09.079815,2025-08-07 13:29:17.279422,0 days 00:00:08.199607,5,8,47,COMPLETE
263,33627.49338664723,2025-08-07 13:29:10.071554,2025-08-07 13:29:17.646771,0 days 00:00:07.575217,5,8,15,COMPLETE
264,33627.49338664723,2025-08-07 13:29:10.143533,2025-08-07 13:29:17.713456,0 days 00:00:07.569923,5,8,15,COMPLETE
265,28672.2435095688,2025-08-07 13:29:10.418352,2025-08-07 13:29:17.085957,0 days 00:00:06.667605,5,8,17,COMPLETE
266,28672.2435095688,2025-08-07 13:29:10.756354,2025-08-07 13:29:18.428899,0 days 00:00:07.672545,5,8,17,COMPLETE
267,28672.2435095688,2025-08-07 13:29:10.858893,2025-08-07 13:29:18.429959,0 days 00:00:07.571066,5,8,17,COMPLETE
268,28672.2435095688,2025-08-07 13:29:11.471937,2025-08-07 13:29:18.885416,0 days 00:00:07.413479,5,8,17,COMPLETE
269,28672.2435095688,2025-08-07 13:29:11.495685,2025-08-07 13:29:18.881198,0 days 00:00:07.385513,5,8,17,COMPLETE
270,28672.2435095688,2025-08-07 13:29:12.146500,2025-08-07 13:29:19.585965,0 days 00:00:07.439465,5,8,17,COMPLETE
271,28672.2435095688,2025-08-07 13:29:12.755074,2025-08-07 13:29:20.403093,0 days 00:00:07.648019,5,8,17,COMPLETE
272,28672.2435095688,2025-08-07 13:29:12.933356,2025-08-07 13:29:19.877500,0 days 00:00:06.944144,5,8,17,COMPLETE
273,28672.2435095688,2025-08-07 13:29:13.170727,2025-08-07 13:29:20.160022,0 days 00:00:06.989295,5,8,17,COMPLETE
274,28672.2435095688,2025-08-07 13:29:13.773177,2025-08-07 13:29:21.285548,0 days 00:00:07.512371,5,8,17,COMPLETE
275,28672.2435095688,2025-08-07 13:29:13.822278,2025-08-07 13:29:21.119740,0 days 00:00:07.297462,5,8,17,COMPLETE
276,28672.2435095688,2025-08-07 13:29:14.788083,2025-08-07 13:29:22.252262,0 days 00:00:07.464179,5,8,17,COMPLETE
277,36466.877521743045,2025-08-07 13:29:15.141985,2025-08-07 13:29:22.798101,0 days 00:00:07.656116,5,9,17,COMPLETE
278,2539.898139024122,2025-08-07 13:29:15.365597,2025-08-07 13:29:21.881058,0 days 00:00:06.515461,5,20,17,COMPLETE
279,36466.877521743045,2025-08-07 13:29:15.579192,2025-08-07 13:29:22.401672,0 days 00:00:06.822480,5,9,17,COMPLETE
280,36466.877521743045,2025-08-07 13:29:15.592188,2025-08-07 13:29:22.751057,0 days 00:00:07.158869,5,9,17,COMPLETE
281,36466.877521743045,2025-08-07 13:29:16.576566,2025-08-07 13:29:24.235422,0 days 00:00:07.658856,5,9,17,COMPLETE
282,36466.877521743045,2025-08-07 13:29:17.186056,2025-08-07 13:29:24.262999,0 days 00:00:07.076943,5,9,17,COMPLETE
283,36466.877521743045,2025-08-07 13:29:17.395437,2025-08-07 13:29:24.611236,0 days 00:00:07.215799,5,9,17,COMPLETE
284,36466.877521743045,2025-08-07 13:29:17.660747,2025-08-07 13:29:24.546417,0 days 00:00:06.885670,5,9,17,COMPLETE
285,36466.877521743045,2025-08-07 13:29:17.733341,2025-08-07 13:29:24.501271,0 days 00:00:06.767930,5,9,17,COMPLETE
286,12570.523037292245,2025-08-07 13:29:18.454900,2025-08-07 13:29:26.307404,0 days 00:00:07.852504,5,9,29,COMPLETE
287,8254.883985490293,2025-08-07 13:29:18.461241,2025-08-07 13:29:25.964347,0 days 00:00:07.503106,19,9,29,COMPLETE
288,28816.61197534258,2025-08-07 13:29:18.887641,2025-08-07 13:29:26.253418,0 days 00:00:07.365777,5,9,16,COMPLETE
289,28816.61197534258,2025-08-07 13:29:18.890224,2025-08-07 13:29:25.927044,0 days 00:00:07.036820,5,9,16,COMPLETE
290,4873.371680079416,2025-08-07 13:29:19.685412,2025-08-07 13:29:26.798014,0 days 00:00:07.112602,5,9,39,COMPLETE
291,28816.61197534258,2025-08-07 13:29:19.938380,2025-08-07 13:29:26.696098,0 days 00:00:06.757718,5,9,16,COMPLETE
292,28816.61197534258,2025-08-07 13:29:20.213938,2025-08-07 13:29:27.573958,0 days 00:00:07.360020,5,9,16,COMPLETE
293,28816.61197534258,2025-08-07 13:29:20.460328,2025-08-07 13:29:27.827268,0 days 00:00:07.366940,5,9,16,COMPLETE
294,28816.61197534258,2025-08-07 13:29:21.152809,2025-08-07 13:29:29.130006,0 days 00:00:07.977197,5,9,16,COMPLETE
295,28816.61197534258,2025-08-07 13:29:21.377695,2025-08-07 13:29:28.339012,0 days 00:00:06.961317,5,9,16,COMPLETE
296,4873.371680079416,2025-08-07 13:29:21.936697,2025-08-07 13:29:29.311613,0 days 00:00:07.374916,5,9,39,COMPLETE
297,6736.132136925271,2025-08-07 13:29:22.322875,2025-08-07 13:29:29.212918,0 days 00:00:06.890043,5,9,30,COMPLETE
298,28816.61197534258,2025-08-07 13:29:22.450260,2025-08-07 13:29:29.298319,0 days 00:00:06.848059,5,9,16,COMPLETE
299,17888.22968060876,2025-08-07 13:29:22.773642,2025-08-07 13:29:30.065704,0 days 00:00:07.292062,9,9,16,COMPLETE
300,28816.61197534258,2025-08-07 13:29:22.806863,2025-08-07 13:29:30.015326,0 days 00:00:07.208463,5,9,16,COMPLETE
301,28816.61197534258,2025-08-07 13:29:24.241571,2025-08-07 13:29:31.015763,0 days 00:00:06.774192,5,9,16,COMPLETE
302,4892.555058448735,2025-08-07 13:29:24.293309,2025-08-07 13:29:31.849005,0 days 00:00:07.555696,5,9,38,COMPLETE
303,17888.22968060876,2025-08-07 13:29:24.552545,2025-08-07 13:29:31.760559,0 days 00:00:07.208014,9,9,16,COMPLETE
304,28816.61197534258,2025-08-07 13:29:24.565744,2025-08-07 13:29:31.737753,0 days 00:00:07.172009,5,9,16,COMPLETE
305,28816.61197534258,2025-08-07 13:29:24.631747,2025-08-07 13:29:31.717048,0 days 00:00:07.085301,5,9,16,COMPLETE
306,17888.22968060876,2025-08-07 13:29:25.970660,2025-08-07 13:29:33.650275,0 days 00:00:07.679615,9,9,16,COMPLETE
307,28816.61197534258,2025-08-07 13:29:26.045850,2025-08-07 13:29:32.296619,0 days 00:00:06.250769,5,9,16,COMPLETE
308,42203.00046304342,2025-08-07 13:29:26.294322,2025-08-07 13:29:33.590919,0 days 00:00:07.296597,5,9,15,COMPLETE
309,3417.698666654097,2025-08-07 13:29:26.354071,2025-08-07 13:29:33.695341,0 days 00:00:07.341270,5,19,33,COMPLETE
310,11677.088224358316,2025-08-07 13:29:26.745301,2025-08-07 13:29:33.860924,0 days 00:00:07.115623,5,19,15,COMPLETE
311,42203.00046304342,2025-08-07 13:29:26.808849,2025-08-07 13:29:33.068661,0 days 00:00:06.259812,5,9,15,COMPLETE
312,11677.088224358316,2025-08-07 13:29:27.603556,2025-08-07 13:29:34.747375,0 days 00:00:07.143819,5,19,15,COMPLETE
313,42203.00046304342,2025-08-07 13:29:27.847778,2025-08-07 13:29:34.062987,0 days 00:00:06.215209,5,9,15,COMPLETE
314,42203.00046304342,2025-08-07 13:29:28.363372,2025-08-07 13:29:34.740635,0 days 00:00:06.377263,5,9,15,COMPLETE
315,42203.00046304342,2025-08-07 13:29:29.163625,2025-08-07 13:29:36.871699,0 days 00:00:07.708074,5,9,15,COMPLETE
316,42203.00046304342,2025-08-07 13:29:29.287054,2025-08-07 13:29:35.397868,0 days 00:00:06.110814,5,9,15,COMPLETE
317,6102.613627234923,2025-08-07 13:29:29.302748,2025-08-07 13:29:36.034776,0 days 00:00:06.732028,5,9,33,COMPLETE
318,42203.00046304342,2025-08-07 13:29:29.318633,2025-08-07 13:29:36.315089,0 days 00:00:06.996456,5,9,15,COMPLETE
319,17485.093781410636,2025-08-07 13:29:30.023388,2025-08-07 13:29:36.809606,0 days 00:00:06.786218,9,9,15,COMPLETE
320,42203.00046304342,2025-08-07 13:29:30.076382,2025-08-07 13:29:36.489833,0 days 00:00:06.413451,5,9,15,COMPLETE
321,42203.00046304342,2025-08-07 13:29:31.062760,2025-08-07 13:29:37.952447,0 days 00:00:06.889687,5,9,15,COMPLETE
322,42203.00046304342,2025-08-07 13:29:31.761820,2025-08-07 13:29:37.924819,0 days 00:00:06.162999,5,9,15,COMPLETE
323,42203.00046304342,2025-08-07 13:29:31.792514,2025-08-07 13:29:39.159990,0 days 00:00:07.367476,5,9,15,COMPLETE
324,42203.00046304342,2025-08-07 13:29:31.805498,2025-08-07 13:29:38.026918,0 days 00:00:06.221420,5,9,15,COMPLETE
325,42203.00046304342,2025-08-07 13:29:31.863192,2025-08-07 13:29:38.324762,0 days 00:00:06.461570,5,9,15,COMPLETE
326,42203.00046304342,2025-08-07 13:29:32.339940,2025-08-07 13:29:39.821500,0 days 00:00:07.481560,5,9,15,COMPLETE
327,28373.366605962838,2025-08-07 13:29:33.131458,2025-08-07 13:29:40.062125,0 days 00:00:06.930667,5,14,15,COMPLETE
328,42203.00046304342,2025-08-07 13:29:33.641539,2025-08-07 13:29:39.916223,0 days 00:00:06.274684,5,9,15,COMPLETE
329,2180.4656264577843,2025-08-07 13:29:33.681750,2025-08-07 13:29:40.322970,0 days 00:00:06.641220,5,17,32,COMPLETE
330,42203.00046304342,2025-08-07 13:29:33.784987,2025-08-07 13:29:41.061468,0 days 00:00:07.276481,5,9,15,COMPLETE
331,42203.00046304342,2025-08-07 13:29:33.892248,2025-08-07 13:29:41.114962,0 days 00:00:07.222714,5,9,15,COMPLETE
332,28373.366605962838,2025-08-07 13:29:34.072029,2025-08-07 13:29:41.062467,0 days 00:00:06.990438,5,14,15,COMPLETE
333,26815.766915930042,2025-08-07 13:29:34.755315,2025-08-07 13:29:42.012645,0 days 00:00:07.257330,6,9,15,COMPLETE
334,13740.204977395497,2025-08-07 13:29:34.759793,2025-08-07 13:29:42.169035,0 days 00:00:07.409242,6,14,15,COMPLETE
335,26815.766915930042,2025-08-07 13:29:35.536037,2025-08-07 13:29:42.184573,0 days 00:00:06.648536,6,9,15,COMPLETE
336,18916.651278895926,2025-08-07 13:29:36.149483,2025-08-07 13:29:43.487904,0 days 00:00:07.338421,10,9,15,COMPLETE
337,26815.766915930042,2025-08-07 13:29:36.333147,2025-08-07 13:29:43.479324,0 days 00:00:07.146177,6,9,15,COMPLETE
338,26815.766915930042,2025-08-07 13:29:36.529761,2025-08-07 13:29:43.549058,0 days 00:00:07.019297,6,9,15,COMPLETE
339,21584.593074044988,2025-08-07 13:29:36.817736,2025-08-07 13:29:43.673370,0 days 00:00:06.855634,6,10,15,COMPLETE
340,21584.593074044988,2025-08-07 13:29:36.883547,2025-08-07 13:29:43.987186,0 days 00:00:07.103639,6,10,15,COMPLETE
341,21584.593074044988,2025-08-07 13:29:37.958101,2025-08-07 13:29:44.764939,0 days 00:00:06.806838,6,10,15,COMPLETE
342,21584.593074044988,2025-08-07 13:29:38.006482,2025-08-07 13:29:45.086474,0 days 00:00:07.079992,6,10,15,COMPLETE
343,24175.11015112023,2025-08-07 13:29:38.046668,2025-08-07 13:29:44.881230,0 days 00:00:06.834562,6,6,15,COMPLETE
344,24032.05773088688,2025-08-07 13:29:38.332298,2025-08-07 13:29:45.544886,0 days 00:00:07.212588,6,13,15,COMPLETE
345,1989.3767494200713,2025-08-07 13:29:39.211777,2025-08-07 13:29:45.935726,0 days 00:00:06.723949,12,10,15,COMPLETE
346,4624.11004735156,2025-08-07 13:29:39.891839,2025-08-07 13:29:46.343568,0 days 00:00:06.451729,10,10,15,COMPLETE
347,-inf,2025-08-07 13:29:39.949196,2025-08-07 13:29:45.579984,0 days 00:00:05.630788,17,14,16,COMPLETE
348,18372.303198074544,2025-08-07 13:29:40.080137,2025-08-07 13:29:47.569302,0 days 00:00:07.489165,6,13,16,COMPLETE
349,17406.634338324053,2025-08-07 13:29:40.377201,2025-08-07 13:29:47.336762,0 days 00:00:06.959561,6,10,16,COMPLETE
350,17406.634338324053,2025-08-07 13:29:41.113443,2025-08-07 13:29:47.650597,0 days 00:00:06.537154,6,10,16,COMPLETE
351,17406.634338324053,2025-08-07 13:29:41.137629,2025-08-07 13:29:48.429942,0 days 00:00:07.292313,6,10,16,COMPLETE
352,17406.634338324053,2025-08-07 13:29:41.190528,2025-08-07 13:29:47.588270,0 days 00:00:06.397742,6,10,16,COMPLETE
353,17406.634338324053,2025-08-07 13:29:42.050435,2025-08-07 13:29:48.986919,0 days 00:00:06.936484,6,10,16,COMPLETE
354,17406.634338324053,2025-08-07 13:29:42.186006,2025-08-07 13:29:49.062167,0 days 00:00:06.876161,6,10,16,COMPLETE
355,3823.157330651666,2025-08-07 13:29:42.191784,2025-08-07 13:29:48.763685,0 days 00:00:06.571901,10,10,16,COMPLETE
356,3904.121614772885,2025-08-07 13:29:43.495259,2025-08-07 13:29:49.965373,0 days 00:00:06.470114,15,10,16,COMPLETE
357,17406.634338324053,2025-08-07 13:29:43.531788,2025-08-07 13:29:49.595778,0 days 00:00:06.063990,6,10,16,COMPLETE
358,-inf,2025-08-07 13:29:43.567820,2025-08-07 13:29:48.603893,0 days 00:00:05.036073,17,10,16,COMPLETE
359,17406.634338324053,2025-08-07 13:29:43.687375,2025-08-07 13:29:50.478645,0 days 00:00:06.791270,6,10,16,COMPLETE
360,28649.20382432239,2025-08-07 13:29:43.994348,2025-08-07 13:29:50.459969,0 days 00:00:06.465621,5,10,16,COMPLETE
361,28649.20382432239,2025-08-07 13:29:44.790122,2025-08-07 13:29:51.065459,0 days 00:00:06.275337,5,10,16,COMPLETE
362,-inf,2025-08-07 13:29:44.948532,2025-08-07 13:29:50.566952,0 days 00:00:05.618420,18,10,16,COMPLETE
363,4679.065453268014,2025-08-07 13:29:45.162042,2025-08-07 13:29:51.283383,0 days 00:00:06.121341,12,10,16,COMPLETE
364,28649.20382432239,2025-08-07 13:29:45.568791,2025-08-07 13:29:52.037701,0 days 00:00:06.468910,5,10,16,COMPLETE
365,28649.20382432239,2025-08-07 13:29:45.616093,2025-08-07 13:29:52.012861,0 days 00:00:06.396768,5,10,16,COMPLETE
366,27813.912680932866,2025-08-07 13:29:45.958146,2025-08-07 13:29:52.428748,0 days 00:00:06.470602,5,8,16,COMPLETE
367,27813.912680932866,2025-08-07 13:29:46.373661,2025-08-07 13:29:53.164050,0 days 00:00:06.790389,5,8,16,COMPLETE
368,27813.912680932866,2025-08-07 13:29:47.344817,2025-08-07 13:29:53.538426,0 days 00:00:06.193609,5,8,16,COMPLETE
369,27813.912680932866,2025-08-07 13:29:47.620054,2025-08-07 13:29:54.262765,0 days 00:00:06.642711,5,8,16,COMPLETE
370,27813.912680932866,2025-08-07 13:29:47.631895,2025-08-07 13:29:53.668893,0 days 00:00:06.036998,5,8,16,COMPLETE
371,28816.61197534258,2025-08-07 13:29:47.654508,2025-08-07 13:29:54.150112,0 days 00:00:06.495604,5,9,16,COMPLETE
372,27813.912680932866,2025-08-07 13:29:48.462910,2025-08-07 13:29:55.406902,0 days 00:00:06.943992,5,8,16,COMPLETE
373,4885.516905697266,2025-08-07 13:29:48.645400,2025-08-07 13:29:54.831482,0 days 00:00:06.186082,13,9,16,COMPLETE
374,27813.912680932866,2025-08-07 13:29:48.858935,2025-08-07 13:29:55.210516,0 days 00:00:06.351581,5,8,16,COMPLETE
375,27813.912680932866,2025-08-07 13:29:49.020986,2025-08-07 13:29:56.859542,0 days 00:00:07.838556,5,8,16,COMPLETE
376,27813.912680932866,2025-08-07 13:29:49.068672,2025-08-07 13:29:55.550968,0 days 00:00:06.482296,5,8,16,COMPLETE
377,27813.912680932866,2025-08-07 13:29:49.618176,2025-08-07 13:29:56.723565,0 days 00:00:07.105389,5,8,16,COMPLETE
