number,value,datetime_start,datetime_complete,duration,params_macd_fast,params_macd_signal,params_macd_slow,params_volume_sma,params_volume_spike_ratio,state
791,6874.956735572885,2025-07-31 22:46:25.485434,2025-07-31 22:52:56.352996,0 days 00:06:30.867562,19,18,50,20,1.6488358553777482,COMPLETE
792,6874.956735572885,2025-07-31 22:46:25.487415,2025-07-31 22:48:36.600996,0 days 00:02:11.113581,19,18,50,18,1.6260470188895375,COMPLETE
793,6874.956735572885,2025-07-31 22:46:25.496791,2025-07-31 22:50:37.526435,0 days 00:04:12.029644,19,18,50,6,1.6592312729941388,COMPLETE
794,7298.8149823419435,2025-07-31 22:46:25.500109,2025-07-31 22:52:54.994248,0 days 00:06:29.494139,20,18,50,19,1.650975278781583,COMPLETE
795,15574.99946945098,2025-07-31 22:46:25.503486,2025-07-31 22:50:41.831882,0 days 00:04:16.328396,19,18,44,19,1.6473173105649057,COMPLETE
796,7999.2413270653515,2025-07-31 22:46:25.506152,2025-07-31 22:50:32.060321,0 days 00:04:06.554169,19,18,49,19,1.6763417703721037,COMPLETE
797,15574.99946945098,2025-07-31 22:46:25.507511,2025-07-31 22:52:55.570721,0 days 00:06:30.063210,19,18,44,19,1.6449370003592758,COMPLETE
798,6874.956735572885,2025-07-31 22:46:25.508659,2025-07-31 22:52:51.309722,0 days 00:06:25.801063,19,18,50,18,1.6414964417471685,COMPLETE
799,6874.956735572885,2025-07-31 22:46:25.509647,2025-07-31 22:52:58.599237,0 days 00:06:33.089590,19,18,50,17,1.6613799659179789,COMPLETE
800,6874.956735572885,2025-07-31 22:46:25.511032,2025-07-31 22:50:39.747492,0 days 00:04:14.236460,19,18,50,19,1.6737844126829295,COMPLETE
801,6874.956735572885,2025-07-31 22:46:25.512715,2025-07-31 22:55:18.088302,0 days 00:08:52.575587,19,18,50,20,1.6253961983849237,COMPLETE
802,6874.956735572885,2025-07-31 22:46:25.518317,2025-07-31 22:52:57.693150,0 days 00:06:32.174833,19,18,50,19,1.8704936969523789,COMPLETE
803,7507.689413710351,2025-07-31 22:46:25.521773,2025-07-31 22:54:59.614928,0 days 00:08:34.093155,19,11,44,20,1.8902985985223297,COMPLETE
804,6874.956735572885,2025-07-31 22:46:25.524322,2025-07-31 22:50:38.844906,0 days 00:04:13.320584,19,18,50,20,1.6421420728322813,COMPLETE
805,6874.956735572885,2025-07-31 22:46:25.528046,2025-07-31 22:48:44.433426,0 days 00:02:18.905380,19,18,50,6,1.675539207930691,COMPLETE
806,15099.359064586823,2025-07-31 22:46:25.529439,2025-07-31 22:50:48.876395,0 days 00:04:23.346956,19,11,49,6,1.6438954443652778,COMPLETE
807,16197.254773029477,2025-07-31 22:46:25.534314,2025-07-31 22:54:46.510238,0 days 00:08:20.975924,19,11,50,19,1.6574622416200913,COMPLETE
808,6874.956735572885,2025-07-31 22:46:25.540060,2025-07-31 22:53:00.378011,0 days 00:06:34.837951,19,18,50,6,1.6479381879625457,COMPLETE
809,16177.267841715198,2025-07-31 22:46:25.541873,2025-07-31 22:48:40.488255,0 days 00:02:14.946382,19,18,44,18,1.8629006776371564,COMPLETE
810,8770.146119757197,2025-07-31 22:46:25.547896,2025-07-31 22:50:38.771657,0 days 00:04:13.223761,20,18,50,6,1.6351877142646027,COMPLETE
811,8257.45312887427,2025-07-31 22:46:25.552216,2025-07-31 22:50:47.133694,0 days 00:04:21.581478,19,18,49,17,1.8480649823603765,COMPLETE
812,6874.956735572885,2025-07-31 22:46:25.553966,2025-07-31 22:50:41.653251,0 days 00:04:16.099285,19,18,50,6,1.6275389298125296,COMPLETE
813,6874.956735572885,2025-07-31 22:46:25.555330,2025-07-31 22:50:43.517864,0 days 00:04:17.962534,19,18,50,19,1.6576023885583702,COMPLETE
814,6874.956735572885,2025-07-31 22:46:25.559527,2025-07-31 22:52:59.615378,0 days 00:06:34.055851,19,18,50,18,1.6350493344205033,COMPLETE
815,6874.956735572885,2025-07-31 22:46:25.566523,2025-07-31 22:53:05.020757,0 days 00:06:39.454234,19,18,50,18,1.6101978973950337,COMPLETE
816,6874.956735572885,2025-07-31 22:46:25.568457,2025-07-31 22:48:45.088019,0 days 00:02:19.519562,19,18,50,18,1.6536041322807482,COMPLETE
817,6874.956735572885,2025-07-31 22:46:25.569419,2025-07-31 22:54:56.586854,0 days 00:08:31.017435,19,18,50,19,1.6635593639114152,COMPLETE
818,6874.956735572885,2025-07-31 22:46:25.571109,2025-07-31 22:54:58.673859,0 days 00:08:33.102750,19,18,50,18,1.643220716613442,COMPLETE
819,6874.956735572885,2025-07-31 22:46:25.575522,2025-07-31 22:54:53.194922,0 days 00:08:27.619400,19,18,50,20,1.6404114986802036,COMPLETE
820,6874.956735572885,2025-07-31 22:46:25.580336,2025-07-31 22:54:56.655896,0 days 00:08:31.075560,19,18,50,5,1.6422950163742962,COMPLETE
821,7298.8149823419435,2025-07-31 22:46:25.582988,2025-07-31 22:50:43.603607,0 days 00:04:18.020619,20,18,50,19,1.612912472760121,COMPLETE
822,6874.956735572885,2025-07-31 22:46:25.585093,2025-07-31 22:54:49.926390,0 days 00:08:24.341297,19,18,50,20,1.6250576588474654,COMPLETE
823,6874.956735572885,2025-07-31 22:46:25.587448,2025-07-31 22:53:06.050364,0 days 00:06:40.462916,19,18,50,20,1.6620114484342916,COMPLETE
824,15574.99946945098,2025-07-31 22:46:25.588953,2025-07-31 22:55:04.994233,0 days 00:08:39.405280,19,18,44,19,1.6385607406547784,COMPLETE
825,6874.956735572885,2025-07-31 22:46:25.599187,2025-07-31 22:53:10.362680,0 days 00:06:44.763493,19,18,50,19,1.8670421767888037,COMPLETE
826,6874.956735572885,2025-07-31 22:46:25.603488,2025-07-31 22:53:04.539469,0 days 00:06:38.935981,19,18,50,6,1.637365027019801,COMPLETE
827,15574.99946945098,2025-07-31 22:46:25.610272,2025-07-31 22:53:02.847715,0 days 00:06:37.237443,19,18,44,18,1.6628825873513877,COMPLETE
828,6874.956735572885,2025-07-31 22:46:25.611154,2025-07-31 22:53:14.756488,0 days 00:06:49.145334,19,18,50,6,1.8710151705719935,COMPLETE
829,6874.956735572885,2025-07-31 22:46:25.617318,2025-07-31 22:48:47.829678,0 days 00:02:22.212360,19,18,50,6,1.667698239267907,COMPLETE
830,8770.146119757197,2025-07-31 22:46:25.620059,2025-07-31 22:53:01.401445,0 days 00:06:35.781386,20,18,50,17,1.6501935218053145,COMPLETE
831,15574.99946945098,2025-07-31 22:46:25.621993,2025-07-31 22:53:07.032118,0 days 00:06:41.410125,19,18,44,19,1.631073630956382,COMPLETE
832,6874.956735572885,2025-07-31 22:46:25.629699,2025-07-31 22:53:00.140012,0 days 00:06:34.510313,19,18,50,7,1.6427366335047335,COMPLETE
833,15574.99946945098,2025-07-31 22:46:25.636221,2025-07-31 22:53:05.555482,0 days 00:06:39.919261,19,18,44,6,1.6444361525852333,COMPLETE
834,6874.956735572885,2025-07-31 22:46:25.637611,2025-07-31 22:48:47.455000,0 days 00:02:21.817389,19,18,50,11,1.6460495589714288,COMPLETE
835,6874.956735572885,2025-07-31 22:46:25.640098,2025-07-31 22:50:50.750660,0 days 00:04:25.110562,19,18,50,19,1.6069041295663942,COMPLETE
836,6874.956735572885,2025-07-31 22:46:25.644010,2025-07-31 22:53:09.239056,0 days 00:06:43.595046,19,18,50,17,1.6348502865753138,COMPLETE
837,9355.206314217303,2025-07-31 22:46:25.644850,2025-07-31 22:53:20.552473,0 days 00:06:54.907623,19,20,50,6,1.6875387151030004,COMPLETE
838,15574.99946945098,2025-07-31 22:46:25.646519,2025-07-31 22:53:08.822882,0 days 00:06:43.176363,19,18,44,18,1.641841181746875,COMPLETE
839,7298.8149823419435,2025-07-31 22:46:25.649628,2025-07-31 22:55:07.734659,0 days 00:08:42.085031,20,18,50,18,1.664055278369342,COMPLETE
840,6874.956735572885,2025-07-31 22:46:25.651507,2025-07-31 22:50:48.756167,0 days 00:04:23.104660,19,18,50,18,1.6683876356926832,COMPLETE
841,6874.956735572885,2025-07-31 22:46:25.652967,2025-07-31 22:55:05.615114,0 days 00:08:39.962147,19,18,50,20,1.6227829127412348,COMPLETE
842,6874.956735572885,2025-07-31 22:46:25.653827,2025-07-31 22:54:55.535549,0 days 00:08:29.881722,19,18,50,19,1.8761823702598763,COMPLETE
843,16177.267841715198,2025-07-31 22:46:25.662955,2025-07-31 22:54:58.623502,0 days 00:08:32.960547,19,18,44,6,1.8497293334841993,COMPLETE
844,6874.956735572885,2025-07-31 22:46:25.663826,2025-07-31 22:50:49.728286,0 days 00:04:24.064460,19,18,50,18,1.6470567720659435,COMPLETE
845,7298.8149823419435,2025-07-31 22:46:25.680380,2025-07-31 22:53:09.834784,0 days 00:06:44.154404,20,18,50,19,1.6538380199236342,COMPLETE
846,7298.8149823419435,2025-07-31 22:46:25.682314,2025-07-31 22:53:09.675246,0 days 00:06:43.992932,20,18,50,19,1.6322164988949879,COMPLETE
847,8770.146119757197,2025-07-31 22:46:25.684208,2025-07-31 22:50:55.304594,0 days 00:04:29.620386,20,18,50,6,1.6591093742661103,COMPLETE
848,7298.8149823419435,2025-07-31 22:46:25.686374,2025-07-31 22:53:16.486771,0 days 00:06:50.800397,20,18,50,19,1.5938287277476477,COMPLETE
849,7298.8149823419435,2025-07-31 22:46:25.687209,2025-07-31 22:50:56.850087,0 days 00:04:31.162878,20,18,50,19,1.6642770680090437,COMPLETE
850,8965.907029862366,2025-07-31 22:46:25.701690,2025-07-31 22:54:59.050237,0 days 00:08:33.348547,20,20,50,18,1.640861183146886,COMPLETE
851,7298.8149823419435,2025-07-31 22:46:25.707102,2025-07-31 22:53:12.195124,0 days 00:06:46.488022,20,18,50,19,1.6403594265165122,COMPLETE
852,7298.8149823419435,2025-07-31 22:46:25.709097,2025-07-31 22:55:20.179107,0 days 00:08:54.470010,20,18,50,19,1.6452800757464103,COMPLETE
853,7298.8149823419435,2025-07-31 22:46:25.710563,2025-07-31 22:55:01.347816,0 days 00:08:35.637253,20,18,50,19,1.8661483954763614,COMPLETE
854,7298.8149823419435,2025-07-31 22:46:25.714313,2025-07-31 22:53:19.661817,0 days 00:06:53.947504,20,18,50,20,1.6603565191710543,COMPLETE
855,7298.8149823419435,2025-07-31 22:46:25.721970,2025-07-31 22:53:12.193968,0 days 00:06:46.471998,20,18,50,19,1.6519528570005655,COMPLETE
856,8770.146119757197,2025-07-31 22:46:25.723677,2025-07-31 22:53:14.695317,0 days 00:06:48.971640,20,18,50,6,1.6964354814180207,COMPLETE
857,8694.053763448188,2025-07-31 22:46:25.725551,2025-07-31 22:53:18.208194,0 days 00:06:52.482643,20,18,44,17,1.6452932217104377,COMPLETE
858,8770.146119757197,2025-07-31 22:46:25.731345,2025-07-31 22:53:14.554999,0 days 00:06:48.823654,20,18,50,6,1.6383045760873354,COMPLETE
859,7298.8149823419435,2025-07-31 22:46:25.732893,2025-07-31 22:50:55.699469,0 days 00:04:29.966576,20,18,50,19,1.6427009418984468,COMPLETE
860,8770.146119757197,2025-07-31 22:46:25.737669,2025-07-31 22:53:12.797955,0 days 00:06:47.060286,20,18,50,6,1.6473300719434254,COMPLETE
861,7298.8149823419435,2025-07-31 22:46:25.741971,2025-07-31 22:55:04.099042,0 days 00:08:38.357071,20,18,50,19,1.6287784910741214,COMPLETE
862,7298.8149823419435,2025-07-31 22:46:25.748092,2025-07-31 22:55:03.983319,0 days 00:08:38.235227,20,18,50,20,1.6410805377547806,COMPLETE
863,7298.8149823419435,2025-07-31 22:46:25.749474,2025-07-31 22:48:56.495060,0 days 00:02:30.745586,20,18,50,18,1.6436705027091454,COMPLETE
864,7298.8149823419435,2025-07-31 22:46:25.751287,2025-07-31 22:55:06.957791,0 days 00:08:41.206504,20,18,50,18,1.6490265147521315,COMPLETE
865,8965.907029862366,2025-07-31 22:46:25.754281,2025-07-31 22:50:59.107490,0 days 00:04:33.353209,20,20,50,19,1.6644602054547473,COMPLETE
866,8770.146119757197,2025-07-31 22:46:25.756219,2025-07-31 22:55:22.363405,0 days 00:08:56.607186,20,18,50,6,1.8597839677671721,COMPLETE
867,10656.446217266837,2025-07-31 22:46:25.760697,2025-07-31 22:53:28.510960,0 days 00:07:02.750263,20,11,50,5,1.610413242451762,COMPLETE
868,8770.146119757197,2025-07-31 22:46:25.762980,2025-07-31 22:53:27.279417,0 days 00:07:01.516437,20,18,50,6,1.6463720513279627,COMPLETE
869,10656.446217266837,2025-07-31 22:46:25.764123,2025-07-31 22:53:24.539505,0 days 00:06:58.775382,20,11,50,19,1.6589926927677396,COMPLETE
870,10656.446217266837,2025-07-31 22:46:25.765916,2025-07-31 22:53:21.643728,0 days 00:06:55.877812,20,11,50,18,1.6727449051806191,COMPLETE
871,8770.146119757197,2025-07-31 22:46:25.767984,2025-07-31 22:53:16.388607,0 days 00:06:50.620623,20,18,50,6,1.6443614097249422,COMPLETE
872,7298.8149823419435,2025-07-31 22:46:25.770350,2025-07-31 22:50:58.715198,0 days 00:04:32.944848,20,18,50,19,1.8608487616297025,COMPLETE
873,7298.8149823419435,2025-07-31 22:46:25.774826,2025-07-31 22:51:00.988329,0 days 00:04:35.213503,20,18,50,20,1.6386596854215991,COMPLETE
874,8770.146119757197,2025-07-31 22:46:25.776062,2025-07-31 22:55:22.111633,0 days 00:08:56.335571,20,18,50,18,1.6383842771657076,COMPLETE
875,7298.8149823419435,2025-07-31 22:46:25.780660,2025-07-31 22:48:57.513241,0 days 00:02:31.732581,20,18,50,19,1.6781565613569698,COMPLETE
876,7298.8149823419435,2025-07-31 22:46:25.789218,2025-07-31 22:53:23.548781,0 days 00:06:57.759563,20,18,50,18,1.6432654263975994,COMPLETE
877,10700.98114835673,2025-07-31 22:46:25.790607,2025-07-31 22:48:58.693905,0 days 00:02:32.903298,20,20,50,6,1.6455676060680582,COMPLETE
878,7298.8149823419435,2025-07-31 22:46:25.792664,2025-07-31 22:51:01.506645,0 days 00:04:35.713981,20,18,50,18,1.6568681216084258,COMPLETE
879,15574.99946945098,2025-07-31 22:46:25.793683,2025-07-31 22:53:16.217328,0 days 00:06:50.423645,19,18,44,18,1.6567083131289413,COMPLETE
880,7298.8149823419435,2025-07-31 22:46:25.803135,2025-07-31 22:53:33.193478,0 days 00:07:07.390343,20,18,50,19,1.60218526932556,COMPLETE
881,10143.81578173304,2025-07-31 22:46:25.809948,2025-07-31 22:53:21.491713,0 days 00:06:55.681765,20,11,44,6,1.6615252362052568,COMPLETE
882,7298.8149823419435,2025-07-31 22:46:25.811475,2025-07-31 22:54:56.800094,0 days 00:08:30.988619,20,18,50,19,1.6584236774157592,COMPLETE
883,7298.8149823419435,2025-07-31 22:46:25.812828,2025-07-31 22:53:19.347837,0 days 00:06:53.535009,20,18,50,20,1.6464270328390695,COMPLETE
884,10656.446217266837,2025-07-31 22:46:25.814685,2025-07-31 22:53:26.196962,0 days 00:07:00.382277,20,11,50,20,1.648235892479919,COMPLETE
885,7298.8149823419435,2025-07-31 22:46:25.819458,2025-07-31 22:53:31.987888,0 days 00:07:06.168430,20,18,50,18,1.6467350054164371,COMPLETE
886,7298.8149823419435,2025-07-31 22:46:25.827061,2025-07-31 22:53:34.164470,0 days 00:07:08.337409,20,18,50,19,1.6230318776083248,COMPLETE
887,7298.8149823419435,2025-07-31 22:46:25.828794,2025-07-31 22:53:34.599206,0 days 00:07:08.770412,20,18,50,19,1.8460679338613202,COMPLETE
888,8770.146119757197,2025-07-31 22:46:25.829928,2025-07-31 22:53:21.858792,0 days 00:06:56.028864,20,18,50,17,1.64243139998688,COMPLETE
889,7298.8149823419435,2025-07-31 22:46:25.835472,2025-07-31 22:50:58.146899,0 days 00:04:32.311427,20,18,50,17,1.8482037456448708,COMPLETE
890,7298.8149823419435,2025-07-31 22:46:25.840557,2025-07-31 22:53:33.760884,0 days 00:07:07.920327,20,18,50,18,1.6519912552805376,COMPLETE
891,7298.8149823419435,2025-07-31 22:46:25.844588,2025-07-31 22:53:25.444344,0 days 00:06:59.599756,20,18,50,18,1.6406195093842078,COMPLETE
892,7298.8149823419435,2025-07-31 22:46:25.845960,2025-07-31 22:53:40.803699,0 days 00:07:14.957739,20,18,50,19,1.6597239831691022,COMPLETE
893,8770.146119757197,2025-07-31 22:46:25.847761,2025-07-31 22:53:35.773743,0 days 00:07:09.925982,20,18,50,6,1.6472567012931123,COMPLETE
894,7298.8149823419435,2025-07-31 22:46:25.849348,2025-07-31 22:53:42.214122,0 days 00:07:16.364774,20,18,50,18,1.679811043507819,COMPLETE
895,8694.053763448188,2025-07-31 22:46:25.851569,2025-07-31 22:55:02.070335,0 days 00:08:36.218766,20,18,44,19,1.649030983881068,COMPLETE
896,7298.8149823419435,2025-07-31 22:46:25.856768,2025-07-31 22:53:37.559460,0 days 00:07:11.702692,20,18,50,19,1.6453757824120663,COMPLETE
897,8694.053763448188,2025-07-31 22:46:25.858968,2025-07-31 22:51:06.867760,0 days 00:04:41.008792,20,18,44,19,1.6378179454129882,COMPLETE
898,8694.053763448188,2025-07-31 22:46:25.860068,2025-07-31 22:51:01.116974,0 days 00:04:35.256906,20,18,44,18,1.6448950305733523,COMPLETE
899,9060.666199210753,2025-07-31 22:46:25.864556,2025-07-31 22:55:07.596135,0 days 00:08:41.731579,20,18,44,19,1.825200722555988,COMPLETE
900,7298.8149823419435,2025-07-31 22:46:25.865934,2025-07-31 22:51:04.312027,0 days 00:04:38.446093,20,18,50,19,1.6366558199798247,COMPLETE
901,8694.053763448188,2025-07-31 22:46:25.866562,2025-07-31 22:53:36.639783,0 days 00:07:10.773221,20,18,44,17,1.63845086603556,COMPLETE
902,7298.8149823419435,2025-07-31 22:46:25.869241,2025-07-31 22:53:32.657126,0 days 00:07:06.787885,20,18,50,19,1.6424226939102364,COMPLETE
903,7298.8149823419435,2025-07-31 22:46:25.878081,2025-07-31 22:49:10.097597,0 days 00:02:44.219516,20,18,50,18,1.6480295593212237,COMPLETE
904,8694.053763448188,2025-07-31 22:46:25.883273,2025-07-31 22:53:41.524502,0 days 00:07:15.641229,20,18,44,18,1.6866640743970707,COMPLETE
905,8694.053763448188,2025-07-31 22:46:25.885050,2025-07-31 22:51:08.941016,0 days 00:04:43.055966,20,18,44,18,1.6583508543403962,COMPLETE
906,8694.053763448188,2025-07-31 22:46:25.887527,2025-07-31 22:53:30.779912,0 days 00:07:04.892385,20,18,44,19,1.6414869956497213,COMPLETE
907,7298.8149823419435,2025-07-31 22:46:25.888590,2025-07-31 22:55:22.719753,0 days 00:08:56.831163,20,18,50,18,1.6566540192390828,COMPLETE
908,7298.8149823419435,2025-07-31 22:46:25.893705,2025-07-31 22:54:56.756153,0 days 00:08:30.862448,20,18,50,19,1.6453226270277297,COMPLETE
909,7298.8149823419435,2025-07-31 22:46:25.902006,2025-07-31 22:53:32.144741,0 days 00:07:06.242735,20,18,50,18,1.6421430350333974,COMPLETE
910,7298.8149823419435,2025-07-31 22:46:25.903840,2025-07-31 22:53:46.049133,0 days 00:07:20.145293,20,18,50,18,1.6461159449168785,COMPLETE
911,7298.8149823419435,2025-07-31 22:46:25.909434,2025-07-31 22:49:09.347024,0 days 00:02:43.437590,20,18,50,20,1.6388142790465006,COMPLETE
912,8770.146119757197,2025-07-31 22:46:25.973306,2025-07-31 22:53:40.954498,0 days 00:07:14.981192,20,18,50,18,1.62211709250061,COMPLETE
913,9060.666199210753,2025-07-31 22:46:25.982835,2025-07-31 22:55:04.255662,0 days 00:08:38.272827,20,18,44,19,1.8591174337410796,COMPLETE
914,8770.146119757197,2025-07-31 22:46:25.985525,2025-07-31 22:53:40.608937,0 days 00:07:14.623412,20,18,50,18,1.6395005637829883,COMPLETE
915,10656.446217266837,2025-07-31 22:46:25.987435,2025-07-31 22:53:46.244823,0 days 00:07:20.257388,20,11,50,19,1.6258443808506207,COMPLETE
916,8694.053763448188,2025-07-31 22:46:25.993584,2025-07-31 22:53:44.400515,0 days 00:07:18.406931,20,18,44,20,1.6568585374313956,COMPLETE
917,7298.8149823419435,2025-07-31 22:46:25.995739,2025-07-31 22:49:07.114750,0 days 00:02:41.119011,20,18,50,18,1.64673486082008,COMPLETE
918,9060.666199210753,2025-07-31 22:46:26.000423,2025-07-31 22:51:16.383309,0 days 00:04:50.382886,20,18,44,11,1.70340713553827,COMPLETE
919,8770.146119757197,2025-07-31 22:46:26.001292,2025-07-31 22:51:11.204061,0 days 00:04:45.202769,20,18,50,6,1.634261914239966,COMPLETE
920,7298.8149823419435,2025-07-31 22:46:26.002269,2025-07-31 22:53:43.019622,0 days 00:07:17.017353,20,18,50,19,1.6593385618551058,COMPLETE
921,8694.053763448188,2025-07-31 22:46:26.003374,2025-07-31 22:55:23.312207,0 days 00:08:57.308833,20,18,44,18,1.6335933970432734,COMPLETE
922,7285.354772782982,2025-07-31 22:46:26.004792,2025-07-31 22:55:07.903787,0 days 00:08:41.898995,20,18,50,6,2.2811240584967423,COMPLETE
923,8770.146119757197,2025-07-31 22:46:26.006858,2025-07-31 22:55:08.199014,0 days 00:08:42.192156,20,18,50,18,1.6302868980787781,COMPLETE
924,7298.8149823419435,2025-07-31 22:46:26.011494,2025-07-31 22:51:18.445124,0 days 00:04:52.433630,20,18,50,19,1.663894883052904,COMPLETE
925,8694.053763448188,2025-07-31 22:46:26.012491,2025-07-31 22:51:13.092134,0 days 00:04:47.079643,20,18,44,19,1.643998765564919,COMPLETE
926,6280.878794854827,2025-07-31 22:46:26.015703,2025-07-31 22:51:12.765842,0 days 00:04:46.750139,20,18,49,20,1.6527988595903405,COMPLETE
927,8694.053763448188,2025-07-31 22:46:26.017251,2025-07-31 22:53:44.643800,0 days 00:07:18.626549,20,18,44,6,1.618878691006021,COMPLETE
928,7298.8149823419435,2025-07-31 22:46:26.021044,2025-07-31 22:55:15.331840,0 days 00:08:49.310796,20,18,50,19,1.663868328054875,COMPLETE
929,7298.8149823419435,2025-07-31 22:46:26.023817,2025-07-31 22:53:47.466702,0 days 00:07:21.442885,20,18,50,18,1.6566656911731596,COMPLETE
930,8770.146119757197,2025-07-31 22:46:26.026403,2025-07-31 22:53:43.461067,0 days 00:07:17.434664,20,18,50,17,1.6334097953872375,COMPLETE
931,8694.053763448188,2025-07-31 22:46:26.031021,2025-07-31 22:55:23.256742,0 days 00:08:57.225721,20,18,44,18,1.64030095251037,COMPLETE
932,8770.146119757197,2025-07-31 22:46:26.033368,2025-07-31 22:53:52.310253,0 days 00:07:26.276885,20,18,50,6,1.6473002333703481,COMPLETE
933,7298.8149823419435,2025-07-31 22:46:26.035714,2025-07-31 22:51:19.538857,0 days 00:04:53.503143,20,18,50,20,1.6330337660559548,COMPLETE
934,9060.666199210753,2025-07-31 22:46:26.048530,2025-07-31 22:53:55.535749,0 days 00:07:29.487219,20,18,44,18,1.8702675929174344,COMPLETE
935,7298.8149823419435,2025-07-31 22:46:26.050233,2025-07-31 22:53:57.973327,0 days 00:07:31.923094,20,18,50,18,1.6427538719312123,COMPLETE
936,8694.053763448188,2025-07-31 22:46:26.053752,2025-07-31 22:53:51.248592,0 days 00:07:25.194840,20,18,44,17,1.6602686450060775,COMPLETE
937,8694.053763448188,2025-07-31 22:46:26.056433,2025-07-31 22:51:17.024944,0 days 00:04:50.968511,20,18,44,19,1.611030119725953,COMPLETE
938,8770.146119757197,2025-07-31 22:46:26.060610,2025-07-31 22:53:46.467672,0 days 00:07:20.407062,20,18,50,18,1.6338195649547673,COMPLETE
939,8770.146119757197,2025-07-31 22:46:26.066755,2025-07-31 22:51:20.152483,0 days 00:04:54.085728,20,18,50,6,1.646136412728681,COMPLETE
940,8770.146119757197,2025-07-31 22:46:26.069865,2025-07-31 22:55:21.925845,0 days 00:08:55.855980,20,18,50,5,1.60870776883694,COMPLETE
941,8694.053763448188,2025-07-31 22:46:26.071661,2025-07-31 22:51:17.194463,0 days 00:04:51.122802,20,18,44,19,1.6646931815546946,COMPLETE
942,8694.053763448188,2025-07-31 22:46:26.077833,2025-07-31 22:53:52.460417,0 days 00:07:26.382584,20,18,44,18,1.6460094371523484,COMPLETE
943,8694.053763448188,2025-07-31 22:46:26.078791,2025-07-31 22:53:56.973181,0 days 00:07:30.894390,20,18,44,6,1.6521347578745857,COMPLETE
944,10656.446217266837,2025-07-31 22:46:26.080445,2025-07-31 22:53:55.231486,0 days 00:07:29.151041,20,11,50,18,1.6589301372402323,COMPLETE
945,7298.8149823419435,2025-07-31 22:46:26.081833,2025-07-31 22:49:17.125858,0 days 00:02:51.044025,20,18,50,19,1.6364840891562373,COMPLETE
946,7298.8149823419435,2025-07-31 22:46:26.084307,2025-07-31 22:53:53.682070,0 days 00:07:27.597763,20,18,50,19,1.8461578581889944,COMPLETE
947,8770.146119757197,2025-07-31 22:46:26.085040,2025-07-31 22:55:16.766678,0 days 00:08:50.681638,20,18,50,6,1.6476118479852007,COMPLETE
