number,value,datetime_start,datetime_complete,duration,params_macd_fast,params_macd_signal,params_macd_slow,params_volume_sma,params_volume_spike_ratio,state
0,5751.056103959753,2025-07-31 22:27:45.469809,2025-07-31 22:27:46.622352,0 days 00:00:01.152543,11,18,43,22,2.3969204026208297,COMPLETE
1,4824.924209796758,2025-07-31 22:27:45.473118,2025-07-31 22:27:46.898379,0 days 00:00:01.425261,14,13,38,18,1.8459234004494776,COMPLETE
2,6225.575563847715,2025-07-31 22:27:45.473805,2025-07-31 22:27:47.545359,0 days 00:00:02.071554,7,10,38,6,2.5195300343629246,COMPLETE
3,6407.186472926436,2025-07-31 22:27:45.474901,2025-07-31 22:27:48.546686,0 days 00:00:03.071785,12,19,18,10,1.547086318025012,COMPLETE
4,6577.518854123811,2025-07-31 22:27:45.478009,2025-07-31 22:27:48.881435,0 days 00:00:03.403426,8,19,18,25,1.7398017326250081,COMPLETE
5,9509.836085681647,2025-07-31 22:27:45.481734,2025-07-31 22:27:49.201469,0 days 00:00:03.719735,8,9,47,30,2.321834238861908,COMPLETE
6,6380.956398325453,2025-07-31 22:27:45.486214,2025-07-31 22:27:50.512247,0 days 00:00:05.026033,19,5,48,27,2.381198434311013,COMPLETE
7,6914.630189755057,2025-07-31 22:27:45.488801,2025-07-31 22:27:50.722209,0 days 00:00:05.233408,19,8,45,49,1.8226940924448838,COMPLETE
8,4650.466982650618,2025-07-31 22:27:45.491440,2025-07-31 22:27:51.485185,0 days 00:00:05.993745,12,15,33,46,1.5212687417574526,COMPLETE
9,25102.40505274575,2025-07-31 22:27:45.492488,2025-07-31 22:27:51.998803,0 days 00:00:06.506315,19,8,20,37,2.573222041209113,COMPLETE
10,11599.169778347634,2025-07-31 22:27:45.494949,2025-07-31 22:27:54.264781,0 days 00:00:08.769832,13,20,49,40,1.539239650250993,COMPLETE
11,-inf,2025-07-31 22:27:45.498876,2025-07-31 22:27:55.936870,0 days 00:00:10.437994,17,13,15,29,1.519735327142949,COMPLETE
12,3969.329354574289,2025-07-31 22:27:45.500019,2025-07-31 22:28:00.083460,0 days 00:00:14.583441,12,15,17,30,2.501977487866977,COMPLETE
13,4968.441902068414,2025-07-31 22:27:45.501552,2025-07-31 22:28:01.112829,0 days 00:00:15.611277,7,11,22,13,2.753982066086476,COMPLETE
14,1628.4535341467583,2025-07-31 22:27:45.504848,2025-07-31 22:28:02.593935,0 days 00:00:17.089087,9,19,37,10,1.711914014939864,COMPLETE
15,4930.868779738497,2025-07-31 22:27:45.509835,2025-07-31 22:28:10.147215,0 days 00:00:24.637380,5,11,40,34,2.328721921078537,COMPLETE
16,7978.830166305218,2025-07-31 22:27:45.510661,2025-07-31 22:28:10.076109,0 days 00:00:24.565448,11,10,36,9,1.980015391756517,COMPLETE
17,299.91212618285476,2025-07-31 22:27:45.514777,2025-07-31 22:28:13.492584,0 days 00:00:27.977807,6,20,39,25,2.8192065636262362,COMPLETE
18,3739.460303841759,2025-07-31 22:27:45.523794,2025-07-31 22:28:14.920876,0 days 00:00:29.397082,6,18,22,27,1.9159689005930176,COMPLETE
19,7881.954621521725,2025-07-31 22:27:45.526960,2025-07-31 22:28:19.670596,0 days 00:00:34.143636,14,13,18,47,2.793441986560598,COMPLETE
20,12868.10453187488,2025-07-31 22:27:45.528321,2025-07-31 22:28:19.537100,0 days 00:00:34.008779,19,14,42,12,1.8334024973387455,COMPLETE
21,10263.18585192848,2025-07-31 22:27:45.530427,2025-07-31 22:28:20.186226,0 days 00:00:34.655799,12,17,29,10,2.97577189716659,COMPLETE
22,4974.816050268439,2025-07-31 22:27:45.534590,2025-07-31 22:28:20.607031,0 days 00:00:35.072441,15,17,16,29,1.8815161545082582,COMPLETE
23,7139.297808917769,2025-07-31 22:27:45.542223,2025-07-31 22:28:21.199531,0 days 00:00:35.657308,18,19,20,32,2.7004282994455218,COMPLETE
24,10925.511407419166,2025-07-31 22:27:45.580075,2025-07-31 22:28:22.173135,0 days 00:00:36.593060,10,8,26,33,1.7043029035865545,COMPLETE
25,3922.3463430119496,2025-07-31 22:27:45.600468,2025-07-31 22:28:24.009468,0 days 00:00:38.409000,12,14,16,24,1.5380888044581416,COMPLETE
26,21489.09955740341,2025-07-31 22:27:45.628832,2025-07-31 22:28:23.952637,0 days 00:00:38.323805,16,8,22,34,1.638823912540397,COMPLETE
27,6992.7041150334435,2025-07-31 22:27:45.659797,2025-07-31 22:28:26.410535,0 days 00:00:40.750738,19,5,46,42,1.7351180960896833,COMPLETE
28,-inf,2025-07-31 22:27:45.695168,2025-07-31 22:28:21.505614,0 days 00:00:35.810446,20,12,20,48,2.7180588408858433,COMPLETE
29,25607.171712694424,2025-07-31 22:27:45.720718,2025-07-31 22:28:29.955689,0 days 00:00:44.234971,17,8,19,43,1.7540269514306475,COMPLETE
30,7900.621827410469,2025-07-31 22:27:45.731487,2025-07-31 22:28:29.318255,0 days 00:00:43.586768,13,11,18,6,2.5942744976612726,COMPLETE
31,3583.220216217885,2025-07-31 22:27:45.755384,2025-07-31 22:28:28.947365,0 days 00:00:43.191981,14,18,35,16,2.8052307781508237,COMPLETE
32,10408.455408949038,2025-07-31 22:27:45.793153,2025-07-31 22:28:30.750282,0 days 00:00:44.957129,18,16,41,20,1.6020423611948535,COMPLETE
33,3737.5204693329997,2025-07-31 22:27:45.794226,2025-07-31 22:28:30.571985,0 days 00:00:44.777759,6,6,34,46,2.6436488788378663,COMPLETE
34,6018.324760017127,2025-07-31 22:27:45.854003,2025-07-31 22:28:31.213065,0 days 00:00:45.359062,13,15,42,8,2.3286705687725533,COMPLETE
35,7030.15052009128,2025-07-31 22:27:45.954266,2025-07-31 22:28:33.435746,0 days 00:00:47.481480,12,17,35,26,2.906458533059241,COMPLETE
36,7301.906489504846,2025-07-31 22:27:45.955014,2025-07-31 22:28:33.468881,0 days 00:00:47.513867,19,11,26,36,1.8226833276746417,COMPLETE
37,12359.489194169355,2025-07-31 22:27:45.969150,2025-07-31 22:28:34.994667,0 days 00:00:49.025517,13,5,17,24,2.858986089650758,COMPLETE
38,16185.132798230348,2025-07-31 22:27:46.029913,2025-07-31 22:28:35.518649,0 days 00:00:49.488736,19,16,50,6,2.9118839430343155,COMPLETE
39,9232.63190628622,2025-07-31 22:27:46.074452,2025-07-31 22:29:14.633218,0 days 00:01:28.558766,8,8,19,14,2.5010747830771916,COMPLETE
40,17315.26577064916,2025-07-31 22:27:46.092819,2025-07-31 22:28:36.566308,0 days 00:00:50.473489,11,5,40,38,2.5424267094225192,COMPLETE
41,4631.326127193369,2025-07-31 22:27:46.105047,2025-07-31 22:28:37.042128,0 days 00:00:50.937081,17,17,27,20,2.0812175045819044,COMPLETE
42,7304.862722107461,2025-07-31 22:27:46.149733,2025-07-31 22:28:37.324364,0 days 00:00:51.174631,12,18,19,50,2.990887500816805,COMPLETE
43,5331.836051758644,2025-07-31 22:27:46.182807,2025-07-31 22:28:37.126865,0 days 00:00:50.944058,5,8,37,43,2.871783050597228,COMPLETE
44,4476.64702619405,2025-07-31 22:27:46.268793,2025-07-31 22:28:37.828907,0 days 00:00:51.560114,9,6,34,34,2.4150750597533936,COMPLETE
45,6821.992892487308,2025-07-31 22:27:46.292249,2025-07-31 22:28:38.709823,0 days 00:00:52.417574,18,8,41,42,1.7402544826898483,COMPLETE
46,3393.920613614917,2025-07-31 22:27:46.324781,2025-07-31 22:28:40.744977,0 days 00:00:54.420196,17,9,44,40,2.335634722838253,COMPLETE
47,13398.801493519184,2025-07-31 22:27:46.380930,2025-07-31 22:28:42.095029,0 days 00:00:55.714099,20,14,42,45,2.8338923486948078,COMPLETE
48,3696.5900178458983,2025-07-31 22:27:46.444352,2025-07-31 22:28:41.032546,0 days 00:00:54.588194,9,17,19,17,2.3223477667926824,COMPLETE
49,10608.669723680528,2025-07-31 22:27:46.478864,2025-07-31 22:28:45.571936,0 days 00:00:59.093072,16,11,50,35,1.9920354249592995,COMPLETE
50,3066.115393202946,2025-07-31 22:27:46.523148,2025-07-31 22:28:45.797016,0 days 00:00:59.273868,10,20,31,33,1.6620269098990144,COMPLETE
51,2530.9521461340532,2025-07-31 22:27:46.546518,2025-07-31 22:28:44.222036,0 days 00:00:57.675518,15,19,35,32,1.611562470159209,COMPLETE
52,8649.033624173173,2025-07-31 22:27:46.573827,2025-07-31 22:28:43.669481,0 days 00:00:57.095654,14,17,26,34,2.95060212254822,COMPLETE
53,11484.051555780032,2025-07-31 22:27:46.586273,2025-07-31 22:28:46.243134,0 days 00:00:59.656861,16,8,43,6,2.461973091121573,COMPLETE
54,4882.411885969924,2025-07-31 22:27:46.649335,2025-07-31 22:28:48.720913,0 days 00:01:02.071578,17,18,26,45,1.8370802687283727,COMPLETE
55,11056.576476052705,2025-07-31 22:27:46.692786,2025-07-31 22:28:48.078917,0 days 00:01:01.386131,13,10,29,38,2.8750070876350966,COMPLETE
56,3088.9636384796418,2025-07-31 22:27:46.709103,2025-07-31 22:28:48.329109,0 days 00:01:01.620006,12,12,44,21,2.7120372180082897,COMPLETE
57,4284.688707811609,2025-07-31 22:27:46.725610,2025-07-31 22:28:48.294109,0 days 00:01:01.568499,17,11,44,37,2.554299105160608,COMPLETE
58,5039.109593510887,2025-07-31 22:27:46.757905,2025-07-31 22:28:50.087945,0 days 00:01:03.330040,6,7,50,22,2.3210744881492023,COMPLETE
59,8595.345747815993,2025-07-31 22:27:46.797886,2025-07-31 22:28:52.528843,0 days 00:01:05.730957,10,9,16,32,2.662415949143137,COMPLETE
60,4664.084861024132,2025-07-31 22:27:46.808401,2025-07-31 22:28:50.835281,0 days 00:01:04.026880,19,11,40,19,2.7145814079255217,COMPLETE
61,14357.155334474868,2025-07-31 22:27:46.896829,2025-07-31 22:28:50.419032,0 days 00:01:03.522203,13,13,25,46,1.7283587154404723,COMPLETE
62,4813.393063836052,2025-07-31 22:27:46.914850,2025-07-31 22:28:54.749138,0 days 00:01:07.834288,7,11,47,42,2.4049054584420357,COMPLETE
63,13525.991737997745,2025-07-31 22:27:46.947268,2025-07-31 22:28:55.125579,0 days 00:01:08.178311,16,5,48,6,2.3680849121666974,COMPLETE
64,3329.080111549347,2025-07-31 22:27:47.001051,2025-07-31 22:28:56.179648,0 days 00:01:09.178597,9,14,34,16,2.4563541977967414,COMPLETE
65,10827.398035882505,2025-07-31 22:27:47.018651,2025-07-31 22:28:55.340314,0 days 00:01:08.321663,19,13,23,16,2.9375805183060213,COMPLETE
66,6918.906831263077,2025-07-31 22:27:47.045198,2025-07-31 22:28:55.653638,0 days 00:01:08.608440,8,5,41,40,2.2247745887452424,COMPLETE
67,4566.03118940353,2025-07-31 22:27:47.082696,2025-07-31 22:28:57.894649,0 days 00:01:10.811953,9,19,40,5,2.238361914255971,COMPLETE
68,7194.446039515032,2025-07-31 22:27:47.101069,2025-07-31 22:28:56.085362,0 days 00:01:08.984293,15,19,25,16,1.815596062447772,COMPLETE
69,2725.912479927287,2025-07-31 22:27:47.109452,2025-07-31 22:28:57.744417,0 days 00:01:10.634965,8,14,38,49,2.1835650051819355,COMPLETE
70,4771.2105057479785,2025-07-31 22:27:47.127084,2025-07-31 22:28:59.101184,0 days 00:01:11.974100,8,5,21,37,2.4337770844586037,COMPLETE
71,18176.22719122946,2025-07-31 22:27:47.133472,2025-07-31 22:28:58.698490,0 days 00:01:11.565018,11,5,44,20,2.1631665736508467,COMPLETE
72,8700.067945202,2025-07-31 22:27:47.134328,2025-07-31 22:29:01.106428,0 days 00:01:13.972100,8,17,24,8,2.693047013143632,COMPLETE
73,13412.252499526943,2025-07-31 22:27:47.168564,2025-07-31 22:29:01.883920,0 days 00:01:14.715356,16,5,50,7,2.686235244819776,COMPLETE
74,1452.5338782776512,2025-07-31 22:27:47.206921,2025-07-31 22:29:04.124521,0 days 00:01:16.917600,13,19,41,29,2.2516523718188273,COMPLETE
75,8384.41009029686,2025-07-31 22:27:47.213829,2025-07-31 22:29:05.900962,0 days 00:01:18.687133,13,17,34,33,2.941827176144671,COMPLETE
76,7820.287110189562,2025-07-31 22:27:47.239226,2025-07-31 22:29:05.412983,0 days 00:01:18.173757,11,13,26,23,2.1965932722647485,COMPLETE
77,5273.507442785636,2025-07-31 22:27:47.249635,2025-07-31 22:29:06.051356,0 days 00:01:18.801721,7,18,23,21,1.5891944571116734,COMPLETE
78,-inf,2025-07-31 22:27:47.267322,2025-07-31 22:28:52.100369,0 days 00:01:04.833047,20,11,20,34,2.380072293173026,COMPLETE
79,3907.648137215504,2025-07-31 22:27:47.306899,2025-07-31 22:30:01.696619,0 days 00:02:14.389720,5,12,47,16,1.7062353253961302,COMPLETE
80,4020.2809415227593,2025-07-31 22:27:47.344760,2025-07-31 22:29:06.039097,0 days 00:01:18.694337,10,13,35,30,2.210016740202332,COMPLETE
81,9621.84331131251,2025-07-31 22:27:47.347472,2025-07-31 22:29:06.577249,0 days 00:01:19.229777,19,11,35,47,1.6357222908026856,COMPLETE
82,2144.4672052543674,2025-07-31 22:27:47.389733,2025-07-31 22:29:06.992221,0 days 00:01:19.602488,5,8,44,34,2.476998508007817,COMPLETE
83,6048.151412720184,2025-07-31 22:27:47.396401,2025-07-31 22:29:09.906244,0 days 00:01:22.509843,13,16,35,27,2.3192390113357306,COMPLETE
84,19148.616328730037,2025-07-31 22:27:47.408250,2025-07-31 22:29:07.534785,0 days 00:01:20.126535,11,8,41,18,2.283120473869319,COMPLETE
85,12481.533399657728,2025-07-31 22:27:47.429543,2025-07-31 22:28:31.829414,0 days 00:00:44.399871,16,18,41,32,2.6916445082576734,COMPLETE
86,5797.10729657336,2025-07-31 22:27:47.442691,2025-07-31 22:29:08.407419,0 days 00:01:20.964728,19,10,49,14,2.8101313026363295,COMPLETE
87,16208.766140375737,2025-07-31 22:27:47.453353,2025-07-31 22:29:09.997377,0 days 00:01:22.544024,16,17,22,50,2.7678318900807506,COMPLETE
88,11082.206413124699,2025-07-31 22:27:47.569174,2025-07-31 22:29:12.262156,0 days 00:01:24.692982,17,6,39,33,2.339338444308609,COMPLETE
89,6214.917903975759,2025-07-31 22:27:47.587294,2025-07-31 22:29:12.965251,0 days 00:01:25.377957,7,14,34,31,2.7053224287662903,COMPLETE
90,14891.725467693203,2025-07-31 22:27:47.614844,2025-07-31 22:29:14.288924,0 days 00:01:26.674080,15,11,20,15,2.8770364959152905,COMPLETE
91,8563.623702129442,2025-07-31 22:27:47.656571,2025-07-31 22:29:14.543528,0 days 00:01:26.886957,11,18,32,20,2.39451780416336,COMPLETE
92,5717.9234814511865,2025-07-31 22:27:47.663634,2025-07-31 22:29:14.412292,0 days 00:01:26.748658,20,16,36,14,1.99255456628389,COMPLETE
93,3231.5485916798193,2025-07-31 22:27:47.674509,2025-07-31 22:29:14.681554,0 days 00:01:27.007045,7,5,26,23,2.30986942319532,COMPLETE
94,12013.434244320079,2025-07-31 22:27:47.733704,2025-07-31 22:29:15.499429,0 days 00:01:27.765725,14,5,33,39,2.3377158333004298,COMPLETE
95,4777.8386779869215,2025-07-31 22:27:47.777797,2025-07-31 22:29:15.484358,0 days 00:01:27.706561,10,9,50,16,1.607820042199138,COMPLETE
96,5695.093188429642,2025-07-31 22:27:47.843926,2025-07-31 22:29:16.277082,0 days 00:01:28.433156,7,15,16,22,2.2563673743880357,COMPLETE
97,4514.9157880362145,2025-07-31 22:27:47.850091,2025-07-31 22:29:16.369432,0 days 00:01:28.519341,6,14,31,22,2.2222414275223743,COMPLETE
98,10517.680764238125,2025-07-31 22:27:47.890515,2025-07-31 22:29:17.499948,0 days 00:01:29.609433,10,18,40,11,1.9455149542314385,COMPLETE
99,8500.949194244613,2025-07-31 22:27:47.917724,2025-07-31 22:29:16.923196,0 days 00:01:29.005472,8,13,23,32,2.627263995341317,COMPLETE
100,12549.703268292184,2025-07-31 22:27:47.959101,2025-07-31 22:29:17.014108,0 days 00:01:29.055007,5,5,20,13,2.6690787754962164,COMPLETE
101,5031.303464931523,2025-07-31 22:27:48.058351,2025-07-31 22:29:24.290151,0 days 00:01:36.231800,13,18,19,18,2.4455359349197914,COMPLETE
102,14689.234786537645,2025-07-31 22:27:48.111210,2025-07-31 22:29:23.635589,0 days 00:01:35.524379,18,17,42,7,2.4819885131516,COMPLETE
103,5186.117641301186,2025-07-31 22:27:48.233856,2025-07-31 22:29:28.485074,0 days 00:01:40.251218,7,12,24,22,2.659268617164501,COMPLETE
104,4950.623576241469,2025-07-31 22:27:48.268594,2025-07-31 22:29:25.716410,0 days 00:01:37.447816,7,16,21,17,2.247563080834187,COMPLETE
105,26781.20950953494,2025-07-31 22:27:48.295062,2025-07-31 22:29:31.428134,0 days 00:01:43.133072,12,8,29,15,2.7016970768336823,COMPLETE
106,2836.246967170207,2025-07-31 22:27:48.307463,2025-07-31 22:29:28.710915,0 days 00:01:40.403452,16,9,42,31,2.177012706195603,COMPLETE
107,4739.306515723171,2025-07-31 22:27:48.363764,2025-07-31 22:29:34.227301,0 days 00:01:45.863537,5,5,25,13,1.8263567210869343,COMPLETE
108,5259.6497317791445,2025-07-31 22:27:48.406310,2025-07-31 22:29:27.558345,0 days 00:01:39.152035,17,20,32,10,1.6214080985029173,COMPLETE
109,20432.606134678972,2025-07-31 22:27:48.423348,2025-07-31 22:29:29.711892,0 days 00:01:41.288544,10,8,44,25,2.7051633363629723,COMPLETE
110,3969.8354083891572,2025-07-31 22:27:48.478435,2025-07-31 22:29:31.641356,0 days 00:01:43.162921,20,10,33,8,2.1864641019805497,COMPLETE
111,10696.892898445869,2025-07-31 22:27:48.552850,2025-07-31 22:29:31.987226,0 days 00:01:43.434376,18,14,23,24,1.643957730132653,COMPLETE
112,1200.4784366925867,2025-07-31 22:27:48.563629,2025-07-31 22:29:32.353160,0 days 00:01:43.789531,17,15,38,26,2.6353144553327965,COMPLETE
113,6163.524604153149,2025-07-31 22:27:48.596225,2025-07-31 22:29:32.904569,0 days 00:01:44.308344,5,16,24,48,1.710613712351197,COMPLETE
114,2496.0310381422423,2025-07-31 22:27:48.619690,2025-07-31 22:29:32.702820,0 days 00:01:44.083130,14,17,44,15,2.0459270258964652,COMPLETE
115,5374.032616056719,2025-07-31 22:27:48.636640,2025-07-31 22:29:33.915767,0 days 00:01:45.279127,5,17,24,27,1.828485635471264,COMPLETE
116,6545.81591097217,2025-07-31 22:27:48.696691,2025-07-31 22:29:31.658828,0 days 00:01:42.962137,7,10,21,5,1.9072886787312768,COMPLETE
117,1359.3423462428989,2025-07-31 22:27:48.718471,2025-07-31 22:29:27.480398,0 days 00:01:38.761927,13,18,42,38,2.159164698226631,COMPLETE
118,-inf,2025-07-31 22:27:48.751298,2025-07-31 22:29:17.010174,0 days 00:01:28.258876,20,7,15,47,2.3893169221176644,COMPLETE
119,-inf,2025-07-31 22:27:48.774412,2025-07-31 22:29:17.144052,0 days 00:01:28.369640,17,12,16,36,1.5570876537245915,COMPLETE
120,6874.517637220744,2025-07-31 22:27:48.790158,2025-07-31 22:29:36.662871,0 days 00:01:47.872713,11,10,20,36,1.5917367250202477,COMPLETE
121,6974.91444829371,2025-07-31 22:27:48.894028,2025-07-31 22:29:36.935965,0 days 00:01:48.041937,12,19,33,27,2.3588551574544194,COMPLETE
122,28044.305884871388,2025-07-31 22:27:48.922681,2025-07-31 22:29:36.049722,0 days 00:01:47.127041,16,7,23,34,2.6228191866101804,COMPLETE
123,10518.791252342777,2025-07-31 22:27:48.947357,2025-07-31 22:29:37.392782,0 days 00:01:48.445425,8,8,38,16,2.060245125716219,COMPLETE
124,9200.131172660798,2025-07-31 22:27:48.958142,2025-07-31 22:29:37.319110,0 days 00:01:48.360968,15,11,19,11,2.6773180526672253,COMPLETE
125,15160.692677058583,2025-07-31 22:27:48.997620,2025-07-31 22:29:38.866336,0 days 00:01:49.868716,11,7,30,33,2.288993601923038,COMPLETE
126,7060.941202102392,2025-07-31 22:27:49.029448,2025-07-31 22:29:39.846103,0 days 00:01:50.816655,12,16,34,37,1.9550006914460947,COMPLETE
127,5173.214054537111,2025-07-31 22:27:49.035372,2025-07-31 22:29:41.502385,0 days 00:01:52.467013,10,13,22,49,1.9143506979535538,COMPLETE
128,18794.29262091623,2025-07-31 22:27:49.084306,2025-07-31 22:29:42.388128,0 days 00:01:53.303822,16,7,19,24,2.666329580321295,COMPLETE
129,7490.621806712887,2025-07-31 22:27:49.120062,2025-07-31 22:29:44.562169,0 days 00:01:55.442107,11,8,15,6,2.1807853566583497,COMPLETE
130,18868.894867856336,2025-07-31 22:27:49.147596,2025-07-31 22:29:41.154118,0 days 00:01:52.006522,18,8,23,21,2.6936825230742723,COMPLETE
131,6562.521466635098,2025-07-31 22:27:49.158297,2025-07-31 22:29:43.848990,0 days 00:01:54.690693,11,15,48,13,2.0240956995317503,COMPLETE
132,15228.974046499581,2025-07-31 22:27:49.164631,2025-07-31 22:29:45.735733,0 days 00:01:56.571102,19,15,41,32,2.97120428374973,COMPLETE
133,7540.387704926117,2025-07-31 22:27:49.203886,2025-07-31 22:29:43.310502,0 days 00:01:54.106616,18,10,29,16,2.2705203345345404,COMPLETE
134,3874.8720044237793,2025-07-31 22:27:49.205191,2025-07-31 22:29:41.604523,0 days 00:01:52.399332,9,15,29,49,2.8930322080747466,COMPLETE
135,19128.473661904165,2025-07-31 22:27:49.206580,2025-07-31 22:29:48.017173,0 days 00:01:58.810593,18,6,23,47,2.4297501201968927,COMPLETE
136,3249.1250576997677,2025-07-31 22:27:49.208248,2025-07-31 22:29:57.737246,0 days 00:02:08.528998,5,18,17,43,2.706174606587709,COMPLETE
137,21971.68710742854,2025-07-31 22:27:49.209188,2025-07-31 22:29:46.241409,0 days 00:01:57.032221,11,7,32,40,2.833549210103598,COMPLETE
138,6767.748640538235,2025-07-31 22:27:49.209856,2025-07-31 22:29:49.183810,0 days 00:01:59.973954,7,9,16,49,2.213044948058428,COMPLETE
139,2878.458381487967,2025-07-31 22:27:49.210349,2025-07-31 22:29:57.090133,0 days 00:02:07.879784,5,10,49,45,2.5026560173770753,COMPLETE
140,10342.703003636458,2025-07-31 22:27:49.211995,2025-07-31 22:29:52.485976,0 days 00:02:03.273981,9,6,44,32,2.1707967633170453,COMPLETE
141,3308.611364731658,2025-07-31 22:27:49.212677,2025-07-31 22:29:52.047046,0 days 00:02:02.834369,17,18,28,18,1.6945059671714742,COMPLETE
142,4049.5513725189094,2025-07-31 22:27:49.213469,2025-07-31 22:29:53.163314,0 days 00:02:03.949845,16,9,35,42,2.775841233810966,COMPLETE
143,5182.562302668351,2025-07-31 22:27:49.215911,2025-07-31 22:29:55.767094,0 days 00:02:06.551183,13,20,43,17,2.5053177008476055,COMPLETE
144,3691.486753574204,2025-07-31 22:27:49.218066,2025-07-31 22:29:52.625657,0 days 00:02:03.407591,7,14,39,23,2.796176990162464,COMPLETE
145,3331.7281162864865,2025-07-31 22:27:49.219930,2025-07-31 22:29:57.357577,0 days 00:02:08.137647,10,19,34,27,1.5014596855433069,COMPLETE
146,22009.27240673826,2025-07-31 22:27:49.222359,2025-07-31 22:29:57.243484,0 days 00:02:08.021125,16,18,48,35,2.8820940758696283,COMPLETE
147,4524.97401638633,2025-07-31 22:27:49.223383,2025-07-31 22:29:56.130011,0 days 00:02:06.906628,19,11,45,50,1.6766547924628539,COMPLETE
148,8304.945780589997,2025-07-31 22:27:49.224858,2025-07-31 22:29:59.927370,0 days 00:02:10.702512,12,10,33,26,2.802265279158526,COMPLETE
149,18198.401132885927,2025-07-31 22:27:49.225724,2025-07-31 22:29:57.536940,0 days 00:02:08.311216,20,19,42,46,2.756343180291321,COMPLETE
150,4866.615142860639,2025-07-31 22:27:49.268045,2025-07-31 22:30:01.748015,0 days 00:02:12.479970,14,18,32,41,2.701732468569384,COMPLETE
151,3498.716950948543,2025-07-31 22:27:49.270128,2025-07-31 22:30:00.858562,0 days 00:02:11.588434,9,20,27,42,2.1719312514547613,COMPLETE
152,8655.438161706952,2025-07-31 22:27:49.274730,2025-07-31 22:30:04.793688,0 days 00:02:15.518958,11,9,24,12,2.5025141511467224,COMPLETE
153,2035.5459476523095,2025-07-31 22:27:49.275606,2025-07-31 22:30:04.889804,0 days 00:02:15.614198,9,15,45,46,2.1669267425741596,COMPLETE
154,25473.259846959816,2025-07-31 22:27:49.276962,2025-07-31 22:30:07.749472,0 days 00:02:18.472510,10,6,47,28,2.63024332533476,COMPLETE
155,5126.217178271813,2025-07-31 22:27:49.277878,2025-07-31 22:30:00.626455,0 days 00:02:11.348577,6,12,36,12,1.8628405203519185,COMPLETE
156,4827.948754041675,2025-07-31 22:27:49.279632,2025-07-31 22:30:06.529658,0 days 00:02:17.250026,12,16,43,13,2.028276921906014,COMPLETE
157,2358.6413900659927,2025-07-31 22:27:49.280124,2025-07-31 22:29:08.731313,0 days 00:01:19.451189,15,17,40,17,2.172797010240944,COMPLETE
