number,value,datetime_start,datetime_complete,duration,params_macd_fast,params_macd_signal,params_macd_slow,params_volume_sma,params_volume_spike_ratio,state
0,19106.969323658603,2025-07-31 22:45:41.846461,2025-07-31 22:45:47.442434,0 days 00:00:05.595973,9,18,43,12,1.9902277930654582,COMPLETE
1,5301.272566641246,2025-07-31 22:45:41.848446,2025-07-31 22:45:47.741177,0 days 00:00:05.892731,9,12,45,24,2.3148494802256185,COMPLETE
2,17878.798585327393,2025-07-31 22:45:41.851017,2025-07-31 22:45:47.830116,0 days 00:00:05.979099,9,18,47,37,1.5350391688842406,COMPLETE
3,4553.538935090693,2025-07-31 22:45:41.857889,2025-07-31 22:45:47.308434,0 days 00:00:05.450545,6,20,36,25,2.520048146453946,COMPLETE
4,16695.84660069315,2025-07-31 22:45:41.860045,2025-07-31 22:45:46.828125,0 days 00:00:04.968080,19,19,37,10,2.352914179208038,COMPLETE
5,11777.549872755502,2025-07-31 22:45:41.866253,2025-07-31 22:45:47.537336,0 days 00:00:05.671083,14,18,48,21,1.5675299687106987,COMPLETE
6,4252.478493274191,2025-07-31 22:45:41.871800,2025-07-31 22:45:45.928238,0 days 00:00:04.056438,6,20,41,49,2.2945336160739522,COMPLETE
7,6114.387206880078,2025-07-31 22:45:41.876807,2025-07-31 22:45:48.131876,0 days 00:00:06.255069,12,5,28,33,1.9189259862795982,COMPLETE
8,23776.436373582877,2025-07-31 22:45:41.880571,2025-07-31 22:45:47.550360,0 days 00:00:05.669789,14,20,50,28,1.7896115775751609,COMPLETE
9,3285.4296698081744,2025-07-31 22:45:41.889707,2025-07-31 22:45:48.321180,0 days 00:00:06.431473,7,20,34,38,1.8120182029097147,COMPLETE
10,7798.267996845537,2025-07-31 22:45:41.894266,2025-07-31 22:45:48.706965,0 days 00:00:06.812699,12,17,35,43,2.1597609331804666,COMPLETE
11,2738.2710086218067,2025-07-31 22:45:41.897537,2025-07-31 22:45:49.447763,0 days 00:00:07.550226,7,8,35,27,1.8117096011039626,COMPLETE
12,3899.7028221101136,2025-07-31 22:45:41.913578,2025-07-31 22:45:50.927173,0 days 00:00:09.013595,7,12,34,24,1.935614394257243,COMPLETE
13,9077.921221839235,2025-07-31 22:45:41.919010,2025-07-31 22:45:51.227774,0 days 00:00:09.308764,15,11,40,47,2.1725922787291223,COMPLETE
14,3806.898324814952,2025-07-31 22:45:41.924557,2025-07-31 22:45:51.702560,0 days 00:00:09.778003,15,18,37,38,2.87271235826187,COMPLETE
15,8339.576212379,2025-07-31 22:45:41.932018,2025-07-31 22:45:52.856093,0 days 00:00:10.924075,12,5,31,31,1.9243114545839144,COMPLETE
16,3493.5860558440822,2025-07-31 22:45:41.934923,2025-07-31 22:45:53.083260,0 days 00:00:11.148337,11,17,25,12,1.8807977687365423,COMPLETE
17,-inf,2025-07-31 22:45:41.945024,2025-07-31 22:45:51.594251,0 days 00:00:09.649227,20,15,18,9,2.7508853024656466,COMPLETE
18,2916.6204090281603,2025-07-31 22:45:41.965451,2025-07-31 22:45:56.319301,0 days 00:00:14.353850,7,12,41,33,2.4385989627507882,COMPLETE
19,5144.379915714831,2025-07-31 22:45:41.995392,2025-07-31 22:45:56.517430,0 days 00:00:14.522038,14,7,29,42,2.3568953059738016,COMPLETE
20,8032.581709290312,2025-07-31 22:45:42.048085,2025-07-31 22:45:57.239652,0 days 00:00:15.191567,6,16,41,31,1.9690133318428291,COMPLETE
21,10193.84044633509,2025-07-31 22:45:42.112275,2025-07-31 22:45:57.183050,0 days 00:00:15.070775,14,7,25,32,2.90641168237679,COMPLETE
22,1480.0148512295186,2025-07-31 22:45:42.403973,2025-07-31 22:45:59.855745,0 days 00:00:17.451772,7,10,45,35,2.089030443599693,COMPLETE
23,3512.96128241354,2025-07-31 22:45:42.610376,2025-07-31 22:45:55.176576,0 days 00:00:12.566200,7,16,40,39,2.4373804301879036,COMPLETE
24,17517.642570661985,2025-07-31 22:45:42.664095,2025-07-31 22:46:19.506974,0 days 00:00:36.842879,19,9,39,10,2.357495124326103,COMPLETE
25,2742.350376504627,2025-07-31 22:45:42.756562,2025-07-31 22:46:05.048308,0 days 00:00:22.291746,16,6,18,28,2.0478384637639317,COMPLETE
26,6424.742502446733,2025-07-31 22:45:42.767015,2025-07-31 22:46:03.897588,0 days 00:00:21.130573,10,8,39,44,2.7380822118356436,COMPLETE
27,22912.66111558841,2025-07-31 22:45:43.026736,2025-07-31 22:46:02.724973,0 days 00:00:19.698237,20,7,47,8,2.3179564722614465,COMPLETE
28,4520.125024492272,2025-07-31 22:45:43.289472,2025-07-31 22:46:04.749182,0 days 00:00:21.459710,11,18,47,10,2.4170495873598763,COMPLETE
29,3856.872020257206,2025-07-31 22:45:43.422770,2025-07-31 22:46:05.716189,0 days 00:00:22.293419,9,14,31,25,1.5530403068972656,COMPLETE
30,6923.612893412662,2025-07-31 22:45:43.573347,2025-07-31 22:46:07.935060,0 days 00:00:24.361713,14,5,32,30,2.0835354911059105,COMPLETE
31,5547.224310925606,2025-07-31 22:45:43.859624,2025-07-31 22:46:07.237420,0 days 00:00:23.377796,15,9,42,10,2.8935530036553536,COMPLETE
32,14442.432005524663,2025-07-31 22:45:43.995298,2025-07-31 22:46:09.787776,0 days 00:00:25.792478,18,17,37,6,2.2790248728787383,COMPLETE
33,6494.9170945978985,2025-07-31 22:45:44.094187,2025-07-31 22:46:08.684947,0 days 00:00:24.590760,14,5,28,5,2.303137409331114,COMPLETE
34,7120.6657386539,2025-07-31 22:45:44.176992,2025-07-31 22:46:10.947235,0 days 00:00:26.770243,18,20,48,22,1.7884111468674724,COMPLETE
35,7940.468277510435,2025-07-31 22:45:44.272015,2025-07-31 22:46:11.108698,0 days 00:00:26.836683,17,10,29,22,2.426674126151398,COMPLETE
36,4838.391425660415,2025-07-31 22:45:44.298100,2025-07-31 22:46:10.452515,0 days 00:00:26.154415,20,8,24,10,2.2144911583946225,COMPLETE
37,2578.2105493808285,2025-07-31 22:45:44.595545,2025-07-31 22:46:11.394691,0 days 00:00:26.799146,7,7,45,37,2.7857610311939363,COMPLETE
38,4085.2544180689165,2025-07-31 22:45:44.910782,2025-07-31 22:46:08.259388,0 days 00:00:23.348606,8,8,22,8,2.8157463018127933,COMPLETE
39,6009.831081434055,2025-07-31 22:45:44.931404,2025-07-31 22:46:16.370452,0 days 00:00:31.439048,12,15,33,25,1.5016417959238892,COMPLETE
40,5049.938373454441,2025-07-31 22:45:45.057186,2025-07-31 22:46:15.082553,0 days 00:00:30.025367,16,9,28,13,2.0664312908226266,COMPLETE
41,4780.378970114064,2025-07-31 22:45:45.173201,2025-07-31 22:46:14.154686,0 days 00:00:28.981485,6,20,45,50,2.2045583507745077,COMPLETE
42,-inf,2025-07-31 22:45:45.239305,2025-07-31 22:45:58.857167,0 days 00:00:13.617862,17,15,15,36,2.1379038218338695,COMPLETE
43,10582.707889506326,2025-07-31 22:45:45.484964,2025-07-31 22:46:16.042933,0 days 00:00:30.557969,16,13,34,8,2.8019253418913603,COMPLETE
44,7547.248303745321,2025-07-31 22:45:45.567597,2025-07-31 22:46:14.308321,0 days 00:00:28.740724,16,19,31,11,1.5869018666142334,COMPLETE
45,7691.251006716905,2025-07-31 22:45:45.641332,2025-07-31 22:46:15.878764,0 days 00:00:30.237432,9,17,38,15,2.6858851219100424,COMPLETE
46,1477.8404315832884,2025-07-31 22:45:45.826688,2025-07-31 22:46:17.655218,0 days 00:00:31.828530,5,10,23,13,2.1585537009652134,COMPLETE
47,-inf,2025-07-31 22:45:45.850580,2025-07-31 22:46:00.340268,0 days 00:00:14.489688,19,9,19,39,1.7925326134010358,COMPLETE
48,23542.537826355758,2025-07-31 22:45:45.974573,2025-07-31 22:46:20.038764,0 days 00:00:34.064191,16,10,47,12,2.9597733886182143,COMPLETE
49,2626.6723569237706,2025-07-31 22:45:46.231732,2025-07-31 22:46:21.057458,0 days 00:00:34.825726,6,7,42,50,2.607806617422443,COMPLETE
50,8822.722264882304,2025-07-31 22:45:46.494780,2025-07-31 22:46:22.740106,0 days 00:00:36.245326,19,19,25,17,2.046114931935455,COMPLETE
51,4782.6498721404505,2025-07-31 22:45:46.638050,2025-07-31 22:46:21.015605,0 days 00:00:34.377555,6,19,40,45,2.918189112539908,COMPLETE
52,639.4864093560977,2025-07-31 22:45:46.860815,2025-07-31 22:46:19.005426,0 days 00:00:32.144611,5,6,33,35,2.240326818115151,COMPLETE
53,4019.6796608357404,2025-07-31 22:45:46.938250,2025-07-31 22:46:20.449308,0 days 00:00:33.511058,10,19,47,30,1.7264512661518112,COMPLETE
54,5624.007831035113,2025-07-31 22:45:47.039470,2025-07-31 22:46:19.389715,0 days 00:00:32.350245,6,20,18,31,2.340191722118193,COMPLETE
55,1055.5145178870534,2025-07-31 22:45:47.186936,2025-07-31 22:46:20.241030,0 days 00:00:33.054094,5,6,30,35,1.5031030968441024,COMPLETE
56,7416.516348833451,2025-07-31 22:45:47.314048,2025-07-31 22:46:22.334852,0 days 00:00:35.020804,6,11,28,39,2.6662737316798086,COMPLETE
57,12584.809361058373,2025-07-31 22:45:47.334912,2025-07-31 22:46:20.394773,0 days 00:00:33.059861,18,18,43,41,1.751174065237534,COMPLETE
58,8263.421126452271,2025-07-31 22:45:47.572208,2025-07-31 22:46:23.271781,0 days 00:00:35.699573,14,8,50,13,2.165387470903327,COMPLETE
59,9308.538776952786,2025-07-31 22:45:47.730032,2025-07-31 22:46:22.454780,0 days 00:00:34.724748,9,19,32,33,2.579847056948691,COMPLETE
60,1016.9965545501744,2025-07-31 22:45:47.791047,2025-07-31 22:46:24.090958,0 days 00:00:36.299911,6,8,23,14,1.935196332644151,COMPLETE
61,3284.492513945001,2025-07-31 22:45:47.901679,2025-07-31 22:46:22.739077,0 days 00:00:34.837398,13,9,26,24,2.4425350974275535,COMPLETE
62,14503.674845588628,2025-07-31 22:45:48.075017,2025-07-31 22:46:22.801196,0 days 00:00:34.726179,16,9,46,41,1.7003956996540126,COMPLETE
63,1210.2448540469704,2025-07-31 22:45:48.109293,2025-07-31 22:46:23.601491,0 days 00:00:35.492198,6,11,18,8,1.5397409651711138,COMPLETE
64,1966.2210081997189,2025-07-31 22:45:48.120421,2025-07-31 22:46:24.004076,0 days 00:00:35.883655,8,7,48,16,1.969481588445173,COMPLETE
65,2317.3885525445885,2025-07-31 22:45:48.149090,2025-07-31 22:46:24.088741,0 days 00:00:35.939651,5,17,27,23,1.7051442810177269,COMPLETE
66,-21.714041623246587,2025-07-31 22:45:48.222982,2025-07-31 22:46:23.825350,0 days 00:00:35.602368,9,7,25,44,2.029494537277965,COMPLETE
67,2305.415280384694,2025-07-31 22:45:48.250065,2025-07-31 22:46:24.268987,0 days 00:00:36.018922,6,9,30,48,2.4359385734214842,COMPLETE
68,5868.511187655319,2025-07-31 22:45:48.313491,2025-07-31 22:46:09.390954,0 days 00:00:21.077463,10,5,39,39,2.5877352003040155,COMPLETE
69,7669.125050313692,2025-07-31 22:45:48.342107,2025-07-31 22:46:25.277828,0 days 00:00:36.935721,18,14,19,49,2.8294616664439256,COMPLETE
70,-inf,2025-07-31 22:45:48.353709,2025-07-31 22:45:52.547506,0 days 00:00:04.193797,16,14,15,49,2.9339949472212314,COMPLETE
71,5393.465641136571,2025-07-31 22:45:48.355108,2025-07-31 22:46:23.390836,0 days 00:00:35.035728,17,14,21,49,2.9560769289195883,COMPLETE
72,-inf,2025-07-31 22:45:48.374574,2025-07-31 22:46:25.672907,0 days 00:00:37.298333,18,14,15,48,2.804606976093843,COMPLETE
73,-inf,2025-07-31 22:45:48.375971,2025-07-31 22:46:32.183680,0 days 00:00:43.807709,18,14,16,49,2.934552341936683,COMPLETE
74,-inf,2025-07-31 22:45:48.399511,2025-07-31 22:46:28.857244,0 days 00:00:40.457733,17,14,15,49,2.832640199331635,COMPLETE
75,-inf,2025-07-31 22:45:48.433467,2025-07-31 22:46:26.960908,0 days 00:00:38.527441,18,14,17,5,2.99645163965073,COMPLETE
76,-inf,2025-07-31 22:45:48.441979,2025-07-31 22:46:28.240065,0 days 00:00:39.798086,18,13,16,47,2.9846373106048087,COMPLETE
77,-inf,2025-07-31 22:45:48.443082,2025-07-31 22:46:31.210344,0 days 00:00:42.767262,17,14,16,5,2.9566389259827988,COMPLETE
78,7852.741000050418,2025-07-31 22:45:48.467195,2025-07-31 22:45:57.377492,0 days 00:00:08.910297,17,14,20,49,2.958258734412702,COMPLETE
79,-inf,2025-07-31 22:45:48.499739,2025-07-31 22:46:29.106026,0 days 00:00:40.606287,18,14,17,49,2.9822222659805737,COMPLETE
80,-inf,2025-07-31 22:45:48.513666,2025-07-31 22:46:28.963422,0 days 00:00:40.449756,18,14,16,48,2.6292286035241603,COMPLETE
81,-inf,2025-07-31 22:45:48.535746,2025-07-31 22:46:28.905840,0 days 00:00:40.370094,18,14,18,48,2.945089411973981,COMPLETE
82,-inf,2025-07-31 22:45:48.553311,2025-07-31 22:46:31.172309,0 days 00:00:42.618998,18,14,16,50,2.8470364215016613,COMPLETE
83,-inf,2025-07-31 22:45:48.594764,2025-07-31 22:46:28.649284,0 days 00:00:40.054520,18,14,17,48,2.914480384439607,COMPLETE
84,7669.125050313692,2025-07-31 22:45:48.611708,2025-07-31 22:46:29.752935,0 days 00:00:41.141227,18,14,19,48,2.6996090272946205,COMPLETE
85,-inf,2025-07-31 22:45:48.624520,2025-07-31 22:46:31.123545,0 days 00:00:42.499025,18,14,15,49,2.8530404325252867,COMPLETE
86,-inf,2025-07-31 22:45:48.642002,2025-07-31 22:46:33.365512,0 days 00:00:44.723510,17,14,15,49,2.8210870118209863,COMPLETE
87,-inf,2025-07-31 22:45:48.707534,2025-07-31 22:46:32.175603,0 days 00:00:43.468069,16,14,16,7,2.9507822401061454,COMPLETE
88,9561.566059661878,2025-07-31 22:45:48.753733,2025-07-31 22:46:33.409460,0 days 00:00:44.655727,16,14,50,6,2.9654192513472664,COMPLETE
89,-inf,2025-07-31 22:45:48.795966,2025-07-31 22:46:33.858884,0 days 00:00:45.062918,16,14,15,5,2.9092398629612104,COMPLETE
90,5643.98347109042,2025-07-31 22:45:48.825043,2025-07-31 22:46:43.898629,0 days 00:00:55.073586,16,14,20,7,2.80492618891717,COMPLETE
91,-inf,2025-07-31 22:45:48.826161,2025-07-31 22:46:48.725935,0 days 00:00:59.899774,17,14,16,5,2.941665873408847,COMPLETE
92,2633.892573541626,2025-07-31 22:45:48.859917,2025-07-31 22:46:34.942792,0 days 00:00:46.082875,16,13,17,5,1.9348661493866863,COMPLETE
93,8421.315114803878,2025-07-31 22:45:48.880714,2025-07-31 22:46:37.943717,0 days 00:00:49.063003,17,15,20,6,2.8910862695532233,COMPLETE
94,10062.449209774275,2025-07-31 22:45:48.881828,2025-07-31 22:46:32.161309,0 days 00:00:43.279481,16,14,24,6,2.9861143439032833,COMPLETE
95,3887.6041306131815,2025-07-31 22:45:48.888490,2025-07-31 22:46:46.913624,0 days 00:00:58.025134,16,15,18,7,2.9313331844010975,COMPLETE
96,-inf,2025-07-31 22:45:48.895697,2025-07-31 22:46:32.253827,0 days 00:00:43.358130,17,15,17,5,1.941177400182322,COMPLETE
97,-inf,2025-07-31 22:45:48.905341,2025-07-31 22:46:57.750681,0 days 00:01:08.845340,16,14,15,5,2.8935482357106608,COMPLETE
98,6086.155015724644,2025-07-31 22:45:48.918883,2025-07-31 22:46:37.746285,0 days 00:00:48.827402,16,14,20,6,1.9510351879220071,COMPLETE
99,566.129540340086,2025-07-31 22:45:48.933317,2025-07-31 22:46:38.800362,0 days 00:00:49.867045,16,14,17,7,2.9803814916200966,COMPLETE
100,-inf,2025-07-31 22:45:48.958128,2025-07-31 22:46:37.170477,0 days 00:00:48.212349,16,14,16,5,1.9426504493099486,COMPLETE
101,5581.236152450495,2025-07-31 22:45:48.995881,2025-07-31 22:46:40.730463,0 days 00:00:51.734582,16,14,22,5,1.9253207861206234,COMPLETE
102,9561.566059661878,2025-07-31 22:45:49.022587,2025-07-31 22:47:06.374601,0 days 00:01:17.352014,16,14,50,5,2.9102680691962908,COMPLETE
103,4279.456828477518,2025-07-31 22:45:49.023920,2025-07-31 22:46:42.353107,0 days 00:00:53.329187,16,14,21,7,2.9918974838291543,COMPLETE
104,-inf,2025-07-31 22:45:49.048917,2025-07-31 22:46:42.476994,0 days 00:00:53.428077,16,15,16,6,2.9194756828809374,COMPLETE
105,-inf,2025-07-31 22:45:49.090695,2025-07-31 22:46:52.144745,0 days 00:01:03.054050,17,14,15,5,2.7860827763802645,COMPLETE
106,-inf,2025-07-31 22:45:49.091827,2025-07-31 22:46:42.503704,0 days 00:00:53.411877,17,14,16,5,1.949640931233071,COMPLETE
107,566.129540340086,2025-07-31 22:45:49.098608,2025-07-31 22:46:44.192948,0 days 00:00:55.094340,16,14,17,9,2.999949833328866,COMPLETE
108,9561.566059661878,2025-07-31 22:45:49.133618,2025-07-31 22:46:56.894406,0 days 00:01:07.760788,16,14,50,5,2.9918732009167766,COMPLETE
109,4279.456828477518,2025-07-31 22:45:49.152727,2025-07-31 22:46:55.439060,0 days 00:01:06.286333,16,14,21,5,2.8429836388219547,COMPLETE
110,1755.2206457781117,2025-07-31 22:45:49.164446,2025-07-31 22:46:46.312676,0 days 00:00:57.148230,16,14,18,11,2.8877630179526155,COMPLETE
111,9561.566059661878,2025-07-31 22:45:49.165720,2025-07-31 22:46:57.799177,0 days 00:01:08.633457,16,14,50,7,2.9065893633328628,COMPLETE
112,-inf,2025-07-31 22:45:49.173588,2025-07-31 22:46:55.423857,0 days 00:01:06.250269,16,14,15,5,2.918004362359664,COMPLETE
113,9561.566059661878,2025-07-31 22:45:49.175824,2025-07-31 22:46:58.707647,0 days 00:01:09.531823,16,14,50,5,2.8636832693857537,COMPLETE
114,5581.236152450495,2025-07-31 22:45:49.220314,2025-07-31 22:46:36.973924,0 days 00:00:47.753610,16,14,22,7,1.9421231293472476,COMPLETE
115,-inf,2025-07-31 22:45:49.231392,2025-07-31 22:46:58.686871,0 days 00:01:09.455479,16,14,15,5,2.952356375742937,COMPLETE
116,1367.7765766735947,2025-07-31 22:45:49.234256,2025-07-31 22:46:47.222384,0 days 00:00:57.988128,16,15,17,5,2.9338811916457193,COMPLETE
117,-inf,2025-07-31 22:45:49.235804,2025-07-31 22:46:59.147036,0 days 00:01:09.911232,16,14,16,5,1.929163491612189,COMPLETE
118,6447.649687939099,2025-07-31 22:45:49.249517,2025-07-31 22:47:27.477758,0 days 00:01:38.228241,17,14,22,5,2.8979662761639275,COMPLETE
119,7954.783802502599,2025-07-31 22:45:49.267731,2025-07-31 22:48:18.126090,0 days 00:02:28.858359,16,15,50,7,1.9350013757693008,COMPLETE
120,1755.2206457781117,2025-07-31 22:45:49.275186,2025-07-31 22:46:48.221560,0 days 00:00:58.946374,16,14,18,6,2.847192147829525,COMPLETE
121,566.129540340086,2025-07-31 22:45:49.371424,2025-07-31 22:46:48.631130,0 days 00:00:59.259706,16,14,17,6,2.9475657092302434,COMPLETE
122,7092.655630963153,2025-07-31 22:45:49.394381,2025-07-31 22:47:03.307402,0 days 00:01:13.913021,16,14,23,6,2.9798230068815634,COMPLETE
123,5643.98347109042,2025-07-31 22:45:49.396355,2025-07-31 22:47:34.111052,0 days 00:01:44.714697,16,14,20,5,2.8434505997131256,COMPLETE
124,-inf,2025-07-31 22:45:49.413881,2025-07-31 22:46:59.795512,0 days 00:01:10.381631,17,14,15,8,1.9347269053705014,COMPLETE
125,3589.2239700039745,2025-07-31 22:45:49.441436,2025-07-31 22:47:04.547163,0 days 00:01:15.105727,17,14,18,5,2.7917428492265453,COMPLETE
126,4392.205965706169,2025-07-31 22:45:49.454931,2025-07-31 22:46:40.811690,0 days 00:00:51.356759,15,15,19,5,2.021092986466641,COMPLETE
127,-inf,2025-07-31 22:45:49.456998,2025-07-31 22:47:03.110662,0 days 00:01:13.653664,16,14,15,6,2.727894115077237,COMPLETE
128,1367.7765766735947,2025-07-31 22:45:49.464123,2025-07-31 22:46:49.699656,0 days 00:01:00.235533,16,15,17,7,2.8612640645883474,COMPLETE
129,7438.1279448663845,2025-07-31 22:45:49.465724,2025-07-31 22:47:41.520291,0 days 00:01:52.054567,16,15,20,5,2.025246470591989,COMPLETE
130,3043.475673419968,2025-07-31 22:45:49.466405,2025-07-31 22:47:10.013404,0 days 00:01:20.546999,15,15,21,7,2.811855048578303,COMPLETE
131,4559.124136402594,2025-07-31 22:45:49.470113,2025-07-31 22:46:50.405397,0 days 00:01:00.935284,16,15,19,6,2.867075688494658,COMPLETE
132,1367.7765766735947,2025-07-31 22:45:49.472711,2025-07-31 22:47:12.454638,0 days 00:01:22.981927,16,15,17,7,2.959930503881723,COMPLETE
133,9673.266766356202,2025-07-31 22:45:49.474760,2025-07-31 22:49:01.777549,0 days 00:03:12.302789,16,15,49,10,2.936411666008272,COMPLETE
134,3887.6041306131815,2025-07-31 22:45:49.476454,2025-07-31 22:46:52.885033,0 days 00:01:03.408579,16,15,18,5,2.87991746232957,COMPLETE
135,8421.315114803878,2025-07-31 22:45:49.477740,2025-07-31 22:46:52.229241,0 days 00:01:02.751501,17,15,20,6,2.9042235679385557,COMPLETE
136,6540.872625864652,2025-07-31 22:45:49.482830,2025-07-31 22:47:16.609631,0 days 00:01:27.126801,16,15,20,5,2.82761602984109,COMPLETE
137,5824.079312333033,2025-07-31 22:45:49.489252,2025-07-31 22:47:17.623894,0 days 00:01:28.134642,16,15,22,5,2.9577363857760504,COMPLETE
138,7679.3472332084875,2025-07-31 22:45:49.492477,2025-07-31 22:47:58.084273,0 days 00:02:08.591796,16,15,50,12,2.9381166889325847,COMPLETE
139,5824.079312333033,2025-07-31 22:45:49.494256,2025-07-31 22:47:55.487675,0 days 00:02:05.993419,16,15,22,6,2.9572323989154086,COMPLETE
140,7438.1279448663845,2025-07-31 22:45:49.496187,2025-07-31 22:46:54.044305,0 days 00:01:04.548118,16,15,20,5,2.001254521136518,COMPLETE
141,5824.079312333033,2025-07-31 22:45:49.502965,2025-07-31 22:46:55.697255,0 days 00:01:06.194290,16,15,22,6,2.885254379601948,COMPLETE
142,3887.6041306131815,2025-07-31 22:45:49.504983,2025-07-31 22:47:19.725186,0 days 00:01:30.220203,16,15,18,7,2.8834040159210517,COMPLETE
143,4301.324988254393,2025-07-31 22:45:49.506351,2025-07-31 22:47:59.418825,0 days 00:02:09.912474,16,15,23,5,2.964444727218049,COMPLETE
144,3887.6041306131815,2025-07-31 22:45:49.509573,2025-07-31 22:46:59.095007,0 days 00:01:09.585434,16,15,18,12,2.958336606176182,COMPLETE
145,-inf,2025-07-31 22:45:49.510443,2025-07-31 22:47:51.106860,0 days 00:02:01.596417,16,15,16,6,2.01723231246595,COMPLETE
146,-inf,2025-07-31 22:45:49.516431,2025-07-31 22:47:17.485083,0 days 00:01:27.968652,16,15,15,6,2.817415163883375,COMPLETE
147,3349.27934355839,2025-07-31 22:45:49.519339,2025-07-31 22:55:09.767938,0 days 00:09:20.248599,16,14,19,6,2.9219742900807613,COMPLETE
148,6645.8916894913355,2025-07-31 22:45:49.524800,2025-07-31 22:47:23.585413,0 days 00:01:34.060613,16,15,22,14,1.999553935529355,COMPLETE
149,566.129540340086,2025-07-31 22:45:49.526144,2025-07-31 22:46:59.070933,0 days 00:01:09.544789,15,15,17,12,2.999862640446893,COMPLETE
150,-inf,2025-07-31 22:45:49.527860,2025-07-31 22:47:18.901429,0 days 00:01:29.373569,15,15,15,10,2.78707390506141,COMPLETE
151,-inf,2025-07-31 22:45:49.528831,2025-07-31 22:47:17.807074,0 days 00:01:28.278243,16,14,15,13,2.83677596425441,COMPLETE
152,4938.530740000643,2025-07-31 22:45:49.530867,2025-07-31 22:46:46.634047,0 days 00:00:57.103180,16,15,19,5,1.9901170588551234,COMPLETE
153,-inf,2025-07-31 22:45:49.532213,2025-07-31 22:51:28.696814,0 days 00:05:39.164601,15,15,15,7,2.990861549852927,COMPLETE
154,5824.079312333033,2025-07-31 22:45:49.533435,2025-07-31 22:47:25.441612,0 days 00:01:35.908177,16,15,22,12,2.9208808106554836,COMPLETE
155,8017.699819813853,2025-07-31 22:45:49.542987,2025-07-31 22:47:28.253750,0 days 00:01:38.710763,16,15,21,6,2.9553670227521875,COMPLETE
156,-inf,2025-07-31 22:45:49.550258,2025-07-31 22:47:24.695273,0 days 00:01:35.145015,16,15,15,12,2.7282453088791896,COMPLETE
157,-inf,2025-07-31 22:45:49.560204,2025-07-31 22:47:25.675506,0 days 00:01:36.115302,16,15,15,7,2.7111082888683784,COMPLETE
158,922.906659752403,2025-07-31 22:45:49.560759,2025-07-31 22:47:01.862582,0 days 00:01:12.301823,16,13,18,6,2.7599114333205543,COMPLETE
159,6540.872625864652,2025-07-31 22:45:49.562784,2025-07-31 22:47:33.148320,0 days 00:01:43.585536,16,15,20,5,2.9535391829196462,COMPLETE
160,-inf,2025-07-31 22:45:49.566126,2025-07-31 22:48:07.522464,0 days 00:02:17.956338,16,15,15,5,2.9605982725204214,COMPLETE
