number,value,datetime_start,datetime_complete,duration,params_macd_fast,params_macd_signal,params_macd_slow,state
933,40128.50469021917,2025-07-31 22:59:39.156725,2025-07-31 23:03:38.694486,0 days 00:03:59.537761,13,6,22,COMPLETE
934,43305.81008810051,2025-07-31 22:59:39.160772,2025-07-31 23:02:02.399173,0 days 00:02:23.238401,13,6,19,COMPLETE
935,36163.214311814845,2025-07-31 22:59:39.161420,2025-07-31 23:03:42.317546,0 days 00:04:03.156126,13,6,20,COMPLETE
936,43305.81008810051,2025-07-31 22:59:39.164760,2025-07-31 23:02:01.409713,0 days 00:02:22.244953,13,6,19,COMPLETE
937,43305.81008810051,2025-07-31 22:59:39.166416,2025-07-31 23:01:59.921516,0 days 00:02:20.755100,13,6,19,COMPLETE
938,43305.81008810051,2025-07-31 22:59:39.170044,2025-07-31 23:03:12.677643,0 days 00:03:33.507599,13,6,19,COMPLETE
939,43305.81008810051,2025-07-31 22:59:39.172374,2025-07-31 23:03:09.611992,0 days 00:03:30.439618,13,6,19,COMPLETE
940,36163.214311814845,2025-07-31 22:59:39.173646,2025-07-31 23:03:41.287008,0 days 00:04:02.113362,13,6,20,COMPLETE
941,43305.81008810051,2025-07-31 22:59:39.176029,2025-07-31 23:02:02.204869,0 days 00:02:23.028840,13,6,19,COMPLETE
942,36163.214311814845,2025-07-31 22:59:39.183652,2025-07-31 23:03:17.428580,0 days 00:03:38.244928,13,6,20,COMPLETE
943,43305.81008810051,2025-07-31 22:59:39.184848,2025-07-31 23:03:41.234941,0 days 00:04:02.050093,13,6,19,COMPLETE
944,36163.214311814845,2025-07-31 22:59:39.195047,2025-07-31 23:03:38.849159,0 days 00:03:59.654112,13,6,20,COMPLETE
945,43305.81008810051,2025-07-31 22:59:39.196288,2025-07-31 23:03:13.737827,0 days 00:03:34.541539,13,6,19,COMPLETE
946,43305.81008810051,2025-07-31 22:59:39.199168,2025-07-31 23:02:00.696301,0 days 00:02:21.497133,13,6,19,COMPLETE
947,36163.214311814845,2025-07-31 22:59:39.202201,2025-07-31 23:03:45.408109,0 days 00:04:06.205908,13,6,20,COMPLETE
948,36163.214311814845,2025-07-31 22:59:39.207214,2025-07-31 23:03:39.949310,0 days 00:04:00.742096,13,6,20,COMPLETE
949,43305.81008810051,2025-07-31 22:59:39.209085,2025-07-31 23:03:12.846598,0 days 00:03:33.637513,13,6,19,COMPLETE
950,43305.81008810051,2025-07-31 22:59:39.210022,2025-07-31 23:02:00.698445,0 days 00:02:21.488423,13,6,19,COMPLETE
951,35255.06848644645,2025-07-31 22:59:39.282643,2025-07-31 23:03:12.959531,0 days 00:03:33.676888,14,6,20,COMPLETE
952,43305.81008810051,2025-07-31 22:59:39.294879,2025-07-31 23:02:03.429396,0 days 00:02:24.134517,13,6,19,COMPLETE
953,43305.81008810051,2025-07-31 22:59:39.301858,2025-07-31 23:03:10.795619,0 days 00:03:31.493761,13,6,19,COMPLETE
954,36163.214311814845,2025-07-31 22:59:39.320344,2025-07-31 23:03:42.335189,0 days 00:04:03.014845,13,6,20,COMPLETE
955,40128.50469021917,2025-07-31 22:59:39.333006,2025-07-31 23:03:41.626759,0 days 00:04:02.293753,13,6,22,COMPLETE
956,43305.81008810051,2025-07-31 22:59:39.334540,2025-07-31 23:03:13.958281,0 days 00:03:34.623741,13,6,19,COMPLETE
957,36163.214311814845,2025-07-31 22:59:39.335568,2025-07-31 23:02:05.214156,0 days 00:02:25.878588,13,6,20,COMPLETE
958,43305.81008810051,2025-07-31 22:59:39.342529,2025-07-31 23:02:03.871394,0 days 00:02:24.528865,13,6,19,COMPLETE
959,43305.81008810051,2025-07-31 22:59:39.375586,2025-07-31 23:02:06.326543,0 days 00:02:26.950957,13,6,19,COMPLETE
960,43305.81008810051,2025-07-31 22:59:39.376905,2025-07-31 23:03:13.929516,0 days 00:03:34.552611,13,6,19,COMPLETE
961,43305.81008810051,2025-07-31 22:59:39.421078,2025-07-31 23:03:16.783592,0 days 00:03:37.362514,13,6,19,COMPLETE
962,49422.93685142166,2025-07-31 22:59:39.433851,2025-07-31 23:03:41.545874,0 days 00:04:02.112023,13,6,23,COMPLETE
963,43305.81008810051,2025-07-31 22:59:39.436258,2025-07-31 23:03:39.162710,0 days 00:03:59.726452,13,6,19,COMPLETE
964,43305.81008810051,2025-07-31 22:59:39.495466,2025-07-31 23:02:05.717534,0 days 00:02:26.222068,13,6,19,COMPLETE
965,18978.924197951244,2025-07-31 22:59:39.510479,2025-07-31 23:03:16.022638,0 days 00:03:36.512159,14,14,20,COMPLETE
966,18978.924197951244,2025-07-31 22:59:39.512497,2025-07-31 23:02:05.087021,0 days 00:02:25.574524,14,14,20,COMPLETE
967,18722.356584520752,2025-07-31 22:59:39.514458,2025-07-31 23:03:13.491943,0 days 00:03:33.977485,14,14,19,COMPLETE
968,83461.19576618707,2025-07-31 22:59:39.515787,2025-07-31 23:03:16.119554,0 days 00:03:36.603767,14,14,22,COMPLETE
969,83461.19576618707,2025-07-31 22:59:39.518864,2025-07-31 23:00:52.895148,0 days 00:01:13.376284,14,14,22,COMPLETE
970,18722.356584520752,2025-07-31 22:59:39.520192,2025-07-31 23:03:37.528204,0 days 00:03:58.008012,14,14,19,COMPLETE
971,18722.356584520752,2025-07-31 22:59:39.522425,2025-07-31 23:03:13.006023,0 days 00:03:33.483598,14,14,19,COMPLETE
972,83461.19576618707,2025-07-31 22:59:39.528003,2025-07-31 23:03:43.048375,0 days 00:04:03.520372,14,14,22,COMPLETE
973,18722.356584520752,2025-07-31 22:59:39.531344,2025-07-31 23:03:39.896485,0 days 00:04:00.365141,14,14,19,COMPLETE
974,18722.356584520752,2025-07-31 22:59:39.539122,2025-07-31 23:00:52.717989,0 days 00:01:13.178867,14,14,19,COMPLETE
975,18722.356584520752,2025-07-31 22:59:39.542848,2025-07-31 23:02:07.227236,0 days 00:02:27.684388,14,14,19,COMPLETE
976,18722.356584520752,2025-07-31 22:59:39.545131,2025-07-31 23:03:15.910926,0 days 00:03:36.365795,14,14,19,COMPLETE
977,18722.356584520752,2025-07-31 22:59:39.548474,2025-07-31 23:00:53.294120,0 days 00:01:13.745646,14,14,19,COMPLETE
978,18978.924197951244,2025-07-31 22:59:39.579640,2025-07-31 23:03:44.113490,0 days 00:04:04.533850,14,14,20,COMPLETE
979,24366.044051730918,2025-07-31 22:59:40.410295,2025-07-31 23:03:18.924820,0 days 00:03:38.514525,13,14,20,COMPLETE
980,25434.11997606699,2025-07-31 22:59:40.443202,2025-07-31 23:03:21.854939,0 days 00:03:41.411737,13,14,22,COMPLETE
981,24366.044051730918,2025-07-31 22:59:40.586081,2025-07-31 23:02:18.751691,0 days 00:02:38.165610,13,14,20,COMPLETE
982,22757.39661856339,2025-07-31 22:59:40.592544,2025-07-31 23:03:44.544318,0 days 00:04:03.951774,14,10,20,COMPLETE
983,22757.39661856339,2025-07-31 22:59:40.607326,2025-07-31 23:03:43.286106,0 days 00:04:02.678780,14,10,20,COMPLETE
984,22757.39661856339,2025-07-31 22:59:40.899748,2025-07-31 23:02:24.184632,0 days 00:02:43.284884,14,10,20,COMPLETE
985,83461.19576618707,2025-07-31 22:59:41.009528,2025-07-31 23:03:20.748979,0 days 00:03:39.739451,14,14,22,COMPLETE
986,18722.356584520752,2025-07-31 22:59:41.031973,2025-07-31 23:02:23.939588,0 days 00:02:42.907615,14,14,19,COMPLETE
987,18722.356584520752,2025-07-31 22:59:41.129809,2025-07-31 23:01:13.733825,0 days 00:01:32.604016,14,14,19,COMPLETE
988,24366.044051730918,2025-07-31 22:59:41.782953,2025-07-31 23:03:45.354332,0 days 00:04:03.571379,13,14,20,COMPLETE
989,55852.35823465136,2025-07-31 22:59:41.797025,2025-07-31 23:02:35.399827,0 days 00:02:53.602802,13,14,23,COMPLETE
990,18274.50784054474,2025-07-31 22:59:41.833683,2025-07-31 23:02:36.992297,0 days 00:02:55.158614,13,14,19,COMPLETE
991,24418.9177272379,2025-07-31 22:59:41.859942,2025-07-31 23:03:28.050001,0 days 00:03:46.190059,13,10,20,COMPLETE
992,18274.50784054474,2025-07-31 22:59:41.870468,2025-07-31 23:02:39.522921,0 days 00:02:57.652453,13,14,19,COMPLETE
993,25434.11997606699,2025-07-31 22:59:41.993091,2025-07-31 23:03:45.192762,0 days 00:04:03.199671,13,14,22,COMPLETE
994,18274.50784054474,2025-07-31 22:59:42.055732,2025-07-31 23:02:46.269729,0 days 00:03:04.213997,13,14,19,COMPLETE
995,31735.58554146895,2025-07-31 22:59:42.093413,2025-07-31 23:03:35.129717,0 days 00:03:53.036304,13,10,19,COMPLETE
996,18274.50784054474,2025-07-31 22:59:42.097124,2025-07-31 23:02:50.420211,0 days 00:03:08.323087,13,14,19,COMPLETE
997,31735.58554146895,2025-07-31 22:59:44.498994,2025-07-31 23:03:44.527057,0 days 00:04:00.028063,13,10,19,COMPLETE
998,25694.83179798254,2025-07-31 22:59:44.514056,2025-07-31 23:03:44.517944,0 days 00:04:00.003888,13,10,22,COMPLETE
999,43305.81008810051,2025-07-31 22:59:45.200196,2025-07-31 23:03:44.972240,0 days 00:03:59.772044,13,6,19,COMPLETE
