number,value,datetime_start,datetime_complete,duration,params_macd_fast,params_macd_signal,params_macd_slow,params_volume_sma,params_volume_spike_ratio,state
949,26490.142475765497,2025-07-31 22:28:13.242320,2025-07-31 22:35:58.975972,0 days 00:07:45.733652,14,7,30,43,2.6951194137889276,COMPLETE
950,23943.062264126267,2025-07-31 22:28:13.366947,2025-07-31 22:36:56.180369,0 days 00:08:42.813422,20,7,21,43,2.656877926478745,COMPLETE
951,7036.815402038072,2025-07-31 22:28:13.387242,2025-07-31 22:37:21.540811,0 days 00:09:08.153569,20,7,29,43,2.659242519973906,COMPLETE
952,15326.111890772894,2025-07-31 22:28:13.553696,2025-07-31 22:35:06.584040,0 days 00:06:53.030344,20,7,30,43,2.673339171651093,COMPLETE
953,15326.111890772894,2025-07-31 22:28:13.566087,2025-07-31 22:35:58.125791,0 days 00:07:44.559704,20,7,30,43,2.695173037987658,COMPLETE
954,26490.142475765497,2025-07-31 22:28:13.603857,2025-07-31 22:37:26.566242,0 days 00:09:12.962385,14,7,30,44,2.6724935183748855,COMPLETE
955,15326.111890772894,2025-07-31 22:28:13.637842,2025-07-31 22:36:03.080944,0 days 00:07:49.443102,20,7,30,43,2.6885356579387185,COMPLETE
956,7036.815402038072,2025-07-31 22:28:13.666648,2025-07-31 22:37:25.794798,0 days 00:09:12.128150,20,7,29,43,2.7039739697114613,COMPLETE
957,21253.09136919957,2025-07-31 22:28:13.669186,2025-07-31 22:36:51.798617,0 days 00:08:38.129431,14,7,29,43,2.627335333930457,COMPLETE
958,15951.510293836878,2025-07-31 22:28:13.671103,2025-07-31 22:36:50.069620,0 days 00:08:36.398517,14,7,21,44,2.6616616821828933,COMPLETE
959,15951.510293836878,2025-07-31 22:28:13.717884,2025-07-31 22:35:12.413616,0 days 00:06:58.695732,14,7,21,43,2.654971674597691,COMPLETE
960,7036.815402038072,2025-07-31 22:28:13.736100,2025-07-31 22:35:14.172030,0 days 00:07:00.435930,20,7,29,44,2.6852013281654257,COMPLETE
961,15326.111890772894,2025-07-31 22:28:13.746096,2025-07-31 22:37:29.739246,0 days 00:09:15.993150,20,7,30,43,2.694855931711389,COMPLETE
962,15326.111890772894,2025-07-31 22:28:13.756581,2025-07-31 22:37:00.751387,0 days 00:08:46.994806,20,7,30,43,2.6880346383237375,COMPLETE
963,15326.111890772894,2025-07-31 22:28:13.785508,2025-07-31 22:36:02.846827,0 days 00:07:49.061319,20,7,30,43,2.67504736171473,COMPLETE
964,15326.111890772894,2025-07-31 22:28:13.826632,2025-07-31 22:37:34.294058,0 days 00:09:20.467426,20,7,30,43,2.675825890946366,COMPLETE
965,15326.111890772894,2025-07-31 22:28:13.870177,2025-07-31 22:36:57.343945,0 days 00:08:43.473768,20,7,30,44,2.690877910846587,COMPLETE
966,7036.815402038072,2025-07-31 22:28:13.875257,2025-07-31 22:37:30.698892,0 days 00:09:16.823635,20,7,29,43,2.6874813415958627,COMPLETE
967,7036.815402038072,2025-07-31 22:28:13.879765,2025-07-31 22:37:33.666888,0 days 00:09:19.787123,20,7,29,43,2.695326122298794,COMPLETE
968,15326.111890772894,2025-07-31 22:28:13.882448,2025-07-31 22:37:00.003993,0 days 00:08:46.121545,20,7,30,43,2.681220469553411,COMPLETE
969,15326.111890772894,2025-07-31 22:28:13.925545,2025-07-31 22:37:33.147032,0 days 00:09:19.221487,20,7,30,45,2.6915475661265438,COMPLETE
970,15326.111890772894,2025-07-31 22:28:13.951960,2025-07-31 22:36:54.961610,0 days 00:08:41.009650,20,7,30,45,2.6919134986649897,COMPLETE
971,15326.111890772894,2025-07-31 22:28:13.989149,2025-07-31 22:36:04.240894,0 days 00:07:50.251745,20,7,30,44,2.6850223240223574,COMPLETE
972,15326.111890772894,2025-07-31 22:28:14.023061,2025-07-31 22:35:14.205437,0 days 00:07:00.182376,20,7,30,43,2.6898117822710668,COMPLETE
973,7036.815402038072,2025-07-31 22:28:14.052402,2025-07-31 22:37:00.994670,0 days 00:08:46.942268,20,7,29,43,2.668915467986254,COMPLETE
974,23943.062264126267,2025-07-31 22:28:14.066009,2025-07-31 22:36:46.799800,0 days 00:08:32.733791,20,7,21,43,2.6764893708112525,COMPLETE
975,21253.09136919957,2025-07-31 22:28:14.148460,2025-07-31 22:35:16.038899,0 days 00:07:01.890439,14,7,29,43,2.6575667213648417,COMPLETE
976,7036.815402038072,2025-07-31 22:28:14.168376,2025-07-31 22:37:34.417914,0 days 00:09:20.249538,20,7,29,44,2.6998217673378053,COMPLETE
977,7036.815402038072,2025-07-31 22:28:14.180553,2025-07-31 22:37:11.924286,0 days 00:08:57.743733,20,7,29,43,2.710671643788816,COMPLETE
978,7036.815402038072,2025-07-31 22:28:14.181423,2025-07-31 22:35:16.102658,0 days 00:07:01.921235,20,7,29,43,2.622265534736976,COMPLETE
979,15326.111890772894,2025-07-31 22:28:14.205815,2025-07-31 22:36:58.972789,0 days 00:08:44.766974,20,7,30,44,2.6788990727347075,COMPLETE
980,15326.111890772894,2025-07-31 22:28:14.281802,2025-07-31 22:37:08.662169,0 days 00:08:54.380367,20,7,30,44,2.7026139124913118,COMPLETE
981,15326.111890772894,2025-07-31 22:28:14.301092,2025-07-31 22:36:59.771798,0 days 00:08:45.470706,20,7,30,43,2.6902500754043266,COMPLETE
982,23943.062264126267,2025-07-31 22:28:14.371981,2025-07-31 22:37:29.060850,0 days 00:09:14.688869,20,7,21,45,2.6828653319088565,COMPLETE
983,15326.111890772894,2025-07-31 22:28:14.540997,2025-07-31 22:35:17.017530,0 days 00:07:02.476533,20,7,30,44,2.6744159075391547,COMPLETE
984,15326.111890772894,2025-07-31 22:28:14.547819,2025-07-31 22:36:15.036604,0 days 00:08:00.488785,20,7,30,42,2.715105955220105,COMPLETE
985,15326.111890772894,2025-07-31 22:28:14.687603,2025-07-31 22:36:17.967608,0 days 00:08:03.280005,20,7,30,43,2.6966171606925937,COMPLETE
986,7036.815402038072,2025-07-31 22:28:14.698962,2025-07-31 22:37:26.492153,0 days 00:09:11.793191,20,7,29,43,2.6769476930685325,COMPLETE
987,15326.111890772894,2025-07-31 22:28:14.706031,2025-07-31 22:36:17.129007,0 days 00:08:02.422976,20,7,30,42,2.7026585013644335,COMPLETE
988,15326.111890772894,2025-07-31 22:28:14.727213,2025-07-31 22:36:19.881616,0 days 00:08:05.154403,20,7,30,43,2.693229692553286,COMPLETE
989,15326.111890772894,2025-07-31 22:28:14.833178,2025-07-31 22:37:03.406441,0 days 00:08:48.573263,20,7,30,43,2.7031081219299784,COMPLETE
990,15326.111890772894,2025-07-31 22:28:14.867747,2025-07-31 22:36:23.035298,0 days 00:08:08.167551,20,7,30,44,2.6651491558557527,COMPLETE
991,15326.111890772894,2025-07-31 22:28:14.885712,2025-07-31 22:34:25.986468,0 days 00:06:11.100756,20,7,30,42,2.5858580279798313,COMPLETE
992,7036.815402038072,2025-07-31 22:28:14.893743,2025-07-31 22:37:34.170114,0 days 00:09:19.276371,20,7,29,44,2.6940181936899825,COMPLETE
993,10118.249234851046,2025-07-31 22:28:14.949459,2025-07-31 22:35:18.666417,0 days 00:07:03.716958,20,7,31,44,2.6673631831029,COMPLETE
994,15326.111890772894,2025-07-31 22:28:14.979645,2025-07-31 22:36:22.563526,0 days 00:08:07.583881,20,7,30,43,2.6758350025585833,COMPLETE
995,15326.111890772894,2025-07-31 22:28:15.048192,2025-07-31 22:36:14.886981,0 days 00:07:59.838789,20,7,30,43,2.686045977550933,COMPLETE
996,26490.142475765497,2025-07-31 22:28:15.086792,2025-07-31 22:37:02.773613,0 days 00:08:47.686821,14,7,30,44,2.656495219961163,COMPLETE
997,15326.111890772894,2025-07-31 22:28:15.088436,2025-07-31 22:37:13.032185,0 days 00:08:57.943749,20,7,30,43,2.6937399511456595,COMPLETE
998,15326.111890772894,2025-07-31 22:28:15.100691,2025-07-31 22:36:18.814588,0 days 00:08:03.713897,20,7,30,44,2.6903291814853905,COMPLETE
999,25000.79975861168,2025-07-31 22:28:25.935011,2025-07-31 22:36:06.831302,0 days 00:07:40.896291,14,7,31,43,2.6244777954722305,COMPLETE
