number,value,datetime_start,datetime_complete,duration,params_macd_fast,params_macd_signal,params_macd_slow,params_volume_sma,params_volume_spike_ratio,state
161,4233.908567683478,2025-07-31 22:45:49.569702,2025-07-31 22:47:01.799876,0 days 00:01:12.230174,15,15,20,5,2.9107435294720623,COMPLETE
162,1850.0218985161873,2025-07-31 22:45:49.588572,2025-07-31 22:47:05.720368,0 days 00:01:16.131796,16,15,17,5,2.037354950283226,COMPLETE
163,7035.909535209333,2025-07-31 22:45:49.590026,2025-07-31 22:47:06.173885,0 days 00:01:16.583859,16,15,20,6,1.9920750509992093,COMPLETE
164,-inf,2025-07-31 22:45:49.595030,2025-07-31 22:47:01.982424,0 days 00:01:12.387394,16,15,15,15,2.968124320283749,COMPLETE
165,7590.582636908111,2025-07-31 22:45:49.596451,2025-07-31 22:46:41.025029,0 days 00:00:51.428578,16,15,21,12,1.9963476783342764,COMPLETE
166,3513.850698572165,2025-07-31 22:45:49.597725,2025-07-31 22:52:45.583064,0 days 00:06:55.985339,15,15,21,6,2.0308310033741916,COMPLETE
167,-inf,2025-07-31 22:45:49.599319,2025-07-31 22:47:32.920206,0 days 00:01:43.320887,16,15,16,12,2.034861621287666,COMPLETE
168,3929.899652209709,2025-07-31 22:45:49.601948,2025-07-31 22:47:07.047920,0 days 00:01:17.445972,16,15,25,15,2.9769964114494734,COMPLETE
169,566.129540340086,2025-07-31 22:45:49.602962,2025-07-31 22:47:07.351552,0 days 00:01:17.748590,15,15,17,6,2.7424677215949775,COMPLETE
170,4559.124136402594,2025-07-31 22:45:49.607902,2025-07-31 22:48:36.099386,0 days 00:02:46.491484,16,15,19,5,2.873473401006221,COMPLETE
171,6540.872625864652,2025-07-31 22:45:49.612272,2025-07-31 22:48:42.845168,0 days 00:02:53.232896,16,15,20,6,2.9001467634645772,COMPLETE
172,5824.079312333033,2025-07-31 22:45:49.614866,2025-07-31 22:47:08.782517,0 days 00:01:19.167651,16,15,22,6,2.7828382248395975,COMPLETE
173,-inf,2025-07-31 22:45:49.623262,2025-07-31 22:47:36.883817,0 days 00:01:47.260555,15,15,15,7,2.840336880344898,COMPLETE
174,5673.194056101633,2025-07-31 22:45:49.626774,2025-07-31 22:47:10.910709,0 days 00:01:21.283935,15,15,22,11,2.933812004529404,COMPLETE
175,-inf,2025-07-31 22:45:49.631138,2025-07-31 22:47:37.665613,0 days 00:01:48.034475,16,15,16,5,2.950278425335481,COMPLETE
176,8017.699819813853,2025-07-31 22:45:49.634012,2025-07-31 22:47:11.918208,0 days 00:01:22.284196,16,15,21,5,2.884366258005689,COMPLETE
177,3887.6041306131815,2025-07-31 22:45:49.636296,2025-07-31 22:47:10.247360,0 days 00:01:20.611064,16,15,18,6,2.7531539678987387,COMPLETE
178,19166.100680056636,2025-07-31 22:45:49.638345,2025-07-31 22:47:12.142297,0 days 00:01:22.503952,17,15,50,8,2.932416376529934,COMPLETE
179,4559.124136402594,2025-07-31 22:45:49.643941,2025-07-31 22:47:44.159815,0 days 00:01:54.515874,16,15,19,12,2.880967786151251,COMPLETE
180,4559.124136402594,2025-07-31 22:45:49.651355,2025-07-31 22:48:57.889687,0 days 00:03:08.238332,16,15,19,5,2.806385988688608,COMPLETE
181,8017.699819813853,2025-07-31 22:45:49.656101,2025-07-31 22:53:37.464898,0 days 00:07:47.808797,16,15,21,6,2.9698167071016144,COMPLETE
182,8017.699819813853,2025-07-31 22:45:49.658167,2025-07-31 22:46:52.473396,0 days 00:01:02.815229,16,15,21,7,2.863750084714288,COMPLETE
183,5824.079312333033,2025-07-31 22:45:49.659029,2025-07-31 22:51:12.270855,0 days 00:05:22.611826,16,15,22,7,2.8323262714245887,COMPLETE
184,-inf,2025-07-31 22:45:49.660001,2025-07-31 22:48:49.734277,0 days 00:03:00.074276,16,15,15,6,2.866239487809937,COMPLETE
185,-inf,2025-07-31 22:45:49.664226,2025-07-31 22:47:11.770583,0 days 00:01:22.106357,15,15,15,7,1.9748405639818682,COMPLETE
186,1367.7765766735947,2025-07-31 22:45:49.668487,2025-07-31 22:49:04.867168,0 days 00:03:15.198681,16,15,17,5,2.8573447646522836,COMPLETE
187,8017.699819813853,2025-07-31 22:45:49.669597,2025-07-31 22:49:04.277136,0 days 00:03:14.607539,16,15,21,9,2.8072394623744596,COMPLETE
188,-inf,2025-07-31 22:45:49.676310,2025-07-31 22:47:44.798375,0 days 00:01:55.122065,16,15,16,12,2.977078704908287,COMPLETE
189,1367.7765766735947,2025-07-31 22:45:49.679189,2025-07-31 22:51:17.730800,0 days 00:05:28.051611,16,15,17,11,2.9054746559452154,COMPLETE
190,1367.7765766735947,2025-07-31 22:45:49.683691,2025-07-31 22:49:14.008857,0 days 00:03:24.325166,16,15,17,5,2.894656794652633,COMPLETE
191,-inf,2025-07-31 22:45:49.690456,2025-07-31 22:47:46.948195,0 days 00:01:57.257739,17,15,16,6,2.8123799114977137,COMPLETE
192,3887.6041306131815,2025-07-31 22:45:49.693106,2025-07-31 22:47:55.414929,0 days 00:02:05.721823,16,15,18,6,2.9587382499815016,COMPLETE
193,10361.134673723525,2025-07-31 22:45:49.705254,2025-07-31 22:47:54.284613,0 days 00:02:04.579359,15,15,49,6,2.7663011630435577,COMPLETE
194,4559.124136402594,2025-07-31 22:45:49.714676,2025-07-31 22:49:15.473780,0 days 00:03:25.759104,16,15,19,6,2.9914928255208317,COMPLETE
195,9203.802269059503,2025-07-31 22:45:49.732927,2025-07-31 22:47:54.330172,0 days 00:02:04.597245,15,15,50,5,2.98711292573616,COMPLETE
196,4301.324988254393,2025-07-31 22:45:49.782247,2025-07-31 22:47:56.518710,0 days 00:02:06.736463,16,15,23,6,2.907752956696001,COMPLETE
197,6705.935592918221,2025-07-31 22:45:49.896179,2025-07-31 22:51:37.526184,0 days 00:05:47.630005,16,15,22,5,1.9880356195993711,COMPLETE
198,-inf,2025-07-31 22:45:49.952958,2025-07-31 22:46:52.694414,0 days 00:01:02.741456,16,14,16,6,2.8642573068798787,COMPLETE
199,1367.7765766735947,2025-07-31 22:45:49.980201,2025-07-31 22:49:28.781221,0 days 00:03:38.801020,16,15,17,11,2.8740706274702776,COMPLETE
200,-inf,2025-07-31 22:45:49.981734,2025-07-31 22:47:50.388112,0 days 00:02:00.406378,16,15,15,5,2.929488666591964,COMPLETE
201,-inf,2025-07-31 22:45:50.009998,2025-07-31 22:47:49.978767,0 days 00:01:59.968769,16,15,15,6,2.874970892907899,COMPLETE
202,1258.8475833866323,2025-07-31 22:45:50.040344,2025-07-31 22:47:58.887413,0 days 00:02:08.847069,15,14,17,7,2.736826229772322,COMPLETE
203,-inf,2025-07-31 22:45:50.132725,2025-07-31 22:47:52.089156,0 days 00:02:01.956431,16,15,16,5,2.007095631724091,COMPLETE
204,8017.699819813853,2025-07-31 22:45:50.139504,2025-07-31 22:47:19.924698,0 days 00:01:29.785194,16,15,21,13,2.9616859311292347,COMPLETE
205,-inf,2025-07-31 22:45:50.178201,2025-07-31 22:47:16.900977,0 days 00:01:26.722776,16,14,15,5,2.9212890303311885,COMPLETE
206,-inf,2025-07-31 22:45:50.223968,2025-07-31 22:49:14.999480,0 days 00:03:24.775512,16,13,16,12,2.9878751267546577,COMPLETE
207,-inf,2025-07-31 22:45:50.242875,2025-07-31 22:46:53.485293,0 days 00:01:03.242418,18,15,15,12,2.980720809323195,COMPLETE
208,1367.7765766735947,2025-07-31 22:45:50.332381,2025-07-31 22:47:23.216932,0 days 00:01:32.884551,16,15,17,7,2.957246490706958,COMPLETE
209,4233.908567683478,2025-07-31 22:45:50.397821,2025-07-31 22:46:58.731641,0 days 00:01:08.333820,15,15,20,12,2.955516033707351,COMPLETE
210,566.129540340086,2025-07-31 22:45:50.416005,2025-07-31 22:48:03.176550,0 days 00:02:12.760545,15,15,17,7,2.933301278276062,COMPLETE
211,4233.908567683478,2025-07-31 22:45:50.431509,2025-07-31 22:49:37.933680,0 days 00:03:47.502171,15,15,20,6,2.8674882951081617,COMPLETE
212,8017.699819813853,2025-07-31 22:45:50.465481,2025-07-31 22:47:23.427484,0 days 00:01:32.962003,16,15,21,5,2.960148987993922,COMPLETE
213,1367.7765766735947,2025-07-31 22:45:50.480308,2025-07-31 22:48:04.165292,0 days 00:02:13.684984,16,15,17,12,2.861761226102668,COMPLETE
214,6540.872625864652,2025-07-31 22:45:50.513841,2025-07-31 22:48:05.981852,0 days 00:02:15.468011,16,15,20,7,2.8741140676473926,COMPLETE
215,8017.699819813853,2025-07-31 22:45:50.543267,2025-07-31 22:49:46.470723,0 days 00:03:55.927456,16,15,21,12,2.8928786966196904,COMPLETE
216,7679.3472332084875,2025-07-31 22:45:50.581844,2025-07-31 22:49:49.816393,0 days 00:03:59.234549,16,15,50,5,2.9302512265340406,COMPLETE
217,1755.2206457781117,2025-07-31 22:45:50.631063,2025-07-31 22:48:08.416246,0 days 00:02:17.785183,16,14,18,6,2.941158058203622,COMPLETE
218,1367.7765766735947,2025-07-31 22:45:50.711546,2025-07-31 22:48:06.871723,0 days 00:02:16.160177,16,15,17,6,2.902381538380949,COMPLETE
219,7679.3472332084875,2025-07-31 22:45:50.723532,2025-07-31 22:49:53.472293,0 days 00:04:02.748761,16,15,50,5,2.977645111204743,COMPLETE
220,-inf,2025-07-31 22:45:50.786523,2025-07-31 22:49:30.481701,0 days 00:03:39.695178,17,15,17,7,2.8470593183301016,COMPLETE
221,7679.3472332084875,2025-07-31 22:45:50.835813,2025-07-31 22:48:10.091034,0 days 00:02:19.255221,16,15,50,7,2.805194010779623,COMPLETE
222,-inf,2025-07-31 22:45:50.870345,2025-07-31 22:49:27.381276,0 days 00:03:36.510931,16,15,15,6,2.728629136036759,COMPLETE
223,3887.6041306131815,2025-07-31 22:45:50.933725,2025-07-31 22:48:09.707674,0 days 00:02:18.773949,16,15,18,6,2.9668397878226767,COMPLETE
224,3887.6041306131815,2025-07-31 22:45:50.951471,2025-07-31 22:52:16.018096,0 days 00:06:25.066625,16,15,18,13,2.9776348303975775,COMPLETE
225,3887.6041306131815,2025-07-31 22:45:51.015668,2025-07-31 22:47:26.907037,0 days 00:01:35.891369,16,15,18,12,2.065903424142419,COMPLETE
226,-inf,2025-07-31 22:45:51.184893,2025-07-31 22:49:34.680457,0 days 00:03:43.495564,16,15,16,6,2.9648862460827625,COMPLETE
227,19166.100680056636,2025-07-31 22:45:51.236411,2025-07-31 22:48:14.036482,0 days 00:02:22.800071,17,15,50,14,2.8378162116726298,COMPLETE
228,9184.750881702124,2025-07-31 22:45:51.278600,2025-07-31 22:50:09.112085,0 days 00:04:17.833485,18,15,19,6,2.025683394886689,COMPLETE
229,-inf,2025-07-31 22:45:51.280234,2025-07-31 22:48:04.628840,0 days 00:02:13.348606,17,15,15,5,2.99690108825465,COMPLETE
230,-inf,2025-07-31 22:45:51.310213,2025-07-31 22:47:24.754506,0 days 00:01:33.444293,17,15,16,12,2.732943195381751,COMPLETE
231,-inf,2025-07-31 22:45:51.362405,2025-07-31 22:47:26.217216,0 days 00:01:34.854811,17,15,17,6,2.930268020580377,COMPLETE
232,4433.614084890247,2025-07-31 22:45:51.401022,2025-07-31 22:55:21.966851,0 days 00:09:30.565829,17,15,18,12,2.9286421725097167,COMPLETE
233,-inf,2025-07-31 22:45:51.424073,2025-07-31 22:48:06.505124,0 days 00:02:15.081051,18,15,17,13,2.9235938437629954,COMPLETE
234,19448.13747709355,2025-07-31 22:45:51.453276,2025-07-31 22:50:05.802227,0 days 00:04:14.348951,18,16,50,5,2.96583639730894,COMPLETE
235,-inf,2025-07-31 22:45:51.457264,2025-07-31 22:49:48.346904,0 days 00:03:56.889640,17,15,17,13,2.8750517627005046,COMPLETE
236,18649.953428837056,2025-07-31 22:45:51.487317,2025-07-31 22:50:15.801549,0 days 00:04:24.314232,18,15,50,5,2.874033643197028,COMPLETE
237,-inf,2025-07-31 22:45:51.494303,2025-07-31 22:48:07.981396,0 days 00:02:16.487093,18,15,15,5,2.9388512969703413,COMPLETE
238,7207.792512469567,2025-07-31 22:45:51.546203,2025-07-31 22:47:34.857762,0 days 00:01:43.311559,17,15,21,13,2.9460540938914854,COMPLETE
239,4433.614084890247,2025-07-31 22:45:51.553118,2025-07-31 22:50:19.655216,0 days 00:04:28.102098,17,15,18,5,2.893152346321351,COMPLETE
240,19767.69987518403,2025-07-31 22:45:51.595139,2025-07-31 22:48:21.820107,0 days 00:02:30.224968,17,15,50,18,1.9993799491586117,COMPLETE
241,19166.100680056636,2025-07-31 22:45:51.610817,2025-07-31 22:48:21.422971,0 days 00:02:29.812154,17,15,50,16,2.9780704626305488,COMPLETE
242,19415.519002889454,2025-07-31 22:45:51.613435,2025-07-31 22:50:21.351684,0 days 00:04:29.738249,16,16,50,16,2.013257591687594,COMPLETE
243,3820.424981052566,2025-07-31 22:45:51.619610,2025-07-31 22:50:18.640173,0 days 00:04:27.020563,16,16,27,16,2.9560089645105583,COMPLETE
244,7679.3472332084875,2025-07-31 22:45:51.676578,2025-07-31 22:50:22.473828,0 days 00:04:30.797250,16,15,50,17,2.9553256379015207,COMPLETE
245,18745.306132064834,2025-07-31 22:45:51.703173,2025-07-31 22:48:26.171147,0 days 00:02:34.467974,17,16,50,18,2.0078087494239822,COMPLETE
246,19767.69987518403,2025-07-31 22:45:51.706092,2025-07-31 22:47:05.156635,0 days 00:01:13.450543,17,15,50,18,1.6847194450364684,COMPLETE
247,12692.95480387868,2025-07-31 22:45:51.711875,2025-07-31 22:48:25.864014,0 days 00:02:34.152139,10,15,50,17,2.0232072852643026,COMPLETE
248,19767.69987518403,2025-07-31 22:45:51.715122,2025-07-31 22:50:28.540700,0 days 00:04:36.825578,17,15,50,16,2.0209720304744367,COMPLETE
249,19767.69987518403,2025-07-31 22:45:51.721865,2025-07-31 22:47:36.387632,0 days 00:01:44.665767,17,15,50,16,2.0176418582570377,COMPLETE
250,8792.779884984673,2025-07-31 22:45:51.729312,2025-07-31 22:47:36.373903,0 days 00:01:44.644591,17,15,28,16,2.0081358403386567,COMPLETE
251,18745.306132064834,2025-07-31 22:45:51.771736,2025-07-31 22:48:27.222125,0 days 00:02:35.450389,17,16,50,16,2.0488564026320217,COMPLETE
252,19767.69987518403,2025-07-31 22:45:51.775140,2025-07-31 22:52:42.207344,0 days 00:06:50.432204,17,15,50,17,2.0170441636709198,COMPLETE
253,19767.69987518403,2025-07-31 22:45:51.786715,2025-07-31 22:47:37.886946,0 days 00:01:46.100231,17,15,50,17,1.69989741262125,COMPLETE
254,12269.331905180221,2025-07-31 22:45:51.833198,2025-07-31 22:52:47.734679,0 days 00:06:55.901481,10,15,49,18,2.0187394088356148,COMPLETE
255,11600.28401721623,2025-07-31 22:45:51.849833,2025-07-31 22:48:30.966670,0 days 00:02:39.116837,10,15,50,17,1.695105368430136,COMPLETE
256,19767.69987518403,2025-07-31 22:45:51.910861,2025-07-31 22:47:37.662662,0 days 00:01:45.751801,17,15,50,18,2.0076319692425337,COMPLETE
257,19767.69987518403,2025-07-31 22:45:51.944814,2025-07-31 22:50:27.978097,0 days 00:04:36.033283,17,15,50,16,2.0222966694148994,COMPLETE
258,19767.69987518403,2025-07-31 22:45:51.946999,2025-07-31 22:48:33.398939,0 days 00:02:41.451940,17,15,50,18,2.0317505803464813,COMPLETE
259,4454.725597103102,2025-07-31 22:45:51.956404,2025-07-31 22:47:39.835634,0 days 00:01:47.879230,10,15,28,17,1.6907785259147088,COMPLETE
260,19767.69987518403,2025-07-31 22:45:51.979393,2025-07-31 22:48:34.679135,0 days 00:02:42.699742,17,15,50,16,2.0086949162771566,COMPLETE
261,15549.366157066404,2025-07-31 22:45:51.980893,2025-07-31 22:54:50.432893,0 days 00:08:58.452000,10,16,50,16,2.0372650852527534,COMPLETE
262,19767.69987518403,2025-07-31 22:45:52.008642,2025-07-31 22:50:35.527801,0 days 00:04:43.519159,17,15,50,16,2.011435352710809,COMPLETE
263,19767.69987518403,2025-07-31 22:45:52.049490,2025-07-31 22:48:39.404812,0 days 00:02:47.355322,17,15,50,13,2.026132055262998,COMPLETE
264,19767.69987518403,2025-07-31 22:45:52.055772,2025-07-31 22:47:40.558600,0 days 00:01:48.502828,17,15,50,17,2.0103899598665826,COMPLETE
265,11413.731433017301,2025-07-31 22:45:52.118114,2025-07-31 22:48:44.537808,0 days 00:02:52.419694,17,15,49,16,2.036663207415531,COMPLETE
266,4053.522194163392,2025-07-31 22:45:52.119260,2025-07-31 22:48:41.471832,0 days 00:02:49.352572,17,15,27,17,1.6879645336970157,COMPLETE
267,19767.69987518403,2025-07-31 22:45:52.136416,2025-07-31 22:47:08.864635,0 days 00:01:16.728219,17,15,50,17,2.0209946450885394,COMPLETE
268,18745.306132064834,2025-07-31 22:45:52.148708,2025-07-31 22:50:41.217101,0 days 00:04:49.068393,17,16,50,17,1.9955980458194593,COMPLETE
269,2892.2749676692397,2025-07-31 22:45:52.165414,2025-07-31 22:50:39.501267,0 days 00:04:47.335853,17,16,28,15,1.6984176759516763,COMPLETE
270,19767.69987518403,2025-07-31 22:45:52.182555,2025-07-31 22:47:42.436110,0 days 00:01:50.253555,17,15,50,16,2.0253387761634314,COMPLETE
271,19767.69987518403,2025-07-31 22:45:52.200068,2025-07-31 22:48:45.024048,0 days 00:02:52.823980,17,15,50,15,2.034212623488235,COMPLETE
272,8792.779884984673,2025-07-31 22:45:52.266314,2025-07-31 22:47:42.795257,0 days 00:01:50.528943,17,15,28,16,2.0123608351807074,COMPLETE
273,12692.95480387868,2025-07-31 22:45:52.360989,2025-07-31 22:50:50.117083,0 days 00:04:57.756094,10,15,50,16,2.0121219103055905,COMPLETE
274,12692.95480387868,2025-07-31 22:45:52.389093,2025-07-31 22:47:43.828746,0 days 00:01:51.439653,10,15,50,16,2.0188509902693603,COMPLETE
275,11413.731433017301,2025-07-31 22:45:52.411189,2025-07-31 22:52:53.705385,0 days 00:07:01.294196,17,15,49,18,2.0279161885698986,COMPLETE
276,19767.69987518403,2025-07-31 22:45:52.517563,2025-07-31 22:50:50.130104,0 days 00:04:57.612541,17,15,50,15,1.7230199098867542,COMPLETE
277,12692.95480387868,2025-07-31 22:45:52.519756,2025-07-31 22:48:45.575579,0 days 00:02:53.055823,10,15,50,17,2.003683178349646,COMPLETE
278,12692.95480387868,2025-07-31 22:45:52.531949,2025-07-31 22:48:49.102290,0 days 00:02:56.570341,10,15,50,17,2.046007656230542,COMPLETE
279,14799.784430101638,2025-07-31 22:45:52.564323,2025-07-31 22:50:48.234378,0 days 00:04:55.670055,10,16,50,16,1.6967737562867393,COMPLETE
280,11997.079118479382,2025-07-31 22:45:52.592648,2025-07-31 22:47:44.506786,0 days 00:01:51.914138,11,16,50,18,1.7190502865219996,COMPLETE
281,4292.948081831475,2025-07-31 22:45:52.603283,2025-07-31 22:48:47.620648,0 days 00:02:55.017365,10,16,29,18,2.005799453434877,COMPLETE
282,15549.366157066404,2025-07-31 22:45:52.639434,2025-07-31 22:47:13.449438,0 days 00:01:20.810004,10,16,50,17,2.0197803175948326,COMPLETE
283,15549.366157066404,2025-07-31 22:45:52.661785,2025-07-31 22:48:54.146310,0 days 00:03:01.484525,10,16,50,16,2.013782645751968,COMPLETE
284,15549.366157066404,2025-07-31 22:45:52.662784,2025-07-31 22:47:44.370734,0 days 00:01:51.707950,10,16,50,16,2.0240630166983795,COMPLETE
285,11894.467344296145,2025-07-31 22:45:52.684270,2025-07-31 22:47:46.082959,0 days 00:01:53.398689,10,15,43,18,1.6923304334969982,COMPLETE
286,14799.784430101638,2025-07-31 22:45:52.690338,2025-07-31 22:53:11.809169,0 days 00:07:19.118831,10,16,50,15,1.7009535293903522,COMPLETE
287,14799.784430101638,2025-07-31 22:45:52.709408,2025-07-31 22:48:50.537439,0 days 00:02:57.828031,10,16,50,17,1.6854959320655767,COMPLETE
288,15549.366157066404,2025-07-31 22:45:52.734322,2025-07-31 22:47:47.578122,0 days 00:01:54.843800,10,16,50,19,2.012321484189488,COMPLETE
289,15549.366157066404,2025-07-31 22:45:52.771468,2025-07-31 22:48:55.861548,0 days 00:03:03.090080,10,16,50,16,2.038223822341059,COMPLETE
290,15549.366157066404,2025-07-31 22:45:52.778626,2025-07-31 22:50:57.676144,0 days 00:05:04.897518,10,16,50,17,2.0298337718898907,COMPLETE
291,4292.948081831475,2025-07-31 22:45:52.814472,2025-07-31 22:48:56.405108,0 days 00:03:03.590636,10,16,29,14,2.019956694517432,COMPLETE
292,13664.71328741546,2025-07-31 22:45:52.880600,2025-07-31 22:47:46.569877,0 days 00:01:53.689277,10,14,50,16,1.7215537001414525,COMPLETE
293,12722.020186382259,2025-07-31 22:45:52.886931,2025-07-31 22:50:57.107178,0 days 00:05:04.220247,10,16,44,17,1.7090662029764792,COMPLETE
294,15268.083785500636,2025-07-31 22:45:52.887808,2025-07-31 22:47:47.787704,0 days 00:01:54.899896,10,16,43,16,1.6977630213770514,COMPLETE
295,14799.784430101638,2025-07-31 22:45:52.889362,2025-07-31 22:47:13.724215,0 days 00:01:20.834853,10,16,50,16,1.7220419036072179,COMPLETE
296,12722.020186382259,2025-07-31 22:45:52.917342,2025-07-31 22:49:01.370082,0 days 00:03:08.452740,10,16,44,16,1.706013018032682,COMPLETE
297,7814.565570539056,2025-07-31 22:45:52.935494,2025-07-31 22:47:14.126006,0 days 00:01:21.190512,9,15,50,15,1.6950286343200411,COMPLETE
298,14799.784430101638,2025-07-31 22:45:52.980239,2025-07-31 22:49:04.275686,0 days 00:03:11.295447,10,16,50,16,1.7096811254194395,COMPLETE
299,15268.083785500636,2025-07-31 22:45:52.986158,2025-07-31 22:47:49.593449,0 days 00:01:56.607291,10,16,43,16,1.6913032196012843,COMPLETE
300,14799.784430101638,2025-07-31 22:45:53.009322,2025-07-31 22:47:49.633243,0 days 00:01:56.623921,10,16,50,20,1.6835691278319236,COMPLETE
301,12722.020186382259,2025-07-31 22:45:53.032802,2025-07-31 22:51:10.013544,0 days 00:05:16.980742,10,16,44,16,1.7129773125616552,COMPLETE
302,12722.020186382259,2025-07-31 22:45:53.036807,2025-07-31 22:49:08.655597,0 days 00:03:15.618790,10,16,44,13,1.7198091275986906,COMPLETE
303,14395.516754216791,2025-07-31 22:45:53.037549,2025-07-31 22:49:09.411355,0 days 00:03:16.373806,9,16,50,16,1.6580777379954923,COMPLETE
304,14799.784430101638,2025-07-31 22:45:53.050328,2025-07-31 22:49:09.319914,0 days 00:03:16.269586,10,16,50,16,1.6552499658361923,COMPLETE
305,14799.784430101638,2025-07-31 22:45:53.076402,2025-07-31 22:47:50.745286,0 days 00:01:57.668884,10,16,50,18,1.678590520354906,COMPLETE
306,18745.306132064834,2025-07-31 22:45:53.084661,2025-07-31 22:51:26.753268,0 days 00:05:33.668607,17,16,50,16,1.6882969672004366,COMPLETE
307,9614.409288602501,2025-07-31 22:45:53.093800,2025-07-31 22:51:21.581642,0 days 00:05:28.487842,17,15,42,16,1.685930449465772,COMPLETE
308,11977.597743740662,2025-07-31 22:45:53.103391,2025-07-31 22:49:13.075153,0 days 00:03:19.971762,18,15,44,16,1.688967000839538,COMPLETE
309,19767.69987518403,2025-07-31 22:45:53.105088,2025-07-31 22:51:19.125982,0 days 00:05:26.020894,17,15,50,16,1.6823711522967228,COMPLETE
310,18745.306132064834,2025-07-31 22:45:53.106862,2025-07-31 22:47:15.966253,0 days 00:01:22.859391,17,16,50,16,1.6594265347685206,COMPLETE
311,19767.69987518403,2025-07-31 22:45:53.109053,2025-07-31 22:55:12.955769,0 days 00:09:19.846716,17,15,50,17,1.6610320117750574,COMPLETE
312,11600.28401721623,2025-07-31 22:45:53.113622,2025-07-31 22:55:10.935283,0 days 00:09:17.821661,10,15,50,16,1.6902555482079233,COMPLETE
313,19236.514126010323,2025-07-31 22:45:53.129017,2025-07-31 22:49:23.677628,0 days 00:03:30.548611,18,15,50,16,1.687040744914729,COMPLETE
314,19767.69987518403,2025-07-31 22:45:53.132471,2025-07-31 22:47:56.412894,0 days 00:02:03.280423,17,15,50,17,1.6346884815430467,COMPLETE
315,19767.69987518403,2025-07-31 22:45:53.144388,2025-07-31 22:49:21.530777,0 days 00:03:28.386389,17,15,50,17,1.6707217765612252,COMPLETE
316,9168.031993474686,2025-07-31 22:45:53.147345,2025-07-31 22:47:56.816828,0 days 00:02:03.669483,17,15,43,17,1.6899655147146961,COMPLETE
317,18745.306132064834,2025-07-31 22:45:53.150700,2025-07-31 22:54:01.951665,0 days 00:08:08.800965,17,16,50,16,2.0584469461348327,COMPLETE
318,9850.332773806831,2025-07-31 22:45:53.159325,2025-07-31 22:49:24.385671,0 days 00:03:31.226346,17,15,43,19,1.7124313590759792,COMPLETE
319,13280.546257033237,2025-07-31 22:45:53.162347,2025-07-31 22:51:33.095451,0 days 00:05:39.933104,18,15,43,17,1.6386157032058764,COMPLETE
