number,value,datetime_start,datetime_complete,duration,params_macd_fast,params_macd_signal,params_macd_slow,params_volume_sma,params_volume_spike_ratio,state
633,4890.345729494328,2025-07-31 22:27:58.565623,2025-07-31 22:34:07.802567,0 days 00:06:09.236944,20,8,31,32,2.6030987130499543,COMPLETE
634,6151.353827940141,2025-07-31 22:27:58.606801,2025-07-31 22:33:40.320635,0 days 00:05:41.713834,20,8,30,44,2.693770022419609,COMPLETE
635,4965.937121762272,2025-07-31 22:27:58.640905,2025-07-31 22:34:08.437015,0 days 00:06:09.796110,19,8,31,44,2.6980763621135924,COMPLETE
636,6151.353827940141,2025-07-31 22:27:58.690144,2025-07-31 22:35:50.093521,0 days 00:07:51.403377,20,8,30,33,2.566730943355231,COMPLETE
637,4890.345729494328,2025-07-31 22:27:58.783209,2025-07-31 22:34:07.623036,0 days 00:06:08.839827,20,8,31,44,2.6876464585825603,COMPLETE
638,7361.438066957988,2025-07-31 22:27:58.813155,2025-07-31 22:34:11.355920,0 days 00:06:12.542765,20,8,29,32,2.6939777117297554,COMPLETE
639,6151.353827940141,2025-07-31 22:27:58.826601,2025-07-31 22:34:58.984995,0 days 00:07:00.158394,20,8,30,32,2.6958179727164886,COMPLETE
640,3898.389991534875,2025-07-31 22:27:58.923126,2025-07-31 22:34:57.904248,0 days 00:06:58.981122,20,8,32,44,2.6900339147773225,COMPLETE
641,4890.345729494328,2025-07-31 22:27:58.976829,2025-07-31 22:34:10.917074,0 days 00:06:11.940245,20,8,31,44,2.6751295112074622,COMPLETE
642,7361.438066957988,2025-07-31 22:27:59.032752,2025-07-31 22:35:02.255746,0 days 00:07:03.222994,20,8,29,44,2.6945119701611855,COMPLETE
643,6151.353827940141,2025-07-31 22:27:59.097364,2025-07-31 22:33:42.205937,0 days 00:05:43.108573,20,8,30,44,2.687423069169186,COMPLETE
644,7361.438066957988,2025-07-31 22:27:59.122683,2025-07-31 22:34:13.978006,0 days 00:06:14.855323,20,8,29,44,2.659385700512058,COMPLETE
645,6151.353827940141,2025-07-31 22:27:59.128797,2025-07-31 22:34:13.690915,0 days 00:06:14.562118,20,8,30,45,2.7097772289505557,COMPLETE
646,6151.353827940141,2025-07-31 22:27:59.255918,2025-07-31 22:37:28.713165,0 days 00:09:29.457247,20,8,30,45,2.7034102220816525,COMPLETE
647,6151.353827940141,2025-07-31 22:27:59.256856,2025-07-31 22:33:42.818997,0 days 00:05:43.562141,20,8,30,44,2.6669697517030304,COMPLETE
648,4965.937121762272,2025-07-31 22:27:59.290010,2025-07-31 22:35:06.417447,0 days 00:07:07.127437,19,8,31,44,2.6442801470133754,COMPLETE
649,3898.389991534875,2025-07-31 22:27:59.317098,2025-07-31 22:35:57.759750,0 days 00:07:58.442652,20,8,32,46,2.6651165833346036,COMPLETE
650,4890.345729494328,2025-07-31 22:27:59.397841,2025-07-31 22:34:18.251354,0 days 00:06:18.853513,20,8,31,45,2.6920564323051073,COMPLETE
651,3898.389991534875,2025-07-31 22:27:59.464156,2025-07-31 22:35:08.450597,0 days 00:07:08.986441,20,8,32,46,2.6925011609032308,COMPLETE
652,3898.389991534875,2025-07-31 22:27:59.583111,2025-07-31 22:34:15.748002,0 days 00:06:16.164891,20,8,32,45,2.6755860200275987,COMPLETE
653,6151.353827940141,2025-07-31 22:27:59.609979,2025-07-31 22:35:11.934979,0 days 00:07:12.325000,20,8,30,44,2.6444133462359716,COMPLETE
654,6151.353827940141,2025-07-31 22:27:59.621520,2025-07-31 22:33:48.074612,0 days 00:05:48.453092,20,8,30,45,2.6798757986580037,COMPLETE
655,15491.652259073673,2025-07-31 22:27:59.674947,2025-07-31 22:34:20.604741,0 days 00:06:20.929794,20,7,33,45,2.6883593172053155,COMPLETE
656,6151.353827940141,2025-07-31 22:27:59.681962,2025-07-31 22:33:25.769401,0 days 00:05:26.087439,20,8,30,46,2.675636636810194,COMPLETE
657,6151.353827940141,2025-07-31 22:27:59.682945,2025-07-31 22:34:19.216247,0 days 00:06:19.533302,20,8,30,45,2.7012376998112306,COMPLETE
658,6151.353827940141,2025-07-31 22:27:59.833212,2025-07-31 22:33:27.414581,0 days 00:05:27.581369,20,8,30,46,2.7064622065569424,COMPLETE
659,3898.389991534875,2025-07-31 22:27:59.891930,2025-07-31 22:37:04.860696,0 days 00:09:04.968766,20,8,32,32,2.6977595399921612,COMPLETE
660,15326.111890772894,2025-07-31 22:27:59.921438,2025-07-31 22:33:50.369068,0 days 00:05:50.447630,20,7,30,44,2.6909378290393913,COMPLETE
661,7036.815402038072,2025-07-31 22:27:59.987695,2025-07-31 22:34:27.896197,0 days 00:06:27.908502,20,7,29,45,2.6975302249147117,COMPLETE
662,15326.111890772894,2025-07-31 22:27:59.988682,2025-07-31 22:33:50.940665,0 days 00:05:50.951983,20,7,30,44,2.6958886037245726,COMPLETE
663,15326.111890772894,2025-07-31 22:28:00.018931,2025-07-31 22:35:17.907636,0 days 00:07:17.888705,20,7,30,45,2.6579937993420764,COMPLETE
664,15326.111890772894,2025-07-31 22:28:00.032849,2025-07-31 22:33:51.524672,0 days 00:05:51.491823,20,7,30,32,2.706803985420901,COMPLETE
665,15326.111890772894,2025-07-31 22:28:00.072417,2025-07-31 22:33:52.603668,0 days 00:05:52.531251,20,7,30,44,2.6558236496480956,COMPLETE
666,15326.111890772894,2025-07-31 22:28:00.112581,2025-07-31 22:34:27.774074,0 days 00:06:27.661493,20,7,30,45,2.7167855410058737,COMPLETE
667,15326.111890772894,2025-07-31 22:28:00.194048,2025-07-31 22:34:33.506652,0 days 00:06:33.312604,20,7,30,46,2.704218609552164,COMPLETE
668,23943.062264126267,2025-07-31 22:28:00.223290,2025-07-31 22:33:53.421292,0 days 00:05:53.198002,20,7,21,45,2.6907842989933046,COMPLETE
669,15326.111890772894,2025-07-31 22:28:00.341774,2025-07-31 22:33:52.998819,0 days 00:05:52.657045,20,7,30,44,2.713036037731188,COMPLETE
670,15326.111890772894,2025-07-31 22:28:00.373881,2025-07-31 22:34:32.202526,0 days 00:06:31.828645,20,7,30,44,2.716289393962073,COMPLETE
671,10118.249234851046,2025-07-31 22:28:00.392045,2025-07-31 22:34:34.151834,0 days 00:06:33.759789,20,7,31,47,2.7213378232502117,COMPLETE
672,15326.111890772894,2025-07-31 22:28:00.416589,2025-07-31 22:37:15.900562,0 days 00:09:15.483973,20,7,30,45,2.7347710286822107,COMPLETE
673,15326.111890772894,2025-07-31 22:28:00.434371,2025-07-31 22:34:33.492429,0 days 00:06:33.058058,20,7,30,44,2.6871444552094865,COMPLETE
674,15326.111890772894,2025-07-31 22:28:00.447267,2025-07-31 22:34:35.020120,0 days 00:06:34.572853,20,7,30,43,2.7339417486630726,COMPLETE
675,16813.567719861934,2025-07-31 22:28:00.495755,2025-07-31 22:36:31.442744,0 days 00:08:30.946989,19,7,30,45,2.666918923230945,COMPLETE
676,15326.111890772894,2025-07-31 22:28:00.526496,2025-07-31 22:34:36.560351,0 days 00:06:36.033855,20,7,30,44,2.7656701915567763,COMPLETE
677,14560.471618289379,2025-07-31 22:28:00.588717,2025-07-31 22:33:55.041460,0 days 00:05:54.452743,20,8,21,44,2.685803820733861,COMPLETE
678,15326.111890772894,2025-07-31 22:28:00.600644,2025-07-31 22:33:33.940494,0 days 00:05:33.339850,20,7,30,44,2.718506396663171,COMPLETE
679,16813.567719861934,2025-07-31 22:28:00.613368,2025-07-31 22:33:33.820269,0 days 00:05:33.206901,19,7,30,43,2.7089256402459605,COMPLETE
680,17581.71880843981,2025-07-31 22:28:00.614549,2025-07-31 22:34:37.432144,0 days 00:06:36.817595,19,7,31,44,2.7078163950614336,COMPLETE
681,15326.111890772894,2025-07-31 22:28:00.666919,2025-07-31 22:36:30.090650,0 days 00:08:29.423731,20,7,30,45,2.697480758448043,COMPLETE
682,15326.111890772894,2025-07-31 22:28:00.710835,2025-07-31 22:35:34.702954,0 days 00:07:33.992119,20,7,30,44,2.7031927474992603,COMPLETE
683,15326.111890772894,2025-07-31 22:28:00.756214,2025-07-31 22:37:32.006511,0 days 00:09:31.250297,20,7,30,45,2.685266478244531,COMPLETE
684,15326.111890772894,2025-07-31 22:28:00.782323,2025-07-31 22:35:34.258266,0 days 00:07:33.475943,20,7,30,44,2.731407906234507,COMPLETE
685,-inf,2025-07-31 22:28:00.845362,2025-07-31 22:33:47.193661,0 days 00:05:46.348299,20,7,20,44,2.7020688585658026,COMPLETE
686,15326.111890772894,2025-07-31 22:28:00.857963,2025-07-31 22:33:34.464862,0 days 00:05:33.606899,20,7,30,45,2.742911690033905,COMPLETE
687,15326.111890772894,2025-07-31 22:28:00.964138,2025-07-31 22:33:58.350039,0 days 00:05:57.385901,20,7,30,46,2.712146629712166,COMPLETE
688,15326.111890772894,2025-07-31 22:28:01.177536,2025-07-31 22:37:22.556524,0 days 00:09:21.378988,20,7,30,44,2.719990810725422,COMPLETE
689,10118.249234851046,2025-07-31 22:28:01.241396,2025-07-31 22:34:47.436883,0 days 00:06:46.195487,20,7,31,44,2.7344566982224427,COMPLETE
690,10118.249234851046,2025-07-31 22:28:01.249137,2025-07-31 22:35:38.444420,0 days 00:07:37.195283,20,7,31,44,2.706861146184436,COMPLETE
691,15326.111890772894,2025-07-31 22:28:01.400649,2025-07-31 22:34:48.322822,0 days 00:06:46.922173,20,7,30,44,2.6918841407965743,COMPLETE
692,7036.815402038072,2025-07-31 22:28:01.402527,2025-07-31 22:37:34.615811,0 days 00:09:33.213284,20,7,29,45,2.7060929088514674,COMPLETE
693,10118.249234851046,2025-07-31 22:28:01.414844,2025-07-31 22:34:47.647805,0 days 00:06:46.232961,20,7,31,45,2.724049514073099,COMPLETE
694,15326.111890772894,2025-07-31 22:28:01.510305,2025-07-31 22:37:30.991114,0 days 00:09:29.480809,20,7,30,43,2.6947510940462234,COMPLETE
695,6151.353827940141,2025-07-31 22:28:01.541848,2025-07-31 22:33:39.898513,0 days 00:05:38.356665,20,8,30,45,2.6579246172321906,COMPLETE
696,15326.111890772894,2025-07-31 22:28:01.547860,2025-07-31 22:34:50.154116,0 days 00:06:48.606256,20,7,30,44,2.7309099874297167,COMPLETE
697,10118.249234851046,2025-07-31 22:28:01.556610,2025-07-31 22:34:52.163901,0 days 00:06:50.607291,20,7,31,44,2.668343843467897,COMPLETE
698,15326.111890772894,2025-07-31 22:28:01.706539,2025-07-31 22:36:32.593729,0 days 00:08:30.887190,20,7,30,44,2.7011936785254593,COMPLETE
699,15326.111890772894,2025-07-31 22:28:01.761639,2025-07-31 22:34:04.941925,0 days 00:06:03.180286,20,7,30,44,2.746459738579785,COMPLETE
700,10118.249234851046,2025-07-31 22:28:01.782712,2025-07-31 22:34:02.719473,0 days 00:06:00.936761,20,7,31,44,2.700256861073403,COMPLETE
701,10118.249234851046,2025-07-31 22:28:01.873202,2025-07-31 22:34:52.803575,0 days 00:06:50.930373,20,7,31,44,2.7244938567931785,COMPLETE
702,15326.111890772894,2025-07-31 22:28:01.880675,2025-07-31 22:33:18.931087,0 days 00:05:17.050412,20,7,30,44,2.6750342842847497,COMPLETE
703,15326.111890772894,2025-07-31 22:28:01.898326,2025-07-31 22:36:37.497621,0 days 00:08:35.599295,20,7,30,43,2.697903561016129,COMPLETE
704,16813.567719861934,2025-07-31 22:28:01.958676,2025-07-31 22:34:53.001242,0 days 00:06:51.042566,19,7,30,44,2.69366296464655,COMPLETE
705,15326.111890772894,2025-07-31 22:28:02.015916,2025-07-31 22:34:55.464516,0 days 00:06:53.448600,20,7,30,44,2.6994005579662317,COMPLETE
706,7036.815402038072,2025-07-31 22:28:02.089949,2025-07-31 22:34:56.516881,0 days 00:06:54.426932,20,7,29,45,2.723548440211657,COMPLETE
707,7036.815402038072,2025-07-31 22:28:02.154427,2025-07-31 22:35:51.422332,0 days 00:07:49.267905,20,7,29,44,2.6918282762637054,COMPLETE
708,15326.111890772894,2025-07-31 22:28:02.263321,2025-07-31 22:35:51.521016,0 days 00:07:49.257695,20,7,30,44,2.7176109988204615,COMPLETE
709,15326.111890772894,2025-07-31 22:28:02.325953,2025-07-31 22:34:11.092796,0 days 00:06:08.766843,20,7,30,44,2.7050245486533298,COMPLETE
710,7036.815402038072,2025-07-31 22:28:02.418134,2025-07-31 22:35:51.473650,0 days 00:07:49.055516,20,7,29,44,2.6760962375818607,COMPLETE
711,15326.111890772894,2025-07-31 22:28:02.451224,2025-07-31 22:35:00.703991,0 days 00:06:58.252767,20,7,30,45,2.6999752939723494,COMPLETE
712,15326.111890772894,2025-07-31 22:28:02.460106,2025-07-31 22:34:12.191861,0 days 00:06:09.731755,20,7,30,33,2.6785884259961477,COMPLETE
713,15326.111890772894,2025-07-31 22:28:02.476153,2025-07-31 22:37:20.397148,0 days 00:09:17.920995,20,7,30,45,2.710485013420536,COMPLETE
714,15326.111890772894,2025-07-31 22:28:02.484328,2025-07-31 22:35:55.719359,0 days 00:07:53.235031,20,7,30,44,2.6761561289007707,COMPLETE
715,15326.111890772894,2025-07-31 22:28:02.539220,2025-07-31 22:35:54.905648,0 days 00:07:52.366428,20,7,30,44,2.683068082136462,COMPLETE
716,7036.815402038072,2025-07-31 22:28:02.568661,2025-07-31 22:37:23.512600,0 days 00:09:20.943939,20,7,29,45,2.675691362384372,COMPLETE
717,15326.111890772894,2025-07-31 22:28:02.589107,2025-07-31 22:35:55.785009,0 days 00:07:53.195902,20,7,30,45,2.6395709110936028,COMPLETE
718,15326.111890772894,2025-07-31 22:28:02.603474,2025-07-31 22:36:43.396087,0 days 00:08:40.792613,20,7,30,44,2.6973590431789543,COMPLETE
719,15326.111890772894,2025-07-31 22:28:02.612753,2025-07-31 22:35:04.221894,0 days 00:07:01.609141,20,7,30,44,2.6714507735964563,COMPLETE
720,15326.111890772894,2025-07-31 22:28:02.617347,2025-07-31 22:33:25.437261,0 days 00:05:22.819914,20,7,30,44,2.7043103514960745,COMPLETE
721,9108.676871189991,2025-07-31 22:28:02.618579,2025-07-31 22:34:16.935997,0 days 00:06:14.317418,20,7,32,45,2.671580727381875,COMPLETE
722,15326.111890772894,2025-07-31 22:28:02.621038,2025-07-31 22:34:16.898138,0 days 00:06:14.277100,20,7,30,43,2.6455821480936814,COMPLETE
723,7036.815402038072,2025-07-31 22:28:02.622938,2025-07-31 22:35:59.563142,0 days 00:07:56.940204,20,7,29,45,2.6782393883024826,COMPLETE
724,6151.353827940141,2025-07-31 22:28:02.636410,2025-07-31 22:36:49.933739,0 days 00:08:47.297329,20,8,30,44,2.68708806850801,COMPLETE
725,15326.111890772894,2025-07-31 22:28:02.637117,2025-07-31 22:34:18.833014,0 days 00:06:16.195897,20,7,30,44,2.6626633873793475,COMPLETE
726,16813.567719861934,2025-07-31 22:28:02.639354,2025-07-31 22:36:05.061587,0 days 00:08:02.422233,19,7,30,44,2.745100027581478,COMPLETE
727,15326.111890772894,2025-07-31 22:28:02.708725,2025-07-31 22:35:11.104431,0 days 00:07:08.395706,20,7,30,44,2.681193427059096,COMPLETE
728,15326.111890772894,2025-07-31 22:28:02.732892,2025-07-31 22:34:17.753603,0 days 00:06:15.020711,20,7,30,44,2.70398473545489,COMPLETE
729,10118.249234851046,2025-07-31 22:28:02.761339,2025-07-31 22:33:45.050843,0 days 00:05:42.289504,20,7,31,43,2.6992852906473024,COMPLETE
730,7036.815402038072,2025-07-31 22:28:02.768990,2025-07-31 22:34:18.668326,0 days 00:06:15.899336,20,7,29,44,2.6925293205236858,COMPLETE
731,15326.111890772894,2025-07-31 22:28:02.786339,2025-07-31 22:36:14.305412,0 days 00:08:11.519073,20,7,30,44,2.646810220081062,COMPLETE
732,15326.111890772894,2025-07-31 22:28:02.841589,2025-07-31 22:35:12.149782,0 days 00:07:09.308193,20,7,30,44,2.6947468171433746,COMPLETE
733,7036.815402038072,2025-07-31 22:28:02.844326,2025-07-31 22:34:17.298938,0 days 00:06:14.454612,20,7,29,43,2.6911279710659115,COMPLETE
734,15326.111890772894,2025-07-31 22:28:02.851557,2025-07-31 22:37:01.050577,0 days 00:08:58.199020,20,7,30,44,2.693984964289764,COMPLETE
735,15326.111890772894,2025-07-31 22:28:02.883447,2025-07-31 22:36:09.412071,0 days 00:08:06.528624,20,7,30,44,2.6785083920167043,COMPLETE
736,15326.111890772894,2025-07-31 22:28:02.895810,2025-07-31 22:34:22.876163,0 days 00:06:19.980353,20,7,30,44,2.7045355561633566,COMPLETE
737,14051.398171005372,2025-07-31 22:28:02.920737,2025-07-31 22:33:48.557068,0 days 00:05:45.636331,19,7,29,44,2.722033817634702,COMPLETE
738,7036.815402038072,2025-07-31 22:28:02.926563,2025-07-31 22:37:01.704243,0 days 00:08:58.777680,20,7,29,44,2.6965416365279675,COMPLETE
739,15326.111890772894,2025-07-31 22:28:02.949528,2025-07-31 22:36:11.456978,0 days 00:08:08.507450,20,7,30,44,2.6931111006944795,COMPLETE
740,15326.111890772894,2025-07-31 22:28:02.950406,2025-07-31 22:36:08.313082,0 days 00:08:05.362676,20,7,30,44,2.7075916406736185,COMPLETE
741,7036.815402038072,2025-07-31 22:28:02.962372,2025-07-31 22:35:16.742002,0 days 00:07:13.779630,20,7,29,45,2.689148597107611,COMPLETE
742,10118.249234851046,2025-07-31 22:28:02.963549,2025-07-31 22:33:06.402681,0 days 00:05:03.439132,20,7,31,44,2.6915788846566535,COMPLETE
743,7036.815402038072,2025-07-31 22:28:02.978542,2025-07-31 22:36:11.864743,0 days 00:08:08.886201,20,7,29,45,2.6469643572737196,COMPLETE
744,10118.249234851046,2025-07-31 22:28:02.979375,2025-07-31 22:35:17.560887,0 days 00:07:14.581512,20,7,31,44,2.696907800864101,COMPLETE
745,7036.815402038072,2025-07-31 22:28:03.050033,2025-07-31 22:35:22.862401,0 days 00:07:19.812368,20,7,29,44,2.685705128926609,COMPLETE
746,7036.815402038072,2025-07-31 22:28:03.056988,2025-07-31 22:34:25.657880,0 days 00:06:22.600892,20,7,29,44,2.6996712079628375,COMPLETE
747,15326.111890772894,2025-07-31 22:28:03.096650,2025-07-31 22:34:31.461109,0 days 00:06:28.364459,20,7,30,43,2.681957253517867,COMPLETE
748,7036.815402038072,2025-07-31 22:28:03.134977,2025-07-31 22:36:29.723501,0 days 00:08:26.588524,20,7,29,44,2.6640589204418275,COMPLETE
749,7036.815402038072,2025-07-31 22:28:03.151627,2025-07-31 22:37:09.740270,0 days 00:09:06.588643,20,7,29,45,2.7188155250327686,COMPLETE
750,17581.71880843981,2025-07-31 22:28:03.153922,2025-07-31 22:33:53.918319,0 days 00:05:50.764397,19,7,31,44,2.6944446288306296,COMPLETE
751,15326.111890772894,2025-07-31 22:28:03.158058,2025-07-31 22:36:22.968998,0 days 00:08:19.810940,20,7,30,43,2.691658150520438,COMPLETE
752,10118.249234851046,2025-07-31 22:28:03.188410,2025-07-31 22:36:24.859217,0 days 00:08:21.670807,20,7,31,44,2.6847591668342248,COMPLETE
753,16813.567719861934,2025-07-31 22:28:03.203257,2025-07-31 22:34:30.108357,0 days 00:06:26.905100,19,7,30,45,2.6813801581163754,COMPLETE
754,15326.111890772894,2025-07-31 22:28:03.232789,2025-07-31 22:35:31.263733,0 days 00:07:28.030944,20,7,30,44,2.692425475133368,COMPLETE
755,15326.111890772894,2025-07-31 22:28:03.253331,2025-07-31 22:37:14.812832,0 days 00:09:11.559501,20,7,30,45,2.701009928317587,COMPLETE
756,15326.111890772894,2025-07-31 22:28:03.260674,2025-07-31 22:35:26.124867,0 days 00:07:22.864193,20,7,30,44,2.731568319441395,COMPLETE
757,10118.249234851046,2025-07-31 22:28:03.279063,2025-07-31 22:36:24.852885,0 days 00:08:21.573822,20,7,31,43,2.6712526388511137,COMPLETE
758,9108.676871189991,2025-07-31 22:28:03.311711,2025-07-31 22:33:32.501375,0 days 00:05:29.189664,20,7,32,44,2.639227082945392,COMPLETE
759,15326.111890772894,2025-07-31 22:28:03.341147,2025-07-31 22:35:38.058171,0 days 00:07:34.717024,20,7,30,33,2.6999270295181006,COMPLETE
760,15326.111890772894,2025-07-31 22:28:03.353012,2025-07-31 22:34:35.659884,0 days 00:06:32.306872,20,7,30,43,2.6817287618351133,COMPLETE
761,15326.111890772894,2025-07-31 22:28:03.365508,2025-07-31 22:34:36.070921,0 days 00:06:32.705413,20,7,30,46,2.698086644792789,COMPLETE
762,15326.111890772894,2025-07-31 22:28:03.400307,2025-07-31 22:34:38.483809,0 days 00:06:35.083502,20,7,30,45,2.6843576438481076,COMPLETE
763,15326.111890772894,2025-07-31 22:28:03.411843,2025-07-31 22:37:09.422312,0 days 00:09:06.010469,20,7,30,44,2.6729278300292,COMPLETE
764,7036.815402038072,2025-07-31 22:28:03.416397,2025-07-31 22:34:38.261728,0 days 00:06:34.845331,20,7,29,43,2.659118247234968,COMPLETE
765,7036.815402038072,2025-07-31 22:28:03.423495,2025-07-31 22:35:29.032079,0 days 00:07:25.608584,20,7,29,45,2.6810484391617897,COMPLETE
766,15326.111890772894,2025-07-31 22:28:03.428186,2025-07-31 22:35:28.291910,0 days 00:07:24.863724,20,7,30,33,2.6234411830751165,COMPLETE
767,7036.815402038072,2025-07-31 22:28:03.489324,2025-07-31 22:33:57.287791,0 days 00:05:53.798467,20,7,29,44,2.619697891571465,COMPLETE
768,15326.111890772894,2025-07-31 22:28:03.496287,2025-07-31 22:36:36.052022,0 days 00:08:32.555735,20,7,30,44,2.6614311934989976,COMPLETE
769,7036.815402038072,2025-07-31 22:28:03.520098,2025-07-31 22:36:32.295888,0 days 00:08:28.775790,20,7,29,44,2.6573364154948935,COMPLETE
770,10118.249234851046,2025-07-31 22:28:03.568769,2025-07-31 22:36:29.821627,0 days 00:08:26.252858,20,7,31,44,2.651020074267553,COMPLETE
771,15326.111890772894,2025-07-31 22:28:03.576468,2025-07-31 22:36:30.203057,0 days 00:08:26.626589,20,7,30,33,2.671085634521565,COMPLETE
772,7036.815402038072,2025-07-31 22:28:03.693460,2025-07-31 22:34:38.682342,0 days 00:06:34.988882,20,7,29,44,2.6505401825699524,COMPLETE
773,6151.353827940141,2025-07-31 22:28:03.769021,2025-07-31 22:33:58.497526,0 days 00:05:54.728505,20,8,30,44,2.675090454658104,COMPLETE
774,15326.111890772894,2025-07-31 22:28:03.849206,2025-07-31 22:36:33.352898,0 days 00:08:29.503692,20,7,30,44,2.6491782452836974,COMPLETE
775,10118.249234851046,2025-07-31 22:28:03.850884,2025-07-31 22:36:32.694755,0 days 00:08:28.843871,20,7,31,45,2.66253164853313,COMPLETE
776,15326.111890772894,2025-07-31 22:28:03.890834,2025-07-31 22:36:37.100864,0 days 00:08:33.210030,20,7,30,44,2.656265279669652,COMPLETE
777,15326.111890772894,2025-07-31 22:28:03.919045,2025-07-31 22:37:32.862998,0 days 00:09:28.943953,20,7,30,44,2.6919375891355166,COMPLETE
778,15326.111890772894,2025-07-31 22:28:04.046660,2025-07-31 22:37:27.726728,0 days 00:09:23.680068,20,7,30,44,2.6593337437653255,COMPLETE
779,15326.111890772894,2025-07-31 22:28:04.047774,2025-07-31 22:35:39.010106,0 days 00:07:34.962332,20,7,30,33,2.678702816991972,COMPLETE
780,7036.815402038072,2025-07-31 22:28:04.124161,2025-07-31 22:34:40.451724,0 days 00:06:36.327563,20,7,29,33,2.716967888362304,COMPLETE
781,15326.111890772894,2025-07-31 22:28:04.187840,2025-07-31 22:35:36.853310,0 days 00:07:32.665470,20,7,30,33,2.661570194188003,COMPLETE
782,15326.111890772894,2025-07-31 22:28:04.206851,2025-07-31 22:34:01.915455,0 days 00:05:57.708604,20,7,30,45,2.6644745131268,COMPLETE
783,15326.111890772894,2025-07-31 22:28:04.299852,2025-07-31 22:35:39.096368,0 days 00:07:34.796516,20,7,30,43,2.682055403666446,COMPLETE
784,15326.111890772894,2025-07-31 22:28:04.304953,2025-07-31 22:34:45.552081,0 days 00:06:41.247128,20,7,30,44,2.6661794136119514,COMPLETE
785,7036.815402038072,2025-07-31 22:28:04.444910,2025-07-31 22:34:49.370175,0 days 00:06:44.925265,20,7,29,44,2.6335954881207506,COMPLETE
786,15326.111890772894,2025-07-31 22:28:04.597577,2025-07-31 22:34:45.909427,0 days 00:06:41.311850,20,7,30,44,2.6571989617419978,COMPLETE
787,15326.111890772894,2025-07-31 22:28:04.626630,2025-07-31 22:34:46.434365,0 days 00:06:41.807735,20,7,30,44,2.6721076363067104,COMPLETE
788,15326.111890772894,2025-07-31 22:28:04.668132,2025-07-31 22:36:40.205807,0 days 00:08:35.537675,20,7,30,33,2.6221100311922476,COMPLETE
789,7036.815402038072,2025-07-31 22:28:04.677997,2025-07-31 22:35:38.025113,0 days 00:07:33.347116,20,7,29,33,2.708795962114726,COMPLETE
790,15326.111890772894,2025-07-31 22:28:04.833880,2025-07-31 22:34:54.046621,0 days 00:06:49.212741,20,7,30,33,2.6810643967148575,COMPLETE
