number,value,datetime_start,datetime_complete,duration,params_macd_fast,params_macd_signal,params_macd_slow,params_volume_sma,params_volume_spike_ratio,state
791,7036.815402038072,2025-07-31 22:28:04.902553,2025-07-31 22:34:56.774868,0 days 00:06:51.872315,20,7,29,44,2.6589784118717454,COMPLETE
792,7361.438066957988,2025-07-31 22:28:04.920172,2025-07-31 22:35:51.435705,0 days 00:07:46.515533,20,8,29,44,2.6794231358708673,COMPLETE
793,15326.111890772894,2025-07-31 22:28:04.961503,2025-07-31 22:37:21.272959,0 days 00:09:16.311456,20,7,30,43,2.096111576768728,COMPLETE
794,7036.815402038072,2025-07-31 22:28:05.001738,2025-07-31 22:37:33.904769,0 days 00:09:28.903031,20,7,29,44,2.66623613722131,COMPLETE
795,7036.815402038072,2025-07-31 22:28:05.025142,2025-07-31 22:35:49.608726,0 days 00:07:44.583584,20,7,29,44,2.6490984611202544,COMPLETE
796,7036.815402038072,2025-07-31 22:28:05.065055,2025-07-31 22:37:34.169069,0 days 00:09:29.104014,20,7,29,33,2.699693713249834,COMPLETE
797,15326.111890772894,2025-07-31 22:28:05.164422,2025-07-31 22:34:49.902695,0 days 00:06:44.738273,20,7,30,44,2.6502433688680105,COMPLETE
798,15326.111890772894,2025-07-31 22:28:05.307623,2025-07-31 22:34:56.874917,0 days 00:06:51.567294,20,7,30,44,2.7014204646725455,COMPLETE
799,4933.644614554902,2025-07-31 22:28:05.343289,2025-07-31 22:36:39.522252,0 days 00:08:34.178963,5,7,30,44,2.6584068805469476,COMPLETE
800,6151.353827940141,2025-07-31 22:28:05.456047,2025-07-31 22:36:47.917847,0 days 00:08:42.461800,20,8,30,45,2.650820006665286,COMPLETE
801,15326.111890772894,2025-07-31 22:28:05.728050,2025-07-31 22:37:16.870733,0 days 00:09:11.142683,20,7,30,33,2.694525494962625,COMPLETE
802,15326.111890772894,2025-07-31 22:28:05.827198,2025-07-31 22:34:59.387209,0 days 00:06:53.560011,20,7,30,33,2.654062718687802,COMPLETE
803,15326.111890772894,2025-07-31 22:28:05.985262,2025-07-31 22:35:56.967318,0 days 00:07:50.982056,20,7,30,33,2.670517200720412,COMPLETE
804,6151.353827940141,2025-07-31 22:28:06.035143,2025-07-31 22:35:54.584958,0 days 00:07:48.549815,20,8,30,43,2.6900610146921355,COMPLETE
805,10118.249234851046,2025-07-31 22:28:06.068530,2025-07-31 22:34:15.085211,0 days 00:06:09.016681,20,7,31,33,2.666901315991837,COMPLETE
806,9108.676871189991,2025-07-31 22:28:06.103238,2025-07-31 22:37:24.264680,0 days 00:09:18.161442,20,7,32,33,2.6396242372400627,COMPLETE
807,15326.111890772894,2025-07-31 22:28:06.233800,2025-07-31 22:35:56.107893,0 days 00:07:49.874093,20,7,30,33,2.672008716305344,COMPLETE
808,15326.111890772894,2025-07-31 22:28:06.256066,2025-07-31 22:35:01.392991,0 days 00:06:55.136925,20,7,30,33,2.6549201564750877,COMPLETE
809,7036.815402038072,2025-07-31 22:28:06.287764,2025-07-31 22:35:03.984129,0 days 00:06:57.696365,20,7,29,33,2.643084986557749,COMPLETE
810,15326.111890772894,2025-07-31 22:28:06.386862,2025-07-31 22:36:50.454445,0 days 00:08:44.067583,20,7,30,33,2.1220647515260684,COMPLETE
811,15326.111890772894,2025-07-31 22:28:06.481523,2025-07-31 22:36:40.648448,0 days 00:08:34.166925,20,7,30,43,2.651434949673323,COMPLETE
812,15326.111890772894,2025-07-31 22:28:06.515513,2025-07-31 22:35:06.572467,0 days 00:07:00.056954,20,7,30,33,2.6892091366303545,COMPLETE
813,10118.249234851046,2025-07-31 22:28:06.556908,2025-07-31 22:35:58.753901,0 days 00:07:52.196993,20,7,31,44,2.668959068829965,COMPLETE
814,7036.815402038072,2025-07-31 22:28:06.586707,2025-07-31 22:35:04.548928,0 days 00:06:57.962221,20,7,29,33,2.687314981800755,COMPLETE
815,9108.676871189991,2025-07-31 22:28:06.801015,2025-07-31 22:35:58.892864,0 days 00:07:52.091849,20,7,32,44,2.665569755021039,COMPLETE
816,15326.111890772894,2025-07-31 22:28:07.065080,2025-07-31 22:35:06.961399,0 days 00:06:59.896319,20,7,30,44,2.671688441252582,COMPLETE
817,7036.815402038072,2025-07-31 22:28:07.149311,2025-07-31 22:37:26.605177,0 days 00:09:19.455866,20,7,29,45,2.67614023456694,COMPLETE
818,15326.111890772894,2025-07-31 22:28:07.184257,2025-07-31 22:36:05.682915,0 days 00:07:58.498658,20,7,30,33,2.651130359598468,COMPLETE
819,7036.815402038072,2025-07-31 22:28:07.223690,2025-07-31 22:36:03.343566,0 days 00:07:56.119876,20,7,29,33,2.70152209448455,COMPLETE
820,15326.111890772894,2025-07-31 22:28:07.328442,2025-07-31 22:37:32.263882,0 days 00:09:24.935440,20,7,30,33,2.651353385580628,COMPLETE
821,21253.09136919957,2025-07-31 22:28:07.383637,2025-07-31 22:36:46.630827,0 days 00:08:39.247190,14,7,29,44,2.650560161445781,COMPLETE
822,15326.111890772894,2025-07-31 22:28:07.448290,2025-07-31 22:35:59.943861,0 days 00:07:52.495571,20,7,30,33,2.7001648838322314,COMPLETE
823,7036.815402038072,2025-07-31 22:28:07.454979,2025-07-31 22:35:07.408768,0 days 00:06:59.953789,20,7,29,33,2.6381275084792057,COMPLETE
824,7036.815402038072,2025-07-31 22:28:07.606613,2025-07-31 22:34:20.397816,0 days 00:06:12.791203,20,7,29,34,2.654549652128077,COMPLETE
825,15326.111890772894,2025-07-31 22:28:07.745991,2025-07-31 22:36:05.914267,0 days 00:07:58.168276,20,7,30,44,2.6823642458924444,COMPLETE
826,7036.815402038072,2025-07-31 22:28:07.753432,2025-07-31 22:37:32.945296,0 days 00:09:25.191864,20,7,29,33,2.6640434314435875,COMPLETE
827,7036.815402038072,2025-07-31 22:28:07.897576,2025-07-31 22:36:58.240575,0 days 00:08:50.342999,20,7,29,45,2.680483940780259,COMPLETE
828,15326.111890772894,2025-07-31 22:28:07.914772,2025-07-31 22:36:10.683721,0 days 00:08:02.768949,20,7,30,44,2.6740697402301095,COMPLETE
829,15326.111890772894,2025-07-31 22:28:07.964686,2025-07-31 22:37:05.480352,0 days 00:08:57.515666,20,7,30,33,2.6383943824038174,COMPLETE
830,22035.845763416466,2025-07-31 22:28:07.973853,2025-07-31 22:37:28.789897,0 days 00:09:20.816044,14,7,32,33,2.61523207909664,COMPLETE
831,15326.111890772894,2025-07-31 22:28:08.015525,2025-07-31 22:35:15.300135,0 days 00:07:07.284610,20,7,30,33,2.7017263405565495,COMPLETE
832,15326.111890772894,2025-07-31 22:28:08.022358,2025-07-31 22:36:56.322587,0 days 00:08:48.300229,20,7,30,33,2.6658142672012684,COMPLETE
833,26490.142475765497,2025-07-31 22:28:08.028525,2025-07-31 22:36:58.591396,0 days 00:08:50.562871,14,7,30,44,2.6576741905784287,COMPLETE
834,23943.062264126267,2025-07-31 22:28:08.033818,2025-07-31 22:37:09.205778,0 days 00:09:01.171960,20,7,21,44,2.682814529710821,COMPLETE
835,15326.111890772894,2025-07-31 22:28:08.041611,2025-07-31 22:33:49.023418,0 days 00:05:40.981807,20,7,30,33,2.653304078253666,COMPLETE
836,6151.353827940141,2025-07-31 22:28:08.045637,2025-07-31 22:34:25.671498,0 days 00:06:17.625861,20,8,30,33,2.667012207794919,COMPLETE
837,7036.815402038072,2025-07-31 22:28:08.048211,2025-07-31 22:37:04.812109,0 days 00:08:56.763898,20,7,29,33,2.671539064144277,COMPLETE
838,10118.249234851046,2025-07-31 22:28:08.051332,2025-07-31 22:36:09.359686,0 days 00:08:01.308354,20,7,31,43,2.6537210602336776,COMPLETE
839,7036.815402038072,2025-07-31 22:28:08.056930,2025-07-31 22:35:15.801540,0 days 00:07:07.744610,20,7,29,43,2.6455021118658513,COMPLETE
840,15326.111890772894,2025-07-31 22:28:08.062548,2025-07-31 22:35:18.057140,0 days 00:07:09.994592,20,7,30,43,2.678795773469674,COMPLETE
841,15326.111890772894,2025-07-31 22:28:08.065845,2025-07-31 22:36:14.517548,0 days 00:08:06.451703,20,7,30,33,2.662673980536006,COMPLETE
842,7036.815402038072,2025-07-31 22:28:08.067900,2025-07-31 22:36:16.874330,0 days 00:08:08.806430,20,7,29,33,2.665477763306013,COMPLETE
843,15326.111890772894,2025-07-31 22:28:08.073883,2025-07-31 22:37:08.868306,0 days 00:09:00.794423,20,7,30,33,2.664287832397973,COMPLETE
844,21253.09136919957,2025-07-31 22:28:08.081691,2025-07-31 22:37:12.080717,0 days 00:09:03.999026,14,7,29,33,2.6695222218496797,COMPLETE
845,7036.815402038072,2025-07-31 22:28:08.084025,2025-07-31 22:37:31.921109,0 days 00:09:23.837084,20,7,29,33,2.1441848176109546,COMPLETE
846,15326.111890772894,2025-07-31 22:28:08.090230,2025-07-31 22:35:19.742219,0 days 00:07:11.651989,20,7,30,43,2.6602652612014204,COMPLETE
847,15326.111890772894,2025-07-31 22:28:08.096444,2025-07-31 22:37:33.898241,0 days 00:09:25.801797,20,7,30,33,2.6416027892427163,COMPLETE
848,7036.815402038072,2025-07-31 22:28:08.099194,2025-07-31 22:35:24.219123,0 days 00:07:16.119929,20,7,29,43,2.6749886865498365,COMPLETE
849,15326.111890772894,2025-07-31 22:28:08.112241,2025-07-31 22:37:08.744469,0 days 00:09:00.632228,20,7,30,33,2.661652908338602,COMPLETE
850,15326.111890772894,2025-07-31 22:28:08.117922,2025-07-31 22:37:07.033815,0 days 00:08:58.915893,20,7,30,33,2.668127951431067,COMPLETE
851,23943.062264126267,2025-07-31 22:28:08.122304,2025-07-31 22:37:07.736374,0 days 00:08:59.614070,20,7,21,44,2.643553216203042,COMPLETE
852,21253.09136919957,2025-07-31 22:28:08.127306,2025-07-31 22:37:31.702031,0 days 00:09:23.574725,14,7,29,43,2.645029045854028,COMPLETE
853,15326.111890772894,2025-07-31 22:28:08.137539,2025-07-31 22:34:29.993693,0 days 00:06:21.856154,20,7,30,33,2.111475560469108,COMPLETE
854,15326.111890772894,2025-07-31 22:28:08.141810,2025-07-31 22:36:22.271377,0 days 00:08:14.129567,20,7,30,44,2.6526795529471885,COMPLETE
855,7036.815402038072,2025-07-31 22:28:08.165975,2025-07-31 22:37:08.942772,0 days 00:09:00.776797,20,7,29,33,2.680636688048292,COMPLETE
856,7036.815402038072,2025-07-31 22:28:08.166776,2025-07-31 22:34:34.330628,0 days 00:06:26.163852,20,7,29,44,2.675614307572929,COMPLETE
857,26490.142475765497,2025-07-31 22:28:08.182755,2025-07-31 22:36:23.246212,0 days 00:08:15.063457,14,7,30,44,2.6630213433940084,COMPLETE
858,26490.142475765497,2025-07-31 22:28:08.201955,2025-07-31 22:37:34.617042,0 days 00:09:26.415087,14,7,30,33,2.647495353499486,COMPLETE
859,7036.815402038072,2025-07-31 22:28:08.261336,2025-07-31 22:37:20.265249,0 days 00:09:12.003913,20,7,29,33,2.6836583694628144,COMPLETE
860,7036.815402038072,2025-07-31 22:28:08.284538,2025-07-31 22:37:12.860890,0 days 00:09:04.576352,20,7,29,33,2.1223714111687775,COMPLETE
861,15326.111890772894,2025-07-31 22:28:08.387913,2025-07-31 22:37:13.939495,0 days 00:09:05.551582,20,7,30,33,2.669385477975262,COMPLETE
862,15326.111890772894,2025-07-31 22:28:08.448412,2025-07-31 22:37:32.083855,0 days 00:09:23.635443,20,7,30,33,2.6320423943054294,COMPLETE
863,10118.249234851046,2025-07-31 22:28:08.493836,2025-07-31 22:36:32.905293,0 days 00:08:24.411457,20,7,31,33,2.657744986979852,COMPLETE
864,15326.111890772894,2025-07-31 22:28:08.518565,2025-07-31 22:36:32.660517,0 days 00:08:24.141952,20,7,30,34,2.6681347397290107,COMPLETE
865,15326.111890772894,2025-07-31 22:28:08.520814,2025-07-31 22:35:29.313838,0 days 00:07:20.793024,20,7,30,33,2.684923951790919,COMPLETE
866,15326.111890772894,2025-07-31 22:28:08.603343,2025-07-31 22:35:33.667293,0 days 00:07:25.063950,20,7,30,33,2.669964705055071,COMPLETE
867,10118.249234851046,2025-07-31 22:28:08.671865,2025-07-31 22:36:28.508986,0 days 00:08:19.837121,20,7,31,43,2.7024298289715993,COMPLETE
868,26490.142475765497,2025-07-31 22:28:08.731626,2025-07-31 22:34:36.164414,0 days 00:06:27.432788,14,7,30,33,2.6811627223217,COMPLETE
869,15326.111890772894,2025-07-31 22:28:08.743160,2025-07-31 22:35:24.655316,0 days 00:07:15.912156,20,7,30,43,2.6733968360138087,COMPLETE
870,15326.111890772894,2025-07-31 22:28:08.870049,2025-07-31 22:34:36.357707,0 days 00:06:27.487658,20,7,30,44,2.6537735625276957,COMPLETE
871,10118.249234851046,2025-07-31 22:28:09.044869,2025-07-31 22:37:20.843258,0 days 00:09:11.798389,20,7,31,44,2.6381597300471804,COMPLETE
872,15326.111890772894,2025-07-31 22:28:09.101709,2025-07-31 22:35:36.242961,0 days 00:07:27.141252,20,7,30,33,2.6518144118212184,COMPLETE
873,21253.09136919957,2025-07-31 22:28:09.310222,2025-07-31 22:37:30.035692,0 days 00:09:20.725470,14,7,29,33,2.6566358729743897,COMPLETE
874,7036.815402038072,2025-07-31 22:28:09.333344,2025-07-31 22:35:33.495143,0 days 00:07:24.161799,20,7,29,33,2.660855986976525,COMPLETE
875,15326.111890772894,2025-07-31 22:28:09.389518,2025-07-31 22:36:32.549392,0 days 00:08:23.159874,20,7,30,33,2.672687873131106,COMPLETE
876,15326.111890772894,2025-07-31 22:28:09.423216,2025-07-31 22:36:30.990230,0 days 00:08:21.567014,20,7,30,43,2.64271049501342,COMPLETE
877,15326.111890772894,2025-07-31 22:28:09.477435,2025-07-31 22:35:31.261872,0 days 00:07:21.784437,20,7,30,33,2.6977047373588063,COMPLETE
878,15326.111890772894,2025-07-31 22:28:09.513706,2025-07-31 22:36:29.225002,0 days 00:08:19.711296,20,7,30,33,2.690525661057304,COMPLETE
879,15326.111890772894,2025-07-31 22:28:09.523368,2025-07-31 22:35:38.959758,0 days 00:07:29.436390,20,7,30,43,2.666926972822099,COMPLETE
880,15326.111890772894,2025-07-31 22:28:09.775712,2025-07-31 22:35:37.116640,0 days 00:07:27.340928,20,7,30,33,2.661263577067625,COMPLETE
881,15326.111890772894,2025-07-31 22:28:09.783811,2025-07-31 22:37:30.212071,0 days 00:09:20.428260,20,7,30,34,2.690412754405576,COMPLETE
882,15326.111890772894,2025-07-31 22:28:09.880609,2025-07-31 22:35:32.765987,0 days 00:07:22.885378,20,7,30,33,2.6816123172993045,COMPLETE
883,15326.111890772894,2025-07-31 22:28:09.923025,2025-07-31 22:35:34.777229,0 days 00:07:24.854204,20,7,30,43,2.6347875345009912,COMPLETE
884,15326.111890772894,2025-07-31 22:28:10.063585,2025-07-31 22:34:01.073027,0 days 00:05:51.009442,20,7,30,43,2.6468071112524045,COMPLETE
885,7036.815402038072,2025-07-31 22:28:10.034884,2025-07-31 22:37:14.896836,0 days 00:09:04.861952,20,7,29,43,2.660520550994627,COMPLETE
886,15326.111890772894,2025-07-31 22:28:10.074555,2025-07-31 22:34:44.008203,0 days 00:06:33.933648,20,7,30,33,2.675377025426958,COMPLETE
887,7036.815402038072,2025-07-31 22:28:10.109433,2025-07-31 22:34:41.617865,0 days 00:06:31.508432,20,7,29,44,2.6771706537716753,COMPLETE
888,7036.815402038072,2025-07-31 22:28:10.132182,2025-07-31 22:36:33.173038,0 days 00:08:23.040856,20,7,29,45,2.676496739056287,COMPLETE
889,7036.815402038072,2025-07-31 22:28:10.138965,2025-07-31 22:37:13.282126,0 days 00:09:03.143161,20,7,29,43,2.668648142944412,COMPLETE
890,26490.142475765497,2025-07-31 22:28:10.147951,2025-07-31 22:35:44.923716,0 days 00:07:34.775765,14,7,30,43,2.7295707760354606,COMPLETE
891,21253.09136919957,2025-07-31 22:28:10.152816,2025-07-31 22:37:17.456882,0 days 00:09:07.304066,14,7,29,44,2.678124533437985,COMPLETE
892,10118.249234851046,2025-07-31 22:28:10.177042,2025-07-31 22:37:10.867665,0 days 00:09:00.690623,20,7,31,43,2.666333518163287,COMPLETE
893,7036.815402038072,2025-07-31 22:28:10.214391,2025-07-31 22:34:47.964804,0 days 00:06:37.750413,20,7,29,43,2.623748681967846,COMPLETE
894,7036.815402038072,2025-07-31 22:28:10.223400,2025-07-31 22:35:39.678616,0 days 00:07:29.455216,20,7,29,43,2.684619038590575,COMPLETE
895,23943.062264126267,2025-07-31 22:28:10.238186,2025-07-31 22:36:33.987548,0 days 00:08:23.749362,20,7,21,45,2.637447966845821,COMPLETE
896,23943.062264126267,2025-07-31 22:28:10.239264,2025-07-31 22:37:34.357430,0 days 00:09:24.118166,20,7,21,44,2.662522768306528,COMPLETE
897,15326.111890772894,2025-07-31 22:28:10.288310,2025-07-31 22:36:33.257526,0 days 00:08:22.969216,20,7,30,43,2.694950840052314,COMPLETE
898,10118.249234851046,2025-07-31 22:28:10.302814,2025-07-31 22:37:21.156921,0 days 00:09:10.854107,20,7,31,45,2.6452395072887995,COMPLETE
899,15670.739566863202,2025-07-31 22:28:10.317649,2025-07-31 22:36:36.023303,0 days 00:08:25.705654,18,7,30,43,2.7064982416704457,COMPLETE
900,15326.111890772894,2025-07-31 22:28:10.414188,2025-07-31 22:34:51.722416,0 days 00:06:41.308228,20,7,30,44,2.654346968568253,COMPLETE
901,7036.815402038072,2025-07-31 22:28:10.454698,2025-07-31 22:35:47.502097,0 days 00:07:37.047399,20,7,29,43,2.6670615081106757,COMPLETE
902,15326.111890772894,2025-07-31 22:28:10.468740,2025-07-31 22:37:18.571500,0 days 00:09:08.102760,20,7,30,43,2.661860053770863,COMPLETE
903,15326.111890772894,2025-07-31 22:28:10.494307,2025-07-31 22:36:33.556819,0 days 00:08:23.062512,20,7,30,43,2.6655249235166663,COMPLETE
904,7036.815402038072,2025-07-31 22:28:10.520473,2025-07-31 22:36:42.575598,0 days 00:08:32.055125,20,7,29,43,2.6866758531318498,COMPLETE
905,15326.111890772894,2025-07-31 22:28:10.526649,2025-07-31 22:35:42.984383,0 days 00:07:32.457734,20,7,30,43,2.6582293006481827,COMPLETE
906,15326.111890772894,2025-07-31 22:28:10.536867,2025-07-31 22:35:00.277087,0 days 00:06:49.740220,20,7,30,43,2.65466388061997,COMPLETE
907,15326.111890772894,2025-07-31 22:28:10.578794,2025-07-31 22:36:36.015551,0 days 00:08:25.436757,20,7,30,43,2.670202056574834,COMPLETE
908,15326.111890772894,2025-07-31 22:28:10.725966,2025-07-31 22:35:44.651689,0 days 00:07:33.925723,20,7,30,45,2.7122088031150127,COMPLETE
909,10118.249234851046,2025-07-31 22:28:10.764847,2025-07-31 22:37:23.532676,0 days 00:09:12.767829,20,7,31,44,2.67383913443624,COMPLETE
910,15326.111890772894,2025-07-31 22:28:10.766060,2025-07-31 22:37:10.575058,0 days 00:08:59.808998,20,7,30,43,2.6091912327349287,COMPLETE
911,7036.815402038072,2025-07-31 22:28:10.801356,2025-07-31 22:35:52.121581,0 days 00:07:41.320225,20,7,29,43,2.6769060134756577,COMPLETE
912,7036.815402038072,2025-07-31 22:28:10.815476,2025-07-31 22:35:50.537445,0 days 00:07:39.721969,20,7,29,43,2.684118176228343,COMPLETE
913,15326.111890772894,2025-07-31 22:28:10.984505,2025-07-31 22:35:48.949711,0 days 00:07:37.965206,20,7,30,43,2.670345178971325,COMPLETE
914,15326.111890772894,2025-07-31 22:28:10.994917,2025-07-31 22:36:49.262775,0 days 00:08:38.267858,20,7,30,44,2.675706576465884,COMPLETE
915,15326.111890772894,2025-07-31 22:28:11.002289,2025-07-31 22:36:42.681991,0 days 00:08:31.679702,20,7,30,43,2.64614930802948,COMPLETE
916,7036.815402038072,2025-07-31 22:28:11.049204,2025-07-31 22:37:31.985234,0 days 00:09:20.936030,20,7,29,43,2.617831432356356,COMPLETE
917,7036.815402038072,2025-07-31 22:28:11.154549,2025-07-31 22:36:39.903714,0 days 00:08:28.749165,20,7,29,43,2.669038575244254,COMPLETE
918,15326.111890772894,2025-07-31 22:28:11.156394,2025-07-31 22:37:26.198432,0 days 00:09:15.042038,20,7,30,43,2.6857083055675037,COMPLETE
919,15326.111890772894,2025-07-31 22:28:11.198221,2025-07-31 22:37:23.560809,0 days 00:09:12.362588,20,7,30,43,2.665750145450834,COMPLETE
920,26490.142475765497,2025-07-31 22:28:11.215047,2025-07-31 22:35:47.612959,0 days 00:07:36.397912,14,7,30,43,2.683298264367371,COMPLETE
921,23943.062264126267,2025-07-31 22:28:11.233416,2025-07-31 22:37:20.748290,0 days 00:09:09.514874,20,7,21,44,2.682323064978733,COMPLETE
922,15326.111890772894,2025-07-31 22:28:11.270562,2025-07-31 22:34:11.195051,0 days 00:05:59.924489,20,7,30,44,2.6623042090410713,COMPLETE
923,23943.062264126267,2025-07-31 22:28:11.317218,2025-07-31 22:37:16.852196,0 days 00:09:05.534978,20,7,21,43,2.6716240733707104,COMPLETE
924,15326.111890772894,2025-07-31 22:28:11.335277,2025-07-31 22:36:35.632254,0 days 00:08:24.296977,20,7,30,45,2.672987225762116,COMPLETE
925,15326.111890772894,2025-07-31 22:28:11.483223,2025-07-31 22:35:51.263803,0 days 00:07:39.780580,20,7,30,43,2.6730531121888013,COMPLETE
926,7036.815402038072,2025-07-31 22:28:11.577519,2025-07-31 22:35:54.658953,0 days 00:07:43.081434,20,7,29,43,2.719417852865858,COMPLETE
927,15326.111890772894,2025-07-31 22:28:11.598309,2025-07-31 22:35:56.698008,0 days 00:07:45.099699,20,7,30,43,2.688786289573499,COMPLETE
928,7036.815402038072,2025-07-31 22:28:11.650379,2025-07-31 22:34:59.717352,0 days 00:06:48.066973,20,7,29,43,2.679004167078192,COMPLETE
929,26490.142475765497,2025-07-31 22:28:11.711210,2025-07-31 22:37:32.191473,0 days 00:09:20.480263,14,7,30,45,2.683418463828028,COMPLETE
930,15326.111890772894,2025-07-31 22:28:11.740162,2025-07-31 22:35:53.268317,0 days 00:07:41.528155,20,7,30,43,2.6646853050858157,COMPLETE
931,7036.815402038072,2025-07-31 22:28:11.810335,2025-07-31 22:35:51.413856,0 days 00:07:39.603521,20,7,29,44,2.653187511953101,COMPLETE
932,15326.111890772894,2025-07-31 22:28:11.849253,2025-07-31 22:35:55.960404,0 days 00:07:44.111151,20,7,30,43,2.673003753271164,COMPLETE
933,23943.062264126267,2025-07-31 22:28:11.944284,2025-07-31 22:35:59.656170,0 days 00:07:47.711886,20,7,21,44,2.6665277251453396,COMPLETE
934,-inf,2025-07-31 22:28:11.994576,2025-07-31 22:34:00.218477,0 days 00:05:48.223901,20,7,20,44,2.6741207938431315,COMPLETE
935,26490.142475765497,2025-07-31 22:28:12.023955,2025-07-31 22:35:58.885638,0 days 00:07:46.861683,14,7,30,46,2.6758919946592923,COMPLETE
936,23943.062264126267,2025-07-31 22:28:12.082323,2025-07-31 22:37:24.621607,0 days 00:09:12.539284,20,7,21,43,2.7199421390284786,COMPLETE
937,15326.111890772894,2025-07-31 22:28:12.232798,2025-07-31 22:35:04.499042,0 days 00:06:52.266244,20,7,30,43,2.6717799768304853,COMPLETE
938,7036.815402038072,2025-07-31 22:28:12.243423,2025-07-31 22:37:21.718450,0 days 00:09:09.475027,20,7,29,43,2.6957268357852233,COMPLETE
939,15326.111890772894,2025-07-31 22:28:12.266846,2025-07-31 22:35:03.096205,0 days 00:06:50.829359,20,7,30,43,2.7014270655777777,COMPLETE
940,15326.111890772894,2025-07-31 22:28:12.532473,2025-07-31 22:36:46.547200,0 days 00:08:34.014727,20,7,30,44,2.6527470425885182,COMPLETE
941,15326.111890772894,2025-07-31 22:28:12.589416,2025-07-31 22:36:01.486682,0 days 00:07:48.897266,20,7,30,44,2.681330628346084,COMPLETE
942,15326.111890772894,2025-07-31 22:28:12.602776,2025-07-31 22:35:05.191196,0 days 00:06:52.588420,20,7,30,43,2.6820139093112583,COMPLETE
943,15326.111890772894,2025-07-31 22:28:12.615659,2025-07-31 22:35:56.443166,0 days 00:07:43.827507,20,7,30,44,2.6131132157966057,COMPLETE
944,15326.111890772894,2025-07-31 22:28:12.692518,2025-07-31 22:37:34.364143,0 days 00:09:21.671625,20,7,30,43,2.643646597028458,COMPLETE
945,7036.815402038072,2025-07-31 22:28:12.996638,2025-07-31 22:36:50.455445,0 days 00:08:37.458807,20,7,29,44,2.6716498997567375,COMPLETE
946,23943.062264126267,2025-07-31 22:28:13.051635,2025-07-31 22:34:14.684164,0 days 00:06:01.632529,20,7,21,43,2.5883781975827302,COMPLETE
947,15326.111890772894,2025-07-31 22:28:13.124995,2025-07-31 22:36:44.654965,0 days 00:08:31.529970,20,7,30,43,2.6304749200220954,COMPLETE
948,15326.111890772894,2025-07-31 22:28:13.220297,2025-07-31 22:37:24.110676,0 days 00:09:10.890379,20,7,30,44,2.631279400776337,COMPLETE
