number,value,datetime_start,datetime_complete,duration,params_macd_fast,params_macd_signal,params_macd_slow,params_volume_sma,params_volume_spike_ratio,state
320,15355.60259312655,2025-07-31 22:45:53.164909,2025-07-31 22:47:18.534000,0 days 00:01:25.369091,17,15,43,17,1.6360573764839885,COMPLETE
321,19767.69987518403,2025-07-31 22:45:53.165804,2025-07-31 22:49:25.270591,0 days 00:03:32.104787,17,15,50,17,1.6918066695968448,COMPLETE
322,13280.546257033237,2025-07-31 22:45:53.174723,2025-07-31 22:49:23.763833,0 days 00:03:30.589110,18,15,43,17,1.6834049734669816,COMPLETE
323,19767.69987518403,2025-07-31 22:45:53.180442,2025-07-31 22:49:29.364918,0 days 00:03:36.184476,17,15,50,17,1.711291158528776,COMPLETE
324,19767.69987518403,2025-07-31 22:45:53.181497,2025-07-31 22:47:58.591283,0 days 00:02:05.409786,17,15,50,16,1.6274316058887082,COMPLETE
325,19767.69987518403,2025-07-31 22:45:53.194079,2025-07-31 22:47:19.750533,0 days 00:01:26.556454,17,15,50,16,2.069823507555613,COMPLETE
326,19236.514126010323,2025-07-31 22:45:53.199538,2025-07-31 22:47:19.516451,0 days 00:01:26.316913,18,15,50,16,1.6785408085245463,COMPLETE
327,13280.546257033237,2025-07-31 22:45:53.201580,2025-07-31 22:49:28.300314,0 days 00:03:35.098734,18,15,43,18,1.6740324807122335,COMPLETE
328,19767.69987518403,2025-07-31 22:45:53.215084,2025-07-31 22:47:58.636998,0 days 00:02:05.421914,17,15,50,13,1.7214333053501119,COMPLETE
329,21427.86604939372,2025-07-31 22:45:53.222241,2025-07-31 22:51:45.770317,0 days 00:05:52.548076,17,16,43,17,1.6303464059299348,COMPLETE
330,9168.031993474686,2025-07-31 22:45:53.236256,2025-07-31 22:47:21.105855,0 days 00:01:27.869599,17,15,43,16,1.668844766203139,COMPLETE
331,9168.031993474686,2025-07-31 22:45:53.259688,2025-07-31 22:51:55.468493,0 days 00:06:02.208805,17,15,43,17,1.691614429036637,COMPLETE
332,7663.688590997372,2025-07-31 22:45:53.260712,2025-07-31 22:51:49.976659,0 days 00:05:56.715947,17,14,50,17,1.6881667962896232,COMPLETE
333,20057.752636552785,2025-07-31 22:45:53.269218,2025-07-31 22:47:59.522605,0 days 00:02:06.253387,18,16,50,17,1.662740925455975,COMPLETE
334,19767.69987518403,2025-07-31 22:45:53.288953,2025-07-31 22:51:54.054971,0 days 00:06:00.766018,17,15,50,17,1.7017921841489212,COMPLETE
335,9168.031993474686,2025-07-31 22:45:53.305956,2025-07-31 22:49:30.111432,0 days 00:03:36.805476,17,15,43,16,1.6768041073396753,COMPLETE
336,19767.69987518403,2025-07-31 22:45:53.309349,2025-07-31 22:49:29.435979,0 days 00:03:36.126630,17,15,50,16,1.6794526185074556,COMPLETE
337,19767.69987518403,2025-07-31 22:45:53.328069,2025-07-31 22:48:01.383008,0 days 00:02:08.054939,17,15,50,18,1.652444658380874,COMPLETE
338,19767.69987518403,2025-07-31 22:45:53.348021,2025-07-31 22:51:40.729689,0 days 00:05:47.381668,17,15,50,16,1.6939600220707138,COMPLETE
339,19236.514126010323,2025-07-31 22:45:53.394541,2025-07-31 22:54:21.474876,0 days 00:08:28.080335,18,15,50,16,1.6691119365599285,COMPLETE
340,9168.031993474686,2025-07-31 22:45:53.474234,2025-07-31 22:49:35.185612,0 days 00:03:41.711378,17,15,43,17,1.6695074937900507,COMPLETE
341,9168.031993474686,2025-07-31 22:45:53.488236,2025-07-31 22:52:02.417489,0 days 00:06:08.929253,17,15,43,17,1.6467325400447044,COMPLETE
342,19767.69987518403,2025-07-31 22:45:53.496635,2025-07-31 22:47:22.783240,0 days 00:01:29.286605,17,15,50,16,1.6926161388776106,COMPLETE
343,19767.69987518403,2025-07-31 22:45:53.552343,2025-07-31 22:54:25.815411,0 days 00:08:32.263068,17,15,50,17,1.6507761962008698,COMPLETE
344,19236.514126010323,2025-07-31 22:45:53.571594,2025-07-31 22:48:02.956083,0 days 00:02:09.384489,18,15,50,17,1.6538846624959382,COMPLETE
345,9850.332773806831,2025-07-31 22:45:53.681517,2025-07-31 22:48:04.166494,0 days 00:02:10.484977,17,15,43,17,2.069041559295711,COMPLETE
346,19236.514126010323,2025-07-31 22:45:53.775448,2025-07-31 22:52:10.399625,0 days 00:06:16.624177,18,15,50,17,1.662076180327776,COMPLETE
347,19236.514126010323,2025-07-31 22:45:53.793932,2025-07-31 22:48:04.707984,0 days 00:02:10.914052,18,15,50,17,1.6860687302990407,COMPLETE
348,19767.69987518403,2025-07-31 22:45:53.816335,2025-07-31 22:49:47.587008,0 days 00:03:53.770673,17,15,50,17,1.6474678823303976,COMPLETE
349,19236.514126010323,2025-07-31 22:45:54.110705,2025-07-31 22:54:24.056561,0 days 00:08:29.945856,18,15,50,18,1.6811765488072876,COMPLETE
350,19767.69987518403,2025-07-31 22:45:54.292267,2025-07-31 22:49:44.947651,0 days 00:03:50.655384,17,15,50,17,1.675079722555432,COMPLETE
351,19767.69987518403,2025-07-31 22:45:54.400390,2025-07-31 22:49:52.323463,0 days 00:03:57.923073,17,15,50,17,1.6811486780871538,COMPLETE
352,9168.031993474686,2025-07-31 22:45:54.480063,2025-07-31 22:54:23.974232,0 days 00:08:29.494169,17,15,43,18,1.647160916058192,COMPLETE
353,19767.69987518403,2025-07-31 22:45:54.557043,2025-07-31 22:52:10.734927,0 days 00:06:16.177884,17,15,50,17,1.6738450279957329,COMPLETE
354,19767.69987518403,2025-07-31 22:45:54.643381,2025-07-31 22:49:53.731706,0 days 00:03:59.088325,17,15,50,17,1.6824119630833168,COMPLETE
355,15355.60259312655,2025-07-31 22:45:54.748689,2025-07-31 22:52:08.751155,0 days 00:06:14.002466,17,15,43,16,1.651109738202038,COMPLETE
356,19767.69987518403,2025-07-31 22:45:54.825519,2025-07-31 22:49:54.978905,0 days 00:04:00.153386,17,15,50,18,2.0639564724174453,COMPLETE
357,9850.332773806831,2025-07-31 22:45:54.863465,2025-07-31 22:52:05.841646,0 days 00:06:10.978181,17,15,43,17,2.055296547617091,COMPLETE
358,19767.69987518403,2025-07-31 22:45:54.887069,2025-07-31 22:50:05.001724,0 days 00:04:10.114655,17,15,50,17,1.668216574319017,COMPLETE
359,9385.407679860255,2025-07-31 22:45:54.925855,2025-07-31 22:52:09.323799,0 days 00:06:14.397944,17,15,44,16,1.6611287441332576,COMPLETE
360,9168.031993474686,2025-07-31 22:45:55.047481,2025-07-31 22:52:15.554345,0 days 00:06:20.506864,17,15,43,16,1.7066186223618849,COMPLETE
361,7663.688590997372,2025-07-31 22:45:55.251457,2025-07-31 22:47:28.198840,0 days 00:01:32.947383,17,14,50,17,2.0515523214134928,COMPLETE
362,23519.61433591661,2025-07-31 22:45:55.313188,2025-07-31 22:49:58.957716,0 days 00:04:03.644528,17,10,43,20,1.6887285667355976,COMPLETE
363,11842.530027667191,2025-07-31 22:45:55.370880,2025-07-31 22:46:59.915629,0 days 00:01:04.544749,17,14,44,17,2.1211003594198203,COMPLETE
364,11045.07076278662,2025-07-31 22:45:55.474902,2025-07-31 22:55:13.553392,0 days 00:09:18.078490,17,14,44,16,1.6809983811556297,COMPLETE
365,7663.688590997372,2025-07-31 22:45:55.678054,2025-07-31 22:48:13.707765,0 days 00:02:18.029711,17,14,50,17,1.667476861034228,COMPLETE
366,11842.530027667191,2025-07-31 22:45:55.719982,2025-07-31 22:52:25.122652,0 days 00:06:29.402670,17,14,44,18,1.6806964052523887,COMPLETE
367,7663.688590997372,2025-07-31 22:45:55.835220,2025-07-31 22:50:03.276166,0 days 00:04:07.440946,17,14,50,17,1.6781597241969357,COMPLETE
368,7663.688590997372,2025-07-31 22:45:55.856098,2025-07-31 22:52:20.288288,0 days 00:06:24.432190,17,14,50,17,1.6769427398888,COMPLETE
369,7663.688590997372,2025-07-31 22:45:55.947175,2025-07-31 22:52:18.688882,0 days 00:06:22.741707,17,14,50,16,2.0778427917302125,COMPLETE
370,7663.688590997372,2025-07-31 22:45:55.963784,2025-07-31 22:48:16.101198,0 days 00:02:20.137414,17,14,50,17,1.677520606617909,COMPLETE
371,10991.621663880658,2025-07-31 22:45:55.970187,2025-07-31 22:48:16.617301,0 days 00:02:20.647114,9,14,50,18,1.6589155689447996,COMPLETE
372,7663.688590997372,2025-07-31 22:45:56.138506,2025-07-31 22:50:07.843082,0 days 00:04:11.704576,17,14,50,16,1.6766065988892442,COMPLETE
373,13664.71328741546,2025-07-31 22:45:56.186393,2025-07-31 22:48:15.820557,0 days 00:02:19.634164,10,14,50,16,1.6655594942837677,COMPLETE
374,18276.557677206587,2025-07-31 22:45:56.192594,2025-07-31 22:52:23.470444,0 days 00:06:27.277850,17,14,44,15,1.660110859762668,COMPLETE
375,7663.688590997372,2025-07-31 22:45:56.314849,2025-07-31 22:47:30.601572,0 days 00:01:34.286723,17,14,50,17,2.0768393560115372,COMPLETE
376,13664.71328741546,2025-07-31 22:45:56.360937,2025-07-31 22:50:07.386021,0 days 00:04:11.025084,10,14,50,17,1.5545627775915394,COMPLETE
377,11208.23775843133,2025-07-31 22:45:56.498858,2025-07-31 22:47:32.819336,0 days 00:01:36.320478,10,15,49,17,1.50012512257719,COMPLETE
378,13664.71328741546,2025-07-31 22:45:56.523485,2025-07-31 22:47:33.261070,0 days 00:01:36.737585,10,14,50,16,1.5326539564577324,COMPLETE
379,13664.71328741546,2025-07-31 22:45:56.562525,2025-07-31 22:48:17.710895,0 days 00:02:21.148370,10,14,50,5,1.503518082554368,COMPLETE
380,11600.28401721623,2025-07-31 22:45:56.574302,2025-07-31 22:50:17.707814,0 days 00:04:21.133512,10,15,50,17,1.5114978920348872,COMPLETE
381,13664.71328741546,2025-07-31 22:45:56.587262,2025-07-31 22:47:32.733719,0 days 00:01:36.146457,10,14,50,14,1.558470335218571,COMPLETE
382,13664.71328741546,2025-07-31 22:45:56.590960,2025-07-31 22:48:16.877739,0 days 00:02:20.286779,10,14,50,16,1.5143588576282863,COMPLETE
383,13664.71328741546,2025-07-31 22:45:56.627126,2025-07-31 22:47:33.481560,0 days 00:01:36.854434,10,14,50,16,1.5795517329330144,COMPLETE
384,11600.28401721623,2025-07-31 22:45:56.648159,2025-07-31 22:52:34.548706,0 days 00:06:37.900547,10,15,50,17,1.5365877615619759,COMPLETE
385,12911.313864221667,2025-07-31 22:45:56.706606,2025-07-31 22:48:20.889070,0 days 00:02:24.182464,10,14,50,19,1.5117692748371667,COMPLETE
386,13664.71328741546,2025-07-31 22:45:56.782250,2025-07-31 22:47:33.926608,0 days 00:01:37.144358,10,14,50,17,1.5018542506805002,COMPLETE
387,13664.71328741546,2025-07-31 22:45:56.805671,2025-07-31 22:50:15.132857,0 days 00:04:18.327186,10,14,50,15,1.5603750300760748,COMPLETE
388,13664.71328741546,2025-07-31 22:45:56.874423,2025-07-31 22:50:21.168567,0 days 00:04:24.294144,10,14,50,15,1.583144802941159,COMPLETE
389,13664.71328741546,2025-07-31 22:45:56.996691,2025-07-31 22:48:21.481676,0 days 00:02:24.484985,10,14,50,18,1.5064536185217698,COMPLETE
390,13664.71328741546,2025-07-31 22:45:57.052324,2025-07-31 22:54:46.614353,0 days 00:08:49.562029,10,14,50,16,1.5093372906203444,COMPLETE
391,13664.71328741546,2025-07-31 22:45:57.165160,2025-07-31 22:48:21.192011,0 days 00:02:24.026851,10,14,50,16,1.6295254511085284,COMPLETE
392,13664.71328741546,2025-07-31 22:45:57.194086,2025-07-31 22:54:43.324827,0 days 00:08:46.130741,10,14,50,18,1.5179628284163758,COMPLETE
393,13664.71328741546,2025-07-31 22:45:57.240869,2025-07-31 22:48:29.557136,0 days 00:02:32.316267,10,14,50,16,1.508273104829654,COMPLETE
394,8222.832734779373,2025-07-31 22:45:57.253549,2025-07-31 22:48:28.237189,0 days 00:02:30.983640,10,18,50,16,1.5589302375442882,COMPLETE
395,13664.71328741546,2025-07-31 22:45:57.262055,2025-07-31 22:50:26.328179,0 days 00:04:29.066124,10,14,50,16,1.5578689243304567,COMPLETE
396,8222.832734779373,2025-07-31 22:45:57.367803,2025-07-31 22:48:28.576042,0 days 00:02:31.208239,10,18,50,17,1.5182990517668833,COMPLETE
397,8222.832734779373,2025-07-31 22:45:57.399563,2025-07-31 22:54:40.645812,0 days 00:08:43.246249,10,18,50,17,1.6076372090706785,COMPLETE
398,8222.832734779373,2025-07-31 22:45:57.418558,2025-07-31 22:50:31.484363,0 days 00:04:34.065805,10,18,50,17,1.6267510129862488,COMPLETE
399,8222.832734779373,2025-07-31 22:45:57.425885,2025-07-31 22:48:29.633566,0 days 00:02:32.207681,10,18,50,17,1.5215014608027833,COMPLETE
400,11064.399845397484,2025-07-31 22:45:57.443029,2025-07-31 22:50:24.678488,0 days 00:04:27.235459,9,19,49,22,1.503622838831352,COMPLETE
401,15131.186718699153,2025-07-31 22:45:57.462009,2025-07-31 22:52:43.169613,0 days 00:06:45.707604,10,18,49,17,1.556686902206953,COMPLETE
402,12614.64065154076,2025-07-31 22:45:57.487356,2025-07-31 22:48:32.336737,0 days 00:02:34.849381,10,18,49,19,1.5295159323459329,COMPLETE
403,8222.832734779373,2025-07-31 22:45:57.624737,2025-07-31 22:50:33.902156,0 days 00:04:36.277419,10,18,50,16,1.515075092569963,COMPLETE
404,8222.832734779373,2025-07-31 22:45:57.647769,2025-07-31 22:48:31.293518,0 days 00:02:33.645749,10,18,50,16,1.5680145854666412,COMPLETE
405,6725.714333609455,2025-07-31 22:45:57.649028,2025-07-31 22:48:32.196627,0 days 00:02:34.547599,10,18,50,18,1.5297339381572033,COMPLETE
406,8222.832734779373,2025-07-31 22:45:57.741973,2025-07-31 22:50:31.550242,0 days 00:04:33.808269,10,18,50,17,1.5213972317397833,COMPLETE
407,12614.64065154076,2025-07-31 22:45:57.816114,2025-07-31 22:50:31.849659,0 days 00:04:34.033545,10,18,49,18,1.5374528514112704,COMPLETE
408,8222.832734779373,2025-07-31 22:45:57.961157,2025-07-31 22:48:37.546633,0 days 00:02:39.585476,10,18,50,16,1.514061230866781,COMPLETE
409,8222.832734779373,2025-07-31 22:45:58.052179,2025-07-31 22:52:51.668173,0 days 00:06:53.615994,10,18,50,17,1.5536655671394441,COMPLETE
410,8222.832734779373,2025-07-31 22:45:58.321886,2025-07-31 22:50:37.012943,0 days 00:04:38.691057,10,18,50,16,1.5358702793916652,COMPLETE
411,8222.832734779373,2025-07-31 22:45:58.329292,2025-07-31 22:55:19.708022,0 days 00:09:21.378730,10,18,50,17,1.526469752753045,COMPLETE
412,15131.186718699153,2025-07-31 22:45:58.372532,2025-07-31 22:48:37.972667,0 days 00:02:39.600135,10,18,49,18,1.5116262238815021,COMPLETE
413,8222.832734779373,2025-07-31 22:45:58.554534,2025-07-31 22:52:55.054850,0 days 00:06:56.500316,10,18,50,16,1.5113382058498186,COMPLETE
414,8222.832734779373,2025-07-31 22:45:58.690967,2025-07-31 22:52:45.998421,0 days 00:06:47.307454,10,18,50,17,1.5566618436008277,COMPLETE
415,8222.832734779373,2025-07-31 22:45:58.744437,2025-07-31 22:55:03.581625,0 days 00:09:04.837188,10,18,50,15,1.5166773002585483,COMPLETE
416,8342.024494641792,2025-07-31 22:45:58.934161,2025-07-31 22:47:38.458131,0 days 00:01:39.523970,9,18,50,18,1.5710078627237543,COMPLETE
417,15131.186718699153,2025-07-31 22:45:58.946391,2025-07-31 22:48:34.291630,0 days 00:02:35.345239,10,18,49,15,1.5929234443147482,COMPLETE
418,15131.186718699153,2025-07-31 22:45:59.021731,2025-07-31 22:52:51.701595,0 days 00:06:52.679864,10,18,49,17,1.5109678103728639,COMPLETE
419,15131.186718699153,2025-07-31 22:45:59.093580,2025-07-31 22:52:59.515296,0 days 00:07:00.421716,10,18,49,17,1.534831159507238,COMPLETE
420,8222.832734779373,2025-07-31 22:45:59.168092,2025-07-31 22:50:35.488688,0 days 00:04:36.320596,10,18,50,13,1.5094207757360736,COMPLETE
421,8222.832734779373,2025-07-31 22:45:59.285897,2025-07-31 22:50:40.269451,0 days 00:04:40.983554,10,18,50,16,1.5013674433738984,COMPLETE
422,15131.186718699153,2025-07-31 22:45:59.915908,2025-07-31 22:54:57.495338,0 days 00:08:57.579430,10,18,49,17,1.5116488887421655,COMPLETE
423,8222.832734779373,2025-07-31 22:46:00.068162,2025-07-31 22:48:42.129440,0 days 00:02:42.061278,10,18,50,17,1.5220829253336114,COMPLETE
424,6725.714333609455,2025-07-31 22:46:00.108829,2025-07-31 22:48:42.307281,0 days 00:02:42.198452,10,18,50,17,1.6586432696001148,COMPLETE
425,8342.024494641792,2025-07-31 22:46:00.487061,2025-07-31 22:53:02.393346,0 days 00:07:01.906285,9,18,50,17,1.5629343187770972,COMPLETE
426,8222.832734779373,2025-07-31 22:46:00.509467,2025-07-31 22:50:46.202548,0 days 00:04:45.693081,10,18,50,16,1.554534438444236,COMPLETE
427,6725.714333609455,2025-07-31 22:46:00.663620,2025-07-31 22:52:54.618512,0 days 00:06:53.954892,10,18,50,18,1.5254679152323891,COMPLETE
428,8222.832734779373,2025-07-31 22:46:00.702561,2025-07-31 22:50:39.493880,0 days 00:04:38.791319,10,18,50,17,1.5154677954039864,COMPLETE
429,8222.832734779373,2025-07-31 22:46:00.882142,2025-07-31 22:50:48.246026,0 days 00:04:47.363884,10,18,50,17,1.5678789898643446,COMPLETE
430,8222.832734779373,2025-07-31 22:46:01.028705,2025-07-31 22:50:40.328002,0 days 00:04:39.299297,10,18,50,17,1.5253937874325127,COMPLETE
431,8222.832734779373,2025-07-31 22:46:01.170613,2025-07-31 22:48:41.812001,0 days 00:02:40.641388,10,18,50,17,1.5083511961047495,COMPLETE
432,15131.186718699153,2025-07-31 22:46:01.192379,2025-07-31 22:50:50.972981,0 days 00:04:49.780602,10,18,49,15,1.5305394641146002,COMPLETE
433,14331.34219641612,2025-07-31 22:46:01.244910,2025-07-31 22:48:44.307965,0 days 00:02:43.063055,10,18,50,5,1.5720191483776678,COMPLETE
434,6725.714333609455,2025-07-31 22:46:01.398948,2025-07-31 22:50:47.703693,0 days 00:04:46.304745,10,18,50,18,1.5646865851963152,COMPLETE
435,6725.714333609455,2025-07-31 22:46:01.690172,2025-07-31 22:48:47.290887,0 days 00:02:45.600715,10,18,50,19,1.518220906384225,COMPLETE
436,11051.884536339056,2025-07-31 22:46:01.748043,2025-07-31 22:50:45.184561,0 days 00:04:43.436518,9,18,49,16,1.5507730130261332,COMPLETE
437,8222.832734779373,2025-07-31 22:46:02.062717,2025-07-31 22:53:04.761187,0 days 00:07:02.698470,10,18,50,14,1.5147198327339577,COMPLETE
438,8222.832734779373,2025-07-31 22:46:02.531020,2025-07-31 22:54:53.195845,0 days 00:08:50.664825,10,18,50,17,1.5419151746266349,COMPLETE
439,8222.832734779373,2025-07-31 22:46:02.619542,2025-07-31 22:50:51.197771,0 days 00:04:48.578229,10,18,50,14,1.555957097070559,COMPLETE
440,11855.366844138482,2025-07-31 22:46:03.217146,2025-07-31 22:53:11.445098,0 days 00:07:08.227952,10,13,50,19,1.6659162084499053,COMPLETE
441,5942.337172300087,2025-07-31 22:46:03.240935,2025-07-31 22:48:48.742179,0 days 00:02:45.501244,10,19,50,5,1.6749846890066133,COMPLETE
442,4050.5847420882615,2025-07-31 22:46:03.305432,2025-07-31 22:54:49.567597,0 days 00:08:46.262165,10,13,44,5,1.6335671547635304,COMPLETE
443,4137.9629359942,2025-07-31 22:46:03.420917,2025-07-31 22:48:47.016716,0 days 00:02:43.595799,10,13,45,5,2.624060647639273,COMPLETE
444,11855.366844138482,2025-07-31 22:46:03.486404,2025-07-31 22:48:49.115595,0 days 00:02:45.629191,10,13,50,5,1.6590198369249258,COMPLETE
445,11786.592691225169,2025-07-31 22:46:03.551542,2025-07-31 22:48:50.806744,0 days 00:02:47.255202,9,13,50,5,1.662661559041313,COMPLETE
446,13072.636200241972,2025-07-31 22:46:03.963319,2025-07-31 22:47:43.733357,0 days 00:01:39.770038,9,13,50,16,1.6647072028311949,COMPLETE
447,11248.448294948994,2025-07-31 22:46:04.076357,2025-07-31 22:53:10.482920,0 days 00:07:06.406563,9,19,50,17,1.6437438406426612,COMPLETE
448,25100.88851058652,2025-07-31 22:46:04.952811,2025-07-31 22:48:50.767012,0 days 00:02:45.814201,9,19,45,5,1.5273415428609358,COMPLETE
449,13528.43436143535,2025-07-31 22:46:05.179149,2025-07-31 22:50:53.055069,0 days 00:04:47.875920,9,19,50,16,1.527423429362703,COMPLETE
450,7304.045047773292,2025-07-31 22:46:05.361154,2025-07-31 22:50:57.611679,0 days 00:04:52.250525,10,19,50,16,1.5033882671149121,COMPLETE
451,13528.43436143535,2025-07-31 22:46:05.598286,2025-07-31 22:51:01.736290,0 days 00:04:56.138004,9,19,50,15,1.6238105128617375,COMPLETE
452,22929.784055658245,2025-07-31 22:46:05.789280,2025-07-31 22:53:19.375636,0 days 00:07:13.586356,9,19,44,16,1.6765933675358347,COMPLETE
453,23783.60303236301,2025-07-31 22:46:06.412391,2025-07-31 22:50:51.504750,0 days 00:04:45.092359,9,19,44,5,1.727291626663282,COMPLETE
454,11377.33345794193,2025-07-31 22:46:06.502038,2025-07-31 22:53:13.646903,0 days 00:07:07.144865,9,20,50,15,1.6552841341324063,COMPLETE
455,5942.337172300087,2025-07-31 22:46:06.546105,2025-07-31 22:48:56.660961,0 days 00:02:50.114856,10,19,50,5,1.662668714664854,COMPLETE
456,11248.448294948994,2025-07-31 22:46:06.870719,2025-07-31 22:53:20.653859,0 days 00:07:13.783140,9,19,50,15,1.6719360463292663,COMPLETE
457,13282.214055014405,2025-07-31 22:46:06.977991,2025-07-31 22:48:55.319069,0 days 00:02:48.341078,9,19,50,5,1.674224338541688,COMPLETE
458,11248.448294948994,2025-07-31 22:46:07.382330,2025-07-31 22:50:57.194245,0 days 00:04:49.811915,9,19,50,19,1.6431608939897486,COMPLETE
459,5942.337172300087,2025-07-31 22:46:07.446567,2025-07-31 22:50:58.587679,0 days 00:04:51.141112,10,19,50,5,1.6747250338783597,COMPLETE
460,13282.214055014405,2025-07-31 22:46:07.946381,2025-07-31 22:50:56.704995,0 days 00:04:48.758614,9,19,50,5,1.6678949770418485,COMPLETE
461,11248.448294948994,2025-07-31 22:46:08.379943,2025-07-31 22:48:54.144817,0 days 00:02:45.764874,9,19,50,17,1.6871791606245763,COMPLETE
462,8919.96670107064,2025-07-31 22:46:09.061014,2025-07-31 22:50:58.145760,0 days 00:04:49.084746,5,19,50,18,1.7041687146510323,COMPLETE
463,8919.96670107064,2025-07-31 22:46:09.527880,2025-07-31 22:51:00.010649,0 days 00:04:50.482769,5,19,49,18,1.6606399930213949,COMPLETE
464,8919.96670107064,2025-07-31 22:46:09.913151,2025-07-31 22:53:19.436076,0 days 00:07:09.522925,5,19,50,20,1.646960789433746,COMPLETE
465,10453.104146416685,2025-07-31 22:46:10.212473,2025-07-31 22:49:02.454618,0 days 00:02:52.242145,9,19,49,17,1.670187015391781,COMPLETE
466,9292.950641028629,2025-07-31 22:46:10.483590,2025-07-31 22:54:59.784536,0 days 00:08:49.300946,5,19,50,18,1.7595439350209245,COMPLETE
467,8919.96670107064,2025-07-31 22:46:10.806522,2025-07-31 22:51:03.698784,0 days 00:04:52.892262,5,19,50,20,1.6594663774529628,COMPLETE
468,5421.859007561045,2025-07-31 22:46:10.917885,2025-07-31 22:48:59.794386,0 days 00:02:48.876501,5,18,50,18,1.6775521770397281,COMPLETE
469,8919.96670107064,2025-07-31 22:46:11.073277,2025-07-31 22:51:07.000867,0 days 00:04:55.927590,5,19,50,13,1.644973491581998,COMPLETE
470,9062.083876219249,2025-07-31 22:46:11.096695,2025-07-31 22:49:02.892474,0 days 00:02:51.795779,19,19,50,15,1.6772683396500463,COMPLETE
471,6469.9529341442585,2025-07-31 22:46:11.314659,2025-07-31 22:55:21.722134,0 days 00:09:10.407475,5,19,50,16,2.529460015843916,COMPLETE
472,9062.083876219249,2025-07-31 22:46:11.334693,2025-07-31 22:49:08.993604,0 days 00:02:57.658911,19,19,50,15,1.6215370136376475,COMPLETE
473,7850.236150231347,2025-07-31 22:46:11.753856,2025-07-31 22:49:08.529378,0 days 00:02:56.775522,19,19,49,16,1.6771206170122752,COMPLETE
474,8919.96670107064,2025-07-31 22:46:12.117039,2025-07-31 22:51:10.510477,0 days 00:04:58.393438,5,19,50,15,1.662216060374241,COMPLETE
475,9062.083876219249,2025-07-31 22:46:12.579116,2025-07-31 22:49:05.580592,0 days 00:02:53.001476,19,19,50,16,1.7449347750915438,COMPLETE
476,8919.96670107064,2025-07-31 22:46:12.946213,2025-07-31 22:49:06.162651,0 days 00:02:53.216438,5,19,49,15,1.6786571055600048,COMPLETE
