number,value,datetime_start,datetime_complete,duration,params_fast,params_macd_fast,params_macd_signal,params_macd_slow,params_rsi_period,params_rsi_threshold,params_slow,params_take_profit,params_trend_sma_period,state
587,403602.2780084131,2025-09-03 13:52:18.070693,2025-09-03 13:53:08.949699,0 days 00:00:50.879006,9,14,9,23,27,68,30,4.902838905695787,5,COMPLETE
588,436921.86876933236,2025-09-03 13:52:19.308145,2025-09-03 13:53:10.590765,0 days 00:00:51.282620,8,14,6,23,27,69,30,4.913558141528331,5,COMPLETE
589,697754.0435234994,2025-09-03 13:52:36.547781,2025-09-03 13:53:28.721574,0 days 00:00:52.173793,5,11,9,23,28,69,30,4.909343477994643,5,COMPLETE
590,289814.0682002263,2025-09-03 13:53:01.282413,2025-09-03 13:53:54.405300,0 days 00:00:53.122887,8,15,9,23,27,67,33,4.913819006475043,5,COMPLETE
591,221359.31789917342,2025-09-03 13:53:08.961648,2025-09-03 13:54:02.954066,0 days 00:00:53.992418,7,14,10,23,28,67,33,4.998604017195122,6,COMPLETE
592,494977.6274924372,2025-09-03 13:53:10.711165,2025-09-03 13:54:03.918717,0 days 00:00:53.207552,5,15,6,23,28,69,33,4.996902127841566,5,COMPLETE
593,93250.16831843069,2025-09-03 13:53:28.749026,2025-09-03 13:54:20.206803,0 days 00:00:51.457777,7,11,5,23,28,69,76,4.915596405281709,5,COMPLETE
594,415118.4991784384,2025-09-03 13:53:54.536580,2025-09-03 13:54:50.368706,0 days 00:00:55.832126,9,11,6,23,28,69,30,4.991908883321955,6,COMPLETE
595,446303.54517717526,2025-09-03 13:54:03.004996,2025-09-03 13:58:05.135778,0 days 00:04:02.130782,9,11,6,23,21,69,30,4.924993385535172,5,COMPLETE
596,80538.20992397664,2025-09-03 13:54:03.937698,2025-09-03 13:58:06.692971,0 days 00:04:02.755273,9,11,6,23,27,69,78,4.926858656093653,6,COMPLETE
597,363379.6301148976,2025-09-03 13:54:20.239218,2025-09-03 13:58:19.751309,0 days 00:03:59.512091,12,15,6,24,27,68,30,4.9329106093513335,6,COMPLETE
598,301612.2209013422,2025-09-03 13:54:50.370253,2025-09-03 13:58:59.103508,0 days 00:04:08.733255,12,11,6,38,28,69,33,4.977947028542187,6,COMPLETE
599,334284.9122538428,2025-09-03 13:58:05.149184,2025-09-03 13:59:02.522155,0 days 00:00:57.372971,12,11,6,23,21,69,30,4.992739538757059,6,COMPLETE
600,31101.068138042454,2025-09-03 13:58:06.722066,2025-09-03 13:59:04.243835,0 days 00:00:57.521769,12,11,6,24,21,69,30,4.984411555445982,25,COMPLETE
601,393802.7536753276,2025-09-03 13:58:19.779273,2025-09-03 13:59:19.352194,0 days 00:00:59.572921,11,11,6,23,27,70,30,4.987397630198164,6,COMPLETE
602,30427.583451892482,2025-09-03 13:58:59.151904,2025-09-03 13:59:55.727669,0 days 00:00:56.575765,12,11,6,23,21,70,30,4.938473876090997,25,COMPLETE
603,107999.21135151396,2025-09-03 13:59:02.535082,2025-09-03 13:59:59.320368,0 days 00:00:56.785286,14,11,5,23,18,70,30,4.995933884793694,7,COMPLETE
604,108085.24042816857,2025-09-03 13:59:04.262821,2025-09-03 14:00:02.773957,0 days 00:00:58.511136,14,11,5,23,18,70,30,4.996849312381498,7,COMPLETE
605,110979.99575459547,2025-09-03 13:59:19.395125,2025-09-03 14:00:12.154063,0 days 00:00:52.758938,14,11,5,23,19,70,30,4.980366762130903,7,COMPLETE
606,128328.08671362973,2025-09-03 13:59:55.750225,2025-09-03 14:00:51.727904,0 days 00:00:55.977679,11,11,5,23,20,70,30,4.991542983053577,8,COMPLETE
607,111457.4837396071,2025-09-03 13:59:59.346109,2025-09-03 14:00:56.785694,0 days 00:00:57.439585,15,11,6,22,30,70,30,4.979885653958945,7,COMPLETE
608,119001.56189410608,2025-09-03 14:00:02.796205,2025-09-03 14:00:59.123944,0 days 00:00:56.327739,13,11,6,22,22,70,30,4.914819095606245,7,COMPLETE
609,140804.3853016019,2025-09-03 14:00:12.165868,2025-09-03 14:01:08.158445,0 days 00:00:55.992577,15,11,6,22,16,70,34,4.994689030526852,7,COMPLETE
610,96268.42965447965,2025-09-03 14:00:51.823168,2025-09-03 14:01:47.127279,0 days 00:00:55.304111,17,11,6,22,20,69,34,4.899226760241959,7,COMPLETE
611,194832.95365083666,2025-09-03 14:00:56.818685,2025-09-03 14:01:52.105022,0 days 00:00:55.286337,13,10,6,22,22,69,34,4.882585735508566,6,COMPLETE
612,113331.32610375824,2025-09-03 14:00:59.140934,2025-09-03 14:01:53.258552,0 days 00:00:54.117618,16,10,6,24,21,69,34,4.859412241756538,6,COMPLETE
613,108708.9211000502,2025-09-03 14:01:08.253977,2025-09-03 14:02:00.399660,0 days 00:00:52.145683,16,10,6,24,27,69,34,4.874587498171515,6,COMPLETE
614,233538.67420714686,2025-09-03 14:01:47.206189,2025-09-03 14:02:41.010332,0 days 00:00:53.804143,12,10,6,24,22,69,34,4.862905321602625,6,COMPLETE
615,244429.42438265143,2025-09-03 14:01:52.154949,2025-09-03 14:02:46.096342,0 days 00:00:53.941393,12,10,6,24,21,69,34,4.861696876319166,6,COMPLETE
616,263042.87303801713,2025-09-03 14:01:53.270385,2025-09-03 14:02:46.853553,0 days 00:00:53.583168,12,11,6,24,27,69,34,4.870363347982039,6,COMPLETE
617,287304.5571415202,2025-09-03 14:02:00.453062,2025-09-03 14:02:54.893414,0 days 00:00:54.440352,12,10,6,23,19,68,34,4.890368551292666,6,COMPLETE
618,41139.759739359484,2025-09-03 14:02:41.038657,2025-09-03 14:03:36.187213,0 days 00:00:55.148556,11,11,6,23,30,68,126,4.99976478275443,8,COMPLETE
619,277694.20766698464,2025-09-03 14:02:46.119544,2025-09-03 14:03:41.538983,0 days 00:00:55.419439,11,11,6,23,20,68,34,4.92553032231602,6,COMPLETE
620,14503.761355199988,2025-09-03 14:02:46.866610,2025-09-03 14:03:40.104559,0 days 00:00:53.237949,11,9,5,23,30,68,36,0.6157664759712418,6,COMPLETE
621,1494.2340582318134,2025-09-03 14:02:54.947966,2025-09-03 14:03:45.711918,0 days 00:00:50.763952,10,16,6,23,30,68,30,0.5065900606503972,22,COMPLETE
622,314076.8463848941,2025-09-03 14:03:36.234843,2025-09-03 14:04:28.721144,0 days 00:00:52.486301,10,9,6,21,15,70,30,4.918417191110124,6,COMPLETE
623,387973.6620545196,2025-09-03 14:03:40.133821,2025-09-03 14:04:35.369089,0 days 00:00:55.235268,10,11,6,21,27,70,30,4.999704675570666,6,COMPLETE
624,371805.0534993121,2025-09-03 14:03:41.572402,2025-09-03 14:04:38.831043,0 days 00:00:57.258641,10,12,6,22,27,70,30,4.818642332804698,6,COMPLETE
625,169692.18894624215,2025-09-03 14:03:45.773356,2025-09-03 14:04:41.501963,0 days 00:00:55.728607,10,11,5,21,27,70,40,4.802629467987883,6,COMPLETE
626,183431.33157507025,2025-09-03 14:04:28.869100,2025-09-03 14:05:20.170702,0 days 00:00:51.301602,10,12,5,22,27,70,38,4.840953717049766,6,COMPLETE
627,271596.2739007428,2025-09-03 14:04:35.375396,2025-09-03 14:05:28.888137,0 days 00:00:53.512741,10,11,5,21,27,70,30,4.996873102715249,7,COMPLETE
628,127357.89247747284,2025-09-03 14:04:38.864998,2025-09-03 14:05:37.280887,0 days 00:00:58.415889,13,11,5,21,27,70,30,4.99029539084348,7,COMPLETE
629,264589.9762054085,2025-09-03 14:04:41.518455,2025-09-03 14:05:39.704875,0 days 00:00:58.186420,10,12,6,22,27,70,30,4.990588314090979,7,COMPLETE
630,120289.53086562458,2025-09-03 14:05:20.245956,2025-09-03 14:06:14.540900,0 days 00:00:54.294944,13,11,6,21,26,70,30,4.993024417835526,7,COMPLETE
631,128701.3593423726,2025-09-03 14:05:28.927001,2025-09-03 14:06:23.803060,0 days 00:00:54.876059,13,11,6,22,26,70,30,4.9966263683819205,7,COMPLETE
632,227137.5624172388,2025-09-03 14:05:37.298431,2025-09-03 14:06:31.305417,0 days 00:00:54.006986,12,12,6,22,26,70,30,4.997480631316686,7,COMPLETE
633,123504.57047514789,2025-09-03 14:05:39.731733,2025-09-03 14:06:34.344171,0 days 00:00:54.612438,13,12,6,22,26,69,30,4.917861421797111,7,COMPLETE
634,203577.38446225075,2025-09-03 14:06:14.542096,2025-09-03 14:07:08.985589,0 days 00:00:54.443493,12,12,6,22,28,69,35,4.896713252463913,6,COMPLETE
635,233392.42404231138,2025-09-03 14:06:23.804285,2025-09-03 14:07:19.199994,0 days 00:00:55.395709,11,12,6,22,28,69,34,4.8901149644948685,6,COMPLETE
636,294992.9238707437,2025-09-03 14:06:31.405892,2025-09-03 14:07:25.757250,0 days 00:00:54.351358,10,11,6,22,28,69,37,4.911273650341321,6,COMPLETE
637,161364.18612371295,2025-09-03 14:06:34.371761,2025-09-03 14:07:28.753739,0 days 00:00:54.381978,11,11,6,23,28,69,35,4.845260664439039,6,COMPLETE
638,338254.74545830744,2025-09-03 14:07:09.047566,2025-09-03 14:08:01.636919,0 days 00:00:52.589353,9,11,6,23,28,69,35,4.823471879614804,6,COMPLETE
639,314664.83616143063,2025-09-03 14:07:19.249540,2025-09-03 14:08:15.208704,0 days 00:00:55.959164,9,11,6,23,28,69,36,4.826621590579706,6,COMPLETE
640,94838.60390622569,2025-09-03 14:07:25.804108,2025-09-03 14:08:19.640821,0 days 00:00:53.836713,9,11,6,23,27,69,34,4.842328766349917,8,COMPLETE
641,243264.1367406347,2025-09-03 14:07:28.760565,2025-09-03 14:08:21.795524,0 days 00:00:53.034959,9,11,6,21,27,69,34,4.81279328733725,6,COMPLETE
642,151757.24122464476,2025-09-03 14:08:01.685144,2025-09-03 14:09:02.086496,0 days 00:01:00.401352,9,11,6,23,19,70,33,4.8254346473137035,8,COMPLETE
643,223980.75357924274,2025-09-03 14:08:15.236491,2025-09-03 14:09:10.630792,0 days 00:00:55.394301,9,10,5,24,19,70,34,4.905568515076864,6,COMPLETE
644,34481.2144844169,2025-09-03 14:08:19.654030,2025-09-03 14:09:17.176641,0 days 00:00:57.522611,15,10,5,24,29,70,30,4.90541092682487,13,COMPLETE
645,213848.09704219722,2025-09-03 14:08:21.848813,2025-09-03 14:09:17.204826,0 days 00:00:55.356013,11,10,5,24,29,70,30,4.908022665656586,7,COMPLETE
646,235813.66140576417,2025-09-03 14:09:02.109101,2025-09-03 14:09:56.534709,0 days 00:00:54.425608,14,10,5,24,29,68,30,4.922470222826486,6,COMPLETE
647,27081.196990216966,2025-09-03 14:09:10.637455,2025-09-03 14:10:06.766791,0 days 00:00:56.129336,11,11,5,24,29,54,37,4.916528386366638,7,COMPLETE
648,28991.65096411936,2025-09-03 14:09:17.195277,2025-09-03 14:10:15.340679,0 days 00:00:58.145402,10,11,6,24,28,68,37,4.915724066054407,18,COMPLETE
649,93079.26400429892,2025-09-03 14:09:17.227776,2025-09-03 14:10:14.183199,0 days 00:00:56.955423,14,11,6,23,28,68,37,4.785409265606049,7,COMPLETE
650,250519.33124567996,2025-09-03 14:09:56.651591,2025-09-03 14:10:53.801249,0 days 00:00:57.149658,8,11,6,23,28,68,37,4.797459747334631,6,COMPLETE
651,3182.0577208179093,2025-09-03 14:10:06.804958,2025-09-03 14:11:02.750078,0 days 00:00:55.945120,8,12,6,23,28,68,194,4.7852996451141365,18,COMPLETE
652,338317.61555330566,2025-09-03 14:10:14.205165,2025-09-03 14:11:12.620004,0 days 00:00:58.414839,8,12,6,21,28,68,34,4.996457678925548,6,COMPLETE
653,772.9092863029917,2025-09-03 14:10:15.348008,2025-09-03 14:11:13.333980,0 days 00:00:57.985972,49,12,6,21,28,68,217,4.783173321341235,6,COMPLETE
654,283918.5413795531,2025-09-03 14:10:53.807655,2025-09-03 14:11:50.426816,0 days 00:00:56.619161,8,12,6,21,28,69,34,4.817126408254089,6,COMPLETE
655,62924.11199678457,2025-09-03 14:11:02.782498,2025-09-03 14:12:00.366301,0 days 00:00:57.583803,10,12,6,22,29,69,94,4.992712697030452,6,COMPLETE
656,67697.67807927444,2025-09-03 14:11:12.668141,2025-09-03 14:12:09.996106,0 days 00:00:57.327965,11,12,6,21,28,67,30,4.993889067433586,10,COMPLETE
657,68161.80274815799,2025-09-03 14:11:13.354239,2025-09-03 14:12:11.824475,0 days 00:00:58.470236,11,12,6,21,28,67,30,4.986684047637813,10,COMPLETE
658,225315.89447900042,2025-09-03 14:11:50.433392,2025-09-03 14:12:47.324858,0 days 00:00:56.891466,12,12,6,20,27,67,30,4.986315184858722,7,COMPLETE
659,226729.5454510579,2025-09-03 14:12:00.386953,2025-09-03 14:12:54.178951,0 days 00:00:53.791998,12,12,6,20,27,67,30,4.998404050783298,7,COMPLETE
660,274613.2058344753,2025-09-03 14:12:10.044037,2025-09-03 14:13:03.882870,0 days 00:00:53.838833,12,11,6,20,27,70,30,4.990214564654524,7,COMPLETE
661,146046.02400231338,2025-09-03 14:12:11.841842,2025-09-03 14:13:07.778541,0 days 00:00:55.936699,10,11,6,20,27,70,34,4.921398423108353,7,COMPLETE
662,140848.66196590007,2025-09-03 14:12:47.347072,2025-09-03 14:13:43.120856,0 days 00:00:55.773784,8,11,6,22,27,70,34,4.911014958111712,8,COMPLETE
663,220680.2558917163,2025-09-03 14:12:54.196777,2025-09-03 14:13:49.989006,0 days 00:00:55.792229,8,11,5,22,27,70,39,4.908323820039363,6,COMPLETE
664,25862.908700200787,2025-09-03 14:13:03.929643,2025-09-03 14:14:03.068786,0 days 00:00:59.139143,8,11,5,22,28,70,40,2.8946307672872535,12,COMPLETE
665,196056.09331157667,2025-09-03 14:13:07.797024,2025-09-03 14:14:05.578395,0 days 00:00:57.781371,8,11,5,22,28,68,40,4.8728137938833544,6,COMPLETE
666,178321.96980933053,2025-09-03 14:13:43.191137,2025-09-03 14:14:43.262907,0 days 00:01:00.071770,8,11,7,22,28,68,40,4.861914768462967,6,COMPLETE
667,214879.1647737077,2025-09-03 14:13:50.001394,2025-09-03 14:14:48.606723,0 days 00:00:58.605329,9,10,7,23,28,68,40,4.874484656314727,6,COMPLETE
668,230343.99109058187,2025-09-03 14:14:03.117566,2025-09-03 14:15:01.433041,0 days 00:00:58.315475,10,10,6,23,26,68,34,4.853829635478894,6,COMPLETE
669,212218.58099478827,2025-09-03 14:14:05.606308,2025-09-03 14:15:05.949688,0 days 00:01:00.343380,10,17,7,23,26,68,34,4.875083227365255,6,COMPLETE
670,36834.68840123772,2025-09-03 14:14:43.274380,2025-09-03 14:15:40.634345,0 days 00:00:57.359965,10,16,6,23,26,69,103,4.739327802944826,5,COMPLETE
671,276376.66664591536,2025-09-03 14:14:48.625425,2025-09-03 14:15:44.246626,0 days 00:00:55.621201,10,16,6,21,26,69,35,4.752780659934869,5,COMPLETE
672,982.0630444819031,2025-09-03 14:15:01.483450,2025-09-03 14:15:56.362689,0 days 00:00:54.879239,10,12,6,21,7,69,225,4.746810465441275,5,COMPLETE
673,31243.244257499202,2025-09-03 14:15:05.956564,2025-09-03 14:16:02.755267,0 days 00:00:56.798703,7,9,6,43,29,69,34,4.771024759294733,16,COMPLETE
674,381197.5092405184,2025-09-03 14:15:40.664904,2025-09-03 14:16:36.697772,0 days 00:00:56.032868,7,12,6,21,29,69,34,4.764326888054892,5,COMPLETE
675,123048.87731086707,2025-09-03 14:15:44.312405,2025-09-03 14:16:39.436378,0 days 00:00:55.123973,7,9,6,25,7,69,35,4.797024231730777,5,COMPLETE
676,400425.90742393426,2025-09-03 14:15:56.374806,2025-09-03 14:16:53.161194,0 days 00:00:56.786388,7,12,6,25,29,69,34,4.93440486369109,5,COMPLETE
677,323531.18596606416,2025-09-03 14:16:02.761951,2025-09-03 14:17:01.580527,0 days 00:00:58.818576,13,12,7,25,29,69,30,4.996588606128996,5,COMPLETE
678,243933.94111440642,2025-09-03 14:16:36.729841,2025-09-03 14:17:28.412519,0 days 00:00:51.682678,7,12,6,21,29,69,38,4.995851058543122,5,COMPLETE
679,33799.44509881755,2025-09-03 14:16:39.449700,2025-09-03 14:17:33.613927,0 days 00:00:54.164227,28,12,5,22,29,70,39,4.913398111935385,6,COMPLETE
680,248842.1528974183,2025-09-03 14:16:53.224219,2025-09-03 14:17:54.872767,0 days 00:01:01.648548,8,12,5,25,29,70,38,4.927249260677451,6,COMPLETE
681,23055.061455083232,2025-09-03 14:17:01.627056,2025-09-03 14:17:56.115389,0 days 00:00:54.488333,32,12,5,25,29,70,37,4.992564752582965,6,COMPLETE
682,50795.37207514179,2025-09-03 14:17:28.451024,2025-09-03 14:18:23.379928,0 days 00:00:54.928904,8,12,5,25,29,70,37,1.8208832674509652,6,COMPLETE
683,332896.2177684487,2025-09-03 14:17:33.629910,2025-09-03 14:18:26.413863,0 days 00:00:52.783953,8,12,6,25,28,70,34,4.917615635312494,6,COMPLETE
684,237111.33263443803,2025-09-03 14:17:54.946731,2025-09-03 14:18:51.894390,0 days 00:00:56.947659,7,12,6,26,28,67,34,4.998732091484314,7,COMPLETE
685,118204.82926012474,2025-09-03 14:17:56.164079,2025-09-03 14:18:53.889535,0 days 00:00:57.725456,8,12,6,26,28,68,34,1.8170051357552683,5,COMPLETE
686,235033.26686131654,2025-09-03 14:18:23.448866,2025-09-03 14:19:16.291002,0 days 00:00:52.842136,7,12,6,24,28,68,34,3.294456178211383,5,COMPLETE
687,648503.0201538312,2025-09-03 14:18:26.421033,2025-09-03 14:19:20.734114,0 days 00:00:54.313081,7,12,6,24,28,67,30,4.825559321340545,5,COMPLETE
688,112024.03590500275,2025-09-03 14:18:52.020444,2025-09-03 14:19:43.101452,0 days 00:00:51.081008,9,11,6,24,12,68,30,4.85436590302686,8,COMPLETE
689,440516.4171354337,2025-09-03 14:18:53.913511,2025-09-03 14:19:49.342371,0 days 00:00:55.428860,9,11,6,24,28,68,30,4.850069845202349,5,COMPLETE
690,128468.2559246472,2025-09-03 14:19:16.313655,2025-09-03 14:20:13.847636,0 days 00:00:57.533981,9,11,7,24,27,67,30,2.086047953104,5,COMPLETE
691,10319.508891145408,2025-09-03 14:19:20.761350,2025-09-03 14:20:17.169889,0 days 00:00:56.408539,7,12,7,24,28,67,153,4.823144568600063,5,COMPLETE
692,213565.16261954233,2025-09-03 14:19:43.113184,2025-09-03 14:20:35.787746,0 days 00:00:52.674562,7,12,7,24,28,68,41,4.72623230254645,5,COMPLETE
693,527414.5906582562,2025-09-03 14:19:49.365768,2025-09-03 14:20:43.564577,0 days 00:00:54.198809,9,12,7,24,28,67,30,4.706290359213688,5,COMPLETE
694,499810.7767265848,2025-09-03 14:20:13.912478,2025-09-03 14:21:09.558029,0 days 00:00:55.645551,9,12,6,24,28,66,30,4.7242752696767045,5,COMPLETE
695,497282.90713151474,2025-09-03 14:20:17.193813,2025-09-03 14:21:10.892322,0 days 00:00:53.698509,9,12,6,23,28,66,30,4.711392532163028,5,COMPLETE
696,-inf,2025-09-03 14:20:35.841006,2025-09-03 14:20:42.324871,0 days 00:00:06.483865,57,12,6,23,27,66,30,4.754801813048604,5,COMPLETE
697,19776.82291463457,2025-09-03 14:20:42.372984,2025-09-03 14:21:38.211415,0 days 00:00:55.838431,9,12,6,23,28,67,120,4.835831527010109,5,COMPLETE
698,501876.3701686784,2025-09-03 14:20:43.576377,2025-09-03 14:21:41.322357,0 days 00:00:57.745980,9,12,7,25,27,66,30,4.707590031876187,5,COMPLETE
699,299825.0908410157,2025-09-03 14:21:09.713700,2025-09-03 14:22:07.650579,0 days 00:00:57.936879,11,12,7,25,27,66,30,4.705809813487883,5,COMPLETE
700,326266.23061780486,2025-09-03 14:21:10.919212,2025-09-03 14:22:07.192210,0 days 00:00:56.272998,11,12,7,25,27,67,30,4.705891498981004,5,COMPLETE
701,299630.1519299671,2025-09-03 14:21:38.259125,2025-09-03 14:22:32.148355,0 days 00:00:53.889230,11,12,7,25,27,66,30,4.683467604352556,5,COMPLETE
702,309515.95135776093,2025-09-03 14:21:41.345488,2025-09-03 14:22:35.882101,0 days 00:00:54.536613,11,12,7,25,27,66,30,4.674693818821908,5,COMPLETE
703,310257.3658258887,2025-09-03 14:22:07.300745,2025-09-03 14:23:01.282658,0 days 00:00:53.981913,11,12,7,26,27,66,30,4.67065839434551,5,COMPLETE
704,304612.2010707461,2025-09-03 14:22:07.673313,2025-09-03 14:23:03.418068,0 days 00:00:55.744755,11,12,7,26,27,66,30,4.678156135394776,5,COMPLETE
705,15890.02395733408,2025-09-03 14:22:32.186428,2025-09-03 14:23:28.149330,0 days 00:00:55.962902,10,12,7,26,27,66,33,4.587059566198136,17,COMPLETE
706,399540.1149893922,2025-09-03 14:22:35.913855,2025-09-03 14:23:33.202816,0 days 00:00:57.288961,10,12,6,24,27,66,30,4.578424854713935,5,COMPLETE
707,198799.09473990338,2025-09-03 14:23:01.288984,2025-09-03 14:23:54.292986,0 days 00:00:53.004002,10,12,6,24,27,66,34,4.583855126660872,5,COMPLETE
708,202294.65212066396,2025-09-03 14:23:03.420644,2025-09-03 14:23:57.808341,0 days 00:00:54.387697,10,12,6,24,28,66,34,4.570088063560258,5,COMPLETE
709,221734.48809605764,2025-09-03 14:23:28.165936,2025-09-03 14:24:22.653351,0 days 00:00:54.487415,9,12,6,24,28,66,34,4.730262375533911,5,COMPLETE
710,237237.12406382218,2025-09-03 14:23:33.219806,2025-09-03 14:24:27.113699,0 days 00:00:53.893893,13,12,15,24,27,66,30,4.563372228130073,5,COMPLETE
711,215165.07570505296,2025-09-03 14:23:54.309792,2025-09-03 14:24:46.198661,0 days 00:00:51.888869,10,12,6,24,27,66,33,4.592511962397226,5,COMPLETE
712,231141.91791458242,2025-09-03 14:23:57.837030,2025-09-03 14:24:52.699108,0 days 00:00:54.862078,13,12,6,24,27,66,30,4.573480929229567,5,COMPLETE
713,323490.36955537123,2025-09-03 14:24:22.705948,2025-09-03 14:25:14.785214,0 days 00:00:52.079266,13,12,5,24,27,66,33,4.61106809630947,5,COMPLETE
714,217521.40938265983,2025-09-03 14:24:27.130538,2025-09-03 14:25:21.258470,0 days 00:00:54.127932,13,12,5,24,27,66,30,4.63106049481334,5,COMPLETE
715,245614.94880105887,2025-09-03 14:24:46.205533,2025-09-03 14:25:38.030469,0 days 00:00:51.824936,12,12,5,25,26,67,30,4.641931720814643,5,COMPLETE
716,85631.50585909876,2025-09-03 14:24:52.716306,2025-09-03 14:25:45.469556,0 days 00:00:52.753250,12,12,5,25,27,67,30,2.4181845461790967,5,COMPLETE
717,-inf,2025-09-03 14:25:14.843644,2025-09-03 14:25:21.473054,0 days 00:00:06.629410,60,12,6,25,26,46,30,4.708453877407871,5,COMPLETE
718,432114.80927998776,2025-09-03 14:25:21.289005,2025-09-03 14:26:13.655415,0 days 00:00:52.366410,10,12,6,25,26,67,30,4.714858481440124,5,COMPLETE
719,217465.57764521343,2025-09-03 14:25:21.484738,2025-09-03 14:26:13.959610,0 days 00:00:52.474872,10,12,6,23,28,67,34,4.722534694731794,6,COMPLETE
720,261786.05605026186,2025-09-03 14:25:38.042554,2025-09-03 14:26:31.294334,0 days 00:00:53.251780,9,11,6,23,28,67,34,4.744910066768527,6,COMPLETE
721,16512.742982077572,2025-09-03 14:25:45.487007,2025-09-03 14:26:41.061848,0 days 00:00:55.574841,9,11,6,23,28,67,170,4.737302874391391,6,COMPLETE
722,229571.23819639176,2025-09-03 14:26:13.667392,2025-09-03 14:27:03.208979,0 days 00:00:49.541587,10,12,6,23,26,67,36,4.742608781840999,6,COMPLETE
723,123309.26494311196,2025-09-03 14:26:14.014087,2025-09-03 14:27:01.132480,0 days 00:00:47.118393,15,11,6,23,26,67,36,4.759238953011009,6,COMPLETE
724,-inf,2025-09-03 14:26:31.321493,2025-09-03 14:26:40.073377,0 days 00:00:08.751884,54,12,6,39,26,67,37,4.766219800366892,6,COMPLETE
725,-inf,2025-09-03 14:26:40.147139,2025-09-03 14:27:28.183677,0 days 00:00:48.036538,15,11,6,24,26,35,36,4.772850812434074,5,COMPLETE
726,-inf,2025-09-03 14:26:41.082340,2025-09-03 14:27:30.253889,0 days 00:00:49.171549,11,12,6,24,26,37,36,4.774115834591249,5,COMPLETE
727,-inf,2025-09-03 14:27:01.133798,2025-09-03 14:27:52.935753,0 days 00:00:51.801955,11,12,6,25,26,32,34,4.799277211470853,5,COMPLETE
728,281325.68318787724,2025-09-03 14:27:03.273687,2025-09-03 14:27:59.155989,0 days 00:00:55.882302,11,12,7,24,26,66,34,4.798963592644942,5,COMPLETE
729,160158.69454287563,2025-09-03 14:27:28.190154,2025-09-03 14:28:20.201032,0 days 00:00:52.010878,12,12,7,25,27,65,30,3.5284225726317615,5,COMPLETE
730,346747.9765351731,2025-09-03 14:27:30.316699,2025-09-03 14:28:23.550274,0 days 00:00:53.233575,12,12,7,25,27,65,34,4.658338504485128,5,COMPLETE
731,1552.208998107892,2025-09-03 14:27:53.030547,2025-09-03 14:28:48.732062,0 days 00:00:55.701515,12,12,7,26,27,49,35,4.627991428449867,5,COMPLETE
732,518621.75204686105,2025-09-03 14:27:59.199031,2025-09-03 14:28:53.671868,0 days 00:00:54.472837,9,11,7,26,28,65,30,4.6713761897178365,5,COMPLETE
733,427832.2246859225,2025-09-03 14:28:20.283949,2025-09-03 14:29:18.705301,0 days 00:00:58.421352,9,11,5,26,27,66,30,4.664674363009787,6,COMPLETE
