number,value,datetime_start,datetime_complete,duration,params_fast,params_macd_fast,params_macd_signal,params_macd_slow,params_rsi_period,params_rsi_threshold,params_slow,params_take_profit,params_trend_sma_period,state
734,72362.61575677547,2025-09-03 14:28:23.587857,2025-09-03 14:29:18.243779,0 days 00:00:54.655922,9,11,5,26,28,67,30,1.6997623270400237,6,COMPLETE
735,360101.6104501303,2025-09-03 14:28:48.775215,2025-09-03 14:29:39.123787,0 days 00:00:50.348572,9,11,6,24,28,66,30,4.8477490188980985,6,COMPLETE
736,196453.6528174826,2025-09-03 14:28:53.759306,2025-09-03 14:29:47.007435,0 days 00:00:53.248129,9,11,7,26,28,66,38,4.5604697009834565,5,COMPLETE
737,860.0570390648604,2025-09-03 14:29:18.332730,2025-09-03 14:30:09.902488,0 days 00:00:51.569758,9,11,7,26,28,65,211,4.553208621225718,5,COMPLETE
738,193847.78994163746,2025-09-03 14:29:18.748795,2025-09-03 14:30:06.998073,0 days 00:00:48.249278,9,11,5,26,28,65,38,4.5886916491052645,5,COMPLETE
739,-inf,2025-09-03 14:29:39.140308,2025-09-03 14:29:47.986778,0 days 00:00:08.846470,77,11,5,27,28,65,38,4.552735216839999,5,COMPLETE
740,8447.824293571604,2025-09-03 14:29:47.029533,2025-09-03 14:30:41.269533,0 days 00:00:54.240000,10,11,5,27,28,65,188,4.64844972097167,5,COMPLETE
741,181155.77285846588,2025-09-03 14:29:47.998556,2025-09-03 14:30:38.673892,0 days 00:00:50.675336,10,11,5,25,28,66,34,4.590364845815758,6,COMPLETE
742,177280.6785368246,2025-09-03 14:30:07.014737,2025-09-03 14:31:03.458570,0 days 00:00:56.443833,10,10,5,25,28,65,34,4.658255935277909,6,COMPLETE
743,6990.021097388233,2025-09-03 14:30:09.914357,2025-09-03 14:31:05.729284,0 days 00:00:55.814927,10,10,5,27,28,65,181,4.6817019989792295,6,COMPLETE
744,324186.58710519876,2025-09-03 14:30:38.727192,2025-09-03 14:31:30.189274,0 days 00:00:51.462082,10,10,5,27,27,66,30,4.662922579976249,6,COMPLETE
745,394971.9878672022,2025-09-03 14:30:41.292411,2025-09-03 14:31:33.112293,0 days 00:00:51.819882,8,10,7,25,27,66,30,4.675663801792765,6,COMPLETE
746,400032.20527176117,2025-09-03 14:31:03.506613,2025-09-03 14:31:59.542509,0 days 00:00:56.035896,8,10,7,23,27,66,30,4.686172777225183,6,COMPLETE
747,11876.624272788184,2025-09-03 14:31:05.746042,2025-09-03 14:31:58.485763,0 days 00:00:52.739721,8,11,7,23,27,52,30,4.536690640506751,5,COMPLETE
748,202096.63175479945,2025-09-03 14:31:30.217183,2025-09-03 14:32:22.915930,0 days 00:00:52.698747,8,11,7,23,27,66,38,4.712356691949298,5,COMPLETE
749,138.63776025433404,2025-09-03 14:31:33.151882,2025-09-03 14:32:27.907094,0 days 00:00:54.755212,66,11,7,23,27,66,147,4.517809019144608,7,COMPLETE
750,253241.77343949812,2025-09-03 14:31:58.497247,2025-09-03 14:32:52.336586,0 days 00:00:53.839339,8,11,7,24,27,66,30,4.503069933053853,7,COMPLETE
751,191380.15700616667,2025-09-03 14:31:59.566502,2025-09-03 14:32:54.619755,0 days 00:00:55.053253,8,10,7,24,27,66,34,4.502724772201062,7,COMPLETE
752,191629.5225142421,2025-09-03 14:32:22.927843,2025-09-03 14:33:16.959844,0 days 00:00:54.032001,8,10,7,24,27,66,34,4.510851505607403,7,COMPLETE
753,19535.768096067917,2025-09-03 14:32:27.934567,2025-09-03 14:33:22.014213,0 days 00:00:54.079646,8,10,6,24,27,66,34,4.520915131654397,27,COMPLETE
754,264277.2533971187,2025-09-03 14:32:52.353769,2025-09-03 14:33:46.593807,0 days 00:00:54.240038,8,10,7,24,27,65,34,4.618848399328097,6,COMPLETE
755,409736.99262939394,2025-09-03 14:32:54.651287,2025-09-03 14:33:48.941124,0 days 00:00:54.289837,8,10,7,24,26,65,30,4.702650504940043,6,COMPLETE
756,54084.15481883052,2025-09-03 14:33:16.996829,2025-09-03 14:34:11.526324,0 days 00:00:54.529495,9,10,7,25,26,65,86,4.617801902976125,6,COMPLETE
757,-inf,2025-09-03 14:33:22.047424,2025-09-03 14:33:25.949896,0 days 00:00:03.902472,38,10,7,25,28,65,30,4.680784720532468,6,COMPLETE
758,203544.87859111643,2025-09-03 14:33:25.956086,2025-09-03 14:34:21.236519,0 days 00:00:55.280433,9,10,7,41,26,65,38,4.611309906953231,6,COMPLETE
759,204717.46407338604,2025-09-03 14:33:46.610686,2025-09-03 14:34:41.756422,0 days 00:00:55.145736,11,11,7,23,26,67,39,4.615587728480749,6,COMPLETE
760,208693.65154614547,2025-09-03 14:33:48.952722,2025-09-03 14:34:42.754202,0 days 00:00:53.801480,11,9,7,25,26,65,30,4.599215864599275,7,COMPLETE
761,211345.33402610055,2025-09-03 14:34:11.606575,2025-09-03 14:35:08.989999,0 days 00:00:57.383424,11,9,7,41,26,65,30,4.670755736785595,7,COMPLETE
762,282549.7769861473,2025-09-03 14:34:21.253986,2025-09-03 14:35:17.141989,0 days 00:00:55.888003,11,10,7,37,26,65,30,4.707123285888946,6,COMPLETE
763,210179.68107115215,2025-09-03 14:34:41.823330,2025-09-03 14:35:36.525633,0 days 00:00:54.702303,11,10,7,25,26,65,30,4.680582682316722,7,COMPLETE
764,225754.85731331294,2025-09-03 14:34:42.776819,2025-09-03 14:35:36.618266,0 days 00:00:53.841447,11,9,7,24,26,67,30,4.707173479509245,7,COMPLETE
765,140160.72487358793,2025-09-03 14:35:09.065763,2025-09-03 14:36:02.566821,0 days 00:00:53.501058,14,10,7,24,26,66,34,4.691013951837714,6,COMPLETE
766,-inf,2025-09-03 14:35:17.200784,2025-09-03 14:36:10.654705,0 days 00:00:53.453921,14,10,7,24,27,41,34,4.718267216075721,6,COMPLETE
767,145279.0145618371,2025-09-03 14:35:36.571245,2025-09-03 14:36:30.299049,0 days 00:00:53.727804,14,10,7,24,27,66,34,4.740022404692018,6,COMPLETE
768,118428.23230136518,2025-09-03 14:35:36.637452,2025-09-03 14:36:31.129024,0 days 00:00:54.491572,14,8,7,23,27,66,37,4.690276333315717,6,COMPLETE
769,226309.45351166808,2025-09-03 14:36:02.609085,2025-09-03 14:36:56.016244,0 days 00:00:53.407159,9,10,6,23,27,66,34,4.765103286083329,6,COMPLETE
770,3775.947761409481,2025-09-03 14:36:10.761365,2025-09-03 14:37:04.455619,0 days 00:00:53.694254,9,11,6,23,27,66,38,1.3405427275133461,22,COMPLETE
771,180327.38626596707,2025-09-03 14:36:30.374194,2025-09-03 14:37:23.138701,0 days 00:00:52.764507,9,11,6,23,27,67,38,4.524432170233463,6,COMPLETE
772,201388.51882314545,2025-09-03 14:36:31.135632,2025-09-03 14:37:24.578787,0 days 00:00:53.443155,9,11,6,23,27,67,38,4.519937349264747,5,COMPLETE
773,272845.2821852076,2025-09-03 14:36:56.065635,2025-09-03 14:37:47.528700,0 days 00:00:51.463065,9,11,6,25,28,67,39,4.55979709911287,5,COMPLETE
774,11215.161523321694,2025-09-03 14:37:04.529729,2025-09-03 14:37:54.462281,0 days 00:00:49.932552,8,11,6,25,28,67,135,4.529912456489513,5,COMPLETE
775,-inf,2025-09-03 14:37:23.155780,2025-09-03 14:37:29.757979,0 days 00:00:06.602199,44,11,6,25,28,67,30,4.574618389764239,5,COMPLETE
776,642265.3227065508,2025-09-03 14:37:24.595384,2025-09-03 14:38:19.364464,0 days 00:00:54.769080,7,11,6,25,28,67,30,4.583953687937282,5,COMPLETE
777,27636.531449100003,2025-09-03 14:37:29.790683,2025-09-03 14:38:23.175323,0 days 00:00:53.384640,7,11,7,25,28,67,34,4.790136202540464,24,COMPLETE
778,2152.733110509538,2025-09-03 14:37:47.535094,2025-09-03 14:38:43.292700,0 days 00:00:55.757606,7,11,7,24,28,67,246,4.829691331051916,5,COMPLETE
779,2934.669987416491,2025-09-03 14:37:54.491134,2025-09-03 14:38:52.199952,0 days 00:00:57.708818,7,10,7,24,27,65,199,3.0828008906028757,5,COMPLETE
780,351666.1218377198,2025-09-03 14:38:19.438942,2025-09-03 14:39:16.341835,0 days 00:00:56.902893,7,11,7,26,28,66,34,4.456289429890885,5,COMPLETE
781,309477.7119677484,2025-09-03 14:38:23.213157,2025-09-03 14:39:17.939818,0 days 00:00:54.726661,8,10,7,26,28,66,34,4.436517393264268,5,COMPLETE
782,559895.2751030746,2025-09-03 14:38:43.328943,2025-09-03 14:39:34.935593,0 days 00:00:51.606650,7,10,6,26,28,65,30,4.454031985033895,5,COMPLETE
783,60224.97657942129,2025-09-03 14:38:52.245322,2025-09-03 14:39:50.842348,0 days 00:00:58.597026,7,9,6,26,28,66,34,4.613217198522959,12,COMPLETE
784,98285.71666221337,2025-09-03 14:39:16.353629,2025-09-03 14:40:13.714941,0 days 00:00:57.361312,22,10,6,26,28,66,30,4.449150727705702,5,COMPLETE
785,532395.1203345857,2025-09-03 14:39:17.957012,2025-09-03 14:40:14.749519,0 days 00:00:56.792507,7,12,6,25,28,65,30,4.626527993533159,5,COMPLETE
786,279203.13661425153,2025-09-03 14:39:34.947420,2025-09-03 14:40:27.994312,0 days 00:00:53.046892,7,9,6,26,28,65,40,4.599846712156424,5,COMPLETE
787,255093.50158336267,2025-09-03 14:39:50.865119,2025-09-03 14:40:47.607891,0 days 00:00:56.742772,7,5,6,27,28,65,40,4.47831445683694,5,COMPLETE
788,260621.4337163001,2025-09-03 14:40:13.730266,2025-09-03 14:41:05.825897,0 days 00:00:52.095631,7,5,5,27,28,65,40,4.591828976619047,5,COMPLETE
789,176884.05171984504,2025-09-03 14:40:14.766534,2025-09-03 14:41:06.619402,0 days 00:00:51.852868,7,12,5,27,29,65,41,4.497065668656452,5,COMPLETE
790,213864.42542497785,2025-09-03 14:40:28.020564,2025-09-03 14:41:18.830438,0 days 00:00:50.809874,7,12,5,27,29,65,38,4.447045919475646,5,COMPLETE
791,192895.73771755188,2025-09-03 14:40:47.680585,2025-09-03 14:41:38.763503,0 days 00:00:51.082918,7,12,17,25,29,65,37,4.55205184918944,5,COMPLETE
792,-inf,2025-09-03 14:41:05.929418,2025-09-03 14:41:13.022896,0 days 00:00:07.093478,63,12,5,25,29,65,34,4.54862979864374,5,COMPLETE
793,183684.8228631221,2025-09-03 14:41:06.643861,2025-09-03 14:41:57.740597,0 days 00:00:51.096736,7,12,5,25,29,64,34,2.5720839543225797,5,COMPLETE
794,327194.30155639705,2025-09-03 14:41:13.029048,2025-09-03 14:42:08.379990,0 days 00:00:55.350942,7,12,6,25,29,67,37,4.613437183863865,5,COMPLETE
795,192955.6886394808,2025-09-03 14:41:18.873705,2025-09-03 14:42:11.272000,0 days 00:00:52.398295,7,12,6,25,29,64,34,2.6827262143472215,5,COMPLETE
796,373357.6688433643,2025-09-03 14:41:38.801770,2025-09-03 14:42:31.753707,0 days 00:00:52.951937,6,12,6,26,28,64,30,4.643618010190658,5,COMPLETE
797,559974.3345497658,2025-09-03 14:41:57.752329,2025-09-03 14:42:54.187643,0 days 00:00:56.435314,9,12,6,26,28,67,30,4.638766036920449,5,COMPLETE
798,37165.99101865117,2025-09-03 14:42:08.413549,2025-09-03 14:43:07.870110,0 days 00:00:59.456561,9,12,6,26,28,64,30,2.6671784441644752,14,COMPLETE
799,562660.029784865,2025-09-03 14:42:11.309636,2025-09-03 14:43:11.238905,0 days 00:00:59.929269,9,12,6,26,28,67,30,4.645809797458501,5,COMPLETE
800,560362.3860266968,2025-09-03 14:42:31.796872,2025-09-03 14:43:27.805423,0 days 00:00:56.008551,9,12,6,26,28,67,30,4.670187685720383,5,COMPLETE
801,442864.8678620295,2025-09-03 14:42:54.215374,2025-09-03 14:43:48.542098,0 days 00:00:54.326724,9,12,6,26,28,66,30,4.433869104229018,5,COMPLETE
802,441233.3766294307,2025-09-03 14:43:07.920278,2025-09-03 14:44:05.477090,0 days 00:00:57.556812,9,12,6,26,28,66,30,4.421460876603373,5,COMPLETE
803,449835.12011407764,2025-09-03 14:43:11.261565,2025-09-03 14:44:09.644037,0 days 00:00:58.382472,9,12,6,27,28,66,30,4.4174220780452655,5,COMPLETE
804,474794.679148314,2025-09-03 14:43:27.869515,2025-09-03 14:44:25.168447,0 days 00:00:57.298932,9,12,6,27,28,67,30,4.449984209276019,5,COMPLETE
805,224177.13496302697,2025-09-03 14:43:48.601294,2025-09-03 14:44:44.762569,0 days 00:00:56.161275,10,12,6,27,28,67,35,4.426723293888445,5,COMPLETE
806,361586.1270735948,2025-09-03 14:44:05.515678,2025-09-03 14:45:01.193507,0 days 00:00:55.677829,10,12,6,28,28,66,30,4.403410174833735,5,COMPLETE
807,173191.5497660287,2025-09-03 14:44:09.677627,2025-09-03 14:45:02.752382,0 days 00:00:53.074755,10,12,6,28,28,66,34,4.4001225651221585,5,COMPLETE
808,245364.58512255456,2025-09-03 14:44:25.330323,2025-09-03 14:45:21.725103,0 days 00:00:56.394780,12,12,16,28,28,66,34,4.4298170945445206,5,COMPLETE
809,227121.6358271025,2025-09-03 14:44:44.856129,2025-09-03 14:45:38.394812,0 days 00:00:53.538683,12,12,5,28,28,66,30,4.392953821329355,5,COMPLETE
810,287021.54514607973,2025-09-03 14:45:01.210670,2025-09-03 14:45:54.526839,0 days 00:00:53.316169,12,12,5,28,28,66,34,4.39800869138156,5,COMPLETE
811,288090.4427879416,2025-09-03 14:45:02.838211,2025-09-03 14:45:57.175199,0 days 00:00:54.336988,12,12,5,27,28,67,34,4.39612079196257,5,COMPLETE
812,-inf,2025-09-03 14:45:21.747443,2025-09-03 14:46:15.872429,0 days 00:00:54.124986,12,12,5,27,28,40,34,4.457533172033136,20,COMPLETE
813,192695.91260776517,2025-09-03 14:45:38.480743,2025-09-03 14:46:37.259137,0 days 00:00:58.778394,10,12,6,27,28,67,38,4.4608995321017355,5,COMPLETE
814,181468.67918124722,2025-09-03 14:45:54.595988,2025-09-03 14:46:49.607488,0 days 00:00:55.011500,10,12,6,27,28,67,38,4.390800955479565,5,COMPLETE
815,204080.73292097097,2025-09-03 14:45:57.210122,2025-09-03 14:46:53.385236,0 days 00:00:56.175114,10,12,6,26,28,67,38,4.4760548583761945,5,COMPLETE
816,175457.19823977893,2025-09-03 14:46:15.899693,2025-09-03 14:47:05.666551,0 days 00:00:49.766858,9,12,6,27,28,67,38,4.324933643642933,5,COMPLETE
817,3701.8890604510175,2025-09-03 14:46:37.265438,2025-09-03 14:47:23.038522,0 days 00:00:45.773084,9,12,6,27,28,67,129,4.314818593348211,23,COMPLETE
818,475902.4249476736,2025-09-03 14:46:49.717577,2025-09-03 14:47:44.100689,0 days 00:00:54.383112,9,12,6,26,29,67,30,4.495200696573897,5,COMPLETE
819,431772.8764786921,2025-09-03 14:46:53.422557,2025-09-03 14:47:47.214400,0 days 00:00:53.791843,9,12,6,26,28,65,30,4.494156602127805,5,COMPLETE
820,212073.1006722258,2025-09-03 14:47:05.709008,2025-09-03 14:47:57.682591,0 days 00:00:51.973583,9,12,6,26,29,66,34,4.510675160995539,5,COMPLETE
821,-inf,2025-09-03 14:47:23.081859,2025-09-03 14:47:32.367012,0 days 00:00:09.285153,41,12,6,26,29,66,30,4.509813485036601,5,COMPLETE
822,446729.30065956415,2025-09-03 14:47:32.393436,2025-09-03 14:48:29.085807,0 days 00:00:56.692371,9,12,6,26,29,65,30,4.490801997097097,5,COMPLETE
823,444054.88500133227,2025-09-03 14:47:44.164055,2025-09-03 14:48:39.543012,0 days 00:00:55.378957,9,12,6,26,29,65,30,4.463387285402459,5,COMPLETE
824,196545.947097906,2025-09-03 14:47:47.226291,2025-09-03 14:48:42.051295,0 days 00:00:54.825004,11,12,6,26,29,65,41,4.471392118485542,5,COMPLETE
825,166799.3182416618,2025-09-03 14:47:57.694398,2025-09-03 14:48:51.416503,0 days 00:00:53.722105,11,13,6,27,29,65,41,4.3175312236848,5,COMPLETE
826,147769.44961502452,2025-09-03 14:48:29.145182,2025-09-03 14:49:26.314877,0 days 00:00:57.169695,11,13,6,27,29,65,42,4.309680501061993,5,COMPLETE
827,-inf,2025-09-03 14:48:39.554654,2025-09-03 14:48:44.379725,0 days 00:00:04.825071,70,13,6,28,29,64,42,4.328398976301696,5,COMPLETE
828,278361.19146543415,2025-09-03 14:48:42.060300,2025-09-03 14:49:36.365607,0 days 00:00:54.305307,8,13,6,27,29,65,34,4.25780905376442,5,COMPLETE
829,309852.81446585647,2025-09-03 14:48:44.422811,2025-09-03 14:49:41.219692,0 days 00:00:56.796881,8,13,6,26,29,65,34,4.389056914517499,5,COMPLETE
830,318927.0450547788,2025-09-03 14:48:51.422757,2025-09-03 14:49:48.849839,0 days 00:00:57.427082,8,12,6,27,29,65,34,4.386908485030829,5,COMPLETE
831,290172.8556799914,2025-09-03 14:49:26.343320,2025-09-03 14:50:24.106701,0 days 00:00:57.763381,8,12,6,27,29,64,35,4.5088109944060415,5,COMPLETE
832,210351.0365211848,2025-09-03 14:49:36.398582,2025-09-03 14:50:32.289466,0 days 00:00:55.890884,13,12,6,26,29,64,34,4.403589519829651,5,COMPLETE
833,258215.449362977,2025-09-03 14:49:41.284621,2025-09-03 14:50:37.684030,0 days 00:00:56.399409,13,12,6,27,29,64,36,4.35445331042141,5,COMPLETE
834,146249.76037163456,2025-09-03 14:49:48.915896,2025-09-03 14:50:43.449037,0 days 00:00:54.533141,13,12,6,26,29,64,38,4.457027368145437,5,COMPLETE
835,390945.2951102319,2025-09-03 14:50:24.118777,2025-09-03 14:51:18.276135,0 days 00:00:54.157358,10,12,6,26,29,66,30,4.43812567881551,5,COMPLETE
836,382654.4106920492,2025-09-03 14:50:32.295974,2025-09-03 14:51:25.528332,0 days 00:00:53.232358,10,12,6,26,29,66,30,4.487547273810143,5,COMPLETE
837,446287.3799195611,2025-09-03 14:50:37.690103,2025-09-03 14:51:33.813930,0 days 00:00:56.123827,9,12,6,26,29,66,30,4.471242530828609,5,COMPLETE
838,354279.2911010045,2025-09-03 14:50:43.534357,2025-09-03 14:51:41.374464,0 days 00:00:57.840107,10,12,6,28,29,66,30,4.482545297052416,5,COMPLETE
839,430089.8925347512,2025-09-03 14:51:18.340108,2025-09-03 14:52:12.501203,0 days 00:00:54.161095,9,12,6,28,29,66,30,4.50889145499961,5,COMPLETE
840,210979.71489849643,2025-09-03 14:51:25.540233,2025-09-03 14:52:20.007354,0 days 00:00:54.467121,8,12,6,28,29,66,38,4.514015267064928,5,COMPLETE
841,168218.57368773763,2025-09-03 14:51:33.814811,2025-09-03 14:52:29.731527,0 days 00:00:55.916716,9,12,6,29,29,65,38,4.496767323019861,6,COMPLETE
842,165447.44327072627,2025-09-03 14:51:41.413463,2025-09-03 14:52:37.408616,0 days 00:00:55.995153,11,12,5,28,29,65,38,4.453031467575125,6,COMPLETE
843,53215.525945523594,2025-09-03 14:52:12.508007,2025-09-03 14:53:05.305098,0 days 00:00:52.797091,12,12,5,26,29,65,69,4.372186801366276,6,COMPLETE
844,23074.78613218763,2025-09-03 14:52:20.049061,2025-09-03 14:53:16.608070,0 days 00:00:56.559009,12,12,5,26,29,65,37,4.295597369482611,15,COMPLETE
845,196807.18900977142,2025-09-03 14:52:29.785290,2025-09-03 14:53:22.042754,0 days 00:00:52.257464,12,12,5,26,29,67,34,4.278894537946379,6,COMPLETE
846,11570.414796897738,2025-09-03 14:52:37.456485,2025-09-03 14:53:30.409211,0 days 00:00:52.952726,12,12,5,26,29,66,34,4.3551009763480355,29,COMPLETE
847,-inf,2025-09-03 14:53:05.348976,2025-09-03 14:53:14.457710,0 days 00:00:09.108734,47,12,6,26,28,66,34,4.268993686402027,5,COMPLETE
848,334483.4496829212,2025-09-03 14:53:14.479774,2025-09-03 14:54:10.612062,0 days 00:00:56.132288,6,12,6,26,29,67,34,4.571940844609224,5,COMPLETE
849,40078.50075669237,2025-09-03 14:53:16.661729,2025-09-03 14:54:10.347285,0 days 00:00:53.685556,6,12,6,27,28,67,99,4.558350081156146,5,COMPLETE
850,156880.05185000997,2025-09-03 14:53:22.054992,2025-09-03 14:54:15.885017,0 days 00:00:53.830025,6,13,6,27,28,66,42,4.57319894968435,5,COMPLETE
851,4778.34760236874,2025-09-03 14:53:30.416801,2025-09-03 14:54:21.861162,0 days 00:00:51.444361,7,13,6,27,28,67,174,4.556682383139833,5,COMPLETE
852,162378.1905378984,2025-09-03 14:54:10.374427,2025-09-03 14:55:09.372327,0 days 00:00:58.997900,6,13,6,27,28,67,42,4.570476171440386,5,COMPLETE
853,159661.1362135511,2025-09-03 14:54:10.644144,2025-09-03 14:55:08.068390,0 days 00:00:57.424246,7,13,6,27,28,64,42,4.389940137132373,5,COMPLETE
854,350636.83470005624,2025-09-03 14:54:15.909408,2025-09-03 14:55:12.760808,0 days 00:00:56.851400,9,12,6,27,28,64,30,4.378551376053389,6,COMPLETE
855,98107.59872071966,2025-09-03 14:54:21.905438,2025-09-03 14:55:16.449509,0 days 00:00:54.544071,9,12,6,26,28,56,30,4.423935837429045,6,COMPLETE
856,354665.85084739636,2025-09-03 14:55:08.237331,2025-09-03 14:56:00.689805,0 days 00:00:52.452474,9,12,6,26,28,66,30,4.417656635483454,6,COMPLETE
857,228177.59058097354,2025-09-03 14:55:09.433218,2025-09-03 14:56:03.351623,0 days 00:00:53.918405,9,12,6,26,29,65,34,4.418836377338234,6,COMPLETE
858,107132.49434984992,2025-09-03 14:55:12.792156,2025-09-03 14:56:06.539299,0 days 00:00:53.747143,10,12,6,26,29,66,30,4.451235000888656,9,COMPLETE
859,69344.92159660954,2025-09-03 14:55:16.457791,2025-09-03 14:56:09.717818,0 days 00:00:53.260027,8,12,6,26,10,66,37,4.449370626778596,6,COMPLETE
860,75233.3547232707,2025-09-03 14:56:00.828590,2025-09-03 14:56:57.479086,0 days 00:00:56.650496,19,12,6,26,29,65,37,4.5400987739226615,9,COMPLETE
861,88551.37520929854,2025-09-03 14:56:03.355073,2025-09-03 14:56:56.300042,0 days 00:00:52.944969,11,12,6,26,10,65,37,4.530563254903354,5,COMPLETE
862,296662.8724911943,2025-09-03 14:56:06.556896,2025-09-03 14:57:00.802617,0 days 00:00:54.245721,11,12,5,25,28,67,37,4.530409976049142,5,COMPLETE
863,258570.6656775563,2025-09-03 14:56:09.741751,2025-09-03 14:57:06.551445,0 days 00:00:56.809694,11,12,5,25,28,67,34,4.535419941735991,5,COMPLETE
864,369428.69909532624,2025-09-03 14:56:56.374286,2025-09-03 14:57:47.632870,0 days 00:00:51.258584,7,12,5,25,29,67,34,4.601820346759437,5,COMPLETE
865,377191.49927044206,2025-09-03 14:56:57.480084,2025-09-03 14:57:48.258459,0 days 00:00:50.778375,7,11,5,25,28,67,35,4.578367237449982,5,COMPLETE
866,-inf,2025-09-03 14:57:00.830885,2025-09-03 14:57:04.972853,0 days 00:00:04.141968,34,11,5,25,28,67,30,4.256825912147246,5,COMPLETE
867,355110.5769732561,2025-09-03 14:57:04.974412,2025-09-03 14:57:56.768921,0 days 00:00:51.794509,7,13,6,28,29,67,34,4.588440414062938,5,COMPLETE
868,28288.420432345334,2025-09-03 14:57:06.562867,2025-09-03 14:58:00.462373,0 days 00:00:53.899506,7,13,6,28,29,64,106,4.608595971673074,5,COMPLETE
869,111826.78900742138,2025-09-03 14:57:47.659430,2025-09-03 14:58:40.901627,0 days 00:00:53.242197,8,13,6,28,28,65,41,2.207845947526606,5,COMPLETE
870,3170.8164219916584,2025-09-03 14:57:48.259507,2025-09-03 14:58:41.066626,0 days 00:00:52.807119,8,13,6,27,29,66,106,4.604061790292908,21,COMPLETE
871,135495.51101519898,2025-09-03 14:57:56.780696,2025-09-03 14:58:51.967549,0 days 00:00:55.186853,10,13,6,27,28,65,42,4.491924975089014,6,COMPLETE
872,141371.5648885732,2025-09-03 14:58:00.489930,2025-09-03 14:58:59.085940,0 days 00:00:58.596010,10,7,6,27,28,65,41,4.351183810559879,6,COMPLETE
873,153939.5101744074,2025-09-03 14:58:40.918563,2025-09-03 14:59:33.226539,0 days 00:00:52.307976,10,12,6,27,28,66,41,4.331291343212751,6,COMPLETE
874,284575.52282866265,2025-09-03 14:58:41.091076,2025-09-03 14:59:34.668880,0 days 00:00:53.577804,10,12,6,27,28,66,30,4.336562190747118,6,COMPLETE
875,53889.863805284855,2025-09-03 14:58:51.996407,2025-09-03 14:59:45.893426,0 days 00:00:53.897019,10,12,6,26,28,66,82,4.355926721209878,6,COMPLETE
876,129309.07988161108,2025-09-03 14:58:59.092649,2025-09-03 14:59:53.383881,0 days 00:00:54.291232,13,12,6,25,13,66,30,4.336475653437139,6,COMPLETE
877,331958.15789768955,2025-09-03 14:59:33.277048,2025-09-03 15:00:28.521087,0 days 00:00:55.244039,6,11,7,25,29,66,30,4.464549064048089,5,COMPLETE
878,2570.183828071265,2025-09-03 14:59:34.694567,2025-09-03 15:00:30.029802,0 days 00:00:55.335235,13,11,7,25,29,66,250,4.457866586763426,5,COMPLETE
879,23655.271975461063,2025-09-03 14:59:45.924762,2025-09-03 15:00:44.375922,0 days 00:00:58.451160,24,11,7,25,29,54,30,4.472387470331004,5,COMPLETE
880,295339.1963090961,2025-09-03 14:59:53.428507,2025-09-03 15:00:51.529588,0 days 00:00:58.101081,8,11,7,29,29,64,34,4.4885428265652845,5,COMPLETE
881,209349.9219060729,2025-09-03 15:00:28.533257,2025-09-03 15:01:25.412187,0 days 00:00:56.878930,8,11,7,26,29,64,37,4.189984100955289,5,COMPLETE
