number,value,datetime_start,datetime_complete,duration,params_fast,params_macd_fast,params_macd_signal,params_macd_slow,params_rsi_period,params_rsi_threshold,params_slow,params_take_profit,params_trend_sma_period,state
440,192007.33011441244,2025-09-03 13:09:10.963973,2025-09-03 13:10:02.841321,0 days 00:00:51.877348,7,11,13,23,28,68,39,4.752220906813066,6,COMPLETE
441,-inf,2025-09-03 13:09:20.802648,2025-09-03 13:09:25.773124,0 days 00:00:04.970476,77,14,12,23,30,70,39,4.74045759254175,6,COMPLETE
442,35468.49097871617,2025-09-03 13:09:25.805407,2025-09-03 13:10:17.765576,0 days 00:00:51.960169,8,11,13,27,27,68,38,4.901583451915529,17,COMPLETE
443,-inf,2025-09-03 13:09:28.218728,2025-09-03 13:09:31.022973,0 days 00:00:02.804245,44,11,13,27,27,70,38,4.889846193917884,6,COMPLETE
444,202387.92938445776,2025-09-03 13:09:31.077159,2025-09-03 13:10:24.359079,0 days 00:00:53.281920,8,14,10,25,27,68,36,4.835222952397359,5,COMPLETE
445,193097.49610774385,2025-09-03 13:09:45.757630,2025-09-03 13:10:39.441187,0 days 00:00:53.683557,8,14,10,25,27,69,37,4.858900975013685,5,COMPLETE
446,25146.036010737876,2025-09-03 13:10:02.879539,2025-09-03 13:10:57.563232,0 days 00:00:54.683693,5,14,10,25,27,69,36,4.887901570107672,23,COMPLETE
447,323675.14326845465,2025-09-03 13:10:17.772322,2025-09-03 13:11:10.119591,0 days 00:00:52.347269,5,14,10,24,30,69,36,4.840751052958588,5,COMPLETE
448,352583.0571021938,2025-09-03 13:10:24.419592,2025-09-03 13:11:15.685801,0 days 00:00:51.266209,5,14,10,25,29,70,36,4.916309234687218,5,COMPLETE
449,396528.4112768832,2025-09-03 13:10:39.442328,2025-09-03 13:11:31.285299,0 days 00:00:51.842971,5,14,10,22,30,69,36,4.987892486010198,5,COMPLETE
450,255261.43723835857,2025-09-03 13:10:57.575591,2025-09-03 13:11:47.509932,0 days 00:00:49.934341,5,12,10,24,30,70,34,4.692077568969876,5,COMPLETE
451,54422.610886356815,2025-09-03 13:11:10.147064,2025-09-03 13:12:02.604775,0 days 00:00:52.457711,5,15,10,24,30,70,95,4.997730190512873,5,COMPLETE
452,133817.7102485884,2025-09-03 13:11:15.713716,2025-09-03 13:12:08.840346,0 days 00:00:53.126630,5,14,10,24,30,70,48,4.977926755661606,5,COMPLETE
453,136731.46685122122,2025-09-03 13:11:31.369287,2025-09-03 13:12:20.920741,0 days 00:00:49.551454,5,14,10,24,30,70,48,4.948957886136523,5,COMPLETE
454,134836.64571575657,2025-09-03 13:11:47.541568,2025-09-03 13:12:42.897052,0 days 00:00:55.355484,5,14,10,24,30,70,48,4.990319252019064,5,COMPLETE
455,351144.8984062337,2025-09-03 13:12:02.637179,2025-09-03 13:12:55.178473,0 days 00:00:52.541294,5,14,10,22,30,70,42,4.9926897522416605,5,COMPLETE
456,137666.4037362013,2025-09-03 13:12:08.868214,2025-09-03 13:13:00.923814,0 days 00:00:52.055600,5,14,10,22,30,69,48,4.920935698275084,5,COMPLETE
457,333664.69156811293,2025-09-03 13:12:20.954412,2025-09-03 13:13:11.280500,0 days 00:00:50.326088,5,15,11,22,30,69,42,4.860945848298956,5,COMPLETE
458,347103.9643254386,2025-09-03 13:12:42.908960,2025-09-03 13:13:33.242181,0 days 00:00:50.333221,5,14,11,22,29,69,42,4.888093760673746,5,COMPLETE
459,151505.39865992227,2025-09-03 13:12:55.200710,2025-09-03 13:13:44.719871,0 days 00:00:49.519161,6,14,11,22,29,69,43,4.999582841446635,5,COMPLETE
460,146858.7904415545,2025-09-03 13:13:00.946013,2025-09-03 13:13:52.562216,0 days 00:00:51.616203,6,14,11,22,29,69,42,4.9008139429014985,5,COMPLETE
461,15640.78601881418,2025-09-03 13:13:11.286400,2025-09-03 13:14:05.169666,0 days 00:00:53.883266,27,15,11,20,29,67,59,4.865074889806424,5,COMPLETE
462,133359.9412515102,2025-09-03 13:13:33.458247,2025-09-03 13:14:25.539625,0 days 00:00:52.081378,6,15,11,20,29,69,42,4.838165371612174,5,COMPLETE
463,52724.45812869907,2025-09-03 13:13:44.787411,2025-09-03 13:14:37.237123,0 days 00:00:52.449712,6,15,11,21,29,67,41,4.827946336367344,12,COMPLETE
464,32816.49235414834,2025-09-03 13:13:52.606027,2025-09-03 13:14:42.905495,0 days 00:00:50.299468,6,15,11,20,30,67,42,4.824419521781852,13,COMPLETE
465,279236.5466775515,2025-09-03 13:14:05.233444,2025-09-03 13:14:57.573052,0 days 00:00:52.339608,5,13,11,21,30,67,43,4.820020421522595,5,COMPLETE
466,112689.0123840095,2025-09-03 13:14:25.597136,2025-09-03 13:15:15.844467,0 days 00:00:50.247331,5,13,11,21,30,67,50,4.807564249463441,5,COMPLETE
467,174959.82030164206,2025-09-03 13:14:37.295386,2025-09-03 13:15:30.082196,0 days 00:00:52.786810,5,13,12,21,30,67,46,4.996486862865274,5,COMPLETE
468,116010.77554915602,2025-09-03 13:14:42.941746,2025-09-03 13:15:36.648937,0 days 00:00:53.707191,5,13,12,21,30,68,51,4.998948929739333,5,COMPLETE
469,89968.50178553024,2025-09-03 13:14:57.614432,2025-09-03 13:15:49.289777,0 days 00:00:51.675345,5,13,12,21,30,68,54,4.785532619982358,5,COMPLETE
470,83413.16307590697,2025-09-03 13:15:15.866424,2025-09-03 13:16:08.225739,0 days 00:00:52.359315,5,13,12,22,30,68,52,4.752970960530812,6,COMPLETE
471,63125.26140114376,2025-09-03 13:15:30.104495,2025-09-03 13:16:21.203380,0 days 00:00:51.098885,5,13,12,22,30,68,50,4.777356273189867,6,COMPLETE
472,150862.82098197847,2025-09-03 13:15:36.655221,2025-09-03 13:16:28.993104,0 days 00:00:52.337883,7,14,11,22,30,68,56,4.75008221267682,6,COMPLETE
473,137302.71799354343,2025-09-03 13:15:49.301363,2025-09-03 13:16:38.903933,0 days 00:00:49.602570,7,14,11,22,29,68,46,4.722414114440643,6,COMPLETE
474,138814.94321608706,2025-09-03 13:16:08.279018,2025-09-03 13:17:00.855559,0 days 00:00:52.576541,7,14,11,31,29,69,44,4.89373295924796,6,COMPLETE
475,177774.16721107523,2025-09-03 13:16:21.215139,2025-09-03 13:17:13.523909,0 days 00:00:52.308770,7,14,11,19,29,69,45,4.8801550875380615,5,COMPLETE
476,169996.7696802888,2025-09-03 13:16:29.063750,2025-09-03 13:17:20.389867,0 days 00:00:51.326117,7,14,11,19,29,69,45,4.849049377094342,5,COMPLETE
477,224794.57843128164,2025-09-03 13:16:39.025379,2025-09-03 13:17:30.222216,0 days 00:00:51.196837,7,14,11,23,29,69,40,4.874870501842887,5,COMPLETE
478,46954.93640558536,2025-09-03 13:17:00.872135,2025-09-03 13:17:52.121841,0 days 00:00:51.249706,7,12,11,23,29,69,40,1.3288278345531794,5,COMPLETE
479,259345.5101149685,2025-09-03 13:17:13.566715,2025-09-03 13:18:04.545783,0 days 00:00:50.979068,7,12,11,23,30,69,40,4.872709508582187,5,COMPLETE
480,248749.22871591122,2025-09-03 13:17:20.396467,2025-09-03 13:18:12.367882,0 days 00:00:51.971415,8,12,11,23,30,67,38,4.899715111271575,5,COMPLETE
481,226372.271249934,2025-09-03 13:17:30.275376,2025-09-03 13:18:21.382161,0 days 00:00:51.106785,5,12,12,26,30,67,38,4.681955459538983,5,COMPLETE
482,276698.5512285095,2025-09-03 13:17:52.144690,2025-09-03 13:18:43.439420,0 days 00:00:51.294730,5,12,12,26,30,67,37,4.6664814095488385,5,COMPLETE
483,-inf,2025-09-03 13:18:04.577941,2025-09-03 13:18:09.486713,0 days 00:00:04.908772,46,13,12,26,30,67,37,4.680314860452161,6,COMPLETE
484,5040.164426687077,2025-09-03 13:18:09.493158,2025-09-03 13:19:03.442407,0 days 00:00:53.949249,5,13,10,25,30,67,184,4.703231295439348,5,COMPLETE
485,120843.71868987918,2025-09-03 13:18:12.416146,2025-09-03 13:19:01.394461,0 days 00:00:48.978315,5,14,10,25,30,68,36,2.777018279688021,6,COMPLETE
486,199165.1121390314,2025-09-03 13:18:21.383708,2025-09-03 13:19:15.437843,0 days 00:00:54.054135,5,15,10,25,29,68,36,4.807860149138417,6,COMPLETE
487,97025.66917297074,2025-09-03 13:18:43.456307,2025-09-03 13:19:31.920081,0 days 00:00:48.463774,5,8,12,22,30,68,42,2.6021473758268985,6,COMPLETE
488,46113.69103163293,2025-09-03 13:19:01.401265,2025-09-03 13:19:49.565078,0 days 00:00:48.163813,5,15,12,25,29,67,85,4.785611041762969,5,COMPLETE
489,250999.2755038116,2025-09-03 13:19:03.518748,2025-09-03 13:19:51.740966,0 days 00:00:48.222218,5,15,12,25,29,68,41,4.8053179281070655,5,COMPLETE
490,-inf,2025-09-03 13:19:15.465164,2025-09-03 13:19:21.477881,0 days 00:00:06.012717,69,13,12,26,29,70,42,4.825287343175021,5,COMPLETE
491,109690.97816716963,2025-09-03 13:19:21.489481,2025-09-03 13:20:10.385171,0 days 00:00:48.895690,6,13,12,26,30,69,45,4.998004366464276,6,COMPLETE
492,43430.22124461511,2025-09-03 13:19:31.952904,2025-09-03 13:20:21.588400,0 days 00:00:49.635496,39,14,12,25,29,67,48,4.997074692691564,5,COMPLETE
493,-inf,2025-09-03 13:19:49.628620,2025-09-03 13:19:53.488987,0 days 00:00:03.860367,55,14,12,28,30,69,35,4.926277558377434,16,COMPLETE
494,191782.53749077287,2025-09-03 13:19:51.763616,2025-09-03 13:20:41.968371,0 days 00:00:50.204755,7,14,12,27,30,69,47,4.9381471834454365,6,COMPLETE
495,188397.43337402126,2025-09-03 13:19:53.500572,2025-09-03 13:20:45.125144,0 days 00:00:51.624572,8,13,12,26,30,70,47,4.68809908666911,6,COMPLETE
496,170464.15509040048,2025-09-03 13:20:10.401298,2025-09-03 13:21:02.028425,0 days 00:00:51.627127,7,14,11,23,29,70,49,4.670684861399876,5,COMPLETE
497,14378.976573439966,2025-09-03 13:20:21.589280,2025-09-03 13:21:11.121828,0 days 00:00:49.532548,8,14,11,21,30,70,35,4.678404196495565,21,COMPLETE
498,204235.6095080954,2025-09-03 13:20:42.011682,2025-09-03 13:21:32.569748,0 days 00:00:50.558066,8,13,11,23,28,68,35,4.728728961352398,5,COMPLETE
499,198893.36731245476,2025-09-03 13:20:45.178157,2025-09-03 13:21:36.310362,0 days 00:00:51.132205,8,14,11,23,29,70,36,4.897319537509268,5,COMPLETE
500,243798.754630743,2025-09-03 13:21:02.035326,2025-09-03 13:21:51.991621,0 days 00:00:49.956295,8,13,11,21,28,69,36,4.903633869253013,5,COMPLETE
501,290646.000642016,2025-09-03 13:21:11.169270,2025-09-03 13:22:01.101956,0 days 00:00:49.932686,9,13,11,29,28,68,39,4.866759406092189,5,COMPLETE
502,8699.261358203734,2025-09-03 13:21:32.640520,2025-09-03 13:22:23.224484,0 days 00:00:50.583964,6,14,11,29,29,69,203,4.896354921878557,11,COMPLETE
503,431.294296858282,2025-09-03 13:21:36.324043,2025-09-03 13:22:28.544754,0 days 00:00:52.220711,6,13,13,24,28,47,40,4.826831178667717,6,COMPLETE
504,18169.205982733496,2025-09-03 13:21:52.068007,2025-09-03 13:22:45.756096,0 days 00:00:53.688089,6,15,10,24,30,67,41,4.822126117300533,20,COMPLETE
505,54317.94473919273,2025-09-03 13:22:01.129446,2025-09-03 13:22:53.630777,0 days 00:00:52.501331,9,13,11,24,28,69,42,4.832899743731446,11,COMPLETE
506,148382.85602181786,2025-09-03 13:22:23.252649,2025-09-03 13:23:12.934275,0 days 00:00:49.681626,9,13,10,29,28,68,41,4.811401580356099,6,COMPLETE
507,66959.06249200132,2025-09-03 13:22:28.551094,2025-09-03 13:23:23.372487,0 days 00:00:54.821393,9,13,10,29,28,68,66,4.999001847197516,6,COMPLETE
508,157128.02259032795,2025-09-03 13:22:45.788945,2025-09-03 13:23:38.426184,0 days 00:00:52.637239,9,13,10,29,28,68,42,4.914254520017128,6,COMPLETE
509,199569.81951011685,2025-09-03 13:22:53.648655,2025-09-03 13:23:46.457696,0 days 00:00:52.809041,9,13,10,30,28,68,34,4.9365701161395155,6,COMPLETE
510,73721.62629793682,2025-09-03 13:23:12.987233,2025-09-03 13:24:04.830595,0 days 00:00:51.843362,9,14,10,22,29,68,64,4.995495485843791,5,COMPLETE
511,147556.53810532222,2025-09-03 13:23:23.453812,2025-09-03 13:24:15.491635,0 days 00:00:52.037823,9,14,11,31,29,70,34,4.917346553790892,5,COMPLETE
512,245542.95913305573,2025-09-03 13:23:38.453253,2025-09-03 13:24:30.228312,0 days 00:00:51.775059,7,14,11,22,29,70,34,4.7541270862828835,5,COMPLETE
513,255837.4167845827,2025-09-03 13:23:46.469300,2025-09-03 13:24:38.131402,0 days 00:00:51.662102,7,14,11,22,27,70,34,4.753208594833848,5,COMPLETE
514,15943.676896707915,2025-09-03 13:24:04.884683,2025-09-03 13:24:57.536624,0 days 00:00:52.651941,7,14,11,22,27,70,35,4.7455533198492565,29,COMPLETE
515,177584.35571564897,2025-09-03 13:24:15.523747,2025-09-03 13:25:08.052859,0 days 00:00:52.529112,7,14,11,22,29,69,38,4.762133493485244,5,COMPLETE
516,321228.3288589657,2025-09-03 13:24:30.272307,2025-09-03 13:38:09.842131,0 days 00:13:39.569824,6,14,7,22,27,69,38,4.772782715149777,5,COMPLETE
517,8967.78916538732,2025-09-03 13:24:38.143893,2025-09-03 13:38:17.570760,0 days 00:13:39.426867,6,15,14,20,29,69,45,4.832006659762166,30,COMPLETE
518,161380.0931716952,2025-09-03 13:24:57.558656,2025-09-03 13:38:37.338661,0 days 00:13:39.780005,5,15,7,20,29,69,45,4.847132012588073,5,COMPLETE
519,170105.34541798796,2025-09-03 13:25:08.085764,2025-09-03 13:38:51.178353,0 days 00:13:43.092589,5,15,6,20,28,69,45,4.852582574944207,5,COMPLETE
520,17495.542802889915,2025-09-03 13:38:09.964585,2025-09-03 13:39:04.253436,0 days 00:00:54.288851,5,14,10,23,27,69,112,4.852221523743987,5,COMPLETE
521,19418.28783297599,2025-09-03 13:38:17.614207,2025-09-03 13:39:10.379109,0 days 00:00:52.764902,5,14,7,33,27,67,113,4.911030342694645,5,COMPLETE
522,16029.356480745377,2025-09-03 13:38:37.408178,2025-09-03 13:39:30.550554,0 days 00:00:53.142376,5,14,6,23,27,67,49,4.919571230413657,24,COMPLETE
523,16843.74893389052,2025-09-03 13:38:51.185104,2025-09-03 13:39:43.103804,0 days 00:00:51.918700,6,14,7,27,27,67,158,4.909534637588896,6,COMPLETE
524,-inf,2025-09-03 13:39:04.260175,2025-09-03 13:39:09.340475,0 days 00:00:05.080300,72,13,6,21,27,67,54,4.91865697329674,6,COMPLETE
525,150092.25423035957,2025-09-03 13:39:09.393112,2025-09-03 13:40:01.535406,0 days 00:00:52.142294,6,14,7,28,27,67,40,4.999964525801282,6,COMPLETE
526,6635.840293819715,2025-09-03 13:39:10.436902,2025-09-03 13:40:02.822727,0 days 00:00:52.385825,6,14,11,24,28,68,144,2.310306984956042,6,COMPLETE
527,-inf,2025-09-03 13:39:30.593827,2025-09-03 13:39:34.853260,0 days 00:00:04.259433,42,13,7,24,28,68,41,4.779268684135379,27,COMPLETE
528,10912.478411597169,2025-09-03 13:39:34.908499,2025-09-03 13:40:29.301126,0 days 00:00:54.392627,7,14,7,28,30,69,160,4.679715863412409,6,COMPLETE
529,272456.11761841923,2025-09-03 13:39:43.110425,2025-09-03 13:40:37.469655,0 days 00:00:54.359230,7,13,7,21,30,70,39,4.677237527931885,5,COMPLETE
530,4807.163556840054,2025-09-03 13:40:01.541938,2025-09-03 13:40:58.061615,0 days 00:00:56.519677,7,13,11,21,30,70,236,4.724640174181787,5,COMPLETE
531,4718.772439538955,2025-09-03 13:40:02.845308,2025-09-03 13:40:58.963354,0 days 00:00:56.118046,8,13,10,37,30,69,236,4.695660450055344,5,COMPLETE
532,150287.7903051465,2025-09-03 13:40:29.338789,2025-09-03 13:41:24.298287,0 days 00:00:54.959498,8,13,10,25,30,70,39,4.997696251037929,7,COMPLETE
533,112556.11849620077,2025-09-03 13:40:37.503079,2025-09-03 13:41:32.281289,0 days 00:00:54.778210,8,16,6,25,29,70,51,3.6414927218149074,5,COMPLETE
534,-inf,2025-09-03 13:40:58.158913,2025-09-03 13:41:49.588043,0 days 00:00:51.429130,8,15,10,25,15,38,38,3.681481390863641,7,COMPLETE
535,161315.64116638553,2025-09-03 13:40:58.964565,2025-09-03 13:41:50.899476,0 days 00:00:51.934911,8,6,10,25,29,68,50,4.805535741384555,7,COMPLETE
536,188943.84855315945,2025-09-03 13:41:24.368070,2025-09-03 13:42:20.385905,0 days 00:00:56.017835,5,12,12,22,29,68,45,4.814872975462428,5,COMPLETE
537,162876.2698489066,2025-09-03 13:41:32.298731,2025-09-03 13:42:26.232408,0 days 00:00:53.933677,5,14,11,23,28,68,45,4.832763290463098,5,COMPLETE
538,212739.82370756616,2025-09-03 13:41:49.599811,2025-09-03 13:42:43.579452,0 days 00:00:53.979641,5,12,12,27,28,68,44,4.807096149258027,5,COMPLETE
539,287757.7634106329,2025-09-03 13:41:50.900361,2025-09-03 13:42:43.796788,0 days 00:00:52.896427,5,12,12,19,28,68,43,4.816864565833648,5,COMPLETE
540,161938.39136805004,2025-09-03 13:42:20.397988,2025-09-03 13:43:16.112494,0 days 00:00:55.714506,5,14,11,27,28,69,34,4.915391525919145,6,COMPLETE
541,157835.7492756694,2025-09-03 13:42:26.236273,2025-09-03 13:43:18.835423,0 days 00:00:52.599150,6,12,12,26,28,69,34,4.919128413278712,6,COMPLETE
542,167503.9157140156,2025-09-03 13:42:43.650955,2025-09-03 13:43:39.289918,0 days 00:00:55.638963,6,14,13,23,29,69,34,4.912691702727586,6,COMPLETE
543,12262.066583183692,2025-09-03 13:42:43.802808,2025-09-03 13:43:39.688070,0 days 00:00:55.885262,7,14,13,18,5,66,34,4.997866824613018,6,COMPLETE
544,240470.75275915812,2025-09-03 13:43:16.139778,2025-09-03 13:44:09.150237,0 days 00:00:53.010459,7,8,10,19,27,66,37,4.99877718369866,6,COMPLETE
545,154832.27396617964,2025-09-03 13:43:18.846970,2025-09-03 13:44:10.284488,0 days 00:00:51.437518,7,13,13,16,27,66,38,4.914591351966409,6,COMPLETE
546,143680.09319718214,2025-09-03 13:43:39.430945,2025-09-03 13:44:34.253322,0 days 00:00:54.822377,9,13,5,23,27,66,38,3.168927514056792,5,COMPLETE
547,245527.4996361739,2025-09-03 13:43:39.726345,2025-09-03 13:44:33.888583,0 days 00:00:54.162238,9,15,10,19,27,66,39,4.747770192708275,5,COMPLETE
548,320475.81715144607,2025-09-03 13:44:09.183234,2025-09-03 13:45:07.563341,0 days 00:00:58.380107,9,15,11,32,27,67,39,4.6276545695869284,5,COMPLETE
549,12481.61303011485,2025-09-03 13:44:10.334217,2025-09-03 13:45:08.243764,0 days 00:00:57.909547,30,13,11,16,28,67,58,4.7612387104566265,5,COMPLETE
550,211.6555645042415,2025-09-03 13:44:33.910475,2025-09-03 13:45:27.678992,0 days 00:00:53.768517,9,13,11,18,28,44,41,4.629575693695339,5,COMPLETE
551,315.68828626918184,2025-09-03 13:44:34.260470,2025-09-03 13:45:25.529723,0 days 00:00:51.269253,9,11,8,24,28,43,34,4.637060444249794,5,COMPLETE
552,217450.25475758422,2025-09-03 13:45:07.580500,2025-09-03 13:46:02.700667,0 days 00:00:55.120167,9,15,11,31,28,67,42,4.620474405773693,5,COMPLETE
553,23186.563312022954,2025-09-03 13:45:08.271097,2025-09-03 13:46:03.381199,0 days 00:00:55.110102,9,16,11,36,27,67,48,1.0258534879316392,5,COMPLETE
554,183156.35847979004,2025-09-03 13:45:25.630767,2025-09-03 13:46:18.538543,0 days 00:00:52.907776,9,16,11,33,27,67,47,4.624850983007763,5,COMPLETE
555,91169.0919188284,2025-09-03 13:45:27.739889,2025-09-03 13:46:20.988248,0 days 00:00:53.248359,10,15,11,30,27,67,50,3.4543472145688234,5,COMPLETE
556,1953.2328187208395,2025-09-03 13:46:02.803330,2025-09-03 13:46:57.464667,0 days 00:00:54.661337,9,16,11,35,27,51,48,4.712265728931023,5,COMPLETE
557,-inf,2025-09-03 13:46:03.419629,2025-09-03 13:46:56.984153,0 days 00:00:53.564524,10,15,11,32,27,30,54,4.7246979519050365,6,COMPLETE
558,149068.01103621325,2025-09-03 13:46:18.592120,2025-09-03 13:47:08.342193,0 days 00:00:49.750073,11,15,10,32,27,68,35,4.748616248341418,6,COMPLETE
559,239574.37235961732,2025-09-03 13:46:21.018491,2025-09-03 13:47:12.047875,0 days 00:00:51.029384,7,14,10,19,27,68,34,4.728809305859622,6,COMPLETE
560,257650.6010270016,2025-09-03 13:46:57.001441,2025-09-03 13:47:47.594775,0 days 00:00:50.593334,7,14,10,17,28,68,33,4.836770916803348,6,COMPLETE
561,-inf,2025-09-03 13:46:57.481547,2025-09-03 13:47:03.811640,0 days 00:00:06.330093,62,14,10,17,28,68,34,4.840294156946463,6,COMPLETE
562,-inf,2025-09-03 13:47:03.834881,2025-09-03 13:47:54.068140,0 days 00:00:50.233259,7,14,10,21,27,33,42,4.839642505682219,6,COMPLETE
563,198664.13739994034,2025-09-03 13:47:08.416876,2025-09-03 13:47:58.597186,0 days 00:00:50.180310,7,14,8,20,28,68,41,4.831997790635173,5,COMPLETE
564,262641.0902349346,2025-09-03 13:47:12.082723,2025-09-03 13:48:06.436722,0 days 00:00:54.353999,7,14,6,20,28,68,40,4.8435340431222755,5,COMPLETE
565,49847.976672908,2025-09-03 13:47:47.606311,2025-09-03 13:48:41.070929,0 days 00:00:53.464618,7,14,8,20,29,69,42,1.5633155892756294,5,COMPLETE
566,194247.72662116576,2025-09-03 13:47:54.132221,2025-09-03 13:48:46.912705,0 days 00:00:52.780484,6,14,8,40,29,69,39,4.609307922051053,5,COMPLETE
567,216190.89799774782,2025-09-03 13:47:58.655826,2025-09-03 13:48:51.460562,0 days 00:00:52.804736,6,14,8,22,29,69,39,4.634706140576126,5,COMPLETE
568,273505.5008929677,2025-09-03 13:48:06.454106,2025-09-03 13:48:57.518512,0 days 00:00:51.064406,5,15,7,35,17,69,37,4.621886683446258,5,COMPLETE
569,289201.9260629359,2025-09-03 13:48:41.149828,2025-09-03 13:49:35.089702,0 days 00:00:53.939874,5,15,7,22,29,69,38,4.641515990860276,5,COMPLETE
570,276366.9728944991,2025-09-03 13:48:46.950773,2025-09-03 13:49:40.768880,0 days 00:00:53.818107,5,15,14,22,17,67,33,4.898811598175289,5,COMPLETE
571,49540.47782664322,2025-09-03 13:48:51.546574,2025-09-03 13:49:44.378987,0 days 00:00:52.832413,5,15,7,24,8,66,30,4.9061112002781275,7,COMPLETE
572,213227.63300168893,2025-09-03 13:48:57.524642,2025-09-03 13:49:49.356252,0 days 00:00:51.831610,8,15,11,28,30,66,30,4.754392543483486,7,COMPLETE
573,110993.47498879414,2025-09-03 13:49:35.169373,2025-09-03 13:50:29.607857,0 days 00:00:54.438484,11,15,7,24,10,70,30,4.696594770802274,7,COMPLETE
574,80087.18131598707,2025-09-03 13:49:40.825870,2025-09-03 13:50:34.458269,0 days 00:00:53.632399,8,15,7,24,28,70,33,1.9777332798802472,7,COMPLETE
575,52762.256456845374,2025-09-03 13:49:44.390810,2025-09-03 13:50:36.621075,0 days 00:00:52.230265,8,15,7,24,28,70,33,4.684776546820063,14,COMPLETE
576,211791.12168765374,2025-09-03 13:49:49.430847,2025-09-03 13:50:41.867186,0 days 00:00:52.436339,11,15,7,30,28,70,34,4.644191329876848,6,COMPLETE
577,88214.22592056636,2025-09-03 13:50:29.671723,2025-09-03 13:51:21.678052,0 days 00:00:52.006329,25,15,6,26,28,70,36,4.6767776566369905,6,COMPLETE
578,206440.04651707778,2025-09-03 13:50:34.558354,2025-09-03 13:51:29.187138,0 days 00:00:54.628784,8,16,7,34,27,70,37,4.66957916771951,6,COMPLETE
579,187718.45792069696,2025-09-03 13:50:36.628530,2025-09-03 13:51:29.971367,0 days 00:00:53.342837,11,14,7,30,27,69,37,4.999712210153587,6,COMPLETE
580,31021.24385837852,2025-09-03 13:50:41.903675,2025-09-03 13:51:35.820401,0 days 00:00:53.916726,6,14,7,26,29,69,38,4.761724402818944,15,COMPLETE
581,20468.428067122146,2025-09-03 13:51:21.694732,2025-09-03 13:52:09.529081,0 days 00:00:47.834349,6,14,8,34,29,68,38,4.763842803380978,19,COMPLETE
582,173234.06355664216,2025-09-03 13:51:29.220799,2025-09-03 13:52:18.048305,0 days 00:00:48.827506,10,14,8,25,29,69,45,4.777822115421611,5,COMPLETE
583,117934.26960591991,2025-09-03 13:51:29.983849,2025-09-03 13:52:19.291491,0 days 00:00:49.307642,6,14,8,27,29,68,45,4.752456712094748,5,COMPLETE
584,-inf,2025-09-03 13:51:35.832586,2025-09-03 13:51:45.551919,0 days 00:00:09.719333,51,14,8,22,14,68,45,4.885335071528776,5,COMPLETE
585,146109.77696451556,2025-09-03 13:51:45.647970,2025-09-03 13:52:36.509763,0 days 00:00:50.861793,9,14,8,25,29,68,46,4.7801194536757485,5,COMPLETE
586,119391.12891010597,2025-09-03 13:52:09.582263,2025-09-03 13:53:01.250888,0 days 00:00:51.668625,10,14,9,25,28,69,44,4.9012659451094045,5,COMPLETE
