number,value,datetime_start,datetime_complete,duration,params_fast,params_macd_fast,params_macd_signal,params_macd_slow,params_rsi_period,params_rsi_threshold,params_slow,params_take_profit,params_trend_sma_period,state
293,136803.99290888442,2025-09-03 12:14:53.325031,2025-09-03 12:15:49.843795,0 days 00:00:56.518764,7,20,10,49,26,62,34,4.69233660483249,6,COMPLETE
294,118402.35560429661,2025-09-03 12:15:01.737466,2025-09-03 12:15:59.163677,0 days 00:00:57.426211,7,20,10,47,26,61,34,4.701307830369236,6,COMPLETE
295,-inf,2025-09-03 12:15:26.732941,2025-09-03 12:16:17.274502,0 days 00:00:50.541561,7,20,10,48,26,33,34,4.740449541242466,6,COMPLETE
296,507.50229817416124,2025-09-03 12:15:35.249689,2025-09-03 12:16:25.978383,0 days 00:00:50.728694,7,20,9,47,26,48,30,4.475742333141202,29,COMPLETE
297,164725.8635856951,2025-09-03 12:15:49.865651,2025-09-03 12:16:42.229768,0 days 00:00:52.364117,7,20,9,47,26,61,30,4.464991033379795,7,COMPLETE
298,7543.063356698577,2025-09-03 12:15:59.205098,2025-09-03 12:16:50.804344,0 days 00:00:51.599246,6,20,9,48,25,63,30,0.6312630525205258,7,COMPLETE
299,-inf,2025-09-03 12:16:17.321991,2025-09-03 12:17:12.610692,0 days 00:00:55.288701,11,20,9,45,25,43,38,4.471719590971616,7,COMPLETE
300,121498.3013538854,2025-09-03 12:16:25.995089,2025-09-03 12:17:19.641002,0 days 00:00:53.645913,11,20,9,48,25,63,38,4.476310837251162,7,COMPLETE
301,-inf,2025-09-03 12:16:42.246568,2025-09-03 12:17:35.883449,0 days 00:00:53.636881,11,20,9,48,25,39,39,4.493461120261282,5,COMPLETE
302,192087.88058221267,2025-09-03 12:16:50.812061,2025-09-03 12:17:42.197313,0 days 00:00:51.385252,11,20,8,48,25,63,39,4.588344618495028,5,COMPLETE
303,177079.5618379875,2025-09-03 12:17:12.643622,2025-09-03 12:18:04.406223,0 days 00:00:51.762601,10,19,8,48,23,63,38,4.624779675025968,5,COMPLETE
304,-inf,2025-09-03 12:17:19.740707,2025-09-03 12:17:23.650022,0 days 00:00:03.909315,48,19,8,50,25,63,43,4.595097471781382,5,COMPLETE
305,148640.08779364303,2025-09-03 12:17:23.687501,2025-09-03 12:18:15.670041,0 days 00:00:51.982540,9,19,8,49,23,63,38,3.85018479160493,5,COMPLETE
306,111437.72144635803,2025-09-03 12:17:35.937334,2025-09-03 12:18:31.862366,0 days 00:00:55.925032,5,19,8,49,23,64,34,3.9149162107676463,6,COMPLETE
307,108454.71633917869,2025-09-03 12:17:42.215626,2025-09-03 12:18:36.242651,0 days 00:00:54.027025,9,19,11,49,24,64,34,4.3870360063978,6,COMPLETE
308,85003.07573131529,2025-09-03 12:18:04.448868,2025-09-03 12:19:00.774521,0 days 00:00:56.325653,5,19,11,49,24,64,33,3.9818386144593445,6,COMPLETE
309,72011.63722348961,2025-09-03 12:18:15.697183,2025-09-03 12:19:10.463292,0 days 00:00:54.766109,5,20,11,50,24,64,34,3.9352446360022197,6,COMPLETE
310,139112.5932727092,2025-09-03 12:18:31.900419,2025-09-03 12:19:22.417663,0 days 00:00:50.517244,9,20,11,50,24,61,30,4.907575111155203,6,COMPLETE
311,2077.1350058688345,2025-09-03 12:18:36.254357,2025-09-03 12:19:29.922984,0 days 00:00:53.668627,8,20,10,50,24,62,208,4.917484881681661,6,COMPLETE
312,132852.38471125116,2025-09-03 12:19:00.807528,2025-09-03 12:19:54.965835,0 days 00:00:54.158307,8,20,10,50,26,61,30,4.883679200983776,5,COMPLETE
313,143038.45191523054,2025-09-03 12:19:10.469590,2025-09-03 12:20:04.812949,0 days 00:00:54.343359,8,20,10,50,26,59,30,4.8464414628872685,5,COMPLETE
314,103877.57065362044,2025-09-03 12:19:22.429270,2025-09-03 12:20:16.791004,0 days 00:00:54.361734,8,20,10,47,26,62,45,4.751966709886372,5,COMPLETE
315,20181.990645162532,2025-09-03 12:19:29.940451,2025-09-03 12:20:26.315199,0 days 00:00:56.374748,35,20,9,47,26,59,44,4.746176740536464,5,COMPLETE
316,3349.7880560970616,2025-09-03 12:19:55.003485,2025-09-03 12:20:44.404650,0 days 00:00:49.401165,35,20,9,47,25,52,44,4.754430927339688,5,COMPLETE
317,-inf,2025-09-03 12:20:04.833399,2025-09-03 12:20:09.445194,0 days 00:00:04.611795,52,20,9,46,25,65,43,4.73556530244255,5,COMPLETE
318,172986.8277770567,2025-09-03 12:20:09.478047,2025-09-03 12:21:05.414936,0 days 00:00:55.936889,13,20,14,47,26,62,45,4.626351889467156,5,COMPLETE
319,76769.29585317087,2025-09-03 12:20:16.828969,2025-09-03 12:21:10.911261,0 days 00:00:54.082292,34,20,14,48,25,65,36,4.353969689202341,6,COMPLETE
320,142633.38292280558,2025-09-03 12:20:26.342335,2025-09-03 12:21:21.892907,0 days 00:00:55.550572,13,19,9,48,25,65,34,4.394481028138381,6,COMPLETE
321,164819.03608871458,2025-09-03 12:20:44.426784,2025-09-03 12:21:36.346240,0 days 00:00:51.919456,10,19,9,49,25,65,36,4.381660650092137,6,COMPLETE
322,138840.60429609218,2025-09-03 12:21:05.450968,2025-09-03 12:21:55.527031,0 days 00:00:50.076063,10,19,9,49,25,61,36,4.37899322688204,6,COMPLETE
323,54040.71710698974,2025-09-03 12:21:10.939034,2025-09-03 12:22:06.568968,0 days 00:00:55.629934,10,19,9,49,25,63,30,1.8484874441507562,6,COMPLETE
324,246264.82056891304,2025-09-03 12:21:21.909662,2025-09-03 12:22:15.067148,0 days 00:00:53.157486,10,19,9,49,25,63,30,4.558990176427194,6,COMPLETE
325,97785.49430514146,2025-09-03 12:21:36.368286,2025-09-03 12:22:32.595011,0 days 00:00:56.226725,6,20,8,49,27,63,30,4.102482134283298,7,COMPLETE
326,2125.0124196894867,2025-09-03 12:21:55.619130,2025-09-03 12:22:51.314446,0 days 00:00:55.695316,6,20,8,49,27,63,231,4.0828310914523565,7,COMPLETE
327,177798.67187693508,2025-09-03 12:22:06.634227,2025-09-03 12:23:02.896824,0 days 00:00:56.262597,7,20,8,48,27,63,33,4.542945554077961,7,COMPLETE
328,90940.16916855652,2025-09-03 12:22:15.142024,2025-09-03 12:23:11.896390,0 days 00:00:56.754366,6,19,8,30,24,63,39,4.5426252725369585,7,COMPLETE
329,103547.11308852787,2025-09-03 12:22:32.643584,2025-09-03 12:23:25.737738,0 days 00:00:53.094154,11,19,8,48,24,63,39,4.531622018380568,7,COMPLETE
330,177180.39538202176,2025-09-03 12:22:51.321067,2025-09-03 12:23:46.208768,0 days 00:00:54.887701,11,19,10,46,24,64,40,4.536159762447511,6,COMPLETE
331,169535.7609351131,2025-09-03 12:23:02.919331,2025-09-03 12:23:57.466097,0 days 00:00:54.546766,12,19,10,46,24,64,39,4.490593258328565,6,COMPLETE
332,29353.13904130837,2025-09-03 12:23:11.961080,2025-09-03 12:24:04.634662,0 days 00:00:52.673582,11,19,9,48,24,64,34,4.497006734184348,13,COMPLETE
333,10341.234692053285,2025-09-03 12:23:25.749833,2025-09-03 12:24:17.478799,0 days 00:00:51.728966,10,19,9,45,24,66,132,1.142828986615524,6,COMPLETE
334,137909.41426005872,2025-09-03 12:23:46.235352,2025-09-03 12:24:37.055305,0 days 00:00:50.819953,9,20,9,48,25,62,34,4.613430643506783,5,COMPLETE
335,117641.44875517488,2025-09-03 12:23:57.543202,2025-09-03 12:24:51.271953,0 days 00:00:53.728751,9,20,9,45,25,62,34,4.647275928918663,5,COMPLETE
336,468301.9730221133,2025-09-03 12:24:04.673401,2025-09-03 12:24:58.442133,0 days 00:00:53.768732,9,20,9,49,25,66,30,4.6415450155507,5,COMPLETE
337,137568.0688372963,2025-09-03 12:24:17.506919,2025-09-03 12:25:10.854221,0 days 00:00:53.347302,9,20,9,49,25,62,34,4.635644126401193,5,COMPLETE
338,100819.7075253465,2025-09-03 12:24:37.130794,2025-09-03 12:25:29.189480,0 days 00:00:52.058686,14,20,9,49,26,62,34,4.649648221800849,5,COMPLETE
339,147135.8891297324,2025-09-03 12:24:51.321669,2025-09-03 12:25:43.195998,0 days 00:00:51.874329,14,20,9,49,26,61,30,4.441896090254795,5,COMPLETE
340,134844.36665109976,2025-09-03 12:24:58.487826,2025-09-03 12:25:51.864285,0 days 00:00:53.376459,13,20,9,50,26,67,30,4.399337410628539,5,COMPLETE
341,197910.82712927408,2025-09-03 12:25:10.881223,2025-09-03 12:26:02.690035,0 days 00:00:51.808812,12,20,9,50,26,66,30,4.425012600555765,5,COMPLETE
342,190092.2331127728,2025-09-03 12:25:29.264556,2025-09-03 12:26:21.566529,0 days 00:00:52.301973,12,20,9,50,26,67,30,4.421771666473967,5,COMPLETE
343,156182.04129059392,2025-09-03 12:25:43.223079,2025-09-03 12:26:35.312076,0 days 00:00:52.088997,12,19,8,50,25,66,30,4.18319657128791,5,COMPLETE
344,-inf,2025-09-03 12:25:51.954875,2025-09-03 12:25:55.584752,0 days 00:00:03.629877,58,19,8,50,25,66,38,4.15208421073427,21,COMPLETE
345,220139.89266361343,2025-09-03 12:25:55.601802,2025-09-03 12:26:47.366620,0 days 00:00:51.764818,10,19,8,50,25,65,30,4.333222210149936,5,COMPLETE
346,181028.84494916443,2025-09-03 12:26:02.733200,2025-09-03 12:26:55.369622,0 days 00:00:52.636422,10,19,8,47,25,65,37,4.307998509119121,5,COMPLETE
347,159328.74970491047,2025-09-03 12:26:21.578332,2025-09-03 12:27:13.499498,0 days 00:00:51.921166,10,19,8,47,25,65,37,4.339258896199081,6,COMPLETE
348,142198.06542338792,2025-09-03 12:26:35.313181,2025-09-03 12:27:28.756886,0 days 00:00:53.443705,10,18,8,49,25,65,37,4.016547306488155,6,COMPLETE
349,152690.2258584134,2025-09-03 12:26:47.383305,2025-09-03 12:27:37.906406,0 days 00:00:50.523101,10,18,8,49,25,65,37,4.304720595445791,6,COMPLETE
350,75105.0280723671,2025-09-03 12:26:55.381353,2025-09-03 12:27:47.361308,0 days 00:00:51.979955,10,18,8,49,16,65,42,2.982559278822952,6,COMPLETE
351,116547.4486184894,2025-09-03 12:27:13.532680,2025-09-03 12:28:06.240001,0 days 00:00:52.707321,9,18,8,49,23,65,40,4.030961957178964,6,COMPLETE
352,16011.000768226006,2025-09-03 12:27:28.774055,2025-09-03 12:28:21.145309,0 days 00:00:52.371254,8,17,12,49,23,64,42,4.271418388064689,14,COMPLETE
353,5179.949702196818,2025-09-03 12:27:37.931533,2025-09-03 12:28:32.380345,0 days 00:00:54.448812,8,17,7,50,23,64,43,3.0140668351085167,26,COMPLETE
354,50692.41125423004,2025-09-03 12:27:47.388587,2025-09-03 12:28:42.111950,0 days 00:00:54.723363,30,19,7,50,23,64,34,4.203697579528356,5,COMPLETE
355,136048.22344402657,2025-09-03 12:28:06.288168,2025-09-03 12:28:57.783658,0 days 00:00:51.495490,7,17,7,50,12,64,34,4.212115690667088,5,COMPLETE
356,12033.280959649883,2025-09-03 12:28:21.151787,2025-09-03 12:29:13.619830,0 days 00:00:52.468043,7,19,7,50,24,64,34,4.1937837002426,26,COMPLETE
357,194617.9877283833,2025-09-03 12:28:32.413173,2025-09-03 12:29:23.777596,0 days 00:00:51.364423,7,19,9,48,24,64,34,4.165681747763338,5,COMPLETE
358,11514.375386384047,2025-09-03 12:28:42.159281,2025-09-03 12:29:34.517498,0 days 00:00:52.358217,7,19,9,48,24,66,151,4.48789741525716,5,COMPLETE
359,208238.48066339327,2025-09-03 12:28:57.800694,2025-09-03 12:29:48.506552,0 days 00:00:50.705858,11,19,9,48,24,63,34,4.471641499422384,5,COMPLETE
360,168056.9741622254,2025-09-03 12:29:13.664074,2025-09-03 12:30:04.745018,0 days 00:00:51.080944,13,19,9,48,24,66,30,4.488522203094091,5,COMPLETE
361,157831.38807233283,2025-09-03 12:29:23.820343,2025-09-03 12:30:20.964661,0 days 00:00:57.144318,13,20,9,48,25,66,30,4.492839970950867,6,COMPLETE
362,-inf,2025-09-03 12:29:34.524236,2025-09-03 12:29:38.918207,0 days 00:00:04.393971,65,20,8,48,25,66,30,4.3575337560727005,6,COMPLETE
363,102897.8966095237,2025-09-03 12:29:38.924307,2025-09-03 12:53:31.970277,0 days 00:23:53.045970,15,20,9,49,25,63,34,4.8247625982177995,6,COMPLETE
364,133770.83437255857,2025-09-03 12:29:48.523883,2025-09-03 12:53:39.075942,0 days 00:23:50.552059,13,20,9,49,25,63,30,4.569975354322498,6,COMPLETE
365,176218.01279809055,2025-09-03 12:30:04.852889,2025-09-03 12:53:56.684525,0 days 00:23:51.831636,11,20,8,49,25,63,38,4.587000363098945,6,COMPLETE
366,131947.81252871078,2025-09-03 12:53:09.714566,2025-09-03 12:54:13.515372,0 days 00:01:03.800806,9,20,8,49,26,63,38,4.81145675584885,6,COMPLETE
367,107402.30522113027,2025-09-03 12:53:32.173828,2025-09-03 12:54:28.473260,0 days 00:00:56.299432,9,20,10,49,26,62,40,4.574140477139569,7,COMPLETE
368,113442.90595595677,2025-09-03 12:53:39.088429,2025-09-03 12:54:33.731619,0 days 00:00:54.643190,9,11,8,50,26,62,38,4.109528887881548,7,COMPLETE
369,44507.98264836725,2025-09-03 12:53:56.697535,2025-09-03 12:54:52.173029,0 days 00:00:55.475494,5,20,10,50,26,62,40,3.377360638520741,7,COMPLETE
370,82216.87242808582,2025-09-03 12:54:13.616678,2025-09-03 12:55:04.877974,0 days 00:00:51.261296,9,20,10,50,26,62,41,4.345101346641061,7,COMPLETE
371,140126.32453444457,2025-09-03 12:54:28.490328,2025-09-03 12:55:20.551420,0 days 00:00:52.061092,5,19,10,50,26,61,34,4.344776760063552,5,COMPLETE
372,46291.813910484605,2025-09-03 12:54:33.769751,2025-09-03 12:55:24.482481,0 days 00:00:50.712730,5,19,15,50,25,65,47,3.7644903875469042,5,COMPLETE
373,81076.92213997364,2025-09-03 12:54:52.241663,2025-09-03 12:55:44.165191,0 days 00:00:51.923528,11,19,9,50,25,61,47,4.328607616172803,5,COMPLETE
374,22896.15301583443,2025-09-03 12:55:04.889582,2025-09-03 12:55:58.738576,0 days 00:00:53.848994,11,19,9,48,25,65,34,4.722676706109702,15,COMPLETE
375,47408.794225534955,2025-09-03 12:55:20.558379,2025-09-03 12:56:11.770188,0 days 00:00:51.211809,11,19,9,48,8,67,34,4.638195704281138,5,COMPLETE
376,181784.86298709622,2025-09-03 12:55:24.499182,2025-09-03 12:56:14.682713,0 days 00:00:50.183531,11,20,9,48,25,64,34,4.68368697571115,5,COMPLETE
377,198214.2609299086,2025-09-03 12:55:44.243627,2025-09-03 12:56:36.168141,0 days 00:00:51.924514,7,20,9,47,24,64,34,4.736771392273616,5,COMPLETE
378,362150.9921233347,2025-09-03 12:55:58.792701,2025-09-03 12:56:50.972867,0 days 00:00:52.180166,8,20,8,28,27,67,30,4.680408903235947,5,COMPLETE
379,-inf,2025-09-03 12:56:11.808602,2025-09-03 12:56:14.945376,0 days 00:00:03.136774,7,20,8,20,24,64,30,4.406771827089671,5,COMPLETE
380,244630.29249854977,2025-09-03 12:56:14.718701,2025-09-03 12:57:06.506148,0 days 00:00:51.787447,8,14,8,47,24,64,30,4.962580457059291,6,COMPLETE
381,35334.94890808259,2025-09-03 12:56:14.972857,2025-09-03 12:57:07.854243,0 days 00:00:52.881386,8,20,8,47,27,54,30,4.962162023010748,6,COMPLETE
382,283921.70186508127,2025-09-03 12:56:36.184932,2025-09-03 12:57:27.515015,0 days 00:00:51.330083,8,14,8,49,27,67,30,4.0998868753137465,6,COMPLETE
383,397924.5527061735,2025-09-03 12:56:51.019458,2025-09-03 12:57:46.487707,0 days 00:00:55.468249,9,20,8,49,27,68,30,4.805901843851243,5,COMPLETE
384,365137.0637392038,2025-09-03 12:57:06.543793,2025-09-03 12:57:58.254587,0 days 00:00:51.710794,8,14,8,26,25,68,30,4.963658724425832,5,COMPLETE
385,318525.2754554553,2025-09-03 12:57:07.881531,2025-09-03 12:57:58.033945,0 days 00:00:50.152414,6,14,9,24,27,68,30,4.885867104121977,5,COMPLETE
386,165435.55559158017,2025-09-03 12:57:27.526933,2025-09-03 12:58:20.151901,0 days 00:00:52.624968,7,20,9,47,28,68,37,4.8600254677082715,6,COMPLETE
387,194805.79231990135,2025-09-03 12:57:46.531390,2025-09-03 12:58:38.480607,0 days 00:00:51.949217,6,20,9,28,28,68,30,4.996010418684453,6,COMPLETE
388,314569.9523111931,2025-09-03 12:57:58.069920,2025-09-03 12:58:49.945255,0 days 00:00:51.875335,6,14,13,24,28,68,37,4.965335651875184,5,COMPLETE
389,366591.9317191592,2025-09-03 12:57:58.277045,2025-09-03 12:58:48.503618,0 days 00:00:50.226573,5,10,9,26,28,69,37,4.827356385414053,5,COMPLETE
390,235608.86673166865,2025-09-03 12:58:20.173957,2025-09-03 12:59:11.385143,0 days 00:00:51.211186,6,13,10,26,28,69,34,4.96622276407362,5,COMPLETE
391,259767.4898404231,2025-09-03 12:58:38.481562,2025-09-03 12:59:30.171349,0 days 00:00:51.689787,6,14,10,24,28,70,35,4.970794457926336,5,COMPLETE
392,25405.603695013197,2025-09-03 12:58:48.548392,2025-09-03 12:59:39.456944,0 days 00:00:50.908552,5,14,10,26,27,68,123,4.999777954641319,5,COMPLETE
393,212648.17250692536,2025-09-03 12:58:49.952569,2025-09-03 12:59:42.896340,0 days 00:00:52.943771,5,14,10,29,29,70,44,4.947583395777951,5,COMPLETE
394,336581.8228565836,2025-09-03 12:59:11.407578,2025-09-03 13:00:04.906287,0 days 00:00:53.498709,5,14,10,25,29,70,42,4.892738545212762,5,COMPLETE
395,259103.23088559436,2025-09-03 12:59:30.241830,2025-09-03 13:00:22.986654,0 days 00:00:52.744824,5,14,13,23,28,70,43,4.939250331337843,5,COMPLETE
396,180540.720153483,2025-09-03 12:59:39.468425,2025-09-03 13:00:31.200615,0 days 00:00:51.732190,5,14,13,24,29,70,42,4.911203105341823,6,COMPLETE
397,194453.64816927334,2025-09-03 12:59:42.898998,2025-09-03 13:00:35.126412,0 days 00:00:52.227414,5,14,13,23,28,70,42,4.889352357552356,6,COMPLETE
398,16833.969881101842,2025-09-03 13:00:04.918092,2025-09-03 13:00:53.971915,0 days 00:00:49.053823,5,14,11,24,29,69,137,4.900339867829155,5,COMPLETE
399,38790.96704847914,2025-09-03 13:00:23.018943,2025-09-03 13:01:14.867412,0 days 00:00:51.848469,6,14,11,24,28,70,108,4.890300596619251,5,COMPLETE
400,135819.4315559459,2025-09-03 13:00:31.211853,2025-09-03 13:01:23.101583,0 days 00:00:51.889730,5,15,13,24,29,70,46,4.865372443029537,5,COMPLETE
401,111082.73279234985,2025-09-03 13:00:35.143539,2025-09-03 13:01:26.322634,0 days 00:00:51.179095,5,15,13,24,29,69,50,4.99443896874535,5,COMPLETE
402,122470.02263266902,2025-09-03 13:00:53.989696,2025-09-03 13:01:43.220499,0 days 00:00:49.230803,6,14,13,26,28,69,58,4.9996178344418905,5,COMPLETE
403,206126.3143083918,2025-09-03 13:01:14.925991,2025-09-03 13:02:06.935190,0 days 00:00:52.009199,6,15,13,25,29,69,54,4.836651363985867,5,COMPLETE
404,170819.5022116797,2025-09-03 13:01:23.108282,2025-09-03 13:02:16.260488,0 days 00:00:53.152206,6,15,12,25,28,69,52,4.952428342352798,5,COMPLETE
405,55775.1090235677,2025-09-03 13:01:26.392187,2025-09-03 13:02:20.630850,0 days 00:00:54.238663,6,14,13,23,28,69,72,4.80775195796749,5,COMPLETE
406,108086.717472461,2025-09-03 13:01:43.269282,2025-09-03 13:02:35.471627,0 days 00:00:52.202345,6,14,10,25,28,68,42,4.8425894345496205,6,COMPLETE
407,135637.79781184034,2025-09-03 13:02:06.946652,2025-09-03 13:02:57.206715,0 days 00:00:50.260063,7,14,13,22,28,68,43,4.824788812476541,6,COMPLETE
408,136059.75728381312,2025-09-03 13:02:16.282679,2025-09-03 13:03:06.682413,0 days 00:00:50.399734,7,14,13,23,28,68,42,4.8345274668177085,6,COMPLETE
409,148273.67550912063,2025-09-03 13:02:20.669297,2025-09-03 13:03:12.348585,0 days 00:00:51.679288,7,14,13,27,28,68,45,4.790176049607899,6,COMPLETE
410,156277.23450394932,2025-09-03 13:02:35.477638,2025-09-03 13:03:26.690512,0 days 00:00:51.212874,7,13,14,27,27,68,38,4.9039145262253,6,COMPLETE
411,169559.98311270124,2025-09-03 13:02:57.223780,2025-09-03 13:03:48.609256,0 days 00:00:51.385476,7,13,12,27,27,68,38,4.893952681853081,6,COMPLETE
412,255824.47531638612,2025-09-03 13:03:06.694306,2025-09-03 13:03:57.533809,0 days 00:00:50.839503,7,10,10,27,27,70,38,4.910190027295687,5,COMPLETE
413,202955.757767326,2025-09-03 13:03:12.398009,2025-09-03 13:04:04.351265,0 days 00:00:51.953256,8,13,12,22,27,70,37,4.902041069069418,5,COMPLETE
414,285877.1270297076,2025-09-03 13:03:26.718076,2025-09-03 13:04:18.083635,0 days 00:00:51.365559,5,13,12,22,27,70,37,4.917389028828199,5,COMPLETE
415,277663.92650593095,2025-09-03 13:03:48.620941,2025-09-03 13:04:39.863929,0 days 00:00:51.242988,5,13,12,23,29,70,37,4.979211824927255,5,COMPLETE
416,241812.37660979648,2025-09-03 13:03:57.598368,2025-09-03 13:04:52.061087,0 days 00:00:54.462719,5,10,14,23,29,70,38,4.9457732301194595,5,COMPLETE
417,169440.92971107576,2025-09-03 13:04:04.378204,2025-09-03 13:05:00.285009,0 days 00:00:55.906805,5,10,10,25,29,70,47,4.981150485975924,5,COMPLETE
418,134404.936127073,2025-09-03 13:04:18.147227,2025-09-03 13:05:10.508578,0 days 00:00:52.361351,5,12,11,21,29,70,48,4.994142664942706,5,COMPLETE
419,150303.55862344094,2025-09-03 13:04:39.952340,2025-09-03 13:05:31.353473,0 days 00:00:51.401133,5,12,12,21,30,70,47,4.969525401484422,5,COMPLETE
420,109648.02005457626,2025-09-03 13:04:52.121136,2025-09-03 13:05:45.563314,0 days 00:00:53.442178,5,12,12,21,30,70,50,4.985321500848676,5,COMPLETE
421,178722.7137629873,2025-09-03 13:05:00.322486,2025-09-03 13:05:52.198212,0 days 00:00:51.875726,5,11,11,22,30,69,45,4.979082890304536,5,COMPLETE
422,320237.4127529165,2025-09-03 13:05:10.525603,2025-09-03 13:06:04.041417,0 days 00:00:53.515814,5,13,11,25,30,69,42,4.814745611833744,5,COMPLETE
423,277127.0829415216,2025-09-03 13:05:31.365110,2025-09-03 13:06:23.828511,0 days 00:00:52.463401,5,10,12,26,30,69,43,4.7922502411809,5,COMPLETE
424,158058.82316936276,2025-09-03 13:05:45.580357,2025-09-03 13:06:35.275510,0 days 00:00:49.695153,7,13,12,22,27,69,42,4.7916362392913525,5,COMPLETE
425,209814.30257690002,2025-09-03 13:05:52.225778,2025-09-03 13:06:43.246793,0 days 00:00:51.021015,7,13,12,26,27,69,41,4.797678963270625,5,COMPLETE
426,207882.1373054964,2025-09-03 13:06:04.137776,2025-09-03 13:06:56.723892,0 days 00:00:52.586116,7,13,12,26,29,69,40,4.794904745293588,5,COMPLETE
427,99369.53780837543,2025-09-03 13:06:23.856119,2025-09-03 13:07:15.002265,0 days 00:00:51.146146,5,9,11,26,30,69,56,4.802242988858325,5,COMPLETE
428,16796.67528882301,2025-09-03 13:06:35.292192,2025-09-03 13:07:26.166444,0 days 00:00:50.874252,5,10,12,26,30,69,51,4.789447062737852,19,COMPLETE
429,93195.78713365537,2025-09-03 13:06:43.284953,2025-09-03 13:07:35.323195,0 days 00:00:52.038242,5,10,12,26,30,69,53,4.852458607508484,5,COMPLETE
430,100398.95585466325,2025-09-03 13:06:56.740953,2025-09-03 13:07:46.851610,0 days 00:00:50.110657,5,10,12,28,30,69,54,4.849399861874439,5,COMPLETE
431,149039.971617975,2025-09-03 13:07:15.009013,2025-09-03 13:08:04.834885,0 days 00:00:49.825872,5,10,11,25,29,70,51,4.872539270873863,5,COMPLETE
432,133062.59274263773,2025-09-03 13:07:26.178430,2025-09-03 13:08:18.314528,0 days 00:00:52.136098,6,10,13,25,29,67,46,4.8968069952509765,5,COMPLETE
433,135019.7061961752,2025-09-03 13:07:35.329788,2025-09-03 13:08:25.806630,0 days 00:00:50.476842,6,9,12,28,29,70,46,4.884011412227192,5,COMPLETE
434,131653.55492159675,2025-09-03 13:07:46.899667,2025-09-03 13:08:36.707284,0 days 00:00:49.807617,6,9,11,25,29,67,44,4.896331978222005,5,COMPLETE
435,186558.38791783853,2025-09-03 13:08:04.887786,2025-09-03 13:08:56.856838,0 days 00:00:51.969052,7,15,11,24,28,67,44,4.738012294745197,5,COMPLETE
436,161118.87918323468,2025-09-03 13:08:18.389318,2025-09-03 13:09:10.952033,0 days 00:00:52.562715,7,13,11,24,28,68,44,4.746755264613974,5,COMPLETE
437,180410.48305492726,2025-09-03 13:08:25.819199,2025-09-03 13:09:20.785663,0 days 00:00:54.966464,7,13,11,24,28,68,43,4.76105982710437,5,COMPLETE
438,149390.56622293356,2025-09-03 13:08:36.755995,2025-09-03 13:09:28.170114,0 days 00:00:51.414119,8,13,11,23,28,68,40,4.75371768087099,6,COMPLETE
439,6768.354107507239,2025-09-03 13:08:56.900368,2025-09-03 13:09:45.740487,0 days 00:00:48.840119,7,13,12,23,28,68,167,4.740996412365808,6,COMPLETE
