number,value,datetime_start,datetime_complete,duration,params_rsi_oversold,params_rsi_period,params_stoch_d_period,params_stoch_k_period,params_stoch_overbought,params_stoch_oversold,params_stoch_smooth_period,state
0,2424.049466031356,2025-07-01 16:03:12.375907,2025-07-01 16:04:32.454278,0 days 00:01:20.078371,7,17,3,7,62,16,2,COMPLETE
1,2781.1687155513127,2025-07-01 16:03:12.378321,2025-07-01 16:04:29.281223,0 days 00:01:16.902902,7,25,4,10,63,27,5,COMPLETE
2,3351.831146040302,2025-07-01 16:03:12.380174,2025-07-01 16:04:32.597539,0 days 00:01:20.217365,9,24,7,9,67,28,4,COMPLETE
3,2187.46157230869,2025-07-01 16:03:12.383955,2025-07-01 16:04:30.774738,0 days 00:01:18.390783,6,30,3,8,61,29,4,COMPLETE
4,8817.186097762476,2025-07-01 16:03:12.390566,2025-07-01 16:04:29.769969,0 days 00:01:17.379403,7,25,6,10,78,12,1,COMPLETE
5,8297.701950642902,2025-07-01 16:03:12.392844,2025-07-01 16:04:31.554736,0 days 00:01:19.161892,6,22,6,15,72,12,4,COMPLETE
6,3905.77851247981,2025-07-01 16:03:12.395131,2025-07-01 16:04:34.567304,0 days 00:01:22.172173,1,24,5,19,77,31,1,COMPLETE
7,1769.098670701047,2025-07-01 16:03:12.398717,2025-07-01 16:04:30.844225,0 days 00:01:18.445508,28,13,2,13,87,23,2,COMPLETE
8,12545.376044923363,2025-07-01 16:03:12.407480,2025-07-01 16:04:30.730467,0 days 00:01:18.322987,12,15,10,7,81,26,1,COMPLETE
9,8858.762028613311,2025-07-01 16:03:12.412954,2025-07-01 16:04:32.641451,0 days 00:01:20.228497,2,16,3,20,84,11,1,COMPLETE
10,2685.3261881663675,2025-07-01 16:03:12.416926,2025-07-01 16:04:31.565211,0 days 00:01:19.148285,28,23,5,5,74,14,2,COMPLETE
11,-3138.0648271118534,2025-07-01 16:03:12.433716,2025-07-01 16:04:41.734737,0 days 00:01:29.301021,25,18,2,6,65,40,1,COMPLETE
12,6681.949698072431,2025-07-01 16:03:12.438637,2025-07-01 16:04:47.680869,0 days 00:01:35.242232,20,29,8,6,85,13,3,COMPLETE
13,5779.35660094719,2025-07-01 16:03:12.445267,2025-07-01 16:04:57.907933,0 days 00:01:45.462666,10,6,6,16,80,11,4,COMPLETE
14,3276.6503985537965,2025-07-01 16:03:12.447412,2025-07-01 16:04:59.869716,0 days 00:01:47.422304,26,20,7,5,70,36,5,COMPLETE
15,5922.053362845592,2025-07-01 16:03:12.449924,2025-07-01 16:05:01.484513,0 days 00:01:49.034589,16,8,7,14,77,17,1,COMPLETE
16,5129.42703076762,2025-07-01 16:03:12.457737,2025-07-01 16:05:24.920596,0 days 00:02:12.462859,21,26,6,17,65,35,2,COMPLETE
17,7152.955166753216,2025-07-01 16:03:12.459916,2025-07-01 16:05:30.972782,0 days 00:02:18.512866,21,9,2,20,90,25,4,COMPLETE
18,4910.0735342579055,2025-07-01 16:03:12.465154,2025-07-01 16:05:42.526932,0 days 00:02:30.061778,13,21,8,7,84,34,2,COMPLETE
19,2189.2666951421234,2025-07-01 16:03:12.468731,2025-07-01 16:06:17.544616,0 days 00:03:05.075885,12,19,9,13,62,34,1,COMPLETE
20,4054.8279068504944,2025-07-01 16:03:12.471278,2025-07-01 16:06:17.402415,0 days 00:03:04.931137,8,13,2,15,65,15,5,COMPLETE
21,5289.590120289023,2025-07-01 16:03:12.472221,2025-07-01 16:06:35.937699,0 days 00:03:23.465478,4,21,10,9,67,23,5,COMPLETE
22,2089.5361093626616,2025-07-01 16:03:12.475664,2025-07-01 16:06:31.965179,0 days 00:03:19.489515,13,26,2,13,61,16,4,COMPLETE
23,-3319.7474985779463,2025-07-01 16:03:12.499799,2025-07-01 16:07:01.398318,0 days 00:03:48.898519,8,28,2,8,71,38,4,COMPLETE
24,3952.583898990275,2025-07-01 16:03:12.502590,2025-07-01 16:07:09.168377,0 days 00:03:56.665787,26,10,2,17,69,25,4,COMPLETE
25,3818.7531407863717,2025-07-01 16:03:12.563148,2025-07-01 16:07:09.249208,0 days 00:03:56.686060,17,7,7,8,81,29,1,COMPLETE
26,3548.123403390853,2025-07-01 16:03:12.581673,2025-07-01 16:07:16.217926,0 days 00:04:03.636253,6,15,3,15,85,28,2,COMPLETE
27,5979.525004038891,2025-07-01 16:03:12.585766,2025-07-01 16:07:26.284485,0 days 00:04:13.698719,23,14,10,19,78,13,3,COMPLETE
28,13469.662763301227,2025-07-01 16:03:12.700260,2025-07-01 16:07:24.616813,0 days 00:04:11.916553,10,28,10,7,84,24,1,COMPLETE
29,3891.274064917103,2025-07-01 16:03:12.728377,2025-07-01 16:07:52.030796,0 days 00:04:39.302419,6,7,6,17,60,33,4,COMPLETE
30,5979.758509092913,2025-07-01 16:03:12.772183,2025-07-01 16:08:12.048185,0 days 00:04:59.276002,18,16,5,17,71,17,3,COMPLETE
31,6635.16034955699,2025-07-01 16:03:12.782285,2025-07-01 16:08:30.009687,0 days 00:05:17.227402,9,8,6,12,70,10,3,COMPLETE
32,1392.785050401173,2025-07-01 16:03:12.832557,2025-07-01 16:09:09.033147,0 days 00:05:56.200590,7,29,3,7,77,39,5,COMPLETE
33,168233.91838823803,2025-07-01 16:03:12.854067,2025-07-01 16:09:00.932228,0 days 00:05:48.078161,4,7,10,6,86,23,3,COMPLETE
34,-4056.349933908794,2025-07-01 16:03:12.868985,2025-07-01 16:09:15.758165,0 days 00:06:02.889180,25,30,7,7,90,22,1,COMPLETE
35,5576.230559170866,2025-07-01 16:03:12.889799,2025-07-01 16:09:54.355214,0 days 00:06:41.465415,17,6,9,15,76,20,3,COMPLETE
36,8834.090412312793,2025-07-01 16:03:12.895507,2025-07-01 16:10:11.654273,0 days 00:06:58.758766,3,6,3,9,78,12,5,COMPLETE
37,3411.64623615888,2025-07-01 16:03:12.897866,2025-07-01 16:10:10.494216,0 days 00:06:57.596350,23,21,7,6,70,36,5,COMPLETE
38,3693.5721583842205,2025-07-01 16:03:12.901351,2025-07-01 16:10:23.247401,0 days 00:07:10.346050,6,17,6,9,76,30,2,COMPLETE
39,6304.202084273186,2025-07-01 16:03:12.906333,2025-07-01 16:10:25.609374,0 days 00:07:12.703041,22,27,3,16,66,19,5,COMPLETE
40,6434.700317485421,2025-07-01 16:03:12.911846,2025-07-01 16:10:27.991897,0 days 00:07:15.080051,9,18,6,8,72,13,5,COMPLETE
41,10249.258803175457,2025-07-01 16:03:12.918580,2025-07-01 16:10:36.951912,0 days 00:07:24.033332,1,5,10,6,81,30,2,COMPLETE
42,3848.0747821409077,2025-07-01 16:03:12.921799,2025-07-01 16:10:43.712164,0 days 00:07:30.790365,17,19,4,6,71,25,5,COMPLETE
43,3906.9285486261288,2025-07-01 16:03:12.925780,2025-07-01 16:10:39.604214,0 days 00:07:26.678434,22,15,7,12,67,34,5,COMPLETE
44,3581.9388558833007,2025-07-01 16:03:12.930271,2025-07-01 16:12:29.887069,0 days 00:09:16.956798,16,22,4,15,62,34,3,COMPLETE
45,3202.3096225722784,2025-07-01 16:03:12.944339,2025-07-01 16:12:26.179247,0 days 00:09:13.234908,3,24,2,21,87,29,2,COMPLETE
46,6185.940938257734,2025-07-01 16:03:12.950136,2025-07-01 16:12:26.769775,0 days 00:09:13.819639,14,13,2,17,72,11,5,COMPLETE
47,6158.904286964296,2025-07-01 16:03:12.956063,2025-07-01 16:11:47.112249,0 days 00:08:34.156186,17,13,6,10,84,12,3,COMPLETE
48,10348.193333954468,2025-07-01 16:03:12.961155,2025-07-01 16:12:31.511728,0 days 00:09:18.550573,3,30,10,18,69,10,2,COMPLETE
49,3921.645267873535,2025-07-01 16:03:12.964407,2025-07-01 16:12:57.144429,0 days 00:09:44.180022,16,11,6,15,68,37,1,COMPLETE
50,5433.569406144821,2025-07-01 16:03:12.972700,2025-07-01 16:12:56.437628,0 days 00:09:43.464928,30,13,2,20,70,30,5,COMPLETE
51,0.0,2025-07-01 16:03:12.980216,2025-07-01 16:25:44.802332,0 days 00:22:31.822116,29,27,9,7,90,18,5,COMPLETE
52,6382.763038132104,2025-07-01 16:03:12.985392,2025-07-01 16:23:11.601407,0 days 00:19:58.616015,14,22,10,12,76,12,5,COMPLETE
53,13651.893891762054,2025-07-01 16:03:12.988347,2025-07-01 16:23:22.937279,0 days 00:20:09.948932,11,23,8,16,61,11,1,COMPLETE
54,3615.7735830589536,2025-07-01 16:03:12.998407,2025-07-01 16:22:19.142601,0 days 00:19:06.144194,18,28,2,19,86,29,5,COMPLETE
55,6312.464879990261,2025-07-01 16:03:13.002658,2025-07-01 16:25:47.713314,0 days 00:22:34.710656,6,16,5,18,64,17,4,COMPLETE
56,5827.751884279274,2025-07-01 16:03:13.008478,2025-07-01 16:25:45.948242,0 days 00:22:32.939764,16,26,6,11,78,18,2,COMPLETE
57,5843.289760520105,2025-07-01 16:03:13.010959,2025-07-01 16:24:47.658702,0 days 00:21:34.647743,6,6,4,19,77,11,5,COMPLETE
58,3025.1498949930137,2025-07-01 16:03:13.015545,2025-07-01 16:28:44.653366,0 days 00:25:31.637821,1,6,3,13,68,32,4,COMPLETE
59,5419.140810612271,2025-07-01 16:03:13.016699,2025-07-01 16:26:55.404944,0 days 00:23:42.388245,8,20,8,16,61,28,3,COMPLETE
60,3849.4008265590783,2025-07-01 16:03:13.022037,2025-07-01 16:21:53.636705,0 days 00:18:40.614668,30,8,6,9,77,11,1,COMPLETE
61,3564.9580052433557,2025-07-01 16:03:13.027638,2025-07-01 16:24:28.158563,0 days 00:21:15.130925,6,28,7,13,83,36,2,COMPLETE
62,4152.624378178887,2025-07-01 16:03:13.036887,2025-07-01 16:25:35.308112,0 days 00:22:22.271225,28,7,9,9,67,20,2,COMPLETE
63,4522.607206373953,2025-07-01 16:03:13.043927,2025-07-01 16:25:18.058311,0 days 00:22:05.014384,10,22,7,16,68,36,1,COMPLETE
64,5076.11912638861,2025-07-01 16:03:13.047804,2025-07-01 16:24:37.292670,0 days 00:21:24.244866,8,10,3,15,87,14,1,COMPLETE
65,3407.1921070274766,2025-07-01 16:03:13.058026,2025-07-01 16:25:55.405612,0 days 00:22:42.347586,28,20,4,18,77,24,2,COMPLETE
66,8366.917165499002,2025-07-01 16:03:13.068041,2025-07-01 16:27:24.492927,0 days 00:24:11.424886,1,22,5,8,77,19,4,COMPLETE
67,5034.670099233555,2025-07-01 16:03:13.116734,2025-07-01 16:28:41.922437,0 days 00:25:28.805703,11,26,5,16,60,15,2,COMPLETE
68,4528.442593566888,2025-07-01 16:03:13.379155,2025-07-01 16:26:33.636346,0 days 00:23:20.257191,30,27,6,18,77,25,1,COMPLETE
69,4101.25281792281,2025-07-01 16:03:13.800011,2025-07-01 16:23:32.647684,0 days 00:20:18.847673,2,16,3,8,71,24,5,COMPLETE
70,4205.022095961453,2025-07-01 16:03:14.173600,2025-07-01 16:25:44.153442,0 days 00:22:29.979842,10,30,3,14,69,24,2,COMPLETE
71,6110.874515646345,2025-07-01 16:03:14.523942,2025-07-01 16:25:27.344590,0 days 00:22:12.820648,30,6,10,10,78,13,1,COMPLETE
72,4234.823268634467,2025-07-01 16:03:14.549841,2025-07-01 16:29:12.521646,0 days 00:25:57.971805,22,27,10,14,64,11,3,COMPLETE
73,6129.794516817854,2025-07-01 16:03:14.622190,2025-07-01 16:32:30.651892,0 days 00:29:16.029702,12,8,6,19,68,14,4,COMPLETE
74,-859.8886329963207,2025-07-01 16:03:14.822983,2025-07-01 16:29:06.893609,0 days 00:25:52.070626,17,28,2,9,64,34,4,COMPLETE
75,4319.219931526521,2025-07-01 16:03:14.859456,2025-07-01 16:32:24.112804,0 days 00:29:09.253348,3,25,7,9,67,25,4,COMPLETE
76,2474.7452342633405,2025-07-01 16:03:14.905789,2025-07-01 16:31:34.301728,0 days 00:28:19.395939,4,5,4,12,61,35,5,COMPLETE
77,4054.920620999753,2025-07-01 16:03:15.144545,2025-07-01 16:27:36.260062,0 days 00:24:21.115517,12,13,9,9,72,13,1,COMPLETE
78,4786.028043069484,2025-07-01 16:03:15.572204,2025-07-01 16:28:20.941347,0 days 00:25:05.369143,18,25,7,21,81,36,2,COMPLETE
79,2436.5994804935726,2025-07-01 16:03:15.676335,2025-07-01 16:30:14.288269,0 days 00:26:58.611934,21,14,7,5,62,27,3,COMPLETE
80,4782.672429556634,2025-07-01 16:03:15.910538,2025-07-01 16:32:27.204242,0 days 00:29:11.293704,6,9,5,20,77,33,5,COMPLETE
81,4645.39200186276,2025-07-01 16:03:16.209437,2025-07-01 16:32:58.117101,0 days 00:29:41.907664,21,17,10,17,73,29,5,COMPLETE
82,3335.89177742265,2025-07-01 16:03:16.586433,2025-07-01 16:32:58.663555,0 days 00:29:42.077122,23,12,6,6,66,28,3,COMPLETE
83,5870.177954941958,2025-07-01 16:03:16.936391,2025-07-01 16:34:39.852256,0 days 00:31:22.915865,2,15,4,6,74,16,2,COMPLETE
84,3849.0894000459266,2025-07-01 16:03:17.102725,2025-07-01 16:33:28.535964,0 days 00:30:11.433239,1,22,5,15,61,21,5,COMPLETE
85,5473.019990861013,2025-07-01 16:03:17.622639,2025-07-01 16:37:51.095500,0 days 00:34:33.472861,6,11,8,18,69,24,2,COMPLETE
86,4130.28310888681,2025-07-01 16:03:17.760655,2025-07-01 16:35:28.459093,0 days 00:32:10.698438,15,5,6,14,78,17,1,COMPLETE
87,4953.47952785717,2025-07-01 16:03:18.081020,2025-07-01 16:36:03.040969,0 days 00:32:44.959949,16,7,8,15,65,19,5,COMPLETE
88,1861.5999752894095,2025-07-01 16:03:18.496696,2025-07-01 16:35:59.680138,0 days 00:32:41.183442,30,13,5,9,60,11,5,COMPLETE
89,6533.986722606689,2025-07-01 16:03:18.757197,2025-07-01 16:37:14.733544,0 days 00:33:55.976347,1,18,7,10,89,15,3,COMPLETE
90,5964.086494607374,2025-07-01 16:03:19.035060,2025-07-01 16:38:01.077929,0 days 00:34:42.042869,30,23,7,6,83,19,4,COMPLETE
91,13530.85122989925,2025-07-01 16:03:19.179983,2025-07-01 16:37:37.103080,0 days 00:34:17.923097,29,7,10,21,85,31,1,COMPLETE
92,3436.8999081651345,2025-07-01 16:03:19.438001,2025-07-01 16:38:34.439773,0 days 00:35:15.001772,17,14,7,12,83,20,4,COMPLETE
93,5715.322395204481,2025-07-01 16:03:19.526476,2025-07-01 16:41:00.285563,0 days 00:37:40.759087,21,6,9,11,80,10,2,COMPLETE
94,2762.9606984811144,2025-07-01 16:03:19.569930,2025-07-01 16:36:54.284778,0 days 00:33:34.714848,26,20,9,10,68,31,4,COMPLETE
95,6731.414814009976,2025-07-01 16:03:19.767588,2025-07-01 16:39:04.036169,0 days 00:35:44.268581,23,6,8,18,86,18,2,COMPLETE
96,7502.250624339082,2025-07-01 16:03:20.143302,2025-07-01 16:37:24.051002,0 days 00:34:03.907700,24,21,7,13,86,11,5,COMPLETE
97,4308.077377894145,2025-07-01 16:03:20.517703,2025-07-01 16:39:37.321470,0 days 00:36:16.803767,14,17,9,13,75,19,2,COMPLETE
98,2252.315415116147,2025-07-01 16:03:20.913423,2025-07-01 16:38:43.552987,0 days 00:35:22.639564,24,11,2,10,67,22,1,COMPLETE
99,3566.345184593106,2025-07-01 16:03:21.115456,2025-07-01 16:42:05.422874,0 days 00:38:44.307418,19,21,8,8,68,25,2,COMPLETE
100,3425.7850698655466,2025-07-01 16:03:21.156630,2025-07-01 16:41:56.746184,0 days 00:38:35.589554,10,17,4,13,64,31,2,COMPLETE
101,8301.419070615208,2025-07-01 16:03:21.317783,2025-07-01 16:40:23.378306,0 days 00:37:02.060523,3,20,6,16,90,36,2,COMPLETE
102,-3032.224468370552,2025-07-01 16:03:21.461619,2025-07-01 16:41:42.718735,0 days 00:38:21.257116,12,13,10,7,88,22,1,COMPLETE
103,5135.953439115788,2025-07-01 16:03:21.734708,2025-07-01 16:41:27.351099,0 days 00:38:05.616391,0,19,5,12,63,15,3,COMPLETE
104,4056.5141135483727,2025-07-01 16:03:21.914906,2025-07-01 16:41:16.688695,0 days 00:37:54.773789,4,23,7,15,82,38,2,COMPLETE
105,5711.545006397717,2025-07-01 16:03:22.081963,2025-07-01 16:39:57.664777,0 days 00:36:35.582814,3,16,7,17,75,27,3,COMPLETE
106,1294.6335409886196,2025-07-01 16:03:22.281794,2025-07-01 16:39:48.507804,0 days 00:36:26.226010,1,21,5,7,73,27,1,COMPLETE
107,4565.003231732084,2025-07-01 16:03:22.587776,2025-07-01 16:40:05.656286,0 days 00:36:43.068510,7,18,5,18,65,38,4,COMPLETE
108,3325.7392368461624,2025-07-01 16:03:23.326089,2025-07-01 16:44:53.921732,0 days 00:41:30.595643,3,26,2,17,65,24,2,COMPLETE
109,2746.294255292496,2025-07-01 16:03:23.378269,2025-07-01 16:41:54.682452,0 days 00:38:31.304183,12,20,3,10,73,37,5,COMPLETE
110,4283.890057216393,2025-07-01 16:03:23.718616,2025-07-01 16:45:32.117645,0 days 00:42:08.399029,24,30,7,8,75,14,3,COMPLETE
111,5552.20729349754,2025-07-01 16:03:23.862776,2025-07-01 16:41:18.452640,0 days 00:37:54.589864,19,19,4,17,85,38,5,COMPLETE
112,3153.5821124743143,2025-07-01 16:03:23.989549,2025-07-01 16:42:16.108821,0 days 00:38:52.119272,2,10,3,11,80,30,3,COMPLETE
113,7237.039616124471,2025-07-01 16:03:24.250912,2025-07-01 16:43:56.509258,0 days 00:40:32.258346,11,28,10,5,77,20,3,COMPLETE
114,2697.6845391226107,2025-07-01 16:03:24.576414,2025-07-01 16:43:06.734965,0 days 00:39:42.158551,14,29,5,7,61,40,5,COMPLETE
115,4060.6226371088887,2025-07-01 16:03:24.908024,2025-07-01 16:43:05.894986,0 days 00:39:40.986962,7,8,8,10,84,12,2,COMPLETE
116,4600.357416175575,2025-07-01 16:03:25.055946,2025-07-01 16:44:46.257352,0 days 00:41:21.201406,11,9,9,13,90,40,5,COMPLETE
117,8384.485536114302,2025-07-01 16:03:25.288204,2025-07-01 16:41:58.664852,0 days 00:38:33.376648,0,9,5,12,69,11,5,COMPLETE
118,3378.356636543861,2025-07-01 16:03:25.521603,2025-07-01 16:43:39.580322,0 days 00:40:14.058719,21,8,10,8,60,11,5,COMPLETE
119,1727.617811850143,2025-07-01 16:03:25.787359,2025-07-01 16:43:32.069135,0 days 00:40:06.281776,11,23,8,18,84,27,4,COMPLETE
120,5349.636708731116,2025-07-01 16:03:26.245618,2025-07-01 16:45:52.760213,0 days 00:42:26.514595,22,6,7,17,65,16,1,COMPLETE
121,4009.65039258831,2025-07-01 16:03:26.445878,2025-07-01 16:44:44.020888,0 days 00:41:17.575010,16,26,7,12,64,31,2,COMPLETE
122,4347.456033455801,2025-07-01 16:03:26.500502,2025-07-01 16:41:46.668193,0 days 00:38:20.167691,3,16,9,16,65,32,4,COMPLETE
123,5211.264733751219,2025-07-01 16:03:26.758732,2025-07-01 16:47:42.705990,0 days 00:44:15.947258,8,28,3,19,77,33,2,COMPLETE
124,4998.065072681757,2025-07-01 16:03:27.042175,2025-07-01 16:44:55.526391,0 days 00:41:28.484216,17,26,10,15,61,31,5,COMPLETE
125,4537.891349742047,2025-07-01 16:03:27.201934,2025-07-01 16:46:33.156652,0 days 00:43:05.954718,4,8,2,19,81,30,3,COMPLETE
126,4529.497127800869,2025-07-01 16:03:27.335346,2025-07-01 16:46:50.376242,0 days 00:43:23.040896,9,12,2,15,83,17,2,COMPLETE
127,2136.1675193490664,2025-07-01 16:03:27.356800,2025-07-01 16:46:10.279464,0 days 00:42:42.922664,2,25,3,19,83,13,5,COMPLETE
128,4899.194482317509,2025-07-01 16:03:27.521794,2025-07-01 16:43:01.239869,0 days 00:39:33.718075,30,18,3,20,84,31,2,COMPLETE
129,8643.869231183198,2025-07-01 16:03:27.664878,2025-07-01 16:47:28.395155,0 days 00:44:00.730277,0,26,9,16,75,13,5,COMPLETE
130,3347.920477780095,2025-07-01 16:03:27.711231,2025-07-01 16:47:14.869801,0 days 00:43:47.158570,14,22,5,11,83,32,3,COMPLETE
131,3533.012621058202,2025-07-01 16:03:28.174008,2025-07-01 16:48:15.992039,0 days 00:44:47.818031,19,28,2,10,71,24,2,COMPLETE
132,3700.9481579931235,2025-07-01 16:03:28.315205,2025-07-01 16:46:48.261631,0 days 00:43:19.946426,6,22,5,17,66,20,5,COMPLETE
133,2444.037480931449,2025-07-01 16:03:28.646728,2025-07-01 16:49:17.542798,0 days 00:45:48.896070,16,8,4,7,75,33,1,COMPLETE
134,2299.356347871544,2025-07-01 16:03:28.703022,2025-07-01 16:46:56.408155,0 days 00:43:27.705133,12,11,8,6,81,25,3,COMPLETE
135,5228.240250955284,2025-07-01 16:03:28.957035,2025-07-01 16:50:01.593871,0 days 00:46:32.636836,30,25,7,20,73,30,2,COMPLETE
136,2530.800109161848,2025-07-01 16:03:29.495408,2025-07-01 16:48:26.987821,0 days 00:44:57.492413,19,7,9,8,72,14,5,COMPLETE
137,5989.328908112195,2025-07-01 16:03:29.630445,2025-07-01 16:48:04.776786,0 days 00:44:35.146341,7,24,8,19,82,39,4,COMPLETE
138,5518.186926462329,2025-07-01 16:03:29.693629,2025-07-01 16:48:19.771665,0 days 00:44:50.078036,23,22,2,21,76,13,1,COMPLETE
139,4694.20204139871,2025-07-01 16:03:29.981068,2025-07-01 16:49:42.069224,0 days 00:46:12.088156,4,17,5,13,74,27,2,COMPLETE
140,12062.50433336126,2025-07-01 16:03:30.043594,2025-07-01 16:45:46.367489,0 days 00:42:16.323895,1,13,5,5,88,13,4,COMPLETE
141,2578.8513093735146,2025-07-01 16:03:30.487860,2025-07-01 16:51:14.309280,0 days 00:47:43.821420,13,28,5,17,81,33,1,COMPLETE
142,2528.3340073660165,2025-07-01 16:03:30.613928,2025-07-01 16:45:55.297940,0 days 00:42:24.684012,17,17,2,9,72,21,2,COMPLETE
143,3820.8752632904707,2025-07-01 16:03:30.781165,2025-07-01 16:47:27.209790,0 days 00:43:56.428625,20,29,9,20,84,21,5,COMPLETE
144,5765.701047096885,2025-07-01 16:03:31.165723,2025-07-01 16:50:15.869265,0 days 00:46:44.703542,9,28,4,11,65,13,5,COMPLETE
145,4547.412976695534,2025-07-01 16:03:31.324231,2025-07-01 16:51:05.405513,0 days 00:47:34.081282,28,24,4,15,74,27,3,COMPLETE
146,4401.028987749444,2025-07-01 16:03:31.464699,2025-07-01 16:50:26.724156,0 days 00:46:55.259457,11,28,7,15,78,23,1,COMPLETE
147,2846.0478503467384,2025-07-01 16:03:32.030887,2025-07-01 16:50:18.506446,0 days 00:46:46.475559,1,20,7,6,77,33,2,COMPLETE
148,6633.600703898555,2025-07-01 16:03:32.103124,2025-07-01 16:48:28.761473,0 days 00:44:56.658349,24,9,9,12,79,35,5,COMPLETE
149,95.55574475476897,2025-07-01 16:03:32.265406,2025-07-01 16:47:41.087460,0 days 00:44:08.822054,22,25,3,13,89,37,4,COMPLETE
150,6773.507000439849,2025-07-01 16:03:32.344228,2025-07-01 16:49:55.110410,0 days 00:46:22.766182,28,6,10,11,78,23,5,COMPLETE
151,3536.6163904657587,2025-07-01 16:03:32.616798,2025-07-01 16:50:40.132753,0 days 00:47:07.515955,25,14,10,9,80,31,5,COMPLETE
152,4842.736400112592,2025-07-01 16:03:32.753942,2025-07-01 16:49:13.863540,0 days 00:45:41.109598,6,6,5,19,68,15,2,COMPLETE
153,5545.654021755552,2025-07-01 16:03:32.881204,2025-07-01 16:49:16.252136,0 days 00:45:43.370932,6,29,6,5,65,13,4,COMPLETE
154,5173.347313160619,2025-07-01 16:03:32.889597,2025-07-01 16:50:13.791008,0 days 00:46:40.901411,14,13,4,17,69,30,3,COMPLETE
155,3291.5671848629117,2025-07-01 16:03:33.054608,2025-07-01 16:50:24.983884,0 days 00:46:51.929276,18,20,5,10,88,19,2,COMPLETE
156,4239.325414094841,2025-07-01 16:03:33.662097,2025-07-01 16:53:11.924542,0 days 00:49:38.262445,6,19,2,14,65,15,5,COMPLETE
157,3543.77384031161,2025-07-01 16:03:33.708232,2025-07-01 16:50:59.727580,0 days 00:47:26.019348,5,16,3,9,60,16,5,COMPLETE
158,1902.9558542354098,2025-07-01 16:03:34.092921,2025-07-01 16:51:38.232072,0 days 00:48:04.139151,17,21,2,6,83,21,1,COMPLETE
159,0.0,2025-07-01 16:03:34.294590,2025-07-01 16:51:49.656247,0 days 00:48:15.361657,0,27,9,7,79,10,5,COMPLETE
160,7748.249217930362,2025-07-01 16:03:34.527806,2025-07-01 16:51:26.610967,0 days 00:47:52.083161,22,21,3,16,64,10,5,COMPLETE
161,15120.453987316016,2025-07-01 16:03:34.645861,2025-07-01 16:50:15.177460,0 days 00:46:40.531599,30,27,6,17,90,24,1,COMPLETE
162,3328.158687236899,2025-07-01 16:03:34.749284,2025-07-01 16:53:02.738332,0 days 00:49:27.989048,7,12,3,15,82,24,4,COMPLETE
163,4289.608888878905,2025-07-01 16:03:34.934459,2025-07-01 16:53:04.700799,0 days 00:49:29.766340,13,7,10,15,73,17,5,COMPLETE
164,-306.0424514981296,2025-07-01 16:03:34.965654,2025-07-01 16:52:32.246871,0 days 00:48:57.281217,29,21,2,5,87,25,2,COMPLETE
165,3201.0418545442044,2025-07-01 16:03:35.342522,2025-07-01 16:49:55.329660,0 days 00:46:19.987138,28,6,6,11,78,38,2,COMPLETE
166,3954.0479872894393,2025-07-01 16:03:35.400338,2025-07-01 16:53:21.100362,0 days 00:49:45.700024,4,21,3,5,87,27,3,COMPLETE
167,4467.430773280179,2025-07-01 16:03:35.685113,2025-07-01 16:50:23.793636,0 days 00:46:48.108523,3,18,6,17,67,32,4,COMPLETE
168,7326.263789521628,2025-07-01 16:03:36.317438,2025-07-01 16:54:07.166741,0 days 00:50:30.849303,12,19,2,6,63,11,3,COMPLETE
169,6679.687027686636,2025-07-01 16:03:36.439581,2025-07-01 16:53:31.440507,0 days 00:49:55.000926,10,17,10,21,73,11,5,COMPLETE
170,4228.174884777911,2025-07-01 16:03:36.485624,2025-07-01 16:53:48.280434,0 days 00:50:11.794810,27,25,3,16,72,39,2,COMPLETE
