number,value,datetime_start,datetime_complete,duration,params_fast,params_macd_fast,params_macd_signal,params_macd_slow,params_rsi_period,params_rsi_threshold,params_slow,params_trend_sma_period,params_volume_ma_period,state
647,-inf,2025-08-06 17:36:20.726871,2025-08-06 17:36:56.250527,0 days 00:00:35.523656,6,18,11,25,17,46,93,29,27,COMPLETE
648,7732.36807557478,2025-08-06 17:36:23.543822,2025-08-06 17:37:01.197650,0 days 00:00:37.653828,9,18,11,25,18,69,79,147,26,COMPLETE
649,83344.04596224304,2025-08-06 17:36:51.768109,2025-08-06 17:37:24.813931,0 days 00:00:33.045822,9,18,12,34,25,69,79,37,35,COMPLETE
650,-inf,2025-08-06 17:36:55.430214,2025-08-06 17:36:58.728313,0 days 00:00:03.298099,9,18,12,16,25,68,80,22,35,COMPLETE
651,45187.65710148643,2025-08-06 17:36:56.272363,2025-08-06 17:37:29.747600,0 days 00:00:33.475237,9,17,10,34,25,69,80,38,28,COMPLETE
652,99134.61021482942,2025-08-06 17:36:58.730387,2025-08-06 17:37:34.799463,0 days 00:00:36.069076,9,17,12,34,26,69,76,10,28,COMPLETE
653,135989.63220521001,2025-08-06 17:37:01.210509,2025-08-06 17:37:37.415115,0 days 00:00:36.204606,5,17,12,34,26,69,76,15,28,COMPLETE
654,85981.44989617917,2025-08-06 17:37:24.849995,2025-08-06 17:38:03.551374,0 days 00:00:38.701379,5,14,10,34,27,70,194,10,28,COMPLETE
655,191977.8831520195,2025-08-06 17:37:29.801012,2025-08-06 17:38:07.030478,0 days 00:00:37.229466,5,14,8,34,26,68,74,14,28,COMPLETE
656,971289.5464418159,2025-08-06 17:37:34.827672,2025-08-06 17:38:11.438310,0 days 00:00:36.610638,5,14,10,36,28,68,88,21,37,COMPLETE
657,43958.6470229892,2025-08-06 17:37:37.427760,2025-08-06 17:38:14.242552,0 days 00:00:36.814792,7,15,9,36,27,67,67,21,26,COMPLETE
658,176606.71239339624,2025-08-06 17:38:03.599779,2025-08-06 17:38:39.319174,0 days 00:00:35.719395,7,14,9,36,28,67,89,21,26,COMPLETE
659,166074.11811647043,2025-08-06 17:38:07.057846,2025-08-06 17:38:41.867465,0 days 00:00:34.809619,7,15,9,36,27,67,89,21,26,COMPLETE
660,360256.38272278424,2025-08-06 17:38:11.509350,2025-08-06 17:38:48.355102,0 days 00:00:36.845752,7,14,9,36,28,67,88,23,37,COMPLETE
661,168844.56171294214,2025-08-06 17:38:14.243896,2025-08-06 17:38:51.073158,0 days 00:00:36.829262,7,14,10,36,14,70,88,35,38,COMPLETE
662,92831.44951967556,2025-08-06 17:38:39.358355,2025-08-06 17:39:13.431982,0 days 00:00:34.073627,7,9,10,36,28,70,99,25,36,COMPLETE
663,297787.79945007124,2025-08-06 17:38:41.900040,2025-08-06 17:39:17.890544,0 days 00:00:35.990504,7,14,10,35,28,70,84,35,37,COMPLETE
664,76245.65339818728,2025-08-06 17:38:48.382477,2025-08-06 17:39:25.629983,0 days 00:00:37.247506,11,14,8,35,28,68,84,31,37,COMPLETE
665,78869.43110847622,2025-08-06 17:38:51.097151,2025-08-06 17:39:28.343788,0 days 00:00:37.246637,11,14,10,37,28,68,84,32,37,COMPLETE
666,53009.25500718815,2025-08-06 17:39:13.475510,2025-08-06 17:39:49.039542,0 days 00:00:35.564032,10,14,9,35,28,68,83,32,36,COMPLETE
667,9829.686374780042,2025-08-06 17:39:17.935258,2025-08-06 17:39:52.756237,0 days 00:00:34.820979,12,13,8,37,28,68,92,42,38,COMPLETE
668,29948.84622876712,2025-08-06 17:39:25.643046,2025-08-06 17:40:05.045207,0 days 00:00:39.402161,10,14,9,37,28,68,94,45,36,COMPLETE
669,88303.81441109888,2025-08-06 17:39:28.452310,2025-08-06 17:40:06.719267,0 days 00:00:38.266957,10,14,8,35,28,68,92,43,38,COMPLETE
670,48244.81471362835,2025-08-06 17:39:49.093032,2025-08-06 17:40:25.118578,0 days 00:00:36.025546,8,14,8,37,28,67,94,27,35,COMPLETE
671,40046.76671806837,2025-08-06 17:39:52.780027,2025-08-06 17:40:28.440398,0 days 00:00:35.660371,8,14,9,36,28,67,94,26,35,COMPLETE
672,169041.30517551067,2025-08-06 17:40:05.098535,2025-08-06 17:40:42.023791,0 days 00:00:36.925256,8,15,9,35,25,69,88,26,37,COMPLETE
673,184323.2645732173,2025-08-06 17:40:06.736203,2025-08-06 17:40:45.794264,0 days 00:00:39.058061,8,14,9,36,25,69,88,26,35,COMPLETE
674,8785.300668553262,2025-08-06 17:40:25.161608,2025-08-06 17:41:01.467285,0 days 00:00:36.305677,8,14,9,36,27,69,88,286,33,COMPLETE
675,479352.45620315644,2025-08-06 17:40:28.463467,2025-08-06 17:41:03.995525,0 days 00:00:35.532058,5,13,9,36,25,69,87,26,39,COMPLETE
676,569830.8219977372,2025-08-06 17:40:42.036504,2025-08-06 17:41:17.022241,0 days 00:00:34.985737,5,13,10,36,27,69,87,21,34,COMPLETE
677,37323.88633495178,2025-08-06 17:40:45.853098,2025-08-06 17:41:22.349348,0 days 00:00:36.496250,5,15,10,33,27,70,98,51,39,COMPLETE
678,238368.4488775169,2025-08-06 17:41:01.521566,2025-08-06 17:41:38.945686,0 days 00:00:37.424120,5,15,7,33,26,70,82,21,34,COMPLETE
679,83125.36606580777,2025-08-06 17:41:04.002123,2025-08-06 17:41:40.184400,0 days 00:00:36.182277,6,13,10,35,26,67,81,37,39,COMPLETE
680,132287.69121030412,2025-08-06 17:41:17.130178,2025-08-06 17:41:53.197158,0 days 00:00:36.066980,5,10,9,36,26,67,82,34,34,COMPLETE
681,191827.3312703238,2025-08-06 17:41:22.438279,2025-08-06 17:42:00.623135,0 days 00:00:38.184856,5,10,9,36,26,67,81,36,35,COMPLETE
682,141119.0993552278,2025-08-06 17:41:38.983398,2025-08-06 17:42:13.647326,0 days 00:00:34.663928,6,13,9,36,25,67,82,37,34,COMPLETE
683,19186.708705941677,2025-08-06 17:41:40.201232,2025-08-06 17:42:15.985979,0 days 00:00:35.784747,6,13,9,36,25,68,80,167,34,COMPLETE
684,24432.346492342072,2025-08-06 17:41:53.212236,2025-08-06 17:42:29.964493,0 days 00:00:36.752257,6,13,9,36,25,68,81,139,36,COMPLETE
685,95143.36717404188,2025-08-06 17:42:00.660658,2025-08-06 17:42:36.652509,0 days 00:00:35.991851,6,13,9,36,25,68,86,29,34,COMPLETE
686,194767.16276043968,2025-08-06 17:42:13.683906,2025-08-06 17:42:50.780981,0 days 00:00:37.097075,6,13,9,18,25,68,85,29,37,COMPLETE
687,130799.0940732924,2025-08-06 17:42:16.044958,2025-08-06 17:42:53.591063,0 days 00:00:37.546105,6,13,8,35,26,68,86,30,37,COMPLETE
688,8609.146693300065,2025-08-06 17:42:30.052747,2025-08-06 17:43:08.372848,0 days 00:00:38.320101,7,13,10,18,26,69,160,29,37,COMPLETE
689,218067.86926860624,2025-08-06 17:42:36.725621,2025-08-06 17:43:14.712156,0 days 00:00:37.986535,7,13,9,34,26,69,75,28,36,COMPLETE
690,168538.9752931088,2025-08-06 17:42:50.797861,2025-08-06 17:43:25.636836,0 days 00:00:34.838975,7,13,10,34,26,69,75,24,36,COMPLETE
691,69957.0761893447,2025-08-06 17:42:53.619740,2025-08-06 17:43:27.624445,0 days 00:00:34.004705,7,13,10,35,26,69,92,23,36,COMPLETE
692,232140.15549238242,2025-08-06 17:43:08.525258,2025-08-06 17:43:44.970771,0 days 00:00:36.445513,5,13,10,35,27,69,73,23,36,COMPLETE
693,200793.17249214565,2025-08-06 17:43:14.759771,2025-08-06 17:43:50.049490,0 days 00:00:35.289719,5,13,10,35,27,69,92,22,39,COMPLETE
694,293530.4111753898,2025-08-06 17:43:25.686165,2025-08-06 17:44:03.777012,0 days 00:00:38.090847,5,13,10,35,27,69,93,22,38,COMPLETE
695,6491.1705367629365,2025-08-06 17:43:27.653438,2025-08-06 17:44:05.978793,0 days 00:00:38.325355,49,13,10,37,27,69,96,20,39,COMPLETE
696,46787.696169127805,2025-08-06 17:43:44.992817,2025-08-06 17:44:19.017695,0 days 00:00:34.024878,9,13,9,37,27,70,97,19,39,COMPLETE
697,33636.04280902203,2025-08-06 17:43:50.061546,2025-08-06 17:44:24.973383,0 days 00:00:34.911837,9,13,10,37,27,70,99,18,35,COMPLETE
698,8897.597249542712,2025-08-06 17:44:03.894835,2025-08-06 17:44:41.557788,0 days 00:00:37.662953,38,13,10,37,24,70,87,17,35,COMPLETE
699,28339.57094222665,2025-08-06 17:44:06.018380,2025-08-06 17:44:43.795341,0 days 00:00:37.776961,9,16,10,32,24,70,87,16,33,COMPLETE
700,37766.004557404754,2025-08-06 17:44:19.040937,2025-08-06 17:44:56.500263,0 days 00:00:37.459326,9,16,10,32,25,67,88,15,35,COMPLETE
701,310439.24712433043,2025-08-06 17:44:24.986377,2025-08-06 17:45:02.467143,0 days 00:00:37.480766,5,10,9,33,19,67,86,39,33,COMPLETE
702,69812.99189589612,2025-08-06 17:44:41.673537,2025-08-06 17:45:14.848645,0 days 00:00:33.175108,8,16,10,32,25,67,89,33,33,COMPLETE
703,409720.3389375153,2025-08-06 17:44:43.829553,2025-08-06 17:45:19.175217,0 days 00:00:35.345664,5,16,8,33,25,68,89,33,33,COMPLETE
704,3614.0459280958894,2025-08-06 17:44:56.576780,2025-08-06 17:45:36.707882,0 days 00:00:40.131102,5,9,8,34,25,57,78,33,34,COMPLETE
705,62752.114640275824,2025-08-06 17:45:02.483705,2025-08-06 17:45:40.712508,0 days 00:00:38.228803,7,9,8,41,26,68,78,33,34,COMPLETE
706,7675.656028439395,2025-08-06 17:45:14.899386,2025-08-06 17:45:53.442719,0 days 00:00:38.543333,7,12,8,34,26,57,79,26,37,COMPLETE
707,494.8412529121565,2025-08-06 17:45:19.186758,2025-08-06 17:45:56.322968,0 days 00:00:37.136210,32,15,7,33,25,59,92,32,34,COMPLETE
708,-inf,2025-08-06 17:45:36.740122,2025-08-06 17:46:14.643290,0 days 00:00:37.903168,5,16,7,33,25,34,93,27,33,COMPLETE
709,179521.32991146305,2025-08-06 17:45:40.740461,2025-08-06 17:46:16.389903,0 days 00:00:35.649442,5,17,8,33,24,68,92,26,33,COMPLETE
710,145735.45358650788,2025-08-06 17:45:53.518647,2025-08-06 17:46:34.920588,0 days 00:00:41.401941,5,15,7,33,24,68,91,48,33,COMPLETE
711,85214.11628416285,2025-08-06 17:45:56.344840,2025-08-06 17:46:36.737998,0 days 00:00:40.393158,5,16,8,33,24,68,96,42,33,COMPLETE
712,48485.13623410683,2025-08-06 17:46:14.716458,2025-08-06 17:46:54.928492,0 days 00:00:40.212034,19,17,7,32,24,68,97,40,32,COMPLETE
713,43936.98322710852,2025-08-06 17:46:16.396219,2025-08-06 17:46:53.797474,0 days 00:00:37.401255,5,16,9,32,24,68,97,44,34,COMPLETE
714,68987.183775431,2025-08-06 17:46:34.927109,2025-08-06 17:47:13.627334,0 days 00:00:38.700225,7,16,7,32,25,67,98,38,32,COMPLETE
715,366304.8089159603,2025-08-06 17:46:36.761913,2025-08-06 17:47:11.460871,0 days 00:00:34.698958,7,17,9,32,25,67,84,16,32,COMPLETE
716,415279.7535883872,2025-08-06 17:46:53.809518,2025-08-06 17:47:30.954372,0 days 00:00:37.144854,7,17,9,34,25,67,85,10,32,COMPLETE
717,11811.97890301264,2025-08-06 17:46:54.955097,2025-08-06 17:47:33.795819,0 days 00:00:38.840722,70,15,8,34,23,69,84,10,35,COMPLETE
718,186031.1692072807,2025-08-06 17:47:11.473088,2025-08-06 17:47:48.529045,0 days 00:00:37.055957,7,17,9,34,25,67,83,21,32,COMPLETE
719,440070.9686357372,2025-08-06 17:47:13.680703,2025-08-06 17:47:51.624702,0 days 00:00:37.943999,7,5,6,15,25,66,84,21,32,COMPLETE
720,122779.66409064425,2025-08-06 17:47:31.029033,2025-08-06 17:48:07.099089,0 days 00:00:36.070056,10,17,8,28,25,66,72,17,32,COMPLETE
721,24.91084451452242,2025-08-06 17:47:33.835726,2025-08-06 17:48:07.419540,0 days 00:00:33.583814,10,17,5,29,25,51,72,16,32,COMPLETE
722,135805.66212701963,2025-08-06 17:47:48.571599,2025-08-06 17:48:14.700516,0 days 00:00:26.128917,10,17,5,28,25,66,77,15,32,COMPLETE
723,-inf,2025-08-06 17:47:51.662831,2025-08-06 17:47:58.039920,0 days 00:00:06.377089,9,17,8,15,25,66,71,15,33,COMPLETE
724,-inf,2025-08-06 17:47:58.061856,2025-08-06 17:48:06.434750,0 days 00:00:08.372894,10,17,5,16,25,66,78,14,32,COMPLETE
725,-inf,2025-08-06 17:48:06.456810,2025-08-06 17:48:09.526943,0 days 00:00:03.070133,7,17,6,15,25,66,80,14,33,COMPLETE
726,6508.664114324533,2025-08-06 17:48:07.116712,2025-08-06 17:48:39.897935,0 days 00:00:32.781223,7,5,9,16,25,55,80,10,33,COMPLETE
727,-inf,2025-08-06 17:48:07.431303,2025-08-06 17:48:10.387551,0 days 00:00:02.956248,7,17,5,16,24,66,81,10,33,COMPLETE
728,-inf,2025-08-06 17:48:09.565312,2025-08-06 17:48:12.784179,0 days 00:00:03.218867,6,17,6,15,24,67,82,13,34,COMPLETE
729,146072.5266748446,2025-08-06 17:48:10.388901,2025-08-06 17:48:45.128193,0 days 00:00:34.739292,6,5,5,15,25,67,86,14,32,COMPLETE
730,110414.30224226035,2025-08-06 17:48:12.821911,2025-08-06 17:48:50.492354,0 days 00:00:37.670443,8,6,9,17,25,67,89,18,32,COMPLETE
731,44182.11335232884,2025-08-06 17:48:14.712727,2025-08-06 17:48:50.337866,0 days 00:00:35.625139,8,6,7,16,24,67,89,181,31,COMPLETE
732,3715.5421483519426,2025-08-06 17:48:39.914894,2025-08-06 17:49:15.439368,0 days 00:00:35.524474,64,5,9,15,24,67,89,20,31,COMPLETE
733,172122.8887962787,2025-08-06 17:48:45.145074,2025-08-06 17:49:19.617023,0 days 00:00:34.471949,8,6,6,17,24,70,86,20,31,COMPLETE
734,-inf,2025-08-06 17:48:50.350252,2025-08-06 17:48:53.605316,0 days 00:00:03.255064,5,17,9,15,24,70,35,22,31,COMPLETE
735,275526.2115472699,2025-08-06 17:48:50.505617,2025-08-06 17:49:24.924358,0 days 00:00:34.418741,5,5,6,30,24,70,84,20,31,COMPLETE
736,385183.8247065457,2025-08-06 17:48:53.632672,2025-08-06 17:49:29.236360,0 days 00:00:35.603688,5,5,6,35,24,69,84,28,34,COMPLETE
737,375995.99561124755,2025-08-06 17:49:15.461584,2025-08-06 17:49:53.503818,0 days 00:00:38.042234,5,5,8,34,23,69,84,28,33,COMPLETE
738,362346.10881781596,2025-08-06 17:49:19.660822,2025-08-06 17:49:58.384486,0 days 00:00:38.723664,5,5,8,30,23,69,84,28,34,COMPLETE
739,38841.19026097058,2025-08-06 17:49:24.947720,2025-08-06 17:50:02.043103,0 days 00:00:37.095383,6,17,8,33,23,69,143,28,34,COMPLETE
740,249567.6783751134,2025-08-06 17:49:29.262997,2025-08-06 17:50:03.448455,0 days 00:00:34.185458,5,5,11,35,23,69,76,32,34,COMPLETE
741,27138.31164773493,2025-08-06 17:49:53.541455,2025-08-06 17:50:28.442040,0 days 00:00:34.900585,5,5,6,34,23,69,76,223,34,COMPLETE
742,99042.75097073615,2025-08-06 17:49:58.407887,2025-08-06 17:50:33.871934,0 days 00:00:35.464047,6,5,6,34,23,69,76,33,34,COMPLETE
743,251318.18774704653,2025-08-06 17:50:02.049706,2025-08-06 17:50:38.581854,0 days 00:00:36.532148,5,5,6,35,23,69,76,35,34,COMPLETE
744,80064.19386511708,2025-08-06 17:50:03.497174,2025-08-06 17:50:41.630059,0 days 00:00:38.132885,6,5,6,34,23,70,78,38,35,COMPLETE
745,76999.26044557638,2025-08-06 17:50:28.459293,2025-08-06 17:51:04.224700,0 days 00:00:35.765407,6,5,8,35,22,70,81,35,35,COMPLETE
746,113727.89276628639,2025-08-06 17:50:33.901000,2025-08-06 17:51:07.672557,0 days 00:00:33.771557,6,6,7,35,22,70,81,36,33,COMPLETE
747,10626.02205039575,2025-08-06 17:50:38.600840,2025-08-06 17:51:12.617970,0 days 00:00:34.017130,25,5,6,34,22,70,81,95,33,COMPLETE
748,14321.20408064221,2025-08-06 17:50:41.636215,2025-08-06 17:51:17.712873,0 days 00:00:36.076658,8,5,5,35,22,68,91,94,33,COMPLETE
749,14174.98872655562,2025-08-06 17:51:04.281467,2025-08-06 17:51:39.246196,0 days 00:00:34.964729,8,5,7,33,24,68,91,192,33,COMPLETE
750,33378.725235636244,2025-08-06 17:51:07.683898,2025-08-06 17:51:43.302403,0 days 00:00:35.618505,8,5,7,33,24,68,91,30,33,COMPLETE
751,7673.743147951813,2025-08-06 17:51:12.624854,2025-08-06 17:51:49.349221,0 days 00:00:36.724367,34,5,5,33,24,68,91,28,33,COMPLETE
752,35146.02586868165,2025-08-06 17:51:17.747363,2025-08-06 17:51:52.541550,0 days 00:00:34.794187,8,6,7,33,24,68,87,57,35,COMPLETE
753,74781.76104993891,2025-08-06 17:51:39.358068,2025-08-06 17:52:18.374452,0 days 00:00:39.016384,7,5,6,33,23,68,87,53,35,COMPLETE
754,93088.43111948148,2025-08-06 17:51:43.371636,2025-08-06 17:52:21.257530,0 days 00:00:37.885894,5,5,6,34,23,69,86,56,35,COMPLETE
755,111868.29003580206,2025-08-06 17:51:49.365961,2025-08-06 17:52:24.955168,0 days 00:00:35.589207,5,5,6,36,23,69,86,50,35,COMPLETE
756,260139.17229992826,2025-08-06 17:51:52.587529,2025-08-06 17:52:26.907432,0 days 00:00:34.319903,5,5,8,34,23,69,86,26,32,COMPLETE
757,37031.903281991865,2025-08-06 17:52:18.401452,2025-08-06 17:52:54.911685,0 days 00:00:36.510233,17,5,8,47,23,69,86,42,32,COMPLETE
758,29234.318722888802,2025-08-06 17:52:21.282094,2025-08-06 17:52:56.054080,0 days 00:00:34.771986,12,5,10,36,23,70,84,26,31,COMPLETE
759,35713.98886069513,2025-08-06 17:52:24.957184,2025-08-06 17:53:00.055168,0 days 00:00:35.097984,12,5,8,35,21,70,83,41,32,COMPLETE
760,-inf,2025-08-06 17:52:26.926474,2025-08-06 17:53:01.773832,0 days 00:00:34.847358,11,5,7,35,24,39,81,42,32,COMPLETE
761,59809.236734782266,2025-08-06 17:52:54.918299,2025-08-06 17:53:34.951481,0 days 00:00:40.033182,9,5,11,35,21,70,94,28,31,COMPLETE
762,27916.64232615362,2025-08-06 17:52:56.092622,2025-08-06 17:53:33.201448,0 days 00:00:37.108826,9,6,7,35,24,70,94,30,34,COMPLETE
763,28694.410484641452,2025-08-06 17:53:00.072101,2025-08-06 17:53:37.114717,0 days 00:00:37.042616,9,6,7,35,24,68,94,31,31,COMPLETE
764,34833.538374168624,2025-08-06 17:53:01.776779,2025-08-06 17:53:38.754540,0 days 00:00:36.977761,9,12,7,34,24,68,94,30,34,COMPLETE
765,157212.65555949387,2025-08-06 17:53:33.239217,2025-08-06 17:54:08.052295,0 days 00:00:34.813078,7,12,6,34,25,68,92,25,31,COMPLETE
766,66439.92070286287,2025-08-06 17:53:35.001755,2025-08-06 17:54:08.367005,0 days 00:00:33.365250,7,12,6,34,25,68,90,24,31,COMPLETE
767,209249.23284591068,2025-08-06 17:53:37.181304,2025-08-06 17:54:13.075587,0 days 00:00:35.894283,7,12,6,34,25,69,89,24,33,COMPLETE
768,78786.91842577432,2025-08-06 17:53:38.763937,2025-08-06 17:54:15.070500,0 days 00:00:36.306563,7,16,6,36,25,69,90,23,33,COMPLETE
769,-inf,2025-08-06 17:54:08.059005,2025-08-06 17:54:13.348318,0 days 00:00:05.289313,7,16,6,16,25,69,80,24,33,COMPLETE
770,-inf,2025-08-06 17:54:08.390162,2025-08-06 17:54:13.410462,0 days 00:00:05.020300,6,16,10,16,25,69,79,21,36,COMPLETE
771,-inf,2025-08-06 17:54:13.077115,2025-08-06 17:54:15.207755,0 days 00:00:02.130640,5,16,10,16,24,69,79,125,30,COMPLETE
772,138666.70558988,2025-08-06 17:54:13.355380,2025-08-06 17:54:48.876751,0 days 00:00:35.521371,5,6,20,36,24,69,83,34,30,COMPLETE
773,133241.7300089705,2025-08-06 17:54:13.418195,2025-08-06 17:54:48.484478,0 days 00:00:35.066283,5,6,11,36,22,70,83,36,30,COMPLETE
774,144177.61076446375,2025-08-06 17:54:15.071827,2025-08-06 17:54:51.204191,0 days 00:00:36.132364,5,6,12,36,24,70,83,35,32,COMPLETE
775,293246.8210170723,2025-08-06 17:54:15.209706,2025-08-06 17:54:51.864856,0 days 00:00:36.655150,5,18,11,36,26,67,84,37,32,COMPLETE
776,1084.9993430335112,2025-08-06 17:54:48.491172,2025-08-06 17:55:23.700827,0 days 00:00:35.209655,51,18,12,37,26,67,187,32,32,COMPLETE
777,23217.47828513049,2025-08-06 17:54:48.896100,2025-08-06 17:55:25.107033,0 days 00:00:36.210933,7,18,12,32,16,67,100,19,34,COMPLETE
778,3722.403426943694,2025-08-06 17:54:51.220774,2025-08-06 17:55:27.414359,0 days 00:00:36.193585,7,18,5,31,12,67,102,19,34,COMPLETE
779,41265.60556721556,2025-08-06 17:54:51.871129,2025-08-06 17:55:28.450235,0 days 00:00:36.579106,7,18,8,31,23,68,101,19,34,COMPLETE
780,-inf,2025-08-06 17:55:23.867480,2025-08-06 17:55:59.956844,0 days 00:00:36.089364,7,10,5,32,23,30,75,19,36,COMPLETE
781,218732.67972287233,2025-08-06 17:55:25.120593,2025-08-06 17:56:00.062360,0 days 00:00:34.941767,7,10,9,31,23,68,74,20,36,COMPLETE
782,266685.3849280288,2025-08-06 17:55:27.450613,2025-08-06 17:56:04.482494,0 days 00:00:37.031881,9,10,8,33,23,68,75,27,35,COMPLETE
783,318389.6780681447,2025-08-06 17:55:28.454492,2025-08-06 17:56:05.368255,0 days 00:00:36.913763,10,5,13,33,23,68,74,27,36,COMPLETE
784,67199.57133401628,2025-08-06 17:55:59.963238,2025-08-06 17:56:37.646726,0 days 00:00:37.683488,9,5,9,33,26,68,88,28,32,COMPLETE
785,11277.857733859008,2025-08-06 17:56:00.063316,2025-08-06 17:56:33.824138,0 days 00:00:33.760822,58,12,13,33,22,70,88,27,32,COMPLETE
786,75507.3912238818,2025-08-06 17:56:04.488640,2025-08-06 17:56:39.903731,0 days 00:00:35.415091,57,12,13,35,25,70,176,27,30,COMPLETE
787,484374.6411667795,2025-08-06 17:56:05.371726,2025-08-06 17:56:41.318953,0 days 00:00:35.947227,5,12,10,35,25,70,88,14,30,COMPLETE
788,27194.952071833926,2025-08-06 17:56:33.825338,2025-08-06 17:57:11.007718,0 days 00:00:37.182380,42,12,10,35,25,69,88,15,30,COMPLETE
789,170170.54101296305,2025-08-06 17:56:37.684468,2025-08-06 17:57:16.809168,0 days 00:00:39.124700,5,17,10,35,25,66,96,10,30,COMPLETE
790,-inf,2025-08-06 17:56:39.960361,2025-08-06 17:57:17.357148,0 days 00:00:37.396787,5,13,10,34,6,47,96,15,31,COMPLETE
791,172788.84190128147,2025-08-06 17:56:41.323189,2025-08-06 17:57:18.852709,0 days 00:00:37.529520,5,12,10,34,25,66,97,10,30,COMPLETE
792,109017.53603036208,2025-08-06 17:57:11.030236,2025-08-06 17:57:44.716383,0 days 00:00:33.686147,5,12,10,34,25,66,96,15,30,COMPLETE
793,126114.1048315859,2025-08-06 17:57:16.846769,2025-08-06 17:57:52.171725,0 days 00:00:35.324956,5,12,10,34,26,69,92,14,31,COMPLETE
794,267864.69198187557,2025-08-06 17:57:17.363531,2025-08-06 17:57:50.503970,0 days 00:00:33.140439,5,12,10,34,26,69,91,14,31,COMPLETE
795,-inf,2025-08-06 17:57:18.870799,2025-08-06 17:57:21.550035,0 days 00:00:02.679236,6,17,10,15,26,69,80,10,31,COMPLETE
796,30.968018188695428,2025-08-06 17:57:21.577653,2025-08-06 17:57:57.868541,0 days 00:00:36.290888,6,12,10,34,26,52,91,16,30,COMPLETE
797,68787.74902559251,2025-08-06 17:57:44.723239,2025-08-06 17:58:20.834463,0 days 00:00:36.111224,6,12,11,35,26,69,91,22,31,COMPLETE
798,332246.2591189975,2025-08-06 17:57:50.533148,2025-08-06 17:58:25.620208,0 days 00:00:35.087060,6,11,11,35,26,70,84,21,31,COMPLETE
799,196567.11355789664,2025-08-06 17:57:52.184855,2025-08-06 17:58:29.014570,0 days 00:00:36.829715,8,11,11,35,24,70,84,23,33,COMPLETE
800,164539.1055279317,2025-08-06 17:57:57.968322,2025-08-06 17:58:36.280006,0 days 00:00:38.311684,8,11,11,35,24,70,83,22,32,COMPLETE
801,165996.28898126737,2025-08-06 17:58:20.851764,2025-08-06 17:58:55.980419,0 days 00:00:35.128655,8,11,9,35,25,70,83,22,33,COMPLETE
802,73338.41655323388,2025-08-06 17:58:25.657483,2025-08-06 17:59:03.217935,0 days 00:00:37.560452,8,11,9,35,24,70,68,32,32,COMPLETE
803,46212.58319387016,2025-08-06 17:58:29.064427,2025-08-06 17:59:06.125649,0 days 00:00:37.061222,8,16,9,36,20,68,69,31,29,COMPLETE
804,54769.569633945284,2025-08-06 17:58:36.292293,2025-08-06 17:59:10.617357,0 days 00:00:34.325064,8,16,9,36,14,68,68,10,29,COMPLETE
805,51329.41859585701,2025-08-06 17:58:56.012579,2025-08-06 17:59:34.576888,0 days 00:00:38.564309,7,16,9,33,25,68,78,33,29,COMPLETE
806,61792.96481542008,2025-08-06 17:59:03.224197,2025-08-06 17:59:41.011428,0 days 00:00:37.787231,6,16,15,36,25,68,78,10,29,COMPLETE
807,68346.73845419675,2025-08-06 17:59:06.148414,2025-08-06 17:59:43.229151,0 days 00:00:37.080737,6,10,15,33,25,67,78,40,30,COMPLETE
808,70892.1585180399,2025-08-06 17:59:10.656718,2025-08-06 17:59:47.332303,0 days 00:00:36.675585,6,10,15,33,25,67,79,39,30,COMPLETE
809,34113.10974148494,2025-08-06 17:59:34.629708,2025-08-06 18:00:11.705036,0 days 00:00:37.075328,5,10,15,34,25,67,88,239,30,COMPLETE
810,90544.0451878453,2025-08-06 17:59:41.044758,2025-08-06 18:00:15.509714,0 days 00:00:34.464956,5,10,10,34,25,60,87,18,44,COMPLETE
