number,value,datetime_start,datetime_complete,duration,params_fast,params_macd_fast,params_macd_signal,params_macd_slow,params_rsi_period,params_rsi_threshold,params_slow,params_trend_sma_period,params_volume_ma_period,state
485,27048.545912582405,2025-08-06 17:11:53.213592,2025-08-06 17:12:30.033277,0 days 00:00:36.819685,9,6,15,20,27,69,46,14,29,COMPLETE
486,34555.87897308397,2025-08-06 17:11:54.776325,2025-08-06 17:12:29.385485,0 days 00:00:34.609160,9,20,13,38,29,68,149,10,28,COMPLETE
487,29340.997361233047,2025-08-06 17:12:01.479615,2025-08-06 17:12:36.981399,0 days 00:00:35.501784,9,7,12,36,29,68,173,19,29,COMPLETE
488,32280.287084145773,2025-08-06 17:12:20.230291,2025-08-06 17:12:56.707643,0 days 00:00:36.477352,9,7,15,36,29,68,46,18,43,COMPLETE
489,93680.14214767443,2025-08-06 17:12:29.481497,2025-08-06 17:13:09.034951,0 days 00:00:39.553454,12,7,15,33,24,68,77,18,30,COMPLETE
490,145232.59555223436,2025-08-06 17:12:30.104232,2025-08-06 17:13:06.152563,0 days 00:00:36.048331,11,7,12,36,24,68,79,20,36,COMPLETE
491,17261.723317938307,2025-08-06 17:12:37.002586,2025-08-06 17:13:13.082795,0 days 00:00:36.080209,11,11,15,26,24,68,101,38,30,COMPLETE
492,19812.455329969627,2025-08-06 17:12:56.802264,2025-08-06 17:13:29.160849,0 days 00:00:32.358585,11,13,13,33,24,70,101,31,30,COMPLETE
493,-inf,2025-08-06 17:13:06.286266,2025-08-06 17:13:11.404643,0 days 00:00:05.118377,7,18,13,16,26,70,100,39,30,COMPLETE
494,76154.7469637411,2025-08-06 17:13:09.083384,2025-08-06 17:13:46.411679,0 days 00:00:37.328295,7,18,13,26,23,70,99,39,32,COMPLETE
495,222017.94860594117,2025-08-06 17:13:11.448643,2025-08-06 17:13:50.162447,0 days 00:00:38.713804,6,11,14,25,26,65,84,31,32,COMPLETE
496,228347.12785310746,2025-08-06 17:13:13.114665,2025-08-06 17:13:53.145391,0 days 00:00:40.030726,7,12,14,25,23,69,85,30,28,COMPLETE
497,64790.58162167904,2025-08-06 17:13:29.271482,2025-08-06 17:14:08.429193,0 days 00:00:39.157711,7,12,16,39,23,69,40,30,28,COMPLETE
498,206467.81423391122,2025-08-06 17:13:46.491209,2025-08-06 17:14:24.913471,0 days 00:00:38.422262,6,12,14,25,26,69,85,29,41,COMPLETE
499,749.36123753841,2025-08-06 17:13:50.229005,2025-08-06 17:14:28.295570,0 days 00:00:38.066565,75,12,16,40,23,61,92,15,28,COMPLETE
500,15485.619270691503,2025-08-06 17:13:53.148016,2025-08-06 17:14:31.494671,0 days 00:00:38.346655,25,9,16,43,29,66,92,15,23,COMPLETE
501,18540.813630441422,2025-08-06 17:14:08.467207,2025-08-06 17:14:44.304789,0 days 00:00:35.837582,6,9,14,34,30,61,92,217,23,COMPLETE
502,29835.25434992244,2025-08-06 17:14:24.935887,2025-08-06 17:15:03.218683,0 days 00:00:38.282796,5,8,14,34,28,61,91,231,23,COMPLETE
503,31004.090507956,2025-08-06 17:14:28.366717,2025-08-06 17:15:06.357121,0 days 00:00:37.990404,5,17,17,34,28,62,72,176,23,COMPLETE
504,29206.96925577823,2025-08-06 17:14:31.516744,2025-08-06 17:15:10.743974,0 days 00:00:39.227230,5,8,17,34,27,62,89,100,16,COMPLETE
505,137517.9507512972,2025-08-06 17:14:44.436713,2025-08-06 17:15:24.255249,0 days 00:00:39.818536,5,8,17,27,27,67,88,49,12,COMPLETE
506,68763.82596774265,2025-08-06 17:15:03.257342,2025-08-06 17:15:43.539542,0 days 00:00:40.282200,8,11,17,24,27,67,73,22,16,COMPLETE
507,34350.84526171723,2025-08-06 17:15:06.411184,2025-08-06 17:15:46.755358,0 days 00:00:40.344174,8,11,14,24,27,67,81,22,16,COMPLETE
508,307924.550481108,2025-08-06 17:15:10.789684,2025-08-06 17:15:51.631560,0 days 00:00:40.841876,8,19,14,38,25,67,82,22,29,COMPLETE
509,53275.74956590624,2025-08-06 17:15:24.303837,2025-08-06 17:16:01.498698,0 days 00:00:37.194861,8,11,13,35,25,69,80,22,31,COMPLETE
510,50082.4404319951,2025-08-06 17:15:43.578174,2025-08-06 17:16:19.773192,0 days 00:00:36.195018,8,10,13,35,25,70,80,22,31,COMPLETE
511,125911.47640448758,2025-08-06 17:15:46.774585,2025-08-06 17:16:22.814964,0 days 00:00:36.040379,7,19,13,35,25,69,82,15,38,COMPLETE
512,43448.342874415284,2025-08-06 17:15:51.643306,2025-08-06 17:16:27.835143,0 days 00:00:36.191837,15,19,13,38,24,66,78,15,29,COMPLETE
513,201996.96551796648,2025-08-06 17:16:01.525666,2025-08-06 17:16:36.924941,0 days 00:00:35.399275,10,19,15,39,25,65,77,15,30,COMPLETE
514,13241.734467425638,2025-08-06 17:16:19.868138,2025-08-06 17:16:56.747914,0 days 00:00:36.879776,10,20,15,37,25,66,86,87,29,COMPLETE
515,255783.66866958264,2025-08-06 17:16:22.826825,2025-08-06 17:16:58.967025,0 days 00:00:36.140200,10,19,15,39,24,66,76,10,29,COMPLETE
516,37678.320124310994,2025-08-06 17:16:27.847088,2025-08-06 17:17:04.164041,0 days 00:00:36.316953,10,19,15,39,25,65,87,27,29,COMPLETE
517,30957.351251303295,2025-08-06 17:16:36.984175,2025-08-06 17:17:12.536477,0 days 00:00:35.552302,10,18,18,38,24,65,87,26,29,COMPLETE
518,2765.1906721184573,2025-08-06 17:16:56.785420,2025-08-06 17:17:34.361663,0 days 00:00:37.576243,30,18,18,38,24,64,97,246,29,COMPLETE
519,6304.21126874819,2025-08-06 17:16:58.984288,2025-08-06 17:17:34.737779,0 days 00:00:35.753491,69,18,18,38,24,64,88,26,32,COMPLETE
520,9431.91911872453,2025-08-06 17:17:04.166532,2025-08-06 17:17:40.416935,0 days 00:00:36.250403,62,18,18,37,24,64,95,36,32,COMPLETE
521,57165.06241736587,2025-08-06 17:17:12.691692,2025-08-06 17:17:50.518862,0 days 00:00:37.827170,7,19,14,38,24,68,96,35,31,COMPLETE
522,69760.64359711556,2025-08-06 17:17:34.398496,2025-08-06 17:18:10.176218,0 days 00:00:35.777722,7,19,14,37,26,68,95,35,32,COMPLETE
523,100979.4410460951,2025-08-06 17:17:34.766434,2025-08-06 17:18:09.917140,0 days 00:00:35.150706,7,19,14,37,26,68,95,36,31,COMPLETE
524,165380.2883188279,2025-08-06 17:17:40.438807,2025-08-06 17:18:16.587803,0 days 00:00:36.148996,7,19,14,40,26,68,83,19,31,COMPLETE
525,315866.2128769699,2025-08-06 17:17:50.566822,2025-08-06 17:18:26.552663,0 days 00:00:35.985841,6,19,14,22,26,67,84,10,30,COMPLETE
526,73818.82949594043,2025-08-06 17:18:09.960522,2025-08-06 17:18:44.199755,0 days 00:00:34.239233,6,20,12,36,25,67,83,10,18,COMPLETE
527,115820.04651810437,2025-08-06 17:18:10.203919,2025-08-06 17:18:44.055436,0 days 00:00:33.851517,6,20,12,40,23,67,84,10,30,COMPLETE
528,55448.544009314355,2025-08-06 17:18:16.599959,2025-08-06 17:18:53.493802,0 days 00:00:36.893843,13,20,12,33,23,67,84,15,30,COMPLETE
529,139629.35219322008,2025-08-06 17:18:26.580637,2025-08-06 17:18:59.846806,0 days 00:00:33.266169,6,20,12,21,26,67,83,14,30,COMPLETE
530,36575.41822382205,2025-08-06 17:18:44.139184,2025-08-06 17:19:16.898772,0 days 00:00:32.759588,13,20,16,22,25,67,71,10,30,COMPLETE
531,-inf,2025-08-06 17:18:44.233667,2025-08-06 17:18:50.263742,0 days 00:00:06.030075,13,19,16,18,26,67,73,16,30,COMPLETE
532,190563.12007353862,2025-08-06 17:18:50.292084,2025-08-06 17:19:29.776761,0 days 00:00:39.484677,5,19,14,22,25,67,89,14,28,COMPLETE
533,173610.22508150313,2025-08-06 17:18:53.548236,2025-08-06 17:19:30.951906,0 days 00:00:37.403670,5,19,14,21,25,70,69,10,28,COMPLETE
534,201473.0332763888,2025-08-06 17:18:59.853704,2025-08-06 17:19:35.570163,0 days 00:00:35.716459,5,19,14,21,25,68,90,10,28,COMPLETE
535,172929.41479844667,2025-08-06 17:19:16.936829,2025-08-06 17:19:52.995367,0 days 00:00:36.058538,5,19,14,32,25,70,91,18,28,COMPLETE
536,38773.47001572742,2025-08-06 17:19:29.777973,2025-08-06 17:20:05.081777,0 days 00:00:35.303804,9,13,15,21,26,70,117,22,35,COMPLETE
537,32075.548174074476,2025-08-06 17:19:30.970515,2025-08-06 17:20:08.789140,0 days 00:00:37.818625,8,13,14,32,26,69,91,21,34,COMPLETE
538,36207.91507013209,2025-08-06 17:19:35.583214,2025-08-06 17:20:11.478242,0 days 00:00:35.895028,18,13,15,22,26,69,33,20,34,COMPLETE
539,25098.05924828086,2025-08-06 17:19:53.053080,2025-08-06 17:20:27.007383,0 days 00:00:33.954303,8,13,15,33,26,66,78,20,33,COMPLETE
540,33444.656304578115,2025-08-06 17:20:05.127790,2025-08-06 17:20:42.572938,0 days 00:00:37.445148,8,11,13,36,23,69,77,21,33,COMPLETE
541,5001.681950192008,2025-08-06 17:20:08.806719,2025-08-06 17:20:47.038635,0 days 00:00:38.231916,55,10,13,19,23,68,77,19,32,COMPLETE
542,26862.75994329313,2025-08-06 17:20:11.495765,2025-08-06 17:20:48.222058,0 days 00:00:36.726293,8,11,13,19,23,68,78,19,33,COMPLETE
543,130266.44554738281,2025-08-06 17:20:27.078019,2025-08-06 17:21:00.659547,0 days 00:00:33.581528,6,11,13,36,23,68,80,25,31,COMPLETE
544,260006.07112107938,2025-08-06 17:20:42.616864,2025-08-06 17:21:19.532849,0 days 00:00:36.915985,6,10,13,33,20,68,87,25,31,COMPLETE
545,64394.11632914465,2025-08-06 17:20:47.045564,2025-08-06 17:21:25.308555,0 days 00:00:38.262991,6,11,14,35,15,68,81,27,37,COMPLETE
546,223545.5842062785,2025-08-06 17:20:48.228449,2025-08-06 17:21:24.605840,0 days 00:00:36.377391,6,11,14,33,22,66,87,26,31,COMPLETE
547,127744.39506849006,2025-08-06 17:21:00.733077,2025-08-06 17:21:33.724100,0 days 00:00:32.991023,6,10,14,33,20,69,86,15,42,COMPLETE
548,12296.521569928731,2025-08-06 17:21:19.602833,2025-08-06 17:21:56.949104,0 days 00:00:37.346271,9,12,16,35,24,66,87,157,30,COMPLETE
549,1913.5895213387341,2025-08-06 17:21:24.633118,2025-08-06 17:22:02.368457,0 days 00:00:37.735339,35,12,16,38,24,69,83,15,21,COMPLETE
550,36921.44273114521,2025-08-06 17:21:25.339348,2025-08-06 17:22:03.112701,0 days 00:00:37.773353,9,10,16,37,24,69,93,15,42,COMPLETE
551,-inf,2025-08-06 17:21:33.756380,2025-08-06 17:22:08.603828,0 days 00:00:34.847448,9,12,16,20,24,37,93,14,41,COMPLETE
552,37318.605055073764,2025-08-06 17:21:57.002537,2025-08-06 17:22:35.074942,0 days 00:00:38.072405,8,19,15,39,24,70,93,10,21,COMPLETE
553,108052.09986238723,2025-08-06 17:22:02.391424,2025-08-06 17:22:38.859555,0 days 00:00:36.468131,8,19,14,39,24,70,92,10,29,COMPLETE
554,76455.25824110553,2025-08-06 17:22:03.155765,2025-08-06 17:22:39.050747,0 days 00:00:35.894982,5,19,15,20,22,70,91,114,29,COMPLETE
555,111542.66911916518,2025-08-06 17:22:08.636923,2025-08-06 17:22:43.532042,0 days 00:00:34.895119,5,8,15,22,27,70,129,10,29,COMPLETE
556,130818.50184595835,2025-08-06 17:22:35.102563,2025-08-06 17:23:11.869106,0 days 00:00:36.766543,5,8,14,23,27,70,97,26,29,COMPLETE
557,121856.50500954532,2025-08-06 17:22:38.884377,2025-08-06 17:23:15.532683,0 days 00:00:36.648306,5,11,14,34,27,67,82,31,29,COMPLETE
558,95921.32432626536,2025-08-06 17:22:39.083597,2025-08-06 17:23:15.775536,0 days 00:00:36.691939,5,8,8,34,27,67,102,30,22,COMPLETE
559,1644.4615124842674,2025-08-06 17:22:43.533364,2025-08-06 17:23:19.383253,0 days 00:00:35.849889,7,7,14,34,26,67,153,62,19,COMPLETE
560,191281.29749464375,2025-08-06 17:23:11.902289,2025-08-06 17:23:48.614459,0 days 00:00:36.712170,7,11,14,34,23,67,74,19,32,COMPLETE
561,14089.180022711456,2025-08-06 17:23:15.544969,2025-08-06 17:23:54.337550,0 days 00:00:38.792581,7,9,14,36,25,68,102,207,32,COMPLETE
562,221800.0091257576,2025-08-06 17:23:15.782790,2025-08-06 17:23:53.742131,0 days 00:00:37.959341,7,10,14,36,25,68,74,20,32,COMPLETE
563,-inf,2025-08-06 17:23:19.389365,2025-08-06 17:23:56.141960,0 days 00:00:36.752595,7,9,14,37,25,32,75,43,32,COMPLETE
564,4913.496005349599,2025-08-06 17:23:48.668349,2025-08-06 17:24:25.463089,0 days 00:00:36.794740,11,9,13,36,25,56,86,46,27,COMPLETE
565,56546.21291255441,2025-08-06 17:23:53.787741,2025-08-06 17:24:31.596706,0 days 00:00:37.808965,11,6,13,29,30,69,87,24,30,COMPLETE
566,3505.6157889891074,2025-08-06 17:23:54.350563,2025-08-06 17:24:31.329157,0 days 00:00:36.978594,9,19,13,38,8,69,87,42,27,COMPLETE
567,36132.29752394987,2025-08-06 17:23:56.143215,2025-08-06 17:24:33.191191,0 days 00:00:37.047976,10,19,13,23,30,69,124,24,44,COMPLETE
568,42574.89570218585,2025-08-06 17:24:25.506463,2025-08-06 17:25:00.565819,0 days 00:00:35.059356,9,12,15,38,30,69,82,24,30,COMPLETE
569,42139.26801323935,2025-08-06 17:24:31.416572,2025-08-06 17:25:06.982107,0 days 00:00:35.565535,23,12,15,23,30,66,82,24,30,COMPLETE
570,254125.5352365691,2025-08-06 17:24:31.606944,2025-08-06 17:25:06.567796,0 days 00:00:34.960852,5,10,15,27,22,66,81,18,30,COMPLETE
571,-inf,2025-08-06 17:24:33.192778,2025-08-06 17:25:08.835355,0 days 00:00:35.642577,6,12,15,32,26,44,82,16,31,COMPLETE
572,206940.72777831688,2025-08-06 17:25:00.593665,2025-08-06 17:25:35.217998,0 days 00:00:34.624333,5,11,14,26,23,66,82,17,39,COMPLETE
573,47654.83961082698,2025-08-06 17:25:06.590450,2025-08-06 17:25:42.910326,0 days 00:00:36.319876,7,11,14,17,26,66,97,31,36,COMPLETE
574,57357.661773327156,2025-08-06 17:25:06.983283,2025-08-06 17:25:42.816743,0 days 00:00:35.833460,7,11,17,17,26,68,90,32,25,COMPLETE
575,60601.43054484615,2025-08-06 17:25:08.865919,2025-08-06 17:25:44.952440,0 days 00:00:36.086521,7,11,17,26,23,68,97,15,31,COMPLETE
576,64487.59818010722,2025-08-06 17:25:35.392648,2025-08-06 17:26:09.537496,0 days 00:00:34.144848,7,18,14,35,28,68,98,32,25,COMPLETE
577,86943.47734921363,2025-08-06 17:25:42.860676,2025-08-06 17:26:19.819535,0 days 00:00:36.958859,7,7,14,33,23,68,97,10,36,COMPLETE
578,14682.055847687694,2025-08-06 17:25:42.926291,2025-08-06 17:26:20.298834,0 days 00:00:37.372543,8,18,14,35,28,58,68,10,31,COMPLETE
579,22895.403989851537,2025-08-06 17:25:44.955377,2025-08-06 17:26:21.948983,0 days 00:00:36.993606,40,14,16,35,28,70,89,10,28,COMPLETE
580,303160.6907238212,2025-08-06 17:26:09.583653,2025-08-06 17:26:43.641203,0 days 00:00:34.057550,5,7,16,33,22,69,90,10,28,COMPLETE
581,323617.2776817486,2025-08-06 17:26:19.885108,2025-08-06 17:26:55.916904,0 days 00:00:36.031796,5,8,16,37,24,70,90,19,28,COMPLETE
582,286369.0181206475,2025-08-06 17:26:20.301561,2025-08-06 17:26:56.271946,0 days 00:00:35.970385,5,17,13,31,24,69,89,19,28,COMPLETE
583,-inf,2025-08-06 17:26:21.998679,2025-08-06 17:26:58.174555,0 days 00:00:36.175876,5,8,13,31,24,42,89,19,28,COMPLETE
584,110604.80907792681,2025-08-06 17:26:43.722352,2025-08-06 17:27:17.790601,0 days 00:00:34.068249,5,7,12,33,24,69,105,16,28,COMPLETE
585,115699.25859211673,2025-08-06 17:26:55.940336,2025-08-06 17:27:33.174163,0 days 00:00:37.233827,5,7,16,37,24,70,93,15,27,COMPLETE
586,99700.11829968641,2025-08-06 17:26:56.279250,2025-08-06 17:27:35.860470,0 days 00:00:39.581220,5,7,16,37,24,70,94,15,27,COMPLETE
587,108199.11648991892,2025-08-06 17:26:58.207634,2025-08-06 17:27:36.327674,0 days 00:00:38.120040,5,7,16,37,25,70,94,15,28,COMPLETE
588,97761.90198181209,2025-08-06 17:27:17.886496,2025-08-06 17:27:54.313278,0 days 00:00:36.426782,6,6,16,37,25,70,94,14,26,COMPLETE
589,119566.8822415653,2025-08-06 17:27:33.278708,2025-08-06 17:28:12.990234,0 days 00:00:39.711526,6,7,15,37,25,70,94,10,26,COMPLETE
590,102261.23744883732,2025-08-06 17:27:35.871861,2025-08-06 17:28:14.638806,0 days 00:00:38.766945,6,7,16,38,25,70,91,10,43,COMPLETE
591,215695.5167887214,2025-08-06 17:27:36.346362,2025-08-06 17:28:14.624140,0 days 00:00:38.277778,6,6,16,15,25,70,109,10,43,COMPLETE
592,70605.97134965891,2025-08-06 17:27:54.330752,2025-08-06 17:28:31.631967,0 days 00:00:37.301215,6,8,16,38,27,69,111,22,20,COMPLETE
593,176606.71239339624,2025-08-06 17:28:13.064394,2025-08-06 17:28:51.413477,0 days 00:00:38.349083,7,6,16,39,27,69,89,20,27,COMPLETE
594,351794.49258904415,2025-08-06 17:28:14.650655,2025-08-06 17:28:52.718423,0 days 00:00:38.067768,8,8,16,39,27,69,85,24,27,COMPLETE
595,61645.54212571374,2025-08-06 17:28:14.674245,2025-08-06 17:28:51.385299,0 days 00:00:36.711054,8,8,16,36,27,69,85,132,24,COMPLETE
596,369772.7384991342,2025-08-06 17:28:31.649164,2025-08-06 17:29:06.323784,0 days 00:00:34.674620,8,16,11,36,27,69,85,19,27,COMPLETE
597,76774.80672076115,2025-08-06 17:28:51.430439,2025-08-06 17:29:29.589206,0 days 00:00:38.158767,9,19,14,39,26,69,102,19,29,COMPLETE
598,24169.931468964365,2025-08-06 17:28:51.443889,2025-08-06 17:29:29.422126,0 days 00:00:37.978237,9,19,14,36,26,69,101,19,22,COMPLETE
599,80036.49114296472,2025-08-06 17:28:52.733723,2025-08-06 17:29:31.125730,0 days 00:00:38.392007,9,19,16,39,26,69,102,27,25,COMPLETE
600,66239.68043098306,2025-08-06 17:29:06.418418,2025-08-06 17:29:41.208151,0 days 00:00:34.789733,10,16,11,36,27,69,78,16,27,COMPLETE
601,38577.538724931364,2025-08-06 17:29:29.469625,2025-08-06 17:30:04.645736,0 days 00:00:35.176111,10,18,16,36,27,69,81,15,27,COMPLETE
602,121413.78277255123,2025-08-06 17:29:29.601314,2025-08-06 17:30:05.881617,0 days 00:00:36.280303,11,16,16,36,27,70,79,15,27,COMPLETE
603,94955.39618133806,2025-08-06 17:29:31.139686,2025-08-06 17:30:08.506084,0 days 00:00:37.366398,11,20,11,36,27,70,78,14,28,COMPLETE
604,115679.79632114725,2025-08-06 17:29:41.262124,2025-08-06 17:30:16.442474,0 days 00:00:35.180350,12,16,11,35,27,70,78,10,26,COMPLETE
605,51683.38329716028,2025-08-06 17:30:04.715114,2025-08-06 17:30:40.003244,0 days 00:00:35.288130,8,20,16,35,27,70,78,10,26,COMPLETE
606,392157.3796978721,2025-08-06 17:30:05.921473,2025-08-06 17:30:42.909725,0 days 00:00:36.988252,8,17,11,35,26,68,85,10,26,COMPLETE
607,-59.65791369869024,2025-08-06 17:30:08.535694,2025-08-06 17:30:44.775806,0 days 00:00:36.240112,53,19,16,35,26,68,86,262,26,COMPLETE
608,412129.4053213084,2025-08-06 17:30:16.499943,2025-08-06 17:30:54.093313,0 days 00:00:37.593370,8,17,10,35,26,68,84,22,26,COMPLETE
609,361555.82493513974,2025-08-06 17:30:40.051159,2025-08-06 17:31:18.301766,0 days 00:00:38.250607,7,14,10,34,26,68,84,24,28,COMPLETE
610,-12.58629742606422,2025-08-06 17:30:42.927483,2025-08-06 17:31:19.250724,0 days 00:00:36.323241,8,16,10,35,26,49,69,24,25,COMPLETE
611,88358.37444164105,2025-08-06 17:30:44.798955,2025-08-06 17:31:21.411884,0 days 00:00:36.612929,9,17,10,35,26,68,71,24,25,COMPLETE
612,2027.62095319472,2025-08-06 17:30:54.185067,2025-08-06 17:31:28.304978,0 days 00:00:34.119911,9,17,11,35,26,52,72,25,25,COMPLETE
613,54534.013475449734,2025-08-06 17:31:18.489787,2025-08-06 17:31:53.682406,0 days 00:00:35.192619,12,17,10,34,26,68,75,78,25,COMPLETE
614,181181.79335338774,2025-08-06 17:31:19.281471,2025-08-06 17:31:56.457710,0 days 00:00:37.176239,10,17,10,34,26,68,75,29,25,COMPLETE
615,55452.970319829634,2025-08-06 17:31:21.413506,2025-08-06 17:31:58.571566,0 days 00:00:37.158060,12,17,10,34,26,68,74,78,26,COMPLETE
616,23220.434438568565,2025-08-06 17:31:28.362608,2025-08-06 17:32:06.381214,0 days 00:00:38.018606,12,17,10,34,26,68,84,30,26,COMPLETE
617,32069.369913227845,2025-08-06 17:31:53.779194,2025-08-06 17:32:30.514030,0 days 00:00:36.734836,10,16,9,34,26,68,85,29,26,COMPLETE
618,262935.11304104375,2025-08-06 17:31:56.474742,2025-08-06 17:32:33.393247,0 days 00:00:36.918505,7,14,9,34,26,69,84,31,26,COMPLETE
619,146322.14941004766,2025-08-06 17:31:58.607661,2025-08-06 17:32:34.273153,0 days 00:00:35.665492,7,17,10,44,16,69,84,29,26,COMPLETE
620,294825.29111161147,2025-08-06 17:32:06.408102,2025-08-06 17:32:43.555836,0 days 00:00:37.147734,7,14,11,43,27,69,86,19,27,COMPLETE
621,132611.77334620518,2025-08-06 17:32:30.526049,2025-08-06 17:33:07.126411,0 days 00:00:36.600362,7,14,11,35,27,69,83,19,27,COMPLETE
622,46396.05519773682,2025-08-06 17:32:33.432075,2025-08-06 17:33:10.498656,0 days 00:00:37.066581,7,15,10,35,27,69,62,20,27,COMPLETE
623,347261.9693890488,2025-08-06 17:32:34.279478,2025-08-06 17:33:11.290129,0 days 00:00:37.010651,8,14,11,35,27,69,88,19,27,COMPLETE
624,125139.62476059889,2025-08-06 17:32:43.587765,2025-08-06 17:33:17.448806,0 days 00:00:33.861041,8,14,10,35,27,70,81,21,27,COMPLETE
625,24692.622451401283,2025-08-06 17:33:07.305596,2025-08-06 17:33:49.097491,0 days 00:00:41.791895,9,17,10,35,27,70,89,15,27,COMPLETE
626,35561.63882301178,2025-08-06 17:33:10.562339,2025-08-06 17:33:49.146445,0 days 00:00:38.584106,9,17,10,50,27,70,216,14,24,COMPLETE
627,21184.361816980963,2025-08-06 17:33:11.307620,2025-08-06 17:33:50.110484,0 days 00:00:38.802864,15,14,11,35,27,70,90,35,24,COMPLETE
628,14923.442299770462,2025-08-06 17:33:17.475853,2025-08-06 17:33:53.940340,0 days 00:00:36.464487,14,15,11,35,27,70,90,27,24,COMPLETE
629,12212.396106182754,2025-08-06 17:33:49.114468,2025-08-06 17:34:28.918076,0 days 00:00:39.803608,14,14,11,34,28,70,91,36,24,COMPLETE
630,31974.514606566583,2025-08-06 17:33:49.153774,2025-08-06 17:34:29.056116,0 days 00:00:39.902342,10,15,11,34,28,69,88,34,25,COMPLETE
631,17292.900097200116,2025-08-06 17:33:50.111896,2025-08-06 17:34:29.989108,0 days 00:00:39.877212,11,15,11,34,28,69,90,24,26,COMPLETE
632,23539.018129386684,2025-08-06 17:33:53.969864,2025-08-06 17:34:31.974197,0 days 00:00:38.004333,10,14,11,34,28,69,88,23,28,COMPLETE
633,34442.03519043584,2025-08-06 17:34:28.971986,2025-08-06 17:35:08.091349,0 days 00:00:39.119363,11,15,11,36,28,69,97,24,26,COMPLETE
634,585.1284042413644,2025-08-06 17:34:29.078228,2025-08-06 17:35:07.316539,0 days 00:00:38.238311,46,13,9,36,26,68,96,24,26,COMPLETE
635,67699.9032244617,2025-08-06 17:34:30.016450,2025-08-06 17:35:07.902991,0 days 00:00:37.886541,8,13,9,36,27,68,96,24,27,COMPLETE
636,52036.931838140306,2025-08-06 17:34:31.978724,2025-08-06 17:35:10.346055,0 days 00:00:38.367331,8,16,9,36,26,68,78,25,28,COMPLETE
637,69668.40635239343,2025-08-06 17:35:07.348628,2025-08-06 17:35:42.898186,0 days 00:00:35.549558,8,16,10,36,27,68,80,16,27,COMPLETE
638,48634.767888765295,2025-08-06 17:35:07.904134,2025-08-06 17:35:43.125956,0 days 00:00:35.221822,8,16,10,36,26,68,58,18,27,COMPLETE
639,10643.826969978369,2025-08-06 17:35:08.109534,2025-08-06 17:35:45.722948,0 days 00:00:37.613414,78,16,10,35,26,68,83,17,40,COMPLETE
640,28478.407915676085,2025-08-06 17:35:10.353316,2025-08-06 17:35:46.955895,0 days 00:00:36.602579,7,18,10,35,27,70,30,16,38,COMPLETE
641,25234.564526490296,2025-08-06 17:35:42.925468,2025-08-06 17:36:18.497837,0 days 00:00:35.572369,27,13,10,35,26,70,85,17,40,COMPLETE
642,315209.2505265719,2025-08-06 17:35:43.154969,2025-08-06 17:36:17.350198,0 days 00:00:34.195229,7,13,11,33,27,70,85,16,28,COMPLETE
643,24245.831262791588,2025-08-06 17:35:45.724033,2025-08-06 17:36:20.718830,0 days 00:00:34.994797,44,13,11,35,27,70,86,70,41,COMPLETE
644,100903.62896912922,2025-08-06 17:35:46.969098,2025-08-06 17:36:23.519568,0 days 00:00:36.550470,6,13,11,33,27,69,86,30,25,COMPLETE
645,71457.6171304659,2025-08-06 17:36:17.357086,2025-08-06 17:36:51.655146,0 days 00:00:34.298060,6,18,11,25,27,69,93,29,27,COMPLETE
646,44449.26818292246,2025-08-06 17:36:18.520169,2025-08-06 17:36:55.381101,0 days 00:00:36.860932,6,17,11,25,18,69,92,29,25,COMPLETE
