number,value,datetime_start,datetime_complete,duration,params_fast,params_macd_fast,params_macd_signal,params_macd_slow,params_rsi_period,params_rsi_threshold,params_slow,params_trend_sma_period,params_volume_ma_period,state
811,31097.484429847227,2025-08-06 17:59:43.236277,2025-08-06 18:00:18.280260,0 days 00:00:35.043983,11,5,10,34,24,67,87,18,33,COMPLETE
812,44834.61287729269,2025-08-06 17:59:47.376267,2025-08-06 18:00:24.630303,0 days 00:00:37.254036,10,5,10,34,24,69,88,18,40,COMPLETE
813,39355.66364079511,2025-08-06 18:00:11.899326,2025-08-06 18:00:50.046825,0 days 00:00:38.147499,10,17,10,34,24,69,87,18,40,COMPLETE
814,3524.2695883423626,2025-08-06 18:00:15.538875,2025-08-06 18:00:53.145520,0 days 00:00:37.606645,80,5,7,15,24,69,87,17,32,COMPLETE
815,18835.33644783422,2025-08-06 18:00:18.297504,2025-08-06 18:00:55.024487,0 days 00:00:36.726983,10,17,10,19,26,65,86,46,32,COMPLETE
816,9000.319674014061,2025-08-06 18:00:24.693877,2025-08-06 18:01:02.398286,0 days 00:00:37.704409,9,17,7,19,26,69,83,47,32,COMPLETE
817,122001.42670971398,2025-08-06 18:00:50.058861,2025-08-06 18:01:23.963995,0 days 00:00:33.905134,7,17,7,36,26,69,82,27,32,COMPLETE
818,139499.25808276815,2025-08-06 18:00:53.174764,2025-08-06 18:01:28.244538,0 days 00:00:35.069774,7,12,8,36,26,69,94,26,31,COMPLETE
819,118935.44000722862,2025-08-06 18:00:55.054148,2025-08-06 18:01:30.373796,0 days 00:00:35.319648,7,12,8,32,26,69,94,27,33,COMPLETE
820,120618.92739112138,2025-08-06 18:01:02.468528,2025-08-06 18:01:41.402484,0 days 00:00:38.933956,7,12,8,32,26,68,94,28,33,COMPLETE
821,69669.20812820831,2025-08-06 18:01:24.007630,2025-08-06 18:02:02.866190,0 days 00:00:38.858560,5,6,8,32,15,68,95,25,31,COMPLETE
822,194346.95755572972,2025-08-06 18:01:28.256134,2025-08-06 18:02:05.430316,0 days 00:00:37.174182,5,6,6,32,25,68,93,24,34,COMPLETE
823,289833.9356598206,2025-08-06 18:01:30.375591,2025-08-06 18:02:07.765361,0 days 00:00:37.389770,5,6,6,35,25,68,91,15,31,COMPLETE
824,251622.40382673798,2025-08-06 18:01:41.429828,2025-08-06 18:02:21.785281,0 days 00:00:40.355453,5,6,11,35,25,70,81,23,34,COMPLETE
825,31504.04688812414,2025-08-06 18:02:02.951097,2025-08-06 18:02:37.853419,0 days 00:00:34.902322,5,11,11,35,25,70,81,84,6,COMPLETE
826,335807.7412545443,2025-08-06 18:02:05.466357,2025-08-06 18:02:41.580282,0 days 00:00:36.113925,5,18,9,35,17,70,81,10,30,COMPLETE
827,58087.209904850555,2025-08-06 18:02:07.771990,2025-08-06 18:02:43.787535,0 days 00:00:36.015545,9,18,11,35,24,70,81,10,29,COMPLETE
828,844.3980705623277,2025-08-06 18:02:21.802356,2025-08-06 18:03:01.577328,0 days 00:00:39.774972,9,11,15,37,17,67,99,107,17,COMPLETE
829,37290.30087284574,2025-08-06 18:02:37.962536,2025-08-06 18:03:13.504426,0 days 00:00:35.541890,9,18,10,37,24,67,99,34,38,COMPLETE
830,50370.48299754419,2025-08-06 18:02:41.597299,2025-08-06 18:03:15.586554,0 days 00:00:33.989255,9,18,15,37,24,67,101,32,29,COMPLETE
831,211721.3785508357,2025-08-06 18:02:43.799465,2025-08-06 18:03:19.369563,0 days 00:00:35.570098,7,5,15,37,24,65,73,33,38,COMPLETE
832,-656.195505350975,2025-08-06 18:03:01.655368,2025-08-06 18:03:40.555598,0 days 00:00:38.900230,29,5,14,36,10,66,74,34,38,COMPLETE
833,14597.957500516335,2025-08-06 18:03:13.552229,2025-08-06 18:03:50.781053,0 days 00:00:37.228824,7,5,14,17,24,65,105,161,33,COMPLETE
834,1123.9649340027008,2025-08-06 18:03:15.598327,2025-08-06 18:03:50.610471,0 days 00:00:35.012144,13,5,14,33,9,65,72,19,9,COMPLETE
835,16502.554680579546,2025-08-06 18:03:19.391679,2025-08-06 18:03:54.636865,0 days 00:00:35.245186,7,12,14,33,19,66,89,161,10,COMPLETE
836,3090.7845998568105,2025-08-06 18:03:40.827001,2025-08-06 18:04:19.370701,0 days 00:00:38.543700,13,11,14,33,26,69,89,251,32,COMPLETE
837,269314.8290179482,2025-08-06 18:03:50.632150,2025-08-06 18:04:26.479974,0 days 00:00:35.847824,7,11,9,17,25,69,86,15,33,COMPLETE
838,288678.18969840213,2025-08-06 18:03:50.799225,2025-08-06 18:04:27.508869,0 days 00:00:36.709644,7,12,9,34,26,69,86,15,31,COMPLETE
839,-inf,2025-08-06 18:03:54.643453,2025-08-06 18:04:31.738132,0 days 00:00:37.094679,6,10,9,34,26,49,86,14,41,COMPLETE
840,229966.89893402962,2025-08-06 18:04:19.404302,2025-08-06 18:04:58.210625,0 days 00:00:38.806323,6,10,9,34,25,68,85,15,41,COMPLETE
841,146989.85451440484,2025-08-06 18:04:26.486374,2025-08-06 18:05:02.430506,0 days 00:00:35.944132,6,17,9,34,25,68,86,21,41,COMPLETE
842,303522.7157122519,2025-08-06 18:04:27.521088,2025-08-06 18:05:04.192740,0 days 00:00:36.671652,6,10,10,29,25,68,84,22,30,COMPLETE
843,-inf,2025-08-06 18:04:31.755198,2025-08-06 18:05:08.508295,0 days 00:00:36.753097,11,17,10,36,25,36,77,23,31,COMPLETE
844,102537.18445348185,2025-08-06 18:04:58.248964,2025-08-06 18:05:33.253439,0 days 00:00:35.004475,11,17,10,36,24,70,78,22,30,COMPLETE
845,82207.25851300533,2025-08-06 18:05:02.442585,2025-08-06 18:05:38.648195,0 days 00:00:36.205610,11,17,10,35,24,70,78,23,30,COMPLETE
846,105066.18520704741,2025-08-06 18:05:04.194209,2025-08-06 18:05:39.882004,0 days 00:00:35.687795,11,17,10,36,24,70,77,29,31,COMPLETE
847,20219.74271029151,2025-08-06 18:05:08.531230,2025-08-06 18:05:46.367835,0 days 00:00:37.836605,8,17,14,35,24,70,93,30,30,COMPLETE
848,17613.507463656682,2025-08-06 18:05:33.301502,2025-08-06 18:06:07.472715,0 days 00:00:34.171213,8,16,14,18,23,70,92,41,34,COMPLETE
849,132838.1891323404,2025-08-06 18:05:38.668241,2025-08-06 18:06:14.650485,0 days 00:00:35.982244,8,16,14,35,26,69,90,40,29,COMPLETE
850,29855.359014800037,2025-08-06 18:05:39.894483,2025-08-06 18:06:16.216283,0 days 00:00:36.321800,8,18,14,35,23,69,91,39,34,COMPLETE
851,6615.484839487149,2025-08-06 18:05:46.397388,2025-08-06 18:06:24.265470,0 days 00:00:37.868082,75,18,15,33,22,69,92,38,34,COMPLETE
852,3649.3437839857634,2025-08-06 18:06:07.516202,2025-08-06 18:06:44.641515,0 days 00:00:37.125313,53,11,15,33,22,69,90,14,32,COMPLETE
853,246150.0538723001,2025-08-06 18:06:14.696785,2025-08-06 18:06:50.923642,0 days 00:00:36.226857,5,11,15,33,26,67,82,10,32,COMPLETE
854,197406.1330292393,2025-08-06 18:06:16.234242,2025-08-06 18:06:52.554604,0 days 00:00:36.320362,5,11,15,33,22,68,83,15,32,COMPLETE
855,169121.0260931763,2025-08-06 18:06:24.374256,2025-08-06 18:07:05.298797,0 days 00:00:40.924541,5,11,15,49,26,68,83,10,32,COMPLETE
856,133526.18811431565,2025-08-06 18:06:44.658127,2025-08-06 18:07:19.630646,0 days 00:00:34.972519,5,12,6,15,26,67,83,19,33,COMPLETE
857,221504.60315404073,2025-08-06 18:06:50.967485,2025-08-06 18:07:27.022144,0 days 00:00:36.054659,5,12,11,36,26,68,83,10,35,COMPLETE
858,155980.77078958586,2025-08-06 18:06:52.574734,2025-08-06 18:07:27.203151,0 days 00:00:34.628417,5,12,5,34,20,67,97,10,33,COMPLETE
859,198013.12754061364,2025-08-06 18:07:05.374584,2025-08-06 18:07:46.088110,0 days 00:00:40.713526,5,12,11,36,25,66,96,20,33,COMPLETE
860,53138.00113088226,2025-08-06 18:07:19.729059,2025-08-06 18:07:56.506161,0 days 00:00:36.777102,7,12,11,34,25,68,97,30,29,COMPLETE
861,85162.56014434989,2025-08-06 18:07:27.044650,2025-08-06 18:08:02.857279,0 days 00:00:35.812629,7,13,12,34,25,67,97,27,29,COMPLETE
862,322449.21249473904,2025-08-06 18:07:27.224426,2025-08-06 18:08:03.124756,0 days 00:00:35.900330,7,13,17,35,27,69,88,25,29,COMPLETE
863,207211.3292174446,2025-08-06 18:07:46.105175,2025-08-06 18:08:20.415765,0 days 00:00:34.310590,7,13,7,34,27,69,89,28,29,COMPLETE
864,2954.342901024149,2025-08-06 18:07:56.523252,2025-08-06 18:08:34.963203,0 days 00:00:38.439951,9,13,17,35,27,53,161,26,45,COMPLETE
865,51050.07844520465,2025-08-06 18:08:02.930032,2025-08-06 18:08:40.872699,0 days 00:00:37.942667,9,13,17,35,23,69,88,19,31,COMPLETE
866,54752.82320676791,2025-08-06 18:08:03.146546,2025-08-06 18:08:39.597357,0 days 00:00:36.450811,9,10,7,16,24,70,89,19,31,COMPLETE
867,5467.137846831587,2025-08-06 18:08:20.427575,2025-08-06 18:09:02.078190,0 days 00:00:41.650615,9,15,14,35,23,56,79,18,31,COMPLETE
868,61835.806730029595,2025-08-06 18:08:34.979934,2025-08-06 18:09:10.553596,0 days 00:00:35.573662,9,10,14,37,21,70,79,19,31,COMPLETE
869,118194.01828926933,2025-08-06 18:08:39.623325,2025-08-06 18:09:12.219214,0 days 00:00:32.595889,6,16,14,37,23,68,86,18,31,COMPLETE
870,58570.14725525586,2025-08-06 18:08:40.873670,2025-08-06 18:09:17.043358,0 days 00:00:36.169688,6,5,14,37,23,68,78,34,30,COMPLETE
871,77975.7417150305,2025-08-06 18:09:02.153724,2025-08-06 18:09:39.219836,0 days 00:00:37.066112,6,18,8,37,21,68,75,34,35,COMPLETE
872,112954.87455404788,2025-08-06 18:09:10.584241,2025-08-06 18:09:47.268207,0 days 00:00:36.683966,6,5,8,32,24,68,74,31,35,COMPLETE
873,119907.63635097982,2025-08-06 18:09:12.222833,2025-08-06 18:09:47.870806,0 days 00:00:35.647973,7,10,8,32,24,68,76,25,35,COMPLETE
874,-inf,2025-08-06 18:09:17.087316,2025-08-06 18:09:53.159108,0 days 00:00:36.071792,7,18,8,36,24,41,74,31,35,COMPLETE
875,118007.78509423554,2025-08-06 18:09:39.231860,2025-08-06 18:10:14.400139,0 days 00:00:35.168279,7,5,10,32,24,66,92,25,34,COMPLETE
876,41791.33457896278,2025-08-06 18:09:47.292026,2025-08-06 18:10:23.496458,0 days 00:00:36.204432,7,18,10,36,26,69,92,24,15,COMPLETE
877,-inf,2025-08-06 18:09:47.900083,2025-08-06 18:10:24.188120,0 days 00:00:36.288037,5,18,10,36,25,42,84,15,33,COMPLETE
878,123138.94433912328,2025-08-06 18:09:53.165770,2025-08-06 18:10:29.949267,0 days 00:00:36.783497,5,11,16,34,25,69,92,15,33,COMPLETE
879,404963.7943952366,2025-08-06 18:10:14.496739,2025-08-06 18:10:49.154992,0 days 00:00:34.658253,5,16,10,27,26,69,84,14,32,COMPLETE
880,-inf,2025-08-06 18:10:23.524798,2025-08-06 18:10:59.107110,0 days 00:00:35.582312,5,11,6,34,25,45,84,14,32,COMPLETE
881,222774.14997914163,2025-08-06 18:10:24.197564,2025-08-06 18:10:59.657316,0 days 00:00:35.459752,5,6,6,34,26,70,85,14,37,COMPLETE
882,223714.4073283988,2025-08-06 18:10:29.955837,2025-08-06 18:11:06.199145,0 days 00:00:36.243308,8,6,9,31,26,70,84,10,37,COMPLETE
883,414108.0580974845,2025-08-06 18:10:49.211474,2025-08-06 18:11:26.262960,0 days 00:00:37.051486,5,17,10,26,26,70,81,13,32,COMPLETE
884,270940.2430312118,2025-08-06 18:10:59.119195,2025-08-06 18:11:35.548605,0 days 00:00:36.429410,5,6,10,31,26,70,81,15,32,COMPLETE
885,357048.3835641836,2025-08-06 18:10:59.680880,2025-08-06 18:11:35.775135,0 days 00:00:36.094255,5,16,10,26,26,67,81,10,32,COMPLETE
886,227409.2657078821,2025-08-06 18:11:06.228998,2025-08-06 18:11:47.815814,0 days 00:00:41.586816,5,17,10,33,25,67,80,15,32,COMPLETE
887,416440.1873947802,2025-08-06 18:11:26.269330,2025-08-06 18:12:00.459441,0 days 00:00:34.190111,5,17,10,27,26,70,69,13,32,COMPLETE
888,117053.02178029422,2025-08-06 18:11:35.673714,2025-08-06 18:12:11.498429,0 days 00:00:35.824715,6,17,10,27,26,70,68,10,31,COMPLETE
889,163157.14595932746,2025-08-06 18:11:35.792220,2025-08-06 18:12:10.694566,0 days 00:00:34.902346,6,17,10,28,26,70,103,10,31,COMPLETE
890,40242.88631733696,2025-08-06 18:11:47.822228,2025-08-06 18:12:22.574267,0 days 00:00:34.752039,7,17,10,27,26,70,103,10,31,COMPLETE
891,-inf,2025-08-06 18:12:00.669212,2025-08-06 18:12:09.360258,0 days 00:00:08.691046,7,17,10,15,26,70,72,16,31,COMPLETE
892,77212.35805195152,2025-08-06 18:12:09.387902,2025-08-06 18:12:46.983098,0 days 00:00:37.595196,7,17,10,26,26,70,104,10,32,COMPLETE
893,98264.38074246627,2025-08-06 18:12:10.717901,2025-08-06 18:12:46.047629,0 days 00:00:35.329728,7,17,10,27,25,69,66,14,32,COMPLETE
894,107454.42556559289,2025-08-06 18:12:11.505678,2025-08-06 18:12:48.577957,0 days 00:00:37.072279,7,17,10,27,25,69,99,14,33,COMPLETE
895,76362.73423998976,2025-08-06 18:12:22.581127,2025-08-06 18:12:58.537805,0 days 00:00:35.956678,8,17,10,28,25,69,247,10,32,COMPLETE
896,116683.91660534653,2025-08-06 18:12:46.085028,2025-08-06 18:13:21.877203,0 days 00:00:35.792175,5,17,10,27,25,69,62,18,30,COMPLETE
897,2596.0160336988247,2025-08-06 18:12:47.123411,2025-08-06 18:13:23.313970,0 days 00:00:36.190559,5,17,10,28,7,69,72,20,33,COMPLETE
898,79.87343216816006,2025-08-06 18:12:48.591893,2025-08-06 18:13:24.729531,0 days 00:00:36.137638,5,17,10,26,7,66,64,19,30,COMPLETE
899,1678.6192674642034,2025-08-06 18:12:58.602478,2025-08-06 18:13:34.124850,0 days 00:00:35.522372,5,17,10,28,7,66,61,20,30,COMPLETE
900,512330.94167623285,2025-08-06 18:13:21.888777,2025-08-06 18:13:57.053060,0 days 00:00:35.164283,5,17,10,27,26,66,71,19,30,COMPLETE
901,109697.20409497089,2025-08-06 18:13:23.320266,2025-08-06 18:14:00.867294,0 days 00:00:37.547028,5,16,10,27,26,66,64,19,30,COMPLETE
902,31125.441579059076,2025-08-06 18:13:24.742493,2025-08-06 18:14:01.806541,0 days 00:00:37.064048,22,16,10,27,26,68,65,15,30,COMPLETE
903,59331.8429271638,2025-08-06 18:13:34.157204,2025-08-06 18:14:09.273519,0 days 00:00:35.116315,20,16,10,27,26,68,203,14,34,COMPLETE
904,21534.604492898798,2025-08-06 18:13:57.118297,2025-08-06 18:14:32.786293,0 days 00:00:35.667996,8,17,10,27,26,65,69,65,30,COMPLETE
905,34847.58508976958,2025-08-06 18:14:00.903808,2025-08-06 18:14:37.560256,0 days 00:00:36.656448,27,17,10,29,26,66,74,15,31,COMPLETE
906,85402.27291419734,2025-08-06 18:14:01.824953,2025-08-06 18:14:37.801981,0 days 00:00:35.977028,9,17,10,27,26,65,65,15,31,COMPLETE
907,101407.74573785646,2025-08-06 18:14:09.441263,2025-08-06 18:14:49.235362,0 days 00:00:39.794099,9,17,10,26,26,65,69,17,31,COMPLETE
908,69522.86692688362,2025-08-06 18:14:32.792807,2025-08-06 18:15:07.297328,0 days 00:00:34.504521,9,17,10,28,26,66,71,10,31,COMPLETE
909,54816.39422222829,2025-08-06 18:14:37.566807,2025-08-06 18:15:13.834903,0 days 00:00:36.268096,9,17,11,28,26,66,68,15,31,COMPLETE
910,73443.66955090221,2025-08-06 18:14:37.817409,2025-08-06 18:15:13.793514,0 days 00:00:35.976105,10,17,11,28,25,67,70,10,29,COMPLETE
911,111555.24132743716,2025-08-06 18:14:49.273836,2025-08-06 18:15:23.976475,0 days 00:00:34.702639,7,17,9,28,25,66,67,10,29,COMPLETE
912,200486.08483396744,2025-08-06 18:15:07.298285,2025-08-06 18:15:41.396326,0 days 00:00:34.098041,7,18,9,28,27,67,71,10,29,COMPLETE
913,1633.127549567579,2025-08-06 18:15:13.827038,2025-08-06 18:15:51.265629,0 days 00:00:37.438591,60,18,9,25,27,67,69,22,29,COMPLETE
914,6382.651089446824,2025-08-06 18:15:13.862024,2025-08-06 18:15:49.449716,0 days 00:00:35.587692,7,18,9,27,27,67,70,275,29,COMPLETE
915,135650.82987151068,2025-08-06 18:15:23.998751,2025-08-06 18:16:00.906007,0 days 00:00:36.907256,6,18,9,26,27,67,74,22,32,COMPLETE
916,99115.73209144923,2025-08-06 18:15:41.407681,2025-08-06 18:16:15.352744,0 days 00:00:33.945063,6,18,10,27,27,67,76,20,32,COMPLETE
917,113560.41610201626,2025-08-06 18:15:49.450742,2025-08-06 18:16:23.753269,0 days 00:00:34.302527,6,16,10,26,25,67,77,21,30,COMPLETE
918,26822.510957834616,2025-08-06 18:15:51.324082,2025-08-06 18:16:27.081808,0 days 00:00:35.757726,6,16,10,28,25,68,76,172,32,COMPLETE
919,71315.37084478054,2025-08-06 18:16:00.970854,2025-08-06 18:16:36.174517,0 days 00:00:35.203663,6,16,10,26,25,68,78,21,43,COMPLETE
920,4866.810197050008,2025-08-06 18:16:15.365160,2025-08-06 18:16:54.202067,0 days 00:00:38.836907,36,18,10,29,25,68,78,20,30,COMPLETE
921,534384.0282593084,2025-08-06 18:16:23.761157,2025-08-06 18:17:02.003877,0 days 00:00:38.242720,5,17,10,27,25,68,90,21,30,COMPLETE
922,46823.76176187696,2025-08-06 18:16:27.118866,2025-08-06 18:17:04.802731,0 days 00:00:37.683865,8,17,11,26,26,70,94,21,30,COMPLETE
923,41525.18447187824,2025-08-06 18:16:36.240217,2025-08-06 18:17:11.186845,0 days 00:00:34.946628,8,17,11,27,26,65,94,15,30,COMPLETE
924,86124.78992030807,2025-08-06 18:16:54.406888,2025-08-06 18:17:30.074642,0 days 00:00:35.667754,8,17,11,26,26,65,89,15,31,COMPLETE
925,26007.913701937072,2025-08-06 18:17:02.020642,2025-08-06 18:17:37.615085,0 days 00:00:35.594443,8,17,11,27,18,65,96,24,30,COMPLETE
926,76775.0096499665,2025-08-06 18:17:04.824278,2025-08-06 18:17:41.739705,0 days 00:00:36.915427,8,17,10,27,25,66,90,15,31,COMPLETE
927,145835.10415001563,2025-08-06 18:17:11.224094,2025-08-06 18:17:46.915545,0 days 00:00:35.691451,5,17,10,28,25,66,98,24,32,COMPLETE
928,499173.00694549136,2025-08-06 18:17:30.101467,2025-08-06 18:18:04.621993,0 days 00:00:34.520526,5,17,10,27,25,66,90,24,32,COMPLETE
929,97139.72523938827,2025-08-06 18:17:37.651780,2025-08-06 18:18:12.082869,0 days 00:00:34.431089,5,17,10,29,25,67,61,24,32,COMPLETE
930,449834.64503424044,2025-08-06 18:17:41.767076,2025-08-06 18:18:18.639405,0 days 00:00:36.872329,5,16,10,29,25,67,89,10,32,COMPLETE
931,587035.3769332254,2025-08-06 18:17:46.938095,2025-08-06 18:18:25.169652,0 days 00:00:38.231557,5,16,10,29,25,67,89,24,33,COMPLETE
932,99812.61480322076,2025-08-06 18:18:04.633777,2025-08-06 18:18:39.677916,0 days 00:00:35.044139,5,17,10,29,25,64,61,25,33,COMPLETE
933,1391.9243805042329,2025-08-06 18:18:12.142520,2025-08-06 18:18:48.513503,0 days 00:00:36.370983,5,17,10,28,25,64,170,25,33,COMPLETE
934,230159.8360237211,2025-08-06 18:18:18.675894,2025-08-06 18:18:57.293759,0 days 00:00:38.617865,5,16,10,29,25,64,95,25,33,COMPLETE
935,226920.28644443778,2025-08-06 18:18:25.176561,2025-08-06 18:19:01.463842,0 days 00:00:36.287281,5,16,10,27,25,65,92,28,33,COMPLETE
936,194468.6195396164,2025-08-06 18:18:39.684099,2025-08-06 18:19:18.247659,0 days 00:00:38.563560,5,16,10,30,25,65,95,30,33,COMPLETE
937,102239.00981728594,2025-08-06 18:18:48.543758,2025-08-06 18:19:25.794055,0 days 00:00:37.250297,5,16,10,29,25,66,97,29,33,COMPLETE
938,166150.6637880986,2025-08-06 18:18:57.332375,2025-08-06 18:19:31.919056,0 days 00:00:34.586681,5,16,10,30,25,66,94,31,33,COMPLETE
939,151338.93542428626,2025-08-06 18:19:01.475565,2025-08-06 18:19:37.807697,0 days 00:00:36.332132,5,16,10,30,25,65,101,18,33,COMPLETE
940,50767.09443012313,2025-08-06 18:19:18.384510,2025-08-06 18:19:55.811663,0 days 00:00:37.427153,6,16,10,29,25,66,98,16,32,COMPLETE
941,6153.416960214379,2025-08-06 18:19:25.823550,2025-08-06 18:20:01.253012,0 days 00:00:35.429462,6,16,10,29,25,66,181,18,32,COMPLETE
942,136139.0532926078,2025-08-06 18:19:31.922761,2025-08-06 18:20:08.621100,0 days 00:00:36.698339,6,15,10,30,25,66,103,18,32,COMPLETE
943,333773.401118836,2025-08-06 18:19:37.840877,2025-08-06 18:20:14.676030,0 days 00:00:36.835153,7,16,10,30,25,66,89,10,32,COMPLETE
944,40520.80848010403,2025-08-06 18:19:56.052523,2025-08-06 18:20:31.404068,0 days 00:00:35.351545,7,16,9,30,25,59,89,10,34,COMPLETE
945,236357.1606166154,2025-08-06 18:20:01.327541,2025-08-06 18:20:37.535289,0 days 00:00:36.207748,7,15,9,30,24,65,89,10,34,COMPLETE
946,82690.8794162291,2025-08-06 18:20:08.632985,2025-08-06 18:20:45.627106,0 days 00:00:36.994121,7,15,9,28,25,67,91,24,34,COMPLETE
947,76346.98672274755,2025-08-06 18:20:14.693064,2025-08-06 18:20:51.339796,0 days 00:00:36.646732,7,16,9,27,24,67,90,23,34,COMPLETE
948,5795.0875548115255,2025-08-06 18:20:31.437223,2025-08-06 18:21:05.487249,0 days 00:00:34.050026,5,15,9,28,24,67,214,23,34,COMPLETE
949,202040.29247107415,2025-08-06 18:20:37.571380,2025-08-06 18:21:13.472266,0 days 00:00:35.900886,5,16,10,28,24,67,100,22,32,COMPLETE
950,17175.551340590682,2025-08-06 18:20:45.653086,2025-08-06 18:21:21.022137,0 days 00:00:35.369051,5,16,10,27,24,67,192,23,32,COMPLETE
951,127329.74968807354,2025-08-06 18:20:51.363115,2025-08-06 18:21:28.011244,0 days 00:00:36.648129,5,16,10,27,24,67,100,37,32,COMPLETE
952,101248.93948430374,2025-08-06 18:21:05.517948,2025-08-06 18:21:41.657643,0 days 00:00:36.139695,5,16,10,29,19,67,100,34,32,COMPLETE
953,34798.98786034149,2025-08-06 18:21:13.484069,2025-08-06 18:21:47.774005,0 days 00:00:34.289936,5,16,19,27,25,67,94,152,32,COMPLETE
954,83456.06956161823,2025-08-06 18:21:21.060892,2025-08-06 18:21:57.358626,0 days 00:00:36.297734,6,16,10,27,26,65,93,36,33,COMPLETE
955,71791.18764729828,2025-08-06 18:21:28.022831,2025-08-06 18:22:05.006872,0 days 00:00:36.984041,7,16,10,27,26,68,93,16,33,COMPLETE
956,67442.12651623048,2025-08-06 18:21:41.726361,2025-08-06 18:22:15.649003,0 days 00:00:33.922642,7,16,10,28,26,66,93,16,33,COMPLETE
957,48077.313161812344,2025-08-06 18:21:47.794484,2025-08-06 18:22:23.839636,0 days 00:00:36.045152,7,15,10,29,26,65,88,100,33,COMPLETE
958,374321.342727936,2025-08-06 18:21:57.364780,2025-08-06 18:22:33.425594,0 days 00:00:36.060814,7,17,10,28,25,68,88,18,31,COMPLETE
959,6709.572651386454,2025-08-06 18:22:05.040049,2025-08-06 18:22:40.740120,0 days 00:00:35.700071,71,17,10,28,25,66,88,15,39,COMPLETE
960,159819.07556293564,2025-08-06 18:22:15.696965,2025-08-06 18:22:50.384875,0 days 00:00:34.687910,7,17,9,28,25,68,89,29,39,COMPLETE
961,95418.42626859595,2025-08-06 18:22:23.856338,2025-08-06 18:23:00.909286,0 days 00:00:37.052948,6,17,9,26,25,68,81,30,31,COMPLETE
962,159944.84483308997,2025-08-06 18:22:33.499657,2025-08-06 18:23:10.278974,0 days 00:00:36.779317,6,17,9,28,25,68,107,31,31,COMPLETE
963,131367.8883273752,2025-08-06 18:22:40.779766,2025-08-06 18:23:17.506529,0 days 00:00:36.726763,6,17,11,31,25,68,107,30,31,COMPLETE
964,260602.36795281447,2025-08-06 18:22:50.458178,2025-08-06 18:23:24.774364,0 days 00:00:34.316186,5,17,11,26,25,68,82,10,31,COMPLETE
965,26289.00239401016,2025-08-06 18:23:01.005397,2025-08-06 18:23:38.793364,0 days 00:00:37.787967,10,16,11,26,24,68,86,19,31,COMPLETE
966,26956.71846376377,2025-08-06 18:23:10.311610,2025-08-06 18:23:46.123551,0 days 00:00:35.811941,10,17,10,26,24,68,85,10,32,COMPLETE
967,22534.13272518166,2025-08-06 18:23:17.512924,2025-08-06 18:23:52.610623,0 days 00:00:35.097699,10,16,10,26,24,67,85,20,32,COMPLETE
968,24795.648677524852,2025-08-06 18:23:24.796249,2025-08-06 18:24:01.682441,0 days 00:00:36.886192,10,16,10,29,24,66,85,20,42,COMPLETE
969,51588.77467373744,2025-08-06 18:23:38.861358,2025-08-06 18:24:14.494568,0 days 00:00:35.633210,9,16,10,29,26,66,85,24,32,COMPLETE
970,768.0644110792659,2025-08-06 18:23:46.174777,2025-08-06 18:24:21.789672,0 days 00:00:35.614895,67,16,10,31,26,69,97,117,34,COMPLETE
971,191051.3749165596,2025-08-06 18:23:52.617668,2025-08-06 18:24:28.964681,0 days 00:00:36.347013,5,15,10,29,26,66,95,25,34,COMPLETE
972,7658.520493903878,2025-08-06 18:24:01.693796,2025-08-06 18:24:36.197474,0 days 00:00:34.503678,67,15,10,27,26,69,96,26,33,COMPLETE
