number,value,datetime_start,datetime_complete,duration,params_fast,params_macd_fast,params_macd_signal,params_macd_slow,params_rsi_period,params_rsi_threshold,params_slow,params_trend_sma_period,params_volume_ma_period,state
970,77105.45034562072,2025-08-06 15:19:10.289703,2025-08-06 15:20:09.327815,0 days 00:00:59.038112,6,10,13,41,30,69,128,26,23,COMPLETE
971,110154.62007757513,2025-08-06 15:19:11.266305,2025-08-06 15:20:11.581455,0 days 00:01:00.315150,7,9,13,18,30,69,116,27,20,COMPLETE
972,6739.9149239001645,2025-08-06 15:19:11.458370,2025-08-06 15:20:08.998545,0 days 00:00:57.540175,38,9,13,18,30,69,102,15,24,COMPLETE
973,330031.0839287242,2025-08-06 15:19:11.670684,2025-08-06 15:20:11.616226,0 days 00:00:59.945542,7,9,10,42,29,69,116,15,23,COMPLETE
974,225882.7829330337,2025-08-06 15:20:09.107424,2025-08-06 15:21:06.438012,0 days 00:00:57.330588,7,9,14,42,29,67,120,15,23,COMPLETE
975,252886.62522886443,2025-08-06 15:20:09.334818,2025-08-06 15:21:06.156465,0 days 00:00:56.821647,7,9,10,42,29,67,116,15,23,COMPLETE
976,49631.46426235937,2025-08-06 15:20:11.588883,2025-08-06 15:21:10.058498,0 days 00:00:58.469615,8,9,14,42,29,67,117,15,23,COMPLETE
977,148008.3375695416,2025-08-06 15:20:11.618451,2025-08-06 15:21:09.172285,0 days 00:00:57.553834,8,10,14,42,29,68,121,10,24,COMPLETE
978,8369.042463487915,2025-08-06 15:21:06.205496,2025-08-06 15:22:03.850269,0 days 00:00:57.644773,8,20,14,43,29,68,121,236,24,COMPLETE
979,22029.235567565836,2025-08-06 15:21:06.483795,2025-08-06 15:22:05.132619,0 days 00:00:58.648824,19,10,11,43,29,70,130,10,24,COMPLETE
980,75439.57889588375,2025-08-06 15:21:09.189466,2025-08-06 15:22:09.266522,0 days 00:01:00.077056,5,9,12,44,29,70,130,19,25,COMPLETE
981,66278.82326765366,2025-08-06 15:21:10.060911,2025-08-06 15:22:09.194848,0 days 00:00:59.133937,5,9,11,44,29,70,129,20,26,COMPLETE
982,10490.621103657224,2025-08-06 15:22:03.934093,2025-08-06 15:23:00.730492,0 days 00:00:56.796399,11,11,12,41,28,70,130,20,26,COMPLETE
983,11747.715427925305,2025-08-06 15:22:05.144302,2025-08-06 15:23:03.064511,0 days 00:00:57.920209,11,11,12,45,30,70,129,20,25,COMPLETE
984,54955.524130022124,2025-08-06 15:22:09.229708,2025-08-06 15:23:07.704000,0 days 00:00:58.474292,5,11,12,41,30,70,125,103,25,COMPLETE
985,20996.554293282596,2025-08-06 15:22:09.269989,2025-08-06 15:23:07.742230,0 days 00:00:58.472241,11,11,12,41,30,66,125,33,27,COMPLETE
986,182899.33371050324,2025-08-06 15:23:00.757713,2025-08-06 15:24:02.214621,0 days 00:01:01.456908,6,11,12,18,30,66,125,32,26,COMPLETE
987,220703.04751438682,2025-08-06 15:23:03.081042,2025-08-06 15:24:00.635010,0 days 00:00:57.553968,6,6,11,41,30,66,109,10,27,COMPLETE
988,89912.8597028819,2025-08-06 15:23:07.737437,2025-08-06 15:24:06.235316,0 days 00:00:58.497879,6,6,11,40,28,66,124,34,27,COMPLETE
989,239258.88059044516,2025-08-06 15:23:07.749228,2025-08-06 15:24:07.104262,0 days 00:00:59.355034,6,6,11,20,28,68,109,10,27,COMPLETE
990,25618.807914620505,2025-08-06 15:24:00.742493,2025-08-06 15:24:59.676671,0 days 00:00:58.934178,6,10,13,20,28,59,122,15,26,COMPLETE
991,663.0391369641774,2025-08-06 15:24:02.226575,2025-08-06 15:25:01.438929,0 days 00:00:59.212354,8,9,13,40,10,68,121,16,26,COMPLETE
992,213580.17706327437,2025-08-06 15:24:06.247033,2025-08-06 15:25:04.306949,0 days 00:00:58.059916,9,8,13,20,29,68,120,10,36,COMPLETE
993,8566.402986647327,2025-08-06 15:24:07.107938,2025-08-06 15:25:05.693607,0 days 00:00:58.585669,9,9,13,19,24,69,121,50,37,COMPLETE
994,7629.1654630252015,2025-08-06 15:24:59.683203,2025-08-06 15:25:58.673433,0 days 00:00:58.990230,9,8,10,31,17,68,136,10,37,COMPLETE
995,242961.79492210213,2025-08-06 15:25:01.462414,2025-08-06 15:25:57.291614,0 days 00:00:55.829200,9,8,10,43,29,69,113,10,37,COMPLETE
996,50844.55189747322,2025-08-06 15:25:04.329270,2025-08-06 15:26:02.682746,0 days 00:00:58.353476,5,7,10,33,29,69,134,20,25,COMPLETE
997,141708.00351914897,2025-08-06 15:25:05.695092,2025-08-06 15:26:04.162892,0 days 00:00:58.467800,5,7,8,43,29,69,136,15,22,COMPLETE
998,52459.94839632794,2025-08-06 15:25:57.355350,2025-08-06 15:26:31.321297,0 days 00:00:33.965947,5,7,11,33,26,69,132,24,27,COMPLETE
999,17383.79267457296,2025-08-06 15:25:58.680347,2025-08-06 15:26:31.446188,0 days 00:00:32.765841,5,7,11,24,29,61,132,24,21,COMPLETE
