number,value,datetime_start,datetime_complete,duration,params_fast,params_macd_fast,params_macd_signal,params_macd_slow,params_rsi_period,params_rsi_threshold,params_slow,params_trend_sma_period,params_volume_ma_period,state
484,65131.37358254412,2025-08-06 13:22:01.508658,2025-08-06 13:22:58.407073,0 days 00:00:56.898415,10,9,18,18,29,70,120,16,28,COMPLETE
485,274876.0960951253,2025-08-06 13:22:10.623349,2025-08-06 13:23:09.913583,0 days 00:00:59.290234,7,5,19,21,29,70,125,15,28,COMPLETE
486,550.4825166300716,2025-08-06 13:22:11.006580,2025-08-06 13:23:10.489885,0 days 00:00:59.483305,39,9,19,39,29,70,125,15,28,COMPLETE
487,12218.956355726848,2025-08-06 13:22:14.755316,2025-08-06 13:23:12.043393,0 days 00:00:57.288077,7,9,18,39,21,69,125,295,30,COMPLETE
488,71152.19470618015,2025-08-06 13:22:58.428947,2025-08-06 13:23:56.559161,0 days 00:00:58.130214,7,7,19,20,30,69,125,34,30,COMPLETE
489,1345277.2945452994,2025-08-06 13:23:09.946090,2025-08-06 13:24:11.248631,0 days 00:01:01.302541,6,7,12,20,30,69,126,10,30,COMPLETE
490,19034.89996743602,2025-08-06 13:23:10.496345,2025-08-06 13:24:09.699265,0 days 00:00:59.202920,36,7,15,38,30,69,126,10,30,COMPLETE
491,4854.629412637101,2025-08-06 13:23:12.060200,2025-08-06 13:24:11.256511,0 days 00:00:59.196311,59,5,15,38,30,68,127,35,30,COMPLETE
492,8528.60983637989,2025-08-06 13:23:56.577016,2025-08-06 13:24:51.436896,0 days 00:00:54.859880,30,8,17,40,30,68,129,10,31,COMPLETE
493,30664.760998991536,2025-08-06 13:24:09.773935,2025-08-06 13:25:10.047758,0 days 00:01:00.273823,5,8,17,41,28,66,129,25,6,COMPLETE
494,59932.93474555219,2025-08-06 13:24:11.268275,2025-08-06 13:25:07.763799,0 days 00:00:56.495524,9,7,17,20,30,67,115,24,37,COMPLETE
495,37794.586133263634,2025-08-06 13:24:11.276102,2025-08-06 13:25:11.060577,0 days 00:00:59.784475,9,7,17,21,30,67,117,24,32,COMPLETE
496,9046.24789577865,2025-08-06 13:24:51.484534,2025-08-06 13:25:49.283931,0 days 00:00:57.799397,11,7,12,20,20,67,114,24,6,COMPLETE
497,21550.70736654356,2025-08-06 13:25:07.780662,2025-08-06 13:26:07.077669,0 days 00:00:59.297007,11,7,12,21,30,67,119,23,31,COMPLETE
498,29061.469112899682,2025-08-06 13:25:10.091416,2025-08-06 13:26:10.051695,0 days 00:00:59.960279,11,7,12,20,30,68,122,21,32,COMPLETE
499,114353.25722582263,2025-08-06 13:25:11.129511,2025-08-06 13:26:09.219554,0 days 00:00:58.090043,11,7,12,20,30,68,121,15,32,COMPLETE
500,182774.3502963631,2025-08-06 13:25:49.358935,2025-08-06 13:26:46.187937,0 days 00:00:56.829002,6,7,12,22,30,68,106,15,31,COMPLETE
501,-inf,2025-08-06 13:26:07.141181,2025-08-06 13:27:01.036828,0 days 00:00:53.895647,6,6,14,41,29,30,105,63,32,COMPLETE
502,1850.6196181450778,2025-08-06 13:26:09.236522,2025-08-06 13:27:06.669430,0 days 00:00:57.432908,6,5,14,18,24,54,106,15,33,COMPLETE
503,321863.64370580047,2025-08-06 13:26:10.058223,2025-08-06 13:27:07.641696,0 days 00:00:57.583473,6,6,14,17,30,69,105,10,33,COMPLETE
504,8739.891305581707,2025-08-06 13:26:46.230877,2025-08-06 13:27:48.124140,0 days 00:01:01.893263,8,6,14,17,29,69,125,67,30,COMPLETE
505,1222.5535346451425,2025-08-06 13:27:01.074567,2025-08-06 13:27:59.682629,0 days 00:00:58.608062,8,8,13,18,24,55,125,10,28,COMPLETE
506,84147.09251918075,2025-08-06 13:27:06.752960,2025-08-06 13:28:04.319971,0 days 00:00:57.567011,8,8,13,22,29,69,239,15,30,COMPLETE
507,5362.2533619217265,2025-08-06 13:27:07.659316,2025-08-06 13:28:06.797485,0 days 00:00:59.138169,8,8,13,28,29,69,126,145,30,COMPLETE
508,37801.2605275923,2025-08-06 13:27:48.146147,2025-08-06 13:28:46.022636,0 days 00:00:57.876489,8,8,13,42,29,70,37,20,29,COMPLETE
509,138885.55294880364,2025-08-06 13:27:59.725024,2025-08-06 13:28:57.102008,0 days 00:00:57.376984,5,8,8,30,29,69,129,15,29,COMPLETE
510,7976.046481474523,2025-08-06 13:28:04.351076,2025-08-06 13:29:03.927724,0 days 00:00:59.576648,5,8,18,42,15,62,129,21,29,COMPLETE
511,111143.30903873095,2025-08-06 13:28:06.798967,2025-08-06 13:29:06.837025,0 days 00:01:00.038058,5,8,12,19,29,70,131,19,35,COMPLETE
512,479757.13580289076,2025-08-06 13:28:46.059977,2025-08-06 13:29:43.216646,0 days 00:00:57.156669,5,7,12,40,29,70,131,10,31,COMPLETE
513,-inf,2025-08-06 13:28:57.145086,2025-08-06 13:29:54.070633,0 days 00:00:56.925547,5,7,12,24,29,37,119,54,31,COMPLETE
514,-297.5381395683826,2025-08-06 13:29:03.944649,2025-08-06 13:30:01.030597,0 days 00:00:57.085948,46,7,12,40,29,66,119,10,31,COMPLETE
515,726.3781004519832,2025-08-06 13:29:06.880021,2025-08-06 13:30:05.083351,0 days 00:00:58.203330,46,7,11,40,28,66,120,10,31,COMPLETE
516,2912.640015761236,2025-08-06 13:29:43.238524,2025-08-06 13:30:44.290197,0 days 00:01:01.051673,46,7,12,40,28,70,121,10,31,COMPLETE
517,32551.052020567306,2025-08-06 13:29:54.102635,2025-08-06 13:30:50.456704,0 days 00:00:56.354069,7,7,15,40,28,70,122,45,31,COMPLETE
518,4212.211197235168,2025-08-06 13:30:01.042839,2025-08-06 13:31:02.334029,0 days 00:01:01.291190,7,7,15,22,14,70,123,31,28,COMPLETE
519,211751.83888318267,2025-08-06 13:30:05.167553,2025-08-06 13:31:02.610521,0 days 00:00:57.442968,7,7,15,41,30,70,113,29,28,COMPLETE
520,104194.68949895735,2025-08-06 13:30:44.333829,2025-08-06 13:31:41.638123,0 days 00:00:57.304294,7,6,15,21,30,70,112,16,28,COMPLETE
521,90783.84285950997,2025-08-06 13:30:50.463452,2025-08-06 13:31:50.654648,0 days 00:01:00.191196,7,6,13,21,30,70,111,30,28,COMPLETE
522,120279.24393496275,2025-08-06 13:31:02.340537,2025-08-06 13:32:02.159924,0 days 00:00:59.819387,9,6,7,39,30,70,111,16,28,COMPLETE
523,205143.05780786724,2025-08-06 13:31:02.616923,2025-08-06 13:32:00.005955,0 days 00:00:57.389032,6,5,13,39,27,69,138,16,29,COMPLETE
524,37204.182774655186,2025-08-06 13:31:41.660325,2025-08-06 13:32:42.628590,0 days 00:01:00.968265,9,6,11,43,27,69,138,20,29,COMPLETE
525,50491.68664066703,2025-08-06 13:31:50.703162,2025-08-06 13:32:49.352662,0 days 00:00:58.649500,9,9,11,39,27,69,138,15,30,COMPLETE
526,28021.369113504046,2025-08-06 13:32:00.028856,2025-08-06 13:32:59.597698,0 days 00:00:59.568842,9,7,12,34,27,69,133,21,30,COMPLETE
527,28052.626916871253,2025-08-06 13:32:02.209442,2025-08-06 13:32:59.441301,0 days 00:00:57.231859,9,9,12,41,27,69,127,21,30,COMPLETE
528,368415.05006423715,2025-08-06 13:32:42.655766,2025-08-06 13:33:42.674890,0 days 00:01:00.019124,5,9,12,41,29,69,134,10,30,COMPLETE
529,835343.2789085864,2025-08-06 13:32:49.386526,2025-08-06 13:33:49.257940,0 days 00:00:59.871414,5,7,12,41,29,69,127,10,27,COMPLETE
530,510259.98000715673,2025-08-06 13:32:59.474243,2025-08-06 13:33:56.201982,0 days 00:00:56.727739,5,7,12,44,29,68,133,10,27,COMPLETE
531,106176.6928737391,2025-08-06 13:32:59.614924,2025-08-06 13:33:59.925005,0 days 00:01:00.310081,5,8,12,41,28,68,132,16,27,COMPLETE
532,70048.61967761675,2025-08-06 13:33:42.713129,2025-08-06 13:34:42.921726,0 days 00:01:00.208597,5,8,14,44,28,68,125,78,27,COMPLETE
533,75324.56340681609,2025-08-06 13:33:49.307077,2025-08-06 13:34:48.764633,0 days 00:00:59.457556,6,8,12,42,29,68,116,15,32,COMPLETE
534,167019.49523254845,2025-08-06 13:33:56.230678,2025-08-06 13:34:54.433717,0 days 00:00:58.203039,7,8,12,44,30,68,124,16,27,COMPLETE
535,34157.68966241779,2025-08-06 13:33:59.926735,2025-08-06 13:35:01.637424,0 days 00:01:01.710689,7,10,12,44,30,64,125,26,26,COMPLETE
536,102674.47416932957,2025-08-06 13:34:43.293426,2025-08-06 13:35:40.568831,0 days 00:00:57.275405,7,10,12,44,30,64,118,25,27,COMPLETE
537,127293.36354721006,2025-08-06 13:34:48.797751,2025-08-06 13:35:45.396837,0 days 00:00:56.599086,7,10,11,45,30,67,124,23,38,COMPLETE
538,103689.8532242082,2025-08-06 13:34:54.440440,2025-08-06 13:35:51.512450,0 days 00:00:57.072010,7,7,12,45,30,67,117,25,26,COMPLETE
539,34170.984505241715,2025-08-06 13:35:01.643535,2025-08-06 13:36:05.338761,0 days 00:01:03.695226,7,7,11,43,19,67,118,21,38,COMPLETE
540,1175037.8147701293,2025-08-06 13:35:40.591508,2025-08-06 13:36:41.846275,0 days 00:01:01.254767,6,7,11,42,29,67,127,10,28,COMPLETE
541,155721.82090749577,2025-08-06 13:35:45.414358,2025-08-06 13:36:46.069644,0 days 00:01:00.655286,5,7,13,43,29,68,129,15,28,COMPLETE
542,8798.874347240899,2025-08-06 13:35:51.518882,2025-08-06 13:36:51.044197,0 days 00:00:59.525315,10,8,13,43,19,68,128,10,28,COMPLETE
543,5919.796627210805,2025-08-06 13:36:05.346285,2025-08-06 13:37:04.746896,0 days 00:00:59.400611,10,8,13,43,29,68,95,213,28,COMPLETE
544,49856.57599484466,2025-08-06 13:36:41.863744,2025-08-06 13:37:40.590574,0 days 00:00:58.726830,10,7,11,43,29,66,129,10,29,COMPLETE
545,36021.12478031781,2025-08-06 13:36:46.093806,2025-08-06 13:37:46.958763,0 days 00:01:00.864957,10,7,10,43,29,66,94,15,29,COMPLETE
546,90444.45092146714,2025-08-06 13:36:51.083301,2025-08-06 13:37:49.637699,0 days 00:00:58.554398,13,7,10,42,29,66,135,10,29,COMPLETE
547,35245.90013669618,2025-08-06 13:37:04.764151,2025-08-06 13:38:06.808263,0 days 00:01:02.044112,13,7,11,42,29,66,134,15,29,COMPLETE
548,70863.39745981825,2025-08-06 13:37:40.607750,2025-08-06 13:38:39.371844,0 days 00:00:58.764094,8,7,11,42,29,67,134,15,27,COMPLETE
549,113656.00812635511,2025-08-06 13:37:46.981512,2025-08-06 13:38:46.064806,0 days 00:00:59.083294,8,7,9,42,29,67,134,10,29,COMPLETE
550,28802.318264978083,2025-08-06 13:37:49.649715,2025-08-06 13:38:47.204813,0 days 00:00:57.555098,8,7,9,42,30,67,122,18,27,COMPLETE
551,15807.69226573508,2025-08-06 13:38:06.931633,2025-08-06 13:39:09.830845,0 days 00:01:02.899212,8,8,11,42,30,67,122,20,27,COMPLETE
552,-inf,2025-08-06 13:38:39.426484,2025-08-06 13:39:37.166359,0 days 00:00:57.739875,6,9,9,42,30,40,122,20,30,COMPLETE
553,100958.82703962683,2025-08-06 13:38:46.103493,2025-08-06 13:39:43.143220,0 days 00:00:57.039727,6,6,12,41,30,68,122,20,25,COMPLETE
554,-inf,2025-08-06 13:38:47.205914,2025-08-06 13:39:46.908457,0 days 00:00:59.702543,6,9,12,41,30,48,142,20,30,COMPLETE
555,283819.983222524,2025-08-06 13:39:09.917684,2025-08-06 13:40:12.367497,0 days 00:01:02.449813,6,9,12,41,30,68,127,20,30,COMPLETE
556,415367.19748860394,2025-08-06 13:39:37.205768,2025-08-06 13:40:37.154325,0 days 00:00:59.948557,6,6,12,19,29,69,142,10,25,COMPLETE
557,39973.133509749896,2025-08-06 13:39:43.157871,2025-08-06 13:40:41.826321,0 days 00:00:58.668450,5,8,12,45,29,69,142,28,32,COMPLETE
558,939819.1657283595,2025-08-06 13:39:46.914480,2025-08-06 13:40:45.362074,0 days 00:00:58.447594,5,8,12,19,29,69,127,10,32,COMPLETE
559,564405.3245273072,2025-08-06 13:40:12.494633,2025-08-06 13:41:12.657119,0 days 00:01:00.162486,5,8,11,19,29,69,115,10,32,COMPLETE
560,26789.026423445554,2025-08-06 13:40:37.186930,2025-08-06 13:41:32.834431,0 days 00:00:55.647501,5,8,11,44,11,69,115,31,32,COMPLETE
561,66337.35272025604,2025-08-06 13:40:41.834471,2025-08-06 13:41:39.294519,0 days 00:00:57.460048,5,8,11,41,28,69,127,39,33,COMPLETE
562,86977.42906308176,2025-08-06 13:40:45.363841,2025-08-06 13:41:41.395315,0 days 00:00:56.031474,9,8,11,18,29,68,130,15,34,COMPLETE
563,13986.127807447407,2025-08-06 13:41:12.726804,2025-08-06 13:42:09.741192,0 days 00:00:57.014388,27,8,11,20,29,68,113,15,33,COMPLETE
564,-inf,2025-08-06 13:41:32.895122,2025-08-06 13:42:27.568678,0 days 00:00:54.673556,5,8,11,19,29,44,114,41,33,COMPLETE
565,7580.3050763905,2025-08-06 13:41:39.326808,2025-08-06 13:42:35.379807,0 days 00:00:56.052999,21,8,10,18,29,67,109,16,34,COMPLETE
566,155069.89590027917,2025-08-06 13:41:41.447879,2025-08-06 13:42:39.342430,0 days 00:00:57.894551,5,8,10,19,29,67,114,15,33,COMPLETE
567,319157.4205354336,2025-08-06 13:42:09.810700,2025-08-06 13:43:08.135577,0 days 00:00:58.324877,5,8,10,18,30,67,117,10,34,COMPLETE
568,543994.0148761185,2025-08-06 13:42:27.585796,2025-08-06 13:43:27.113239,0 days 00:00:59.527443,7,8,10,19,30,66,125,10,35,COMPLETE
569,25426.683361635325,2025-08-06 13:42:35.419558,2025-08-06 13:43:33.442687,0 days 00:00:58.023129,7,9,12,17,30,68,124,113,35,COMPLETE
570,705625.6217714895,2025-08-06 13:42:39.372535,2025-08-06 13:43:38.119437,0 days 00:00:58.746902,7,7,11,18,30,68,125,10,35,COMPLETE
571,56565.385841201154,2025-08-06 13:43:08.195572,2025-08-06 13:44:08.489411,0 days 00:01:00.293839,7,7,11,19,30,65,125,25,32,COMPLETE
572,45659.911207041514,2025-08-06 13:43:27.124675,2025-08-06 13:44:24.865960,0 days 00:00:57.741285,7,7,11,18,30,65,125,26,36,COMPLETE
573,1601.5404486246546,2025-08-06 13:43:33.478503,2025-08-06 13:44:33.222735,0 days 00:00:59.744232,8,7,10,19,30,66,132,268,35,COMPLETE
574,14953.051866807622,2025-08-06 13:43:38.131726,2025-08-06 13:44:37.523523,0 days 00:00:59.391797,8,7,10,19,30,66,126,25,36,COMPLETE
575,20211.31007897757,2025-08-06 13:44:08.536577,2025-08-06 13:45:06.251080,0 days 00:00:57.714503,9,9,11,18,30,66,120,20,36,COMPLETE
576,20951.240224250767,2025-08-06 13:44:24.932897,2025-08-06 13:45:24.355075,0 days 00:00:59.422178,9,8,10,20,30,66,120,20,37,COMPLETE
577,26240.70681311928,2025-08-06 13:44:33.239634,2025-08-06 13:45:30.244562,0 days 00:00:57.004928,9,9,10,20,30,66,119,20,37,COMPLETE
578,10108.392898144028,2025-08-06 13:44:37.525258,2025-08-06 13:45:35.962612,0 days 00:00:58.437354,12,9,11,20,30,66,119,19,35,COMPLETE
579,15754.8565811129,2025-08-06 13:45:06.251980,2025-08-06 13:46:06.785251,0 days 00:01:00.533271,12,8,10,20,23,68,120,15,35,COMPLETE
580,32850.601754063224,2025-08-06 13:45:24.410120,2025-08-06 13:46:24.543228,0 days 00:01:00.133108,12,8,11,20,30,67,128,15,34,COMPLETE
581,-inf,2025-08-06 13:45:30.270628,2025-08-06 13:46:27.293635,0 days 00:00:57.023007,11,8,11,17,30,33,129,16,35,COMPLETE
582,331351.7034236278,2025-08-06 13:45:35.970478,2025-08-06 13:46:33.837133,0 days 00:00:57.866655,7,8,11,18,30,68,127,15,39,COMPLETE
583,789697.2584143801,2025-08-06 13:46:06.791948,2025-08-06 13:47:05.756347,0 days 00:00:58.964399,6,6,11,19,30,67,128,10,36,COMPLETE
584,698431.5724928996,2025-08-06 13:46:24.580646,2025-08-06 13:47:23.648132,0 days 00:00:59.067486,6,6,11,18,30,69,128,10,36,COMPLETE
585,606905.0714465376,2025-08-06 13:46:27.311116,2025-08-06 13:47:27.056818,0 days 00:00:59.745702,7,6,11,16,30,68,127,10,36,COMPLETE
586,719507.2042213432,2025-08-06 13:46:33.838151,2025-08-06 13:47:33.455928,0 days 00:00:59.617777,6,7,11,21,29,69,124,10,36,COMPLETE
587,49801.51349093917,2025-08-06 13:47:05.778217,2025-08-06 13:48:04.620757,0 days 00:00:58.842540,6,6,11,19,29,67,123,31,36,COMPLETE
588,348694.2167328541,2025-08-06 13:47:23.733800,2025-08-06 13:48:21.031722,0 days 00:00:57.297922,5,5,11,17,29,65,122,10,38,COMPLETE
589,10007.686298724897,2025-08-06 13:47:27.069143,2025-08-06 13:48:23.860229,0 days 00:00:56.791086,5,5,11,18,12,67,116,32,38,COMPLETE
590,-818.5245415963176,2025-08-06 13:47:33.478204,2025-08-06 13:48:30.637935,0 days 00:00:57.159731,63,5,11,16,29,67,115,33,38,COMPLETE
591,222741.62859029055,2025-08-06 13:48:04.643587,2025-08-06 13:49:06.105405,0 days 00:01:01.461818,8,5,11,16,29,67,116,10,38,COMPLETE
592,76620.85306653057,2025-08-06 13:48:21.038376,2025-08-06 13:49:20.013584,0 days 00:00:58.975208,8,6,10,15,28,67,116,15,37,COMPLETE
593,33643.91248493397,2025-08-06 13:48:23.877603,2025-08-06 13:49:21.266075,0 days 00:00:57.388472,15,6,10,18,28,67,109,23,37,COMPLETE
594,35927.82463710918,2025-08-06 13:48:30.654916,2025-08-06 13:49:29.297852,0 days 00:00:58.642936,9,6,10,15,28,65,110,15,37,COMPLETE
595,4518.145471929283,2025-08-06 13:49:06.123017,2025-08-06 13:50:04.833241,0 days 00:00:58.710224,49,6,10,17,28,64,101,23,37,COMPLETE
596,52789.656180487174,2025-08-06 13:49:20.019586,2025-08-06 13:50:17.557507,0 days 00:00:57.537921,7,6,10,18,29,66,108,23,36,COMPLETE
597,231935.57305432044,2025-08-06 13:49:21.272706,2025-08-06 13:50:19.648247,0 days 00:00:58.375541,6,6,11,16,29,65,124,15,36,COMPLETE
598,1771.7463284721607,2025-08-06 13:49:29.325713,2025-08-06 13:50:27.418024,0 days 00:00:58.092311,44,6,11,16,29,68,123,21,36,COMPLETE
599,428802.0602734337,2025-08-06 13:50:04.871253,2025-08-06 13:51:03.771395,0 days 00:00:58.900142,6,6,11,21,29,68,124,15,36,COMPLETE
600,-1013.236728829855,2025-08-06 13:50:17.569330,2025-08-06 13:51:18.127959,0 days 00:01:00.558629,53,6,11,19,29,68,124,238,36,COMPLETE
601,107470.03447890226,2025-08-06 13:50:19.660538,2025-08-06 13:51:19.376995,0 days 00:00:59.716457,10,6,11,19,30,68,124,10,36,COMPLETE
602,139573.59644736408,2025-08-06 13:50:27.494620,2025-08-06 13:51:31.038656,0 days 00:01:03.544036,10,6,11,19,30,68,126,10,36,COMPLETE
603,69795.89176684311,2025-08-06 13:51:03.788667,2025-08-06 13:52:02.842839,0 days 00:00:59.054172,10,6,11,19,30,68,138,10,35,COMPLETE
604,64484.65028780404,2025-08-06 13:51:18.340480,2025-08-06 13:52:18.592422,0 days 00:01:00.251942,10,6,11,19,30,68,137,10,35,COMPLETE
605,464212.67013112386,2025-08-06 13:51:19.398937,2025-08-06 13:52:20.284040,0 days 00:01:00.885103,7,6,11,17,30,68,133,10,35,COMPLETE
606,52729.1398821637,2025-08-06 13:51:31.050830,2025-08-06 13:52:29.912321,0 days 00:00:58.861491,7,6,11,21,28,67,132,19,35,COMPLETE
607,22296.368884943808,2025-08-06 13:52:03.077457,2025-08-06 13:53:01.609306,0 days 00:00:58.531849,8,5,11,22,28,67,132,19,35,COMPLETE
608,85397.5316452258,2025-08-06 13:52:18.671472,2025-08-06 13:53:18.392157,0 days 00:00:59.720685,5,6,11,17,28,67,132,19,35,COMPLETE
609,58114.50862459378,2025-08-06 13:52:20.312163,2025-08-06 13:53:19.712465,0 days 00:00:59.400302,5,5,11,18,28,63,66,20,37,COMPLETE
610,112163.84200871673,2025-08-06 13:52:29.928973,2025-08-06 13:53:28.603851,0 days 00:00:58.674878,5,6,8,18,29,66,119,18,37,COMPLETE
611,78099.84944206748,2025-08-06 13:53:01.626667,2025-08-06 13:54:02.345935,0 days 00:01:00.719268,5,7,11,17,29,69,119,27,37,COMPLETE
612,98117.15038886963,2025-08-06 13:53:18.483465,2025-08-06 13:54:17.900298,0 days 00:00:59.416833,5,7,10,18,29,69,119,25,37,COMPLETE
613,266090.19690126297,2025-08-06 13:53:19.735151,2025-08-06 13:54:18.504706,0 days 00:00:58.769555,6,7,10,20,29,66,119,15,37,COMPLETE
614,58914.8437340878,2025-08-06 13:53:28.647928,2025-08-06 13:54:31.519539,0 days 00:01:02.871611,8,7,10,20,29,69,128,25,34,COMPLETE
615,77977.3746738547,2025-08-06 13:54:02.378620,2025-08-06 13:55:06.399153,0 days 00:01:04.020533,8,7,10,20,29,69,51,15,39,COMPLETE
616,32838.3543592662,2025-08-06 13:54:17.917184,2025-08-06 13:55:18.159183,0 days 00:01:00.241999,7,7,10,20,30,69,128,89,39,COMPLETE
617,97121.704897348,2025-08-06 13:54:18.592060,2025-08-06 13:55:19.354957,0 days 00:01:00.762897,8,7,6,22,30,69,128,16,34,COMPLETE
618,1797.5209919036008,2025-08-06 13:54:31.601449,2025-08-06 13:55:31.285409,0 days 00:00:59.683960,76,6,6,22,30,69,127,15,34,COMPLETE
619,30113.60812362584,2025-08-06 13:55:06.421460,2025-08-06 13:56:10.802095,0 days 00:01:04.380635,7,6,6,16,30,69,250,15,34,COMPLETE
620,-59.476815067678444,2025-08-06 13:55:18.181316,2025-08-06 13:56:19.753296,0 days 00:01:01.571980,7,6,11,21,30,50,113,15,34,COMPLETE
621,20984.59800774515,2025-08-06 13:55:19.356429,2025-08-06 13:56:20.530928,0 days 00:01:01.174499,6,6,11,19,30,68,111,134,34,COMPLETE
622,15416.429896213484,2025-08-06 13:55:31.313073,2025-08-06 13:56:31.493591,0 days 00:01:00.180518,6,6,11,19,28,67,113,188,35,COMPLETE
623,149363.32707511674,2025-08-06 13:56:10.819380,2025-08-06 13:57:09.957529,0 days 00:00:59.138149,6,7,11,19,28,68,113,10,36,COMPLETE
624,24706.133875333573,2025-08-06 13:56:19.775936,2025-08-06 13:57:20.960277,0 days 00:01:01.184341,6,5,18,19,28,68,123,187,39,COMPLETE
625,550986.1555209139,2025-08-06 13:56:20.537408,2025-08-06 13:57:19.959754,0 days 00:00:59.422346,6,7,18,19,28,67,122,10,36,COMPLETE
626,27553.064996175413,2025-08-06 13:56:31.543155,2025-08-06 13:57:27.901458,0 days 00:00:56.358303,9,7,11,15,29,67,184,27,36,COMPLETE
627,58115.360843781,2025-08-06 13:57:09.960979,2025-08-06 13:58:10.379444,0 days 00:01:00.418465,9,5,16,18,29,67,123,10,35,COMPLETE
628,63566.956418886024,2025-08-06 13:57:19.983032,2025-08-06 13:58:20.001976,0 days 00:01:00.018944,5,7,19,18,28,67,209,28,40,COMPLETE
629,112860.18656318463,2025-08-06 13:57:21.126593,2025-08-06 13:58:20.136938,0 days 00:00:59.010345,5,7,17,18,28,67,121,28,36,COMPLETE
630,50177.99549426546,2025-08-06 13:57:27.908032,2025-08-06 13:58:26.957017,0 days 00:00:59.048985,5,7,18,21,28,69,223,21,38,COMPLETE
631,73188.86572500445,2025-08-06 13:58:10.401018,2025-08-06 13:59:12.858605,0 days 00:01:02.457587,5,7,17,17,28,69,120,21,38,COMPLETE
632,98798.43354011052,2025-08-06 13:58:20.052347,2025-08-06 13:59:19.011764,0 days 00:00:58.959417,5,7,17,17,28,69,120,20,36,COMPLETE
633,31641.220164199058,2025-08-06 13:58:20.166690,2025-08-06 13:59:21.555028,0 days 00:01:01.388338,5,7,18,23,28,60,116,20,38,COMPLETE
634,77551.22978582139,2025-08-06 13:58:26.979343,2025-08-06 13:59:28.921811,0 days 00:01:01.942468,7,7,18,17,29,60,117,15,36,COMPLETE
635,114562.33666250786,2025-08-06 13:59:12.880437,2025-08-06 14:00:15.463897,0 days 00:01:02.583460,7,7,18,20,29,68,137,15,36,COMPLETE
636,113668.2585390478,2025-08-06 13:59:19.018010,2025-08-06 14:00:18.274191,0 days 00:00:59.256181,8,7,19,20,29,68,116,15,37,COMPLETE
637,20108.496576593887,2025-08-06 13:59:21.575655,2025-08-06 14:00:22.178482,0 days 00:01:00.602827,8,7,19,20,29,61,131,10,37,COMPLETE
638,42972.00679212304,2025-08-06 13:59:28.950258,2025-08-06 14:00:28.731767,0 days 00:00:59.781509,8,6,18,21,29,65,137,10,37,COMPLETE
639,17675.851948124742,2025-08-06 14:00:15.465163,2025-08-06 14:01:14.698648,0 days 00:00:59.233485,33,6,19,21,29,68,131,10,33,COMPLETE
640,89553.44251072805,2025-08-06 14:00:18.320838,2025-08-06 14:01:15.987007,0 days 00:00:57.666169,9,6,18,21,29,70,130,15,32,COMPLETE
641,218552.53200294363,2025-08-06 14:00:22.181840,2025-08-06 14:01:23.898538,0 days 00:01:01.716698,9,6,18,16,29,70,86,10,33,COMPLETE
642,31335.590839359626,2025-08-06 14:00:28.756609,2025-08-06 14:01:28.412689,0 days 00:00:59.656080,6,6,16,16,27,70,127,252,33,COMPLETE
643,89.57720634667893,2025-08-06 14:01:14.774904,2025-08-06 14:02:14.463444,0 days 00:00:59.688540,6,14,18,19,6,70,128,16,35,COMPLETE
644,139925.81944100675,2025-08-06 14:01:15.993752,2025-08-06 14:02:13.403977,0 days 00:00:57.410225,6,7,18,19,28,70,126,21,35,COMPLETE
645,186985.69034085353,2025-08-06 14:01:23.905018,2025-08-06 14:02:26.967488,0 days 00:01:03.062470,6,7,20,19,28,69,148,18,31,COMPLETE
