number,value,datetime_start,datetime_complete,duration,params_fast,params_macd_fast,params_macd_signal,params_macd_slow,params_rsi_period,params_rsi_threshold,params_slow,params_trend_sma_period,params_volume_ma_period,state
973,30892.832604182917,2025-08-06 18:24:14.632356,2025-08-06 18:24:51.222270,0 days 00:00:36.589914,8,15,10,31,26,69,91,24,34,COMPLETE
974,22877.193350030408,2025-08-06 18:24:21.812233,2025-08-06 18:24:59.051691,0 days 00:00:37.239458,32,15,9,27,26,69,93,15,33,COMPLETE
975,31921.137513703772,2025-08-06 18:24:29.000013,2025-08-06 18:25:04.987766,0 days 00:00:35.987753,8,17,9,27,25,69,79,15,36,COMPLETE
976,44578.66322769917,2025-08-06 18:24:36.209123,2025-08-06 18:25:12.229819,0 days 00:00:36.020696,8,17,9,28,25,67,90,15,36,COMPLETE
977,71698.69859400489,2025-08-06 18:24:51.380480,2025-08-06 18:25:27.728855,0 days 00:00:36.348375,7,17,11,27,25,67,79,17,32,COMPLETE
978,81903.17698416399,2025-08-06 18:24:59.111296,2025-08-06 18:25:35.910804,0 days 00:00:36.799508,7,17,9,27,25,67,80,18,31,COMPLETE
979,-inf,2025-08-06 18:25:05.042670,2025-08-06 18:25:41.184041,0 days 00:00:36.141371,5,17,11,28,25,38,89,10,31,COMPLETE
980,88687.7197963901,2025-08-06 18:25:12.306216,2025-08-06 18:25:49.891483,0 days 00:00:37.585267,5,17,11,32,25,67,80,44,40,COMPLETE
981,147710.54420293786,2025-08-06 18:25:27.746712,2025-08-06 18:26:03.399121,0 days 00:00:35.652409,5,10,10,26,24,68,72,48,31,COMPLETE
982,117875.77270264926,2025-08-06 18:25:35.917366,2025-08-06 18:26:14.516897,0 days 00:00:38.599531,5,17,10,31,24,68,72,43,46,COMPLETE
983,43469.373206065604,2025-08-06 18:25:41.196419,2025-08-06 18:26:19.868705,0 days 00:00:38.672286,5,10,10,32,24,70,64,43,33,COMPLETE
984,361284.14203349774,2025-08-06 18:25:49.923031,2025-08-06 18:26:29.498626,0 days 00:00:39.575595,5,10,10,26,24,68,73,32,33,COMPLETE
985,59159.353892762345,2025-08-06 18:26:03.426534,2025-08-06 18:26:41.360765,0 days 00:00:37.934231,6,10,16,31,24,70,66,35,35,COMPLETE
986,54819.368106536196,2025-08-06 18:26:14.565400,2025-08-06 18:26:51.997344,0 days 00:00:37.431944,7,16,16,32,26,70,87,131,35,COMPLETE
987,241340.3010044855,2025-08-06 18:26:19.870472,2025-08-06 18:26:59.394667,0 days 00:00:39.524195,7,16,16,28,26,69,88,35,33,COMPLETE
988,56724.93662993845,2025-08-06 18:26:29.531548,2025-08-06 18:27:07.499689,0 days 00:00:37.968141,7,16,16,28,26,65,87,130,35,COMPLETE
989,496193.23800726485,2025-08-06 18:26:41.388419,2025-08-06 18:27:21.477668,0 days 00:00:40.089249,7,16,9,29,26,69,88,27,32,COMPLETE
990,129544.51789607145,2025-08-06 18:26:52.055156,2025-08-06 18:27:34.208686,0 days 00:00:42.153530,8,16,9,29,26,69,89,27,32,COMPLETE
991,4089.7152443654563,2025-08-06 18:26:59.450545,2025-08-06 18:27:43.244667,0 days 00:00:43.794122,9,16,9,47,26,65,82,213,32,COMPLETE
992,9483.973658787972,2025-08-06 18:27:07.525051,2025-08-06 18:27:50.789896,0 days 00:00:43.264845,39,17,9,33,25,69,57,10,32,COMPLETE
993,39575.67625320344,2025-08-06 18:27:21.519884,2025-08-06 18:28:02.233096,0 days 00:00:40.713212,9,16,9,29,26,69,99,38,32,COMPLETE
994,36544.20581295658,2025-08-06 18:27:34.233224,2025-08-06 18:28:11.963263,0 days 00:00:37.730039,9,16,9,29,26,66,98,38,32,COMPLETE
995,34733.134378397066,2025-08-06 18:27:43.252405,2025-08-06 18:28:20.678316,0 days 00:00:37.425911,9,16,9,29,26,66,96,38,34,COMPLETE
996,20346.80908999809,2025-08-06 18:27:50.835719,2025-08-06 18:28:28.880118,0 days 00:00:38.044399,11,16,9,30,26,67,100,37,34,COMPLETE
997,12967.971136243474,2025-08-06 18:28:02.239567,2025-08-06 18:28:36.959823,0 days 00:00:34.720256,24,16,9,30,26,66,93,31,34,COMPLETE
998,15702.158139481593,2025-08-06 18:28:11.969629,2025-08-06 18:28:43.326186,0 days 00:00:31.356557,8,15,9,29,26,68,93,29,34,COMPLETE
999,13141.516596064499,2025-08-06 18:28:20.705092,2025-08-06 18:28:46.215829,0 days 00:00:25.510737,11,15,9,30,25,68,92,29,34,COMPLETE
